[2024-09-02 21:18:46,262] {processor.py:153} INFO - Started process (PID=657) to work on /home/Assignment/01_data_pipeline/scripts/.ipynb_checkpoints/constants-checkpoint.py
[2024-09-02 21:18:46,262] {processor.py:641} INFO - Processing file /home/Assignment/01_data_pipeline/scripts/.ipynb_checkpoints/constants-checkpoint.py for tasks to queue
[2024-09-02 21:18:46,263] {logging_mixin.py:115} INFO - [2024-09-02 21:18:46,263] {dagbag.py:508} INFO - Filling up the DagBag from /home/Assignment/01_data_pipeline/scripts/.ipynb_checkpoints/constants-checkpoint.py
[2024-09-02 21:18:46,264] {processor.py:653} WARNING - No viable dags retrieved from /home/Assignment/01_data_pipeline/scripts/.ipynb_checkpoints/constants-checkpoint.py
[2024-09-02 21:18:46,274] {processor.py:161} INFO - Processing /home/Assignment/01_data_pipeline/scripts/.ipynb_checkpoints/constants-checkpoint.py took 0.016 seconds
[2024-09-02 21:19:24,767] {processor.py:153} INFO - Started process (PID=702) to work on /home/Assignment/01_data_pipeline/scripts/.ipynb_checkpoints/constants-checkpoint.py
[2024-09-02 21:19:24,856] {processor.py:641} INFO - Processing file /home/Assignment/01_data_pipeline/scripts/.ipynb_checkpoints/constants-checkpoint.py for tasks to queue
[2024-09-02 21:19:24,856] {logging_mixin.py:115} INFO - [2024-09-02 21:19:24,856] {dagbag.py:508} INFO - Filling up the DagBag from /home/Assignment/01_data_pipeline/scripts/.ipynb_checkpoints/constants-checkpoint.py
[2024-09-02 21:19:24,858] {processor.py:653} WARNING - No viable dags retrieved from /home/Assignment/01_data_pipeline/scripts/.ipynb_checkpoints/constants-checkpoint.py
[2024-09-02 21:19:24,870] {processor.py:161} INFO - Processing /home/Assignment/01_data_pipeline/scripts/.ipynb_checkpoints/constants-checkpoint.py took 0.107 seconds
[2024-09-02 21:20:04,560] {processor.py:153} INFO - Started process (PID=913) to work on /home/Assignment/01_data_pipeline/scripts/.ipynb_checkpoints/constants-checkpoint.py
[2024-09-02 21:20:04,574] {processor.py:641} INFO - Processing file /home/Assignment/01_data_pipeline/scripts/.ipynb_checkpoints/constants-checkpoint.py for tasks to queue
[2024-09-02 21:20:04,575] {logging_mixin.py:115} INFO - [2024-09-02 21:20:04,575] {dagbag.py:508} INFO - Filling up the DagBag from /home/Assignment/01_data_pipeline/scripts/.ipynb_checkpoints/constants-checkpoint.py
[2024-09-02 21:20:04,577] {processor.py:653} WARNING - No viable dags retrieved from /home/Assignment/01_data_pipeline/scripts/.ipynb_checkpoints/constants-checkpoint.py
[2024-09-02 21:20:04,588] {processor.py:161} INFO - Processing /home/Assignment/01_data_pipeline/scripts/.ipynb_checkpoints/constants-checkpoint.py took 0.032 seconds
[2024-09-02 21:21:21,524] {processor.py:153} INFO - Started process (PID=959) to work on /home/Assignment/01_data_pipeline/scripts/.ipynb_checkpoints/constants-checkpoint.py
[2024-09-02 21:21:21,532] {processor.py:641} INFO - Processing file /home/Assignment/01_data_pipeline/scripts/.ipynb_checkpoints/constants-checkpoint.py for tasks to queue
[2024-09-02 21:21:21,532] {logging_mixin.py:115} INFO - [2024-09-02 21:21:21,532] {dagbag.py:508} INFO - Filling up the DagBag from /home/Assignment/01_data_pipeline/scripts/.ipynb_checkpoints/constants-checkpoint.py
[2024-09-02 21:21:21,534] {processor.py:653} WARNING - No viable dags retrieved from /home/Assignment/01_data_pipeline/scripts/.ipynb_checkpoints/constants-checkpoint.py
[2024-09-02 21:21:21,545] {processor.py:161} INFO - Processing /home/Assignment/01_data_pipeline/scripts/.ipynb_checkpoints/constants-checkpoint.py took 0.024 seconds
[2024-09-02 21:22:29,336] {processor.py:153} INFO - Started process (PID=994) to work on /home/Assignment/01_data_pipeline/scripts/.ipynb_checkpoints/constants-checkpoint.py
[2024-09-02 21:22:29,339] {processor.py:641} INFO - Processing file /home/Assignment/01_data_pipeline/scripts/.ipynb_checkpoints/constants-checkpoint.py for tasks to queue
[2024-09-02 21:22:29,339] {logging_mixin.py:115} INFO - [2024-09-02 21:22:29,339] {dagbag.py:508} INFO - Filling up the DagBag from /home/Assignment/01_data_pipeline/scripts/.ipynb_checkpoints/constants-checkpoint.py
[2024-09-02 21:22:29,341] {processor.py:653} WARNING - No viable dags retrieved from /home/Assignment/01_data_pipeline/scripts/.ipynb_checkpoints/constants-checkpoint.py
[2024-09-02 21:22:29,353] {processor.py:161} INFO - Processing /home/Assignment/01_data_pipeline/scripts/.ipynb_checkpoints/constants-checkpoint.py took 0.020 seconds
[2024-09-02 21:23:07,022] {processor.py:153} INFO - Started process (PID=1030) to work on /home/Assignment/01_data_pipeline/scripts/.ipynb_checkpoints/constants-checkpoint.py
[2024-09-02 21:23:07,027] {processor.py:641} INFO - Processing file /home/Assignment/01_data_pipeline/scripts/.ipynb_checkpoints/constants-checkpoint.py for tasks to queue
[2024-09-02 21:23:07,028] {logging_mixin.py:115} INFO - [2024-09-02 21:23:07,028] {dagbag.py:508} INFO - Filling up the DagBag from /home/Assignment/01_data_pipeline/scripts/.ipynb_checkpoints/constants-checkpoint.py
[2024-09-02 21:23:07,029] {processor.py:653} WARNING - No viable dags retrieved from /home/Assignment/01_data_pipeline/scripts/.ipynb_checkpoints/constants-checkpoint.py
[2024-09-02 21:23:07,041] {processor.py:161} INFO - Processing /home/Assignment/01_data_pipeline/scripts/.ipynb_checkpoints/constants-checkpoint.py took 0.023 seconds
[2024-09-02 21:24:25,912] {processor.py:153} INFO - Started process (PID=1084) to work on /home/Assignment/01_data_pipeline/scripts/.ipynb_checkpoints/constants-checkpoint.py
[2024-09-02 21:24:25,922] {processor.py:641} INFO - Processing file /home/Assignment/01_data_pipeline/scripts/.ipynb_checkpoints/constants-checkpoint.py for tasks to queue
[2024-09-02 21:24:25,922] {logging_mixin.py:115} INFO - [2024-09-02 21:24:25,922] {dagbag.py:508} INFO - Filling up the DagBag from /home/Assignment/01_data_pipeline/scripts/.ipynb_checkpoints/constants-checkpoint.py
[2024-09-02 21:24:25,924] {processor.py:653} WARNING - No viable dags retrieved from /home/Assignment/01_data_pipeline/scripts/.ipynb_checkpoints/constants-checkpoint.py
[2024-09-02 21:24:25,936] {processor.py:161} INFO - Processing /home/Assignment/01_data_pipeline/scripts/.ipynb_checkpoints/constants-checkpoint.py took 0.028 seconds
[2024-09-02 21:25:18,636] {processor.py:153} INFO - Started process (PID=1117) to work on /home/Assignment/01_data_pipeline/scripts/.ipynb_checkpoints/constants-checkpoint.py
[2024-09-02 21:25:18,654] {processor.py:641} INFO - Processing file /home/Assignment/01_data_pipeline/scripts/.ipynb_checkpoints/constants-checkpoint.py for tasks to queue
[2024-09-02 21:25:18,654] {logging_mixin.py:115} INFO - [2024-09-02 21:25:18,654] {dagbag.py:508} INFO - Filling up the DagBag from /home/Assignment/01_data_pipeline/scripts/.ipynb_checkpoints/constants-checkpoint.py
[2024-09-02 21:25:18,656] {processor.py:653} WARNING - No viable dags retrieved from /home/Assignment/01_data_pipeline/scripts/.ipynb_checkpoints/constants-checkpoint.py
[2024-09-02 21:25:18,668] {processor.py:161} INFO - Processing /home/Assignment/01_data_pipeline/scripts/.ipynb_checkpoints/constants-checkpoint.py took 0.035 seconds
[2024-09-02 21:26:25,150] {processor.py:153} INFO - Started process (PID=1148) to work on /home/Assignment/01_data_pipeline/scripts/.ipynb_checkpoints/constants-checkpoint.py
[2024-09-02 21:26:25,160] {processor.py:641} INFO - Processing file /home/Assignment/01_data_pipeline/scripts/.ipynb_checkpoints/constants-checkpoint.py for tasks to queue
[2024-09-02 21:26:25,161] {logging_mixin.py:115} INFO - [2024-09-02 21:26:25,161] {dagbag.py:508} INFO - Filling up the DagBag from /home/Assignment/01_data_pipeline/scripts/.ipynb_checkpoints/constants-checkpoint.py
[2024-09-02 21:26:25,162] {processor.py:653} WARNING - No viable dags retrieved from /home/Assignment/01_data_pipeline/scripts/.ipynb_checkpoints/constants-checkpoint.py
[2024-09-02 21:26:25,174] {processor.py:161} INFO - Processing /home/Assignment/01_data_pipeline/scripts/.ipynb_checkpoints/constants-checkpoint.py took 0.028 seconds
[2024-09-02 21:27:33,969] {processor.py:153} INFO - Started process (PID=1185) to work on /home/Assignment/01_data_pipeline/scripts/.ipynb_checkpoints/constants-checkpoint.py
[2024-09-02 21:27:33,975] {processor.py:641} INFO - Processing file /home/Assignment/01_data_pipeline/scripts/.ipynb_checkpoints/constants-checkpoint.py for tasks to queue
[2024-09-02 21:27:33,976] {logging_mixin.py:115} INFO - [2024-09-02 21:27:33,976] {dagbag.py:508} INFO - Filling up the DagBag from /home/Assignment/01_data_pipeline/scripts/.ipynb_checkpoints/constants-checkpoint.py
[2024-09-02 21:27:33,977] {processor.py:653} WARNING - No viable dags retrieved from /home/Assignment/01_data_pipeline/scripts/.ipynb_checkpoints/constants-checkpoint.py
[2024-09-02 21:27:33,989] {processor.py:161} INFO - Processing /home/Assignment/01_data_pipeline/scripts/.ipynb_checkpoints/constants-checkpoint.py took 0.024 seconds
[2024-09-02 21:28:18,446] {processor.py:153} INFO - Started process (PID=1217) to work on /home/Assignment/01_data_pipeline/scripts/.ipynb_checkpoints/constants-checkpoint.py
[2024-09-02 21:28:18,468] {processor.py:641} INFO - Processing file /home/Assignment/01_data_pipeline/scripts/.ipynb_checkpoints/constants-checkpoint.py for tasks to queue
[2024-09-02 21:28:18,469] {logging_mixin.py:115} INFO - [2024-09-02 21:28:18,469] {dagbag.py:508} INFO - Filling up the DagBag from /home/Assignment/01_data_pipeline/scripts/.ipynb_checkpoints/constants-checkpoint.py
[2024-09-02 21:28:18,471] {processor.py:653} WARNING - No viable dags retrieved from /home/Assignment/01_data_pipeline/scripts/.ipynb_checkpoints/constants-checkpoint.py
[2024-09-02 21:28:18,483] {processor.py:161} INFO - Processing /home/Assignment/01_data_pipeline/scripts/.ipynb_checkpoints/constants-checkpoint.py took 0.040 seconds
[2024-09-02 21:29:31,124] {processor.py:153} INFO - Started process (PID=1272) to work on /home/Assignment/01_data_pipeline/scripts/.ipynb_checkpoints/constants-checkpoint.py
[2024-09-02 21:29:31,131] {processor.py:641} INFO - Processing file /home/Assignment/01_data_pipeline/scripts/.ipynb_checkpoints/constants-checkpoint.py for tasks to queue
[2024-09-02 21:29:31,131] {logging_mixin.py:115} INFO - [2024-09-02 21:29:31,131] {dagbag.py:508} INFO - Filling up the DagBag from /home/Assignment/01_data_pipeline/scripts/.ipynb_checkpoints/constants-checkpoint.py
[2024-09-02 21:29:31,133] {processor.py:653} WARNING - No viable dags retrieved from /home/Assignment/01_data_pipeline/scripts/.ipynb_checkpoints/constants-checkpoint.py
[2024-09-02 21:29:31,145] {processor.py:161} INFO - Processing /home/Assignment/01_data_pipeline/scripts/.ipynb_checkpoints/constants-checkpoint.py took 0.024 seconds
[2024-09-02 21:30:26,897] {processor.py:153} INFO - Started process (PID=1302) to work on /home/Assignment/01_data_pipeline/scripts/.ipynb_checkpoints/constants-checkpoint.py
[2024-09-02 21:30:26,904] {processor.py:641} INFO - Processing file /home/Assignment/01_data_pipeline/scripts/.ipynb_checkpoints/constants-checkpoint.py for tasks to queue
[2024-09-02 21:30:26,904] {logging_mixin.py:115} INFO - [2024-09-02 21:30:26,904] {dagbag.py:508} INFO - Filling up the DagBag from /home/Assignment/01_data_pipeline/scripts/.ipynb_checkpoints/constants-checkpoint.py
[2024-09-02 21:30:26,906] {processor.py:653} WARNING - No viable dags retrieved from /home/Assignment/01_data_pipeline/scripts/.ipynb_checkpoints/constants-checkpoint.py
[2024-09-02 21:30:26,918] {processor.py:161} INFO - Processing /home/Assignment/01_data_pipeline/scripts/.ipynb_checkpoints/constants-checkpoint.py took 0.025 seconds
[2024-09-02 21:31:19,076] {processor.py:153} INFO - Started process (PID=1344) to work on /home/Assignment/01_data_pipeline/scripts/.ipynb_checkpoints/constants-checkpoint.py
[2024-09-02 21:31:19,078] {processor.py:641} INFO - Processing file /home/Assignment/01_data_pipeline/scripts/.ipynb_checkpoints/constants-checkpoint.py for tasks to queue
[2024-09-02 21:31:19,079] {logging_mixin.py:115} INFO - [2024-09-02 21:31:19,079] {dagbag.py:508} INFO - Filling up the DagBag from /home/Assignment/01_data_pipeline/scripts/.ipynb_checkpoints/constants-checkpoint.py
[2024-09-02 21:31:19,080] {processor.py:653} WARNING - No viable dags retrieved from /home/Assignment/01_data_pipeline/scripts/.ipynb_checkpoints/constants-checkpoint.py
[2024-09-02 21:31:19,092] {processor.py:161} INFO - Processing /home/Assignment/01_data_pipeline/scripts/.ipynb_checkpoints/constants-checkpoint.py took 0.020 seconds
[2024-09-02 21:31:55,839] {processor.py:153} INFO - Started process (PID=1381) to work on /home/Assignment/01_data_pipeline/scripts/.ipynb_checkpoints/constants-checkpoint.py
[2024-09-02 21:31:55,855] {processor.py:641} INFO - Processing file /home/Assignment/01_data_pipeline/scripts/.ipynb_checkpoints/constants-checkpoint.py for tasks to queue
[2024-09-02 21:31:55,856] {logging_mixin.py:115} INFO - [2024-09-02 21:31:55,856] {dagbag.py:508} INFO - Filling up the DagBag from /home/Assignment/01_data_pipeline/scripts/.ipynb_checkpoints/constants-checkpoint.py
[2024-09-02 21:31:55,857] {processor.py:653} WARNING - No viable dags retrieved from /home/Assignment/01_data_pipeline/scripts/.ipynb_checkpoints/constants-checkpoint.py
[2024-09-02 21:31:55,870] {processor.py:161} INFO - Processing /home/Assignment/01_data_pipeline/scripts/.ipynb_checkpoints/constants-checkpoint.py took 0.034 seconds
[2024-09-02 21:32:32,177] {processor.py:153} INFO - Started process (PID=1423) to work on /home/Assignment/01_data_pipeline/scripts/.ipynb_checkpoints/constants-checkpoint.py
[2024-09-02 21:32:32,184] {processor.py:641} INFO - Processing file /home/Assignment/01_data_pipeline/scripts/.ipynb_checkpoints/constants-checkpoint.py for tasks to queue
[2024-09-02 21:32:32,185] {logging_mixin.py:115} INFO - [2024-09-02 21:32:32,185] {dagbag.py:508} INFO - Filling up the DagBag from /home/Assignment/01_data_pipeline/scripts/.ipynb_checkpoints/constants-checkpoint.py
[2024-09-02 21:32:32,186] {processor.py:653} WARNING - No viable dags retrieved from /home/Assignment/01_data_pipeline/scripts/.ipynb_checkpoints/constants-checkpoint.py
[2024-09-02 21:32:32,199] {processor.py:161} INFO - Processing /home/Assignment/01_data_pipeline/scripts/.ipynb_checkpoints/constants-checkpoint.py took 0.025 seconds
[2024-09-02 21:33:32,160] {processor.py:153} INFO - Started process (PID=1452) to work on /home/Assignment/01_data_pipeline/scripts/.ipynb_checkpoints/constants-checkpoint.py
[2024-09-02 21:33:32,174] {processor.py:641} INFO - Processing file /home/Assignment/01_data_pipeline/scripts/.ipynb_checkpoints/constants-checkpoint.py for tasks to queue
[2024-09-02 21:33:32,175] {logging_mixin.py:115} INFO - [2024-09-02 21:33:32,175] {dagbag.py:508} INFO - Filling up the DagBag from /home/Assignment/01_data_pipeline/scripts/.ipynb_checkpoints/constants-checkpoint.py
[2024-09-02 21:33:32,176] {processor.py:653} WARNING - No viable dags retrieved from /home/Assignment/01_data_pipeline/scripts/.ipynb_checkpoints/constants-checkpoint.py
[2024-09-02 21:33:32,189] {processor.py:161} INFO - Processing /home/Assignment/01_data_pipeline/scripts/.ipynb_checkpoints/constants-checkpoint.py took 0.032 seconds
[2024-09-02 21:34:32,790] {processor.py:153} INFO - Started process (PID=1486) to work on /home/Assignment/01_data_pipeline/scripts/.ipynb_checkpoints/constants-checkpoint.py
[2024-09-02 21:34:32,868] {processor.py:641} INFO - Processing file /home/Assignment/01_data_pipeline/scripts/.ipynb_checkpoints/constants-checkpoint.py for tasks to queue
[2024-09-02 21:34:32,869] {logging_mixin.py:115} INFO - [2024-09-02 21:34:32,869] {dagbag.py:508} INFO - Filling up the DagBag from /home/Assignment/01_data_pipeline/scripts/.ipynb_checkpoints/constants-checkpoint.py
[2024-09-02 21:34:32,870] {processor.py:653} WARNING - No viable dags retrieved from /home/Assignment/01_data_pipeline/scripts/.ipynb_checkpoints/constants-checkpoint.py
[2024-09-02 21:34:32,881] {processor.py:161} INFO - Processing /home/Assignment/01_data_pipeline/scripts/.ipynb_checkpoints/constants-checkpoint.py took 0.093 seconds
[2024-09-02 21:35:44,972] {processor.py:153} INFO - Started process (PID=1530) to work on /home/Assignment/01_data_pipeline/scripts/.ipynb_checkpoints/constants-checkpoint.py
[2024-09-02 21:35:44,989] {processor.py:641} INFO - Processing file /home/Assignment/01_data_pipeline/scripts/.ipynb_checkpoints/constants-checkpoint.py for tasks to queue
[2024-09-02 21:35:44,990] {logging_mixin.py:115} INFO - [2024-09-02 21:35:44,990] {dagbag.py:508} INFO - Filling up the DagBag from /home/Assignment/01_data_pipeline/scripts/.ipynb_checkpoints/constants-checkpoint.py
[2024-09-02 21:35:44,991] {processor.py:653} WARNING - No viable dags retrieved from /home/Assignment/01_data_pipeline/scripts/.ipynb_checkpoints/constants-checkpoint.py
[2024-09-02 21:35:45,003] {processor.py:161} INFO - Processing /home/Assignment/01_data_pipeline/scripts/.ipynb_checkpoints/constants-checkpoint.py took 0.035 seconds
[2024-09-02 21:36:51,527] {processor.py:153} INFO - Started process (PID=1563) to work on /home/Assignment/01_data_pipeline/scripts/.ipynb_checkpoints/constants-checkpoint.py
[2024-09-02 21:36:51,534] {processor.py:641} INFO - Processing file /home/Assignment/01_data_pipeline/scripts/.ipynb_checkpoints/constants-checkpoint.py for tasks to queue
[2024-09-02 21:36:51,535] {logging_mixin.py:115} INFO - [2024-09-02 21:36:51,535] {dagbag.py:508} INFO - Filling up the DagBag from /home/Assignment/01_data_pipeline/scripts/.ipynb_checkpoints/constants-checkpoint.py
[2024-09-02 21:36:51,536] {processor.py:653} WARNING - No viable dags retrieved from /home/Assignment/01_data_pipeline/scripts/.ipynb_checkpoints/constants-checkpoint.py
[2024-09-02 21:36:51,548] {processor.py:161} INFO - Processing /home/Assignment/01_data_pipeline/scripts/.ipynb_checkpoints/constants-checkpoint.py took 0.024 seconds
[2024-09-02 21:37:43,509] {processor.py:153} INFO - Started process (PID=1604) to work on /home/Assignment/01_data_pipeline/scripts/.ipynb_checkpoints/constants-checkpoint.py
[2024-09-02 21:37:43,520] {processor.py:641} INFO - Processing file /home/Assignment/01_data_pipeline/scripts/.ipynb_checkpoints/constants-checkpoint.py for tasks to queue
[2024-09-02 21:37:43,521] {logging_mixin.py:115} INFO - [2024-09-02 21:37:43,521] {dagbag.py:508} INFO - Filling up the DagBag from /home/Assignment/01_data_pipeline/scripts/.ipynb_checkpoints/constants-checkpoint.py
[2024-09-02 21:37:43,522] {processor.py:653} WARNING - No viable dags retrieved from /home/Assignment/01_data_pipeline/scripts/.ipynb_checkpoints/constants-checkpoint.py
[2024-09-02 21:37:43,534] {processor.py:161} INFO - Processing /home/Assignment/01_data_pipeline/scripts/.ipynb_checkpoints/constants-checkpoint.py took 0.029 seconds
[2024-09-02 21:38:25,479] {processor.py:153} INFO - Started process (PID=1630) to work on /home/Assignment/01_data_pipeline/scripts/.ipynb_checkpoints/constants-checkpoint.py
[2024-09-02 21:38:25,481] {processor.py:641} INFO - Processing file /home/Assignment/01_data_pipeline/scripts/.ipynb_checkpoints/constants-checkpoint.py for tasks to queue
[2024-09-02 21:38:25,482] {logging_mixin.py:115} INFO - [2024-09-02 21:38:25,482] {dagbag.py:508} INFO - Filling up the DagBag from /home/Assignment/01_data_pipeline/scripts/.ipynb_checkpoints/constants-checkpoint.py
[2024-09-02 21:38:25,483] {processor.py:653} WARNING - No viable dags retrieved from /home/Assignment/01_data_pipeline/scripts/.ipynb_checkpoints/constants-checkpoint.py
[2024-09-02 21:38:25,494] {processor.py:161} INFO - Processing /home/Assignment/01_data_pipeline/scripts/.ipynb_checkpoints/constants-checkpoint.py took 0.018 seconds
[2024-09-02 21:39:18,012] {processor.py:153} INFO - Started process (PID=1695) to work on /home/Assignment/01_data_pipeline/scripts/.ipynb_checkpoints/constants-checkpoint.py
[2024-09-02 21:39:18,021] {processor.py:641} INFO - Processing file /home/Assignment/01_data_pipeline/scripts/.ipynb_checkpoints/constants-checkpoint.py for tasks to queue
[2024-09-02 21:39:18,021] {logging_mixin.py:115} INFO - [2024-09-02 21:39:18,021] {dagbag.py:508} INFO - Filling up the DagBag from /home/Assignment/01_data_pipeline/scripts/.ipynb_checkpoints/constants-checkpoint.py
[2024-09-02 21:39:18,022] {processor.py:653} WARNING - No viable dags retrieved from /home/Assignment/01_data_pipeline/scripts/.ipynb_checkpoints/constants-checkpoint.py
[2024-09-02 21:39:18,031] {processor.py:161} INFO - Processing /home/Assignment/01_data_pipeline/scripts/.ipynb_checkpoints/constants-checkpoint.py took 0.027 seconds
[2024-09-02 21:40:16,898] {processor.py:153} INFO - Started process (PID=1732) to work on /home/Assignment/01_data_pipeline/scripts/.ipynb_checkpoints/constants-checkpoint.py
[2024-09-02 21:40:16,901] {processor.py:641} INFO - Processing file /home/Assignment/01_data_pipeline/scripts/.ipynb_checkpoints/constants-checkpoint.py for tasks to queue
[2024-09-02 21:40:16,902] {logging_mixin.py:115} INFO - [2024-09-02 21:40:16,902] {dagbag.py:508} INFO - Filling up the DagBag from /home/Assignment/01_data_pipeline/scripts/.ipynb_checkpoints/constants-checkpoint.py
[2024-09-02 21:40:16,903] {processor.py:653} WARNING - No viable dags retrieved from /home/Assignment/01_data_pipeline/scripts/.ipynb_checkpoints/constants-checkpoint.py
[2024-09-02 21:40:16,915] {processor.py:161} INFO - Processing /home/Assignment/01_data_pipeline/scripts/.ipynb_checkpoints/constants-checkpoint.py took 0.021 seconds
[2024-09-02 21:41:43,894] {processor.py:153} INFO - Started process (PID=1767) to work on /home/Assignment/01_data_pipeline/scripts/.ipynb_checkpoints/constants-checkpoint.py
[2024-09-02 21:41:43,908] {processor.py:641} INFO - Processing file /home/Assignment/01_data_pipeline/scripts/.ipynb_checkpoints/constants-checkpoint.py for tasks to queue
[2024-09-02 21:41:43,908] {logging_mixin.py:115} INFO - [2024-09-02 21:41:43,908] {dagbag.py:508} INFO - Filling up the DagBag from /home/Assignment/01_data_pipeline/scripts/.ipynb_checkpoints/constants-checkpoint.py
[2024-09-02 21:41:43,910] {processor.py:653} WARNING - No viable dags retrieved from /home/Assignment/01_data_pipeline/scripts/.ipynb_checkpoints/constants-checkpoint.py
[2024-09-02 21:41:43,922] {processor.py:161} INFO - Processing /home/Assignment/01_data_pipeline/scripts/.ipynb_checkpoints/constants-checkpoint.py took 0.032 seconds
[2024-09-02 21:48:30,387] {processor.py:153} INFO - Started process (PID=1810) to work on /home/Assignment/01_data_pipeline/scripts/.ipynb_checkpoints/constants-checkpoint.py
[2024-09-02 21:48:30,398] {processor.py:641} INFO - Processing file /home/Assignment/01_data_pipeline/scripts/.ipynb_checkpoints/constants-checkpoint.py for tasks to queue
[2024-09-02 21:48:30,399] {logging_mixin.py:115} INFO - [2024-09-02 21:48:30,398] {dagbag.py:508} INFO - Filling up the DagBag from /home/Assignment/01_data_pipeline/scripts/.ipynb_checkpoints/constants-checkpoint.py
[2024-09-02 21:48:30,400] {processor.py:653} WARNING - No viable dags retrieved from /home/Assignment/01_data_pipeline/scripts/.ipynb_checkpoints/constants-checkpoint.py
[2024-09-02 21:48:30,409] {processor.py:161} INFO - Processing /home/Assignment/01_data_pipeline/scripts/.ipynb_checkpoints/constants-checkpoint.py took 0.025 seconds
[2024-09-02 21:49:57,557] {processor.py:153} INFO - Started process (PID=1855) to work on /home/Assignment/01_data_pipeline/scripts/.ipynb_checkpoints/constants-checkpoint.py
[2024-09-02 21:49:57,559] {processor.py:641} INFO - Processing file /home/Assignment/01_data_pipeline/scripts/.ipynb_checkpoints/constants-checkpoint.py for tasks to queue
[2024-09-02 21:49:57,559] {logging_mixin.py:115} INFO - [2024-09-02 21:49:57,559] {dagbag.py:508} INFO - Filling up the DagBag from /home/Assignment/01_data_pipeline/scripts/.ipynb_checkpoints/constants-checkpoint.py
[2024-09-02 21:49:57,561] {processor.py:653} WARNING - No viable dags retrieved from /home/Assignment/01_data_pipeline/scripts/.ipynb_checkpoints/constants-checkpoint.py
[2024-09-02 21:49:57,573] {processor.py:161} INFO - Processing /home/Assignment/01_data_pipeline/scripts/.ipynb_checkpoints/constants-checkpoint.py took 0.019 seconds
[2024-09-02 21:50:34,103] {processor.py:153} INFO - Started process (PID=1879) to work on /home/Assignment/01_data_pipeline/scripts/.ipynb_checkpoints/constants-checkpoint.py
[2024-09-02 21:50:34,118] {processor.py:641} INFO - Processing file /home/Assignment/01_data_pipeline/scripts/.ipynb_checkpoints/constants-checkpoint.py for tasks to queue
[2024-09-02 21:50:34,119] {logging_mixin.py:115} INFO - [2024-09-02 21:50:34,119] {dagbag.py:508} INFO - Filling up the DagBag from /home/Assignment/01_data_pipeline/scripts/.ipynb_checkpoints/constants-checkpoint.py
[2024-09-02 21:50:34,120] {processor.py:653} WARNING - No viable dags retrieved from /home/Assignment/01_data_pipeline/scripts/.ipynb_checkpoints/constants-checkpoint.py
[2024-09-02 21:50:34,132] {processor.py:161} INFO - Processing /home/Assignment/01_data_pipeline/scripts/.ipynb_checkpoints/constants-checkpoint.py took 0.033 seconds
[2024-09-02 21:51:17,519] {processor.py:153} INFO - Started process (PID=1912) to work on /home/Assignment/01_data_pipeline/scripts/.ipynb_checkpoints/constants-checkpoint.py
[2024-09-02 21:51:17,523] {processor.py:641} INFO - Processing file /home/Assignment/01_data_pipeline/scripts/.ipynb_checkpoints/constants-checkpoint.py for tasks to queue
[2024-09-02 21:51:17,523] {logging_mixin.py:115} INFO - [2024-09-02 21:51:17,523] {dagbag.py:508} INFO - Filling up the DagBag from /home/Assignment/01_data_pipeline/scripts/.ipynb_checkpoints/constants-checkpoint.py
[2024-09-02 21:51:17,525] {processor.py:653} WARNING - No viable dags retrieved from /home/Assignment/01_data_pipeline/scripts/.ipynb_checkpoints/constants-checkpoint.py
[2024-09-02 21:51:17,537] {processor.py:161} INFO - Processing /home/Assignment/01_data_pipeline/scripts/.ipynb_checkpoints/constants-checkpoint.py took 0.021 seconds
[2024-09-02 21:51:59,425] {processor.py:153} INFO - Started process (PID=1940) to work on /home/Assignment/01_data_pipeline/scripts/.ipynb_checkpoints/constants-checkpoint.py
[2024-09-02 21:51:59,435] {processor.py:641} INFO - Processing file /home/Assignment/01_data_pipeline/scripts/.ipynb_checkpoints/constants-checkpoint.py for tasks to queue
[2024-09-02 21:51:59,435] {logging_mixin.py:115} INFO - [2024-09-02 21:51:59,435] {dagbag.py:508} INFO - Filling up the DagBag from /home/Assignment/01_data_pipeline/scripts/.ipynb_checkpoints/constants-checkpoint.py
[2024-09-02 21:51:59,437] {processor.py:653} WARNING - No viable dags retrieved from /home/Assignment/01_data_pipeline/scripts/.ipynb_checkpoints/constants-checkpoint.py
[2024-09-02 21:51:59,449] {processor.py:161} INFO - Processing /home/Assignment/01_data_pipeline/scripts/.ipynb_checkpoints/constants-checkpoint.py took 0.028 seconds
