[2024-09-02 21:18:45,122] {processor.py:153} INFO - Started process (PID=656) to work on /home/Assignment/01_data_pipeline/scripts/constants.py
[2024-09-02 21:18:45,122] {processor.py:641} INFO - Processing file /home/Assignment/01_data_pipeline/scripts/constants.py for tasks to queue
[2024-09-02 21:18:45,123] {logging_mixin.py:115} INFO - [2024-09-02 21:18:45,122] {dagbag.py:508} INFO - Filling up the DagBag from /home/Assignment/01_data_pipeline/scripts/constants.py
[2024-09-02 21:18:45,124] {processor.py:653} WARNING - No viable dags retrieved from /home/Assignment/01_data_pipeline/scripts/constants.py
[2024-09-02 21:18:45,133] {processor.py:161} INFO - Processing /home/Assignment/01_data_pipeline/scripts/constants.py took 0.014 seconds
[2024-09-02 21:19:23,628] {processor.py:153} INFO - Started process (PID=701) to work on /home/Assignment/01_data_pipeline/scripts/constants.py
[2024-09-02 21:19:23,632] {processor.py:641} INFO - Processing file /home/Assignment/01_data_pipeline/scripts/constants.py for tasks to queue
[2024-09-02 21:19:23,633] {logging_mixin.py:115} INFO - [2024-09-02 21:19:23,632] {dagbag.py:508} INFO - Filling up the DagBag from /home/Assignment/01_data_pipeline/scripts/constants.py
[2024-09-02 21:19:23,634] {processor.py:653} WARNING - No viable dags retrieved from /home/Assignment/01_data_pipeline/scripts/constants.py
[2024-09-02 21:19:23,645] {processor.py:161} INFO - Processing /home/Assignment/01_data_pipeline/scripts/constants.py took 0.020 seconds
[2024-09-02 21:20:03,324] {processor.py:153} INFO - Started process (PID=912) to work on /home/Assignment/01_data_pipeline/scripts/constants.py
[2024-09-02 21:20:03,333] {processor.py:641} INFO - Processing file /home/Assignment/01_data_pipeline/scripts/constants.py for tasks to queue
[2024-09-02 21:20:03,333] {logging_mixin.py:115} INFO - [2024-09-02 21:20:03,333] {dagbag.py:508} INFO - Filling up the DagBag from /home/Assignment/01_data_pipeline/scripts/constants.py
[2024-09-02 21:20:03,335] {processor.py:653} WARNING - No viable dags retrieved from /home/Assignment/01_data_pipeline/scripts/constants.py
[2024-09-02 21:20:03,347] {processor.py:161} INFO - Processing /home/Assignment/01_data_pipeline/scripts/constants.py took 0.026 seconds
[2024-09-02 21:21:21,008] {processor.py:153} INFO - Started process (PID=958) to work on /home/Assignment/01_data_pipeline/scripts/constants.py
[2024-09-02 21:21:21,012] {processor.py:641} INFO - Processing file /home/Assignment/01_data_pipeline/scripts/constants.py for tasks to queue
[2024-09-02 21:21:21,012] {logging_mixin.py:115} INFO - [2024-09-02 21:21:21,012] {dagbag.py:508} INFO - Filling up the DagBag from /home/Assignment/01_data_pipeline/scripts/constants.py
[2024-09-02 21:21:21,014] {processor.py:653} WARNING - No viable dags retrieved from /home/Assignment/01_data_pipeline/scripts/constants.py
[2024-09-02 21:21:21,024] {processor.py:161} INFO - Processing /home/Assignment/01_data_pipeline/scripts/constants.py took 0.019 seconds
[2024-09-02 21:22:28,065] {processor.py:153} INFO - Started process (PID=993) to work on /home/Assignment/01_data_pipeline/scripts/constants.py
[2024-09-02 21:22:28,157] {processor.py:641} INFO - Processing file /home/Assignment/01_data_pipeline/scripts/constants.py for tasks to queue
[2024-09-02 21:22:28,158] {logging_mixin.py:115} INFO - [2024-09-02 21:22:28,158] {dagbag.py:508} INFO - Filling up the DagBag from /home/Assignment/01_data_pipeline/scripts/constants.py
[2024-09-02 21:22:28,160] {processor.py:653} WARNING - No viable dags retrieved from /home/Assignment/01_data_pipeline/scripts/constants.py
[2024-09-02 21:22:28,172] {processor.py:161} INFO - Processing /home/Assignment/01_data_pipeline/scripts/constants.py took 0.111 seconds
[2024-09-02 21:23:05,859] {processor.py:153} INFO - Started process (PID=1029) to work on /home/Assignment/01_data_pipeline/scripts/constants.py
[2024-09-02 21:23:05,861] {processor.py:641} INFO - Processing file /home/Assignment/01_data_pipeline/scripts/constants.py for tasks to queue
[2024-09-02 21:23:05,861] {logging_mixin.py:115} INFO - [2024-09-02 21:23:05,861] {dagbag.py:508} INFO - Filling up the DagBag from /home/Assignment/01_data_pipeline/scripts/constants.py
[2024-09-02 21:23:05,863] {processor.py:653} WARNING - No viable dags retrieved from /home/Assignment/01_data_pipeline/scripts/constants.py
[2024-09-02 21:23:05,875] {processor.py:161} INFO - Processing /home/Assignment/01_data_pipeline/scripts/constants.py took 0.020 seconds
[2024-09-02 21:24:24,763] {processor.py:153} INFO - Started process (PID=1083) to work on /home/Assignment/01_data_pipeline/scripts/constants.py
[2024-09-02 21:24:24,837] {processor.py:641} INFO - Processing file /home/Assignment/01_data_pipeline/scripts/constants.py for tasks to queue
[2024-09-02 21:24:24,838] {logging_mixin.py:115} INFO - [2024-09-02 21:24:24,838] {dagbag.py:508} INFO - Filling up the DagBag from /home/Assignment/01_data_pipeline/scripts/constants.py
[2024-09-02 21:24:24,839] {processor.py:653} WARNING - No viable dags retrieved from /home/Assignment/01_data_pipeline/scripts/constants.py
[2024-09-02 21:24:24,851] {processor.py:161} INFO - Processing /home/Assignment/01_data_pipeline/scripts/constants.py took 0.092 seconds
[2024-09-02 21:25:15,953] {processor.py:153} INFO - Started process (PID=1116) to work on /home/Assignment/01_data_pipeline/scripts/constants.py
[2024-09-02 21:25:15,968] {processor.py:641} INFO - Processing file /home/Assignment/01_data_pipeline/scripts/constants.py for tasks to queue
[2024-09-02 21:25:15,969] {logging_mixin.py:115} INFO - [2024-09-02 21:25:15,969] {dagbag.py:508} INFO - Filling up the DagBag from /home/Assignment/01_data_pipeline/scripts/constants.py
[2024-09-02 21:25:15,970] {processor.py:653} WARNING - No viable dags retrieved from /home/Assignment/01_data_pipeline/scripts/constants.py
[2024-09-02 21:25:15,982] {processor.py:161} INFO - Processing /home/Assignment/01_data_pipeline/scripts/constants.py took 0.033 seconds
[2024-09-02 21:26:24,742] {processor.py:153} INFO - Started process (PID=1147) to work on /home/Assignment/01_data_pipeline/scripts/constants.py
[2024-09-02 21:26:24,761] {processor.py:641} INFO - Processing file /home/Assignment/01_data_pipeline/scripts/constants.py for tasks to queue
[2024-09-02 21:26:24,761] {logging_mixin.py:115} INFO - [2024-09-02 21:26:24,761] {dagbag.py:508} INFO - Filling up the DagBag from /home/Assignment/01_data_pipeline/scripts/constants.py
[2024-09-02 21:26:24,763] {processor.py:653} WARNING - No viable dags retrieved from /home/Assignment/01_data_pipeline/scripts/constants.py
[2024-09-02 21:26:24,775] {processor.py:161} INFO - Processing /home/Assignment/01_data_pipeline/scripts/constants.py took 0.037 seconds
[2024-09-02 21:27:31,235] {processor.py:153} INFO - Started process (PID=1184) to work on /home/Assignment/01_data_pipeline/scripts/constants.py
[2024-09-02 21:27:31,237] {processor.py:641} INFO - Processing file /home/Assignment/01_data_pipeline/scripts/constants.py for tasks to queue
[2024-09-02 21:27:31,238] {logging_mixin.py:115} INFO - [2024-09-02 21:27:31,238] {dagbag.py:508} INFO - Filling up the DagBag from /home/Assignment/01_data_pipeline/scripts/constants.py
[2024-09-02 21:27:31,239] {processor.py:653} WARNING - No viable dags retrieved from /home/Assignment/01_data_pipeline/scripts/constants.py
[2024-09-02 21:27:31,249] {processor.py:161} INFO - Processing /home/Assignment/01_data_pipeline/scripts/constants.py took 0.018 seconds
[2024-09-02 21:28:16,695] {processor.py:153} INFO - Started process (PID=1216) to work on /home/Assignment/01_data_pipeline/scripts/constants.py
[2024-09-02 21:28:16,704] {processor.py:641} INFO - Processing file /home/Assignment/01_data_pipeline/scripts/constants.py for tasks to queue
[2024-09-02 21:28:16,704] {logging_mixin.py:115} INFO - [2024-09-02 21:28:16,704] {dagbag.py:508} INFO - Filling up the DagBag from /home/Assignment/01_data_pipeline/scripts/constants.py
[2024-09-02 21:28:16,706] {processor.py:653} WARNING - No viable dags retrieved from /home/Assignment/01_data_pipeline/scripts/constants.py
[2024-09-02 21:28:16,717] {processor.py:161} INFO - Processing /home/Assignment/01_data_pipeline/scripts/constants.py took 0.025 seconds
[2024-09-02 21:28:49,618] {processor.py:153} INFO - Started process (PID=1244) to work on /home/Assignment/01_data_pipeline/scripts/constants.py
[2024-09-02 21:28:49,664] {processor.py:641} INFO - Processing file /home/Assignment/01_data_pipeline/scripts/constants.py for tasks to queue
[2024-09-02 21:28:49,665] {logging_mixin.py:115} INFO - [2024-09-02 21:28:49,664] {dagbag.py:508} INFO - Filling up the DagBag from /home/Assignment/01_data_pipeline/scripts/constants.py
[2024-09-02 21:28:49,666] {processor.py:653} WARNING - No viable dags retrieved from /home/Assignment/01_data_pipeline/scripts/constants.py
[2024-09-02 21:28:49,678] {processor.py:161} INFO - Processing /home/Assignment/01_data_pipeline/scripts/constants.py took 0.064 seconds
[2024-09-02 21:29:29,960] {processor.py:153} INFO - Started process (PID=1271) to work on /home/Assignment/01_data_pipeline/scripts/constants.py
[2024-09-02 21:29:29,973] {processor.py:641} INFO - Processing file /home/Assignment/01_data_pipeline/scripts/constants.py for tasks to queue
[2024-09-02 21:29:29,974] {logging_mixin.py:115} INFO - [2024-09-02 21:29:29,973] {dagbag.py:508} INFO - Filling up the DagBag from /home/Assignment/01_data_pipeline/scripts/constants.py
[2024-09-02 21:29:29,975] {processor.py:653} WARNING - No viable dags retrieved from /home/Assignment/01_data_pipeline/scripts/constants.py
[2024-09-02 21:29:29,987] {processor.py:161} INFO - Processing /home/Assignment/01_data_pipeline/scripts/constants.py took 0.030 seconds
[2024-09-02 21:30:25,943] {processor.py:153} INFO - Started process (PID=1301) to work on /home/Assignment/01_data_pipeline/scripts/constants.py
[2024-09-02 21:30:25,956] {processor.py:641} INFO - Processing file /home/Assignment/01_data_pipeline/scripts/constants.py for tasks to queue
[2024-09-02 21:30:25,957] {logging_mixin.py:115} INFO - [2024-09-02 21:30:25,957] {dagbag.py:508} INFO - Filling up the DagBag from /home/Assignment/01_data_pipeline/scripts/constants.py
[2024-09-02 21:30:25,958] {processor.py:653} WARNING - No viable dags retrieved from /home/Assignment/01_data_pipeline/scripts/constants.py
[2024-09-02 21:30:25,970] {processor.py:161} INFO - Processing /home/Assignment/01_data_pipeline/scripts/constants.py took 0.031 seconds
[2024-09-02 21:31:18,303] {processor.py:153} INFO - Started process (PID=1343) to work on /home/Assignment/01_data_pipeline/scripts/constants.py
[2024-09-02 21:31:18,322] {processor.py:641} INFO - Processing file /home/Assignment/01_data_pipeline/scripts/constants.py for tasks to queue
[2024-09-02 21:31:18,323] {logging_mixin.py:115} INFO - [2024-09-02 21:31:18,323] {dagbag.py:508} INFO - Filling up the DagBag from /home/Assignment/01_data_pipeline/scripts/constants.py
[2024-09-02 21:31:18,324] {processor.py:653} WARNING - No viable dags retrieved from /home/Assignment/01_data_pipeline/scripts/constants.py
[2024-09-02 21:31:18,334] {processor.py:161} INFO - Processing /home/Assignment/01_data_pipeline/scripts/constants.py took 0.034 seconds
[2024-09-02 21:31:54,554] {processor.py:153} INFO - Started process (PID=1380) to work on /home/Assignment/01_data_pipeline/scripts/constants.py
[2024-09-02 21:31:54,571] {processor.py:641} INFO - Processing file /home/Assignment/01_data_pipeline/scripts/constants.py for tasks to queue
[2024-09-02 21:31:54,572] {logging_mixin.py:115} INFO - [2024-09-02 21:31:54,572] {dagbag.py:508} INFO - Filling up the DagBag from /home/Assignment/01_data_pipeline/scripts/constants.py
[2024-09-02 21:31:54,573] {processor.py:653} WARNING - No viable dags retrieved from /home/Assignment/01_data_pipeline/scripts/constants.py
[2024-09-02 21:31:54,585] {processor.py:161} INFO - Processing /home/Assignment/01_data_pipeline/scripts/constants.py took 0.034 seconds
[2024-09-02 21:32:31,006] {processor.py:153} INFO - Started process (PID=1422) to work on /home/Assignment/01_data_pipeline/scripts/constants.py
[2024-09-02 21:32:31,029] {processor.py:641} INFO - Processing file /home/Assignment/01_data_pipeline/scripts/constants.py for tasks to queue
[2024-09-02 21:32:31,029] {logging_mixin.py:115} INFO - [2024-09-02 21:32:31,029] {dagbag.py:508} INFO - Filling up the DagBag from /home/Assignment/01_data_pipeline/scripts/constants.py
[2024-09-02 21:32:31,031] {processor.py:653} WARNING - No viable dags retrieved from /home/Assignment/01_data_pipeline/scripts/constants.py
[2024-09-02 21:32:31,043] {processor.py:161} INFO - Processing /home/Assignment/01_data_pipeline/scripts/constants.py took 0.040 seconds
[2024-09-02 21:33:30,994] {processor.py:153} INFO - Started process (PID=1451) to work on /home/Assignment/01_data_pipeline/scripts/constants.py
[2024-09-02 21:33:30,999] {processor.py:641} INFO - Processing file /home/Assignment/01_data_pipeline/scripts/constants.py for tasks to queue
[2024-09-02 21:33:30,999] {logging_mixin.py:115} INFO - [2024-09-02 21:33:30,999] {dagbag.py:508} INFO - Filling up the DagBag from /home/Assignment/01_data_pipeline/scripts/constants.py
[2024-09-02 21:33:31,001] {processor.py:653} WARNING - No viable dags retrieved from /home/Assignment/01_data_pipeline/scripts/constants.py
[2024-09-02 21:33:31,012] {processor.py:161} INFO - Processing /home/Assignment/01_data_pipeline/scripts/constants.py took 0.021 seconds
[2024-09-02 21:34:31,446] {processor.py:153} INFO - Started process (PID=1485) to work on /home/Assignment/01_data_pipeline/scripts/constants.py
[2024-09-02 21:34:31,456] {processor.py:641} INFO - Processing file /home/Assignment/01_data_pipeline/scripts/constants.py for tasks to queue
[2024-09-02 21:34:31,456] {logging_mixin.py:115} INFO - [2024-09-02 21:34:31,456] {dagbag.py:508} INFO - Filling up the DagBag from /home/Assignment/01_data_pipeline/scripts/constants.py
[2024-09-02 21:34:31,458] {processor.py:653} WARNING - No viable dags retrieved from /home/Assignment/01_data_pipeline/scripts/constants.py
[2024-09-02 21:34:31,468] {processor.py:161} INFO - Processing /home/Assignment/01_data_pipeline/scripts/constants.py took 0.026 seconds
[2024-09-02 21:35:44,528] {processor.py:153} INFO - Started process (PID=1529) to work on /home/Assignment/01_data_pipeline/scripts/constants.py
[2024-09-02 21:35:44,543] {processor.py:641} INFO - Processing file /home/Assignment/01_data_pipeline/scripts/constants.py for tasks to queue
[2024-09-02 21:35:44,544] {logging_mixin.py:115} INFO - [2024-09-02 21:35:44,543] {dagbag.py:508} INFO - Filling up the DagBag from /home/Assignment/01_data_pipeline/scripts/constants.py
[2024-09-02 21:35:44,545] {processor.py:653} WARNING - No viable dags retrieved from /home/Assignment/01_data_pipeline/scripts/constants.py
[2024-09-02 21:35:44,557] {processor.py:161} INFO - Processing /home/Assignment/01_data_pipeline/scripts/constants.py took 0.033 seconds
[2024-09-02 21:36:50,362] {processor.py:153} INFO - Started process (PID=1562) to work on /home/Assignment/01_data_pipeline/scripts/constants.py
[2024-09-02 21:36:50,369] {processor.py:641} INFO - Processing file /home/Assignment/01_data_pipeline/scripts/constants.py for tasks to queue
[2024-09-02 21:36:50,370] {logging_mixin.py:115} INFO - [2024-09-02 21:36:50,370] {dagbag.py:508} INFO - Filling up the DagBag from /home/Assignment/01_data_pipeline/scripts/constants.py
[2024-09-02 21:36:50,371] {processor.py:653} WARNING - No viable dags retrieved from /home/Assignment/01_data_pipeline/scripts/constants.py
[2024-09-02 21:36:50,383] {processor.py:161} INFO - Processing /home/Assignment/01_data_pipeline/scripts/constants.py took 0.025 seconds
[2024-09-02 21:37:41,934] {processor.py:153} INFO - Started process (PID=1603) to work on /home/Assignment/01_data_pipeline/scripts/constants.py
[2024-09-02 21:37:41,951] {processor.py:641} INFO - Processing file /home/Assignment/01_data_pipeline/scripts/constants.py for tasks to queue
[2024-09-02 21:37:41,951] {logging_mixin.py:115} INFO - [2024-09-02 21:37:41,951] {dagbag.py:508} INFO - Filling up the DagBag from /home/Assignment/01_data_pipeline/scripts/constants.py
[2024-09-02 21:37:41,953] {processor.py:653} WARNING - No viable dags retrieved from /home/Assignment/01_data_pipeline/scripts/constants.py
[2024-09-02 21:37:41,965] {processor.py:161} INFO - Processing /home/Assignment/01_data_pipeline/scripts/constants.py took 0.035 seconds
[2024-09-02 21:38:25,048] {processor.py:153} INFO - Started process (PID=1629) to work on /home/Assignment/01_data_pipeline/scripts/constants.py
[2024-09-02 21:38:25,050] {processor.py:641} INFO - Processing file /home/Assignment/01_data_pipeline/scripts/constants.py for tasks to queue
[2024-09-02 21:38:25,050] {logging_mixin.py:115} INFO - [2024-09-02 21:38:25,050] {dagbag.py:508} INFO - Filling up the DagBag from /home/Assignment/01_data_pipeline/scripts/constants.py
[2024-09-02 21:38:25,052] {processor.py:653} WARNING - No viable dags retrieved from /home/Assignment/01_data_pipeline/scripts/constants.py
[2024-09-02 21:38:25,064] {processor.py:161} INFO - Processing /home/Assignment/01_data_pipeline/scripts/constants.py took 0.020 seconds
[2024-09-02 21:39:17,476] {processor.py:153} INFO - Started process (PID=1694) to work on /home/Assignment/01_data_pipeline/scripts/constants.py
[2024-09-02 21:39:17,481] {processor.py:641} INFO - Processing file /home/Assignment/01_data_pipeline/scripts/constants.py for tasks to queue
[2024-09-02 21:39:17,482] {logging_mixin.py:115} INFO - [2024-09-02 21:39:17,482] {dagbag.py:508} INFO - Filling up the DagBag from /home/Assignment/01_data_pipeline/scripts/constants.py
[2024-09-02 21:39:17,483] {processor.py:653} WARNING - No viable dags retrieved from /home/Assignment/01_data_pipeline/scripts/constants.py
[2024-09-02 21:39:17,515] {processor.py:161} INFO - Processing /home/Assignment/01_data_pipeline/scripts/constants.py took 0.041 seconds
[2024-09-02 21:40:16,374] {processor.py:153} INFO - Started process (PID=1731) to work on /home/Assignment/01_data_pipeline/scripts/constants.py
[2024-09-02 21:40:16,384] {processor.py:641} INFO - Processing file /home/Assignment/01_data_pipeline/scripts/constants.py for tasks to queue
[2024-09-02 21:40:16,385] {logging_mixin.py:115} INFO - [2024-09-02 21:40:16,384] {dagbag.py:508} INFO - Filling up the DagBag from /home/Assignment/01_data_pipeline/scripts/constants.py
[2024-09-02 21:40:16,386] {processor.py:653} WARNING - No viable dags retrieved from /home/Assignment/01_data_pipeline/scripts/constants.py
[2024-09-02 21:40:16,398] {processor.py:161} INFO - Processing /home/Assignment/01_data_pipeline/scripts/constants.py took 0.028 seconds
[2024-09-02 21:41:41,424] {processor.py:153} INFO - Started process (PID=1766) to work on /home/Assignment/01_data_pipeline/scripts/constants.py
[2024-09-02 21:41:41,433] {processor.py:641} INFO - Processing file /home/Assignment/01_data_pipeline/scripts/constants.py for tasks to queue
[2024-09-02 21:41:41,433] {logging_mixin.py:115} INFO - [2024-09-02 21:41:41,433] {dagbag.py:508} INFO - Filling up the DagBag from /home/Assignment/01_data_pipeline/scripts/constants.py
[2024-09-02 21:41:41,435] {processor.py:653} WARNING - No viable dags retrieved from /home/Assignment/01_data_pipeline/scripts/constants.py
[2024-09-02 21:41:41,447] {processor.py:161} INFO - Processing /home/Assignment/01_data_pipeline/scripts/constants.py took 0.027 seconds
[2024-09-02 21:48:29,253] {processor.py:153} INFO - Started process (PID=1809) to work on /home/Assignment/01_data_pipeline/scripts/constants.py
[2024-09-02 21:48:29,264] {processor.py:641} INFO - Processing file /home/Assignment/01_data_pipeline/scripts/constants.py for tasks to queue
[2024-09-02 21:48:29,265] {logging_mixin.py:115} INFO - [2024-09-02 21:48:29,264] {dagbag.py:508} INFO - Filling up the DagBag from /home/Assignment/01_data_pipeline/scripts/constants.py
[2024-09-02 21:48:29,266] {processor.py:653} WARNING - No viable dags retrieved from /home/Assignment/01_data_pipeline/scripts/constants.py
[2024-09-02 21:48:29,277] {processor.py:161} INFO - Processing /home/Assignment/01_data_pipeline/scripts/constants.py took 0.028 seconds
[2024-09-02 21:49:56,391] {processor.py:153} INFO - Started process (PID=1854) to work on /home/Assignment/01_data_pipeline/scripts/constants.py
[2024-09-02 21:49:56,395] {processor.py:641} INFO - Processing file /home/Assignment/01_data_pipeline/scripts/constants.py for tasks to queue
[2024-09-02 21:49:56,395] {logging_mixin.py:115} INFO - [2024-09-02 21:49:56,395] {dagbag.py:508} INFO - Filling up the DagBag from /home/Assignment/01_data_pipeline/scripts/constants.py
[2024-09-02 21:49:56,397] {processor.py:653} WARNING - No viable dags retrieved from /home/Assignment/01_data_pipeline/scripts/constants.py
[2024-09-02 21:49:56,409] {processor.py:161} INFO - Processing /home/Assignment/01_data_pipeline/scripts/constants.py took 0.021 seconds
[2024-09-02 21:50:33,216] {processor.py:153} INFO - Started process (PID=1878) to work on /home/Assignment/01_data_pipeline/scripts/constants.py
[2024-09-02 21:50:33,233] {processor.py:641} INFO - Processing file /home/Assignment/01_data_pipeline/scripts/constants.py for tasks to queue
[2024-09-02 21:50:33,233] {logging_mixin.py:115} INFO - [2024-09-02 21:50:33,233] {dagbag.py:508} INFO - Filling up the DagBag from /home/Assignment/01_data_pipeline/scripts/constants.py
[2024-09-02 21:50:33,235] {processor.py:653} WARNING - No viable dags retrieved from /home/Assignment/01_data_pipeline/scripts/constants.py
[2024-09-02 21:50:33,247] {processor.py:161} INFO - Processing /home/Assignment/01_data_pipeline/scripts/constants.py took 0.035 seconds
[2024-09-02 21:51:16,178] {processor.py:153} INFO - Started process (PID=1911) to work on /home/Assignment/01_data_pipeline/scripts/constants.py
[2024-09-02 21:51:16,189] {processor.py:641} INFO - Processing file /home/Assignment/01_data_pipeline/scripts/constants.py for tasks to queue
[2024-09-02 21:51:16,189] {logging_mixin.py:115} INFO - [2024-09-02 21:51:16,189] {dagbag.py:508} INFO - Filling up the DagBag from /home/Assignment/01_data_pipeline/scripts/constants.py
[2024-09-02 21:51:16,191] {processor.py:653} WARNING - No viable dags retrieved from /home/Assignment/01_data_pipeline/scripts/constants.py
[2024-09-02 21:51:16,203] {processor.py:161} INFO - Processing /home/Assignment/01_data_pipeline/scripts/constants.py took 0.028 seconds
[2024-09-02 21:51:58,259] {processor.py:153} INFO - Started process (PID=1939) to work on /home/Assignment/01_data_pipeline/scripts/constants.py
[2024-09-02 21:51:58,269] {processor.py:641} INFO - Processing file /home/Assignment/01_data_pipeline/scripts/constants.py for tasks to queue
[2024-09-02 21:51:58,270] {logging_mixin.py:115} INFO - [2024-09-02 21:51:58,269] {dagbag.py:508} INFO - Filling up the DagBag from /home/Assignment/01_data_pipeline/scripts/constants.py
[2024-09-02 21:51:58,271] {processor.py:653} WARNING - No viable dags retrieved from /home/Assignment/01_data_pipeline/scripts/constants.py
[2024-09-02 21:51:58,283] {processor.py:161} INFO - Processing /home/Assignment/01_data_pipeline/scripts/constants.py took 0.027 seconds
