[2024-09-02 04:31:27,101] {processor.py:153} INFO - Started process (PID=840) to work on /opt/conda/lib/python3.8/site-packages/airflow/example_dags/plugins/workday.py
[2024-09-02 04:31:27,101] {processor.py:641} INFO - Processing file /opt/conda/lib/python3.8/site-packages/airflow/example_dags/plugins/workday.py for tasks to queue
[2024-09-02 04:31:27,102] {logging_mixin.py:115} INFO - [2024-09-02 04:31:27,102] {dagbag.py:508} INFO - Filling up the DagBag from /opt/conda/lib/python3.8/site-packages/airflow/example_dags/plugins/workday.py
[2024-09-02 04:31:27,104] {processor.py:653} WARNING - No viable dags retrieved from /opt/conda/lib/python3.8/site-packages/airflow/example_dags/plugins/workday.py
[2024-09-02 04:31:27,115] {processor.py:161} INFO - Processing /opt/conda/lib/python3.8/site-packages/airflow/example_dags/plugins/workday.py took 0.018 seconds
[2024-09-02 04:32:11,495] {processor.py:153} INFO - Started process (PID=878) to work on /opt/conda/lib/python3.8/site-packages/airflow/example_dags/plugins/workday.py
[2024-09-02 04:32:11,497] {processor.py:641} INFO - Processing file /opt/conda/lib/python3.8/site-packages/airflow/example_dags/plugins/workday.py for tasks to queue
[2024-09-02 04:32:11,498] {logging_mixin.py:115} INFO - [2024-09-02 04:32:11,497] {dagbag.py:508} INFO - Filling up the DagBag from /opt/conda/lib/python3.8/site-packages/airflow/example_dags/plugins/workday.py
[2024-09-02 04:32:11,500] {processor.py:653} WARNING - No viable dags retrieved from /opt/conda/lib/python3.8/site-packages/airflow/example_dags/plugins/workday.py
[2024-09-02 04:32:11,511] {processor.py:161} INFO - Processing /opt/conda/lib/python3.8/site-packages/airflow/example_dags/plugins/workday.py took 0.020 seconds
[2024-09-02 21:19:20,767] {processor.py:153} INFO - Started process (PID=691) to work on /opt/conda/lib/python3.8/site-packages/airflow/example_dags/plugins/workday.py
[2024-09-02 21:19:20,768] {processor.py:641} INFO - Processing file /opt/conda/lib/python3.8/site-packages/airflow/example_dags/plugins/workday.py for tasks to queue
[2024-09-02 21:19:20,769] {logging_mixin.py:115} INFO - [2024-09-02 21:19:20,769] {dagbag.py:508} INFO - Filling up the DagBag from /opt/conda/lib/python3.8/site-packages/airflow/example_dags/plugins/workday.py
[2024-09-02 21:19:20,771] {processor.py:653} WARNING - No viable dags retrieved from /opt/conda/lib/python3.8/site-packages/airflow/example_dags/plugins/workday.py
[2024-09-02 21:19:20,783] {processor.py:161} INFO - Processing /opt/conda/lib/python3.8/site-packages/airflow/example_dags/plugins/workday.py took 0.019 seconds
[2024-09-02 21:20:21,538] {processor.py:153} INFO - Started process (PID=928) to work on /opt/conda/lib/python3.8/site-packages/airflow/example_dags/plugins/workday.py
[2024-09-02 21:20:21,554] {processor.py:641} INFO - Processing file /opt/conda/lib/python3.8/site-packages/airflow/example_dags/plugins/workday.py for tasks to queue
[2024-09-02 21:20:21,555] {logging_mixin.py:115} INFO - [2024-09-02 21:20:21,555] {dagbag.py:508} INFO - Filling up the DagBag from /opt/conda/lib/python3.8/site-packages/airflow/example_dags/plugins/workday.py
[2024-09-02 21:20:21,557] {processor.py:653} WARNING - No viable dags retrieved from /opt/conda/lib/python3.8/site-packages/airflow/example_dags/plugins/workday.py
[2024-09-02 21:20:21,569] {processor.py:161} INFO - Processing /opt/conda/lib/python3.8/site-packages/airflow/example_dags/plugins/workday.py took 0.035 seconds
[2024-09-02 21:22:21,507] {processor.py:153} INFO - Started process (PID=983) to work on /opt/conda/lib/python3.8/site-packages/airflow/example_dags/plugins/workday.py
[2024-09-02 21:22:21,509] {processor.py:641} INFO - Processing file /opt/conda/lib/python3.8/site-packages/airflow/example_dags/plugins/workday.py for tasks to queue
[2024-09-02 21:22:21,510] {logging_mixin.py:115} INFO - [2024-09-02 21:22:21,510] {dagbag.py:508} INFO - Filling up the DagBag from /opt/conda/lib/python3.8/site-packages/airflow/example_dags/plugins/workday.py
[2024-09-02 21:22:21,512] {processor.py:653} WARNING - No viable dags retrieved from /opt/conda/lib/python3.8/site-packages/airflow/example_dags/plugins/workday.py
[2024-09-02 21:22:21,524] {processor.py:161} INFO - Processing /opt/conda/lib/python3.8/site-packages/airflow/example_dags/plugins/workday.py took 0.020 seconds
[2024-09-02 21:23:34,165] {processor.py:153} INFO - Started process (PID=1046) to work on /opt/conda/lib/python3.8/site-packages/airflow/example_dags/plugins/workday.py
[2024-09-02 21:23:34,167] {processor.py:641} INFO - Processing file /opt/conda/lib/python3.8/site-packages/airflow/example_dags/plugins/workday.py for tasks to queue
[2024-09-02 21:23:34,167] {logging_mixin.py:115} INFO - [2024-09-02 21:23:34,167] {dagbag.py:508} INFO - Filling up the DagBag from /opt/conda/lib/python3.8/site-packages/airflow/example_dags/plugins/workday.py
[2024-09-02 21:23:34,169] {processor.py:653} WARNING - No viable dags retrieved from /opt/conda/lib/python3.8/site-packages/airflow/example_dags/plugins/workday.py
[2024-09-02 21:23:34,181] {processor.py:161} INFO - Processing /opt/conda/lib/python3.8/site-packages/airflow/example_dags/plugins/workday.py took 0.020 seconds
[2024-09-02 21:25:12,078] {processor.py:153} INFO - Started process (PID=1106) to work on /opt/conda/lib/python3.8/site-packages/airflow/example_dags/plugins/workday.py
[2024-09-02 21:25:12,079] {processor.py:641} INFO - Processing file /opt/conda/lib/python3.8/site-packages/airflow/example_dags/plugins/workday.py for tasks to queue
[2024-09-02 21:25:12,080] {logging_mixin.py:115} INFO - [2024-09-02 21:25:12,080] {dagbag.py:508} INFO - Filling up the DagBag from /opt/conda/lib/python3.8/site-packages/airflow/example_dags/plugins/workday.py
[2024-09-02 21:25:12,082] {processor.py:653} WARNING - No viable dags retrieved from /opt/conda/lib/python3.8/site-packages/airflow/example_dags/plugins/workday.py
[2024-09-02 21:25:12,094] {processor.py:161} INFO - Processing /opt/conda/lib/python3.8/site-packages/airflow/example_dags/plugins/workday.py took 0.020 seconds
[2024-09-02 21:27:28,398] {processor.py:153} INFO - Started process (PID=1174) to work on /opt/conda/lib/python3.8/site-packages/airflow/example_dags/plugins/workday.py
[2024-09-02 21:27:28,401] {processor.py:641} INFO - Processing file /opt/conda/lib/python3.8/site-packages/airflow/example_dags/plugins/workday.py for tasks to queue
[2024-09-02 21:27:28,401] {logging_mixin.py:115} INFO - [2024-09-02 21:27:28,401] {dagbag.py:508} INFO - Filling up the DagBag from /opt/conda/lib/python3.8/site-packages/airflow/example_dags/plugins/workday.py
[2024-09-02 21:27:28,403] {processor.py:653} WARNING - No viable dags retrieved from /opt/conda/lib/python3.8/site-packages/airflow/example_dags/plugins/workday.py
[2024-09-02 21:27:28,413] {processor.py:161} INFO - Processing /opt/conda/lib/python3.8/site-packages/airflow/example_dags/plugins/workday.py took 0.018 seconds
[2024-09-02 21:28:47,162] {processor.py:153} INFO - Started process (PID=1234) to work on /opt/conda/lib/python3.8/site-packages/airflow/example_dags/plugins/workday.py
[2024-09-02 21:28:47,163] {processor.py:641} INFO - Processing file /opt/conda/lib/python3.8/site-packages/airflow/example_dags/plugins/workday.py for tasks to queue
[2024-09-02 21:28:47,164] {logging_mixin.py:115} INFO - [2024-09-02 21:28:47,164] {dagbag.py:508} INFO - Filling up the DagBag from /opt/conda/lib/python3.8/site-packages/airflow/example_dags/plugins/workday.py
[2024-09-02 21:28:47,166] {processor.py:653} WARNING - No viable dags retrieved from /opt/conda/lib/python3.8/site-packages/airflow/example_dags/plugins/workday.py
[2024-09-02 21:28:47,176] {processor.py:161} INFO - Processing /opt/conda/lib/python3.8/site-packages/airflow/example_dags/plugins/workday.py took 0.017 seconds
[2024-09-02 21:30:22,898] {processor.py:153} INFO - Started process (PID=1291) to work on /opt/conda/lib/python3.8/site-packages/airflow/example_dags/plugins/workday.py
[2024-09-02 21:30:22,900] {processor.py:641} INFO - Processing file /opt/conda/lib/python3.8/site-packages/airflow/example_dags/plugins/workday.py for tasks to queue
[2024-09-02 21:30:22,901] {logging_mixin.py:115} INFO - [2024-09-02 21:30:22,901] {dagbag.py:508} INFO - Filling up the DagBag from /opt/conda/lib/python3.8/site-packages/airflow/example_dags/plugins/workday.py
[2024-09-02 21:30:22,903] {processor.py:653} WARNING - No viable dags retrieved from /opt/conda/lib/python3.8/site-packages/airflow/example_dags/plugins/workday.py
[2024-09-02 21:30:22,915] {processor.py:161} INFO - Processing /opt/conda/lib/python3.8/site-packages/airflow/example_dags/plugins/workday.py took 0.020 seconds
[2024-09-02 21:31:52,147] {processor.py:153} INFO - Started process (PID=1370) to work on /opt/conda/lib/python3.8/site-packages/airflow/example_dags/plugins/workday.py
[2024-09-02 21:31:52,149] {processor.py:641} INFO - Processing file /opt/conda/lib/python3.8/site-packages/airflow/example_dags/plugins/workday.py for tasks to queue
[2024-09-02 21:31:52,149] {logging_mixin.py:115} INFO - [2024-09-02 21:31:52,149] {dagbag.py:508} INFO - Filling up the DagBag from /opt/conda/lib/python3.8/site-packages/airflow/example_dags/plugins/workday.py
[2024-09-02 21:31:52,151] {processor.py:653} WARNING - No viable dags retrieved from /opt/conda/lib/python3.8/site-packages/airflow/example_dags/plugins/workday.py
[2024-09-02 21:31:52,164] {processor.py:161} INFO - Processing /opt/conda/lib/python3.8/site-packages/airflow/example_dags/plugins/workday.py took 0.020 seconds
[2024-09-02 21:33:26,043] {processor.py:153} INFO - Started process (PID=1441) to work on /opt/conda/lib/python3.8/site-packages/airflow/example_dags/plugins/workday.py
[2024-09-02 21:33:26,044] {processor.py:641} INFO - Processing file /opt/conda/lib/python3.8/site-packages/airflow/example_dags/plugins/workday.py for tasks to queue
[2024-09-02 21:33:26,045] {logging_mixin.py:115} INFO - [2024-09-02 21:33:26,045] {dagbag.py:508} INFO - Filling up the DagBag from /opt/conda/lib/python3.8/site-packages/airflow/example_dags/plugins/workday.py
[2024-09-02 21:33:26,047] {processor.py:653} WARNING - No viable dags retrieved from /opt/conda/lib/python3.8/site-packages/airflow/example_dags/plugins/workday.py
[2024-09-02 21:33:26,059] {processor.py:161} INFO - Processing /opt/conda/lib/python3.8/site-packages/airflow/example_dags/plugins/workday.py took 0.020 seconds
[2024-09-02 21:35:38,353] {processor.py:153} INFO - Started process (PID=1519) to work on /opt/conda/lib/python3.8/site-packages/airflow/example_dags/plugins/workday.py
[2024-09-02 21:35:38,356] {processor.py:641} INFO - Processing file /opt/conda/lib/python3.8/site-packages/airflow/example_dags/plugins/workday.py for tasks to queue
[2024-09-02 21:35:38,356] {logging_mixin.py:115} INFO - [2024-09-02 21:35:38,356] {dagbag.py:508} INFO - Filling up the DagBag from /opt/conda/lib/python3.8/site-packages/airflow/example_dags/plugins/workday.py
[2024-09-02 21:35:38,358] {processor.py:653} WARNING - No viable dags retrieved from /opt/conda/lib/python3.8/site-packages/airflow/example_dags/plugins/workday.py
[2024-09-02 21:35:38,370] {processor.py:161} INFO - Processing /opt/conda/lib/python3.8/site-packages/airflow/example_dags/plugins/workday.py took 0.020 seconds
[2024-09-02 21:37:37,934] {processor.py:153} INFO - Started process (PID=1593) to work on /opt/conda/lib/python3.8/site-packages/airflow/example_dags/plugins/workday.py
[2024-09-02 21:37:37,935] {processor.py:641} INFO - Processing file /opt/conda/lib/python3.8/site-packages/airflow/example_dags/plugins/workday.py for tasks to queue
[2024-09-02 21:37:37,936] {logging_mixin.py:115} INFO - [2024-09-02 21:37:37,936] {dagbag.py:508} INFO - Filling up the DagBag from /opt/conda/lib/python3.8/site-packages/airflow/example_dags/plugins/workday.py
[2024-09-02 21:37:37,938] {processor.py:653} WARNING - No viable dags retrieved from /opt/conda/lib/python3.8/site-packages/airflow/example_dags/plugins/workday.py
[2024-09-02 21:37:37,950] {processor.py:161} INFO - Processing /opt/conda/lib/python3.8/site-packages/airflow/example_dags/plugins/workday.py took 0.019 seconds
[2024-09-02 21:39:12,689] {processor.py:153} INFO - Started process (PID=1666) to work on /opt/conda/lib/python3.8/site-packages/airflow/example_dags/plugins/workday.py
[2024-09-02 21:39:12,690] {processor.py:641} INFO - Processing file /opt/conda/lib/python3.8/site-packages/airflow/example_dags/plugins/workday.py for tasks to queue
[2024-09-02 21:39:12,691] {logging_mixin.py:115} INFO - [2024-09-02 21:39:12,691] {dagbag.py:508} INFO - Filling up the DagBag from /opt/conda/lib/python3.8/site-packages/airflow/example_dags/plugins/workday.py
[2024-09-02 21:39:12,693] {processor.py:653} WARNING - No viable dags retrieved from /opt/conda/lib/python3.8/site-packages/airflow/example_dags/plugins/workday.py
[2024-09-02 21:39:12,704] {processor.py:161} INFO - Processing /opt/conda/lib/python3.8/site-packages/airflow/example_dags/plugins/workday.py took 0.019 seconds
[2024-09-02 21:41:34,920] {processor.py:153} INFO - Started process (PID=1756) to work on /opt/conda/lib/python3.8/site-packages/airflow/example_dags/plugins/workday.py
[2024-09-02 21:41:34,922] {processor.py:641} INFO - Processing file /opt/conda/lib/python3.8/site-packages/airflow/example_dags/plugins/workday.py for tasks to queue
[2024-09-02 21:41:34,922] {logging_mixin.py:115} INFO - [2024-09-02 21:41:34,922] {dagbag.py:508} INFO - Filling up the DagBag from /opt/conda/lib/python3.8/site-packages/airflow/example_dags/plugins/workday.py
[2024-09-02 21:41:34,924] {processor.py:653} WARNING - No viable dags retrieved from /opt/conda/lib/python3.8/site-packages/airflow/example_dags/plugins/workday.py
[2024-09-02 21:41:34,936] {processor.py:161} INFO - Processing /opt/conda/lib/python3.8/site-packages/airflow/example_dags/plugins/workday.py took 0.020 seconds
[2024-09-02 21:49:52,024] {processor.py:153} INFO - Started process (PID=1844) to work on /opt/conda/lib/python3.8/site-packages/airflow/example_dags/plugins/workday.py
[2024-09-02 21:49:52,026] {processor.py:641} INFO - Processing file /opt/conda/lib/python3.8/site-packages/airflow/example_dags/plugins/workday.py for tasks to queue
[2024-09-02 21:49:52,026] {logging_mixin.py:115} INFO - [2024-09-02 21:49:52,026] {dagbag.py:508} INFO - Filling up the DagBag from /opt/conda/lib/python3.8/site-packages/airflow/example_dags/plugins/workday.py
[2024-09-02 21:49:52,028] {processor.py:653} WARNING - No viable dags retrieved from /opt/conda/lib/python3.8/site-packages/airflow/example_dags/plugins/workday.py
[2024-09-02 21:49:52,040] {processor.py:161} INFO - Processing /opt/conda/lib/python3.8/site-packages/airflow/example_dags/plugins/workday.py took 0.020 seconds
[2024-09-02 21:51:13,343] {processor.py:153} INFO - Started process (PID=1901) to work on /opt/conda/lib/python3.8/site-packages/airflow/example_dags/plugins/workday.py
[2024-09-02 21:51:13,345] {processor.py:641} INFO - Processing file /opt/conda/lib/python3.8/site-packages/airflow/example_dags/plugins/workday.py for tasks to queue
[2024-09-02 21:51:13,345] {logging_mixin.py:115} INFO - [2024-09-02 21:51:13,345] {dagbag.py:508} INFO - Filling up the DagBag from /opt/conda/lib/python3.8/site-packages/airflow/example_dags/plugins/workday.py
[2024-09-02 21:51:13,347] {processor.py:653} WARNING - No viable dags retrieved from /opt/conda/lib/python3.8/site-packages/airflow/example_dags/plugins/workday.py
[2024-09-02 21:51:13,359] {processor.py:161} INFO - Processing /opt/conda/lib/python3.8/site-packages/airflow/example_dags/plugins/workday.py took 0.020 seconds
[2024-09-02 21:52:45,694] {processor.py:153} INFO - Started process (PID=1959) to work on /opt/conda/lib/python3.8/site-packages/airflow/example_dags/plugins/workday.py
[2024-09-02 21:52:45,695] {processor.py:641} INFO - Processing file /opt/conda/lib/python3.8/site-packages/airflow/example_dags/plugins/workday.py for tasks to queue
[2024-09-02 21:52:45,696] {logging_mixin.py:115} INFO - [2024-09-02 21:52:45,696] {dagbag.py:508} INFO - Filling up the DagBag from /opt/conda/lib/python3.8/site-packages/airflow/example_dags/plugins/workday.py
[2024-09-02 21:52:45,698] {processor.py:653} WARNING - No viable dags retrieved from /opt/conda/lib/python3.8/site-packages/airflow/example_dags/plugins/workday.py
[2024-09-02 21:52:45,710] {processor.py:161} INFO - Processing /opt/conda/lib/python3.8/site-packages/airflow/example_dags/plugins/workday.py took 0.019 seconds
