[2024-09-02 04:30:49,049] {processor.py:153} INFO - Started process (PID=635) to work on /opt/conda/lib/python3.8/site-packages/airflow/example_dags/example_task_group_decorator.py
[2024-09-02 04:30:49,050] {processor.py:641} INFO - Processing file /opt/conda/lib/python3.8/site-packages/airflow/example_dags/example_task_group_decorator.py for tasks to queue
[2024-09-02 04:30:49,050] {logging_mixin.py:115} INFO - [2024-09-02 04:30:49,050] {dagbag.py:508} INFO - Filling up the DagBag from /opt/conda/lib/python3.8/site-packages/airflow/example_dags/example_task_group_decorator.py
[2024-09-02 04:30:49,183] {processor.py:651} INFO - DAG(s) dict_keys(['example_task_group_decorator']) retrieved from /opt/conda/lib/python3.8/site-packages/airflow/example_dags/example_task_group_decorator.py
[2024-09-02 04:30:49,248] {logging_mixin.py:115} INFO - [2024-09-02 04:30:49,248] {manager.py:508} INFO - Created Permission View: can edit on DAG:example_task_group_decorator
[2024-09-02 04:30:49,264] {logging_mixin.py:115} INFO - [2024-09-02 04:30:49,264] {manager.py:508} INFO - Created Permission View: can delete on DAG:example_task_group_decorator
[2024-09-02 04:30:49,278] {logging_mixin.py:115} INFO - [2024-09-02 04:30:49,278] {manager.py:508} INFO - Created Permission View: can read on DAG:example_task_group_decorator
[2024-09-02 04:30:49,278] {logging_mixin.py:115} INFO - [2024-09-02 04:30:49,278] {dag.py:2420} INFO - Sync 1 DAGs
[2024-09-02 04:30:49,283] {logging_mixin.py:115} INFO - [2024-09-02 04:30:49,283] {dag.py:2439} INFO - Creating ORM DAG for example_task_group_decorator
[2024-09-02 04:30:49,290] {logging_mixin.py:115} INFO - [2024-09-02 04:30:49,290] {dag.py:2968} INFO - Setting next_dagrun for example_task_group_decorator to 2024-09-01T04:30:49.290213+00:00, run_after=2024-09-02T04:30:49.290213+00:00
[2024-09-02 04:30:49,312] {processor.py:161} INFO - Processing /opt/conda/lib/python3.8/site-packages/airflow/example_dags/example_task_group_decorator.py took 0.266 seconds
[2024-09-02 04:31:31,028] {processor.py:153} INFO - Started process (PID=843) to work on /opt/conda/lib/python3.8/site-packages/airflow/example_dags/example_task_group_decorator.py
[2024-09-02 04:31:31,030] {processor.py:641} INFO - Processing file /opt/conda/lib/python3.8/site-packages/airflow/example_dags/example_task_group_decorator.py for tasks to queue
[2024-09-02 04:31:31,031] {logging_mixin.py:115} INFO - [2024-09-02 04:31:31,030] {dagbag.py:508} INFO - Filling up the DagBag from /opt/conda/lib/python3.8/site-packages/airflow/example_dags/example_task_group_decorator.py
[2024-09-02 04:31:31,195] {processor.py:651} INFO - DAG(s) dict_keys(['example_task_group_decorator']) retrieved from /opt/conda/lib/python3.8/site-packages/airflow/example_dags/example_task_group_decorator.py
[2024-09-02 04:31:31,224] {logging_mixin.py:115} INFO - [2024-09-02 04:31:31,224] {dag.py:2420} INFO - Sync 1 DAGs
[2024-09-02 04:31:31,234] {logging_mixin.py:115} INFO - [2024-09-02 04:31:31,234] {dag.py:2968} INFO - Setting next_dagrun for example_task_group_decorator to 2024-09-01T04:31:31.234272+00:00, run_after=2024-09-02T04:31:31.234272+00:00
[2024-09-02 04:31:31,256] {processor.py:161} INFO - Processing /opt/conda/lib/python3.8/site-packages/airflow/example_dags/example_task_group_decorator.py took 0.231 seconds
[2024-09-02 04:32:05,180] {processor.py:153} INFO - Started process (PID=873) to work on /opt/conda/lib/python3.8/site-packages/airflow/example_dags/example_task_group_decorator.py
[2024-09-02 04:32:05,182] {processor.py:641} INFO - Processing file /opt/conda/lib/python3.8/site-packages/airflow/example_dags/example_task_group_decorator.py for tasks to queue
[2024-09-02 04:32:05,183] {logging_mixin.py:115} INFO - [2024-09-02 04:32:05,182] {dagbag.py:508} INFO - Filling up the DagBag from /opt/conda/lib/python3.8/site-packages/airflow/example_dags/example_task_group_decorator.py
[2024-09-02 04:32:05,319] {processor.py:651} INFO - DAG(s) dict_keys(['example_task_group_decorator']) retrieved from /opt/conda/lib/python3.8/site-packages/airflow/example_dags/example_task_group_decorator.py
[2024-09-02 04:32:05,329] {logging_mixin.py:115} INFO - [2024-09-02 04:32:05,328] {dag.py:2420} INFO - Sync 1 DAGs
[2024-09-02 04:32:05,339] {logging_mixin.py:115} INFO - [2024-09-02 04:32:05,339] {dag.py:2968} INFO - Setting next_dagrun for example_task_group_decorator to 2024-09-01T04:32:05.339364+00:00, run_after=2024-09-02T04:32:05.339364+00:00
[2024-09-02 04:32:05,358] {processor.py:161} INFO - Processing /opt/conda/lib/python3.8/site-packages/airflow/example_dags/example_task_group_decorator.py took 0.181 seconds
[2024-09-02 04:32:38,371] {processor.py:153} INFO - Started process (PID=903) to work on /opt/conda/lib/python3.8/site-packages/airflow/example_dags/example_task_group_decorator.py
[2024-09-02 04:32:38,372] {processor.py:641} INFO - Processing file /opt/conda/lib/python3.8/site-packages/airflow/example_dags/example_task_group_decorator.py for tasks to queue
[2024-09-02 04:32:38,373] {logging_mixin.py:115} INFO - [2024-09-02 04:32:38,373] {dagbag.py:508} INFO - Filling up the DagBag from /opt/conda/lib/python3.8/site-packages/airflow/example_dags/example_task_group_decorator.py
[2024-09-02 04:32:38,510] {processor.py:651} INFO - DAG(s) dict_keys(['example_task_group_decorator']) retrieved from /opt/conda/lib/python3.8/site-packages/airflow/example_dags/example_task_group_decorator.py
[2024-09-02 04:32:38,520] {logging_mixin.py:115} INFO - [2024-09-02 04:32:38,520] {dag.py:2420} INFO - Sync 1 DAGs
[2024-09-02 04:32:38,531] {logging_mixin.py:115} INFO - [2024-09-02 04:32:38,531] {dag.py:2968} INFO - Setting next_dagrun for example_task_group_decorator to 2024-09-01T04:32:38.530989+00:00, run_after=2024-09-02T04:32:38.530989+00:00
[2024-09-02 04:32:38,548] {processor.py:161} INFO - Processing /opt/conda/lib/python3.8/site-packages/airflow/example_dags/example_task_group_decorator.py took 0.181 seconds
[2024-09-02 21:19:03,096] {processor.py:153} INFO - Started process (PID=675) to work on /opt/conda/lib/python3.8/site-packages/airflow/example_dags/example_task_group_decorator.py
[2024-09-02 21:19:03,097] {processor.py:641} INFO - Processing file /opt/conda/lib/python3.8/site-packages/airflow/example_dags/example_task_group_decorator.py for tasks to queue
[2024-09-02 21:19:03,098] {logging_mixin.py:115} INFO - [2024-09-02 21:19:03,097] {dagbag.py:508} INFO - Filling up the DagBag from /opt/conda/lib/python3.8/site-packages/airflow/example_dags/example_task_group_decorator.py
[2024-09-02 21:19:03,123] {processor.py:651} INFO - DAG(s) dict_keys(['example_task_group_decorator']) retrieved from /opt/conda/lib/python3.8/site-packages/airflow/example_dags/example_task_group_decorator.py
[2024-09-02 21:19:03,159] {logging_mixin.py:115} INFO - [2024-09-02 21:19:03,159] {dag.py:2420} INFO - Sync 1 DAGs
[2024-09-02 21:19:03,171] {logging_mixin.py:115} INFO - [2024-09-02 21:19:03,171] {dag.py:2968} INFO - Setting next_dagrun for example_task_group_decorator to 2024-09-01T21:19:03.171340+00:00, run_after=2024-09-02T21:19:03.171340+00:00
[2024-09-02 21:19:03,193] {processor.py:161} INFO - Processing /opt/conda/lib/python3.8/site-packages/airflow/example_dags/example_task_group_decorator.py took 0.101 seconds
[2024-09-02 21:19:44,067] {processor.py:153} INFO - Started process (PID=892) to work on /opt/conda/lib/python3.8/site-packages/airflow/example_dags/example_task_group_decorator.py
[2024-09-02 21:19:44,069] {processor.py:641} INFO - Processing file /opt/conda/lib/python3.8/site-packages/airflow/example_dags/example_task_group_decorator.py for tasks to queue
[2024-09-02 21:19:44,069] {logging_mixin.py:115} INFO - [2024-09-02 21:19:44,069] {dagbag.py:508} INFO - Filling up the DagBag from /opt/conda/lib/python3.8/site-packages/airflow/example_dags/example_task_group_decorator.py
[2024-09-02 21:19:44,098] {processor.py:651} INFO - DAG(s) dict_keys(['example_task_group_decorator']) retrieved from /opt/conda/lib/python3.8/site-packages/airflow/example_dags/example_task_group_decorator.py
[2024-09-02 21:19:44,149] {logging_mixin.py:115} INFO - [2024-09-02 21:19:44,148] {dag.py:2420} INFO - Sync 1 DAGs
[2024-09-02 21:19:44,167] {logging_mixin.py:115} INFO - [2024-09-02 21:19:44,167] {dag.py:2968} INFO - Setting next_dagrun for example_task_group_decorator to 2024-09-01T21:19:44.166961+00:00, run_after=2024-09-02T21:19:44.166961+00:00
[2024-09-02 21:19:44,208] {processor.py:161} INFO - Processing /opt/conda/lib/python3.8/site-packages/airflow/example_dags/example_task_group_decorator.py took 0.144 seconds
[2024-09-02 21:20:59,676] {processor.py:153} INFO - Started process (PID=942) to work on /opt/conda/lib/python3.8/site-packages/airflow/example_dags/example_task_group_decorator.py
[2024-09-02 21:20:59,678] {processor.py:641} INFO - Processing file /opt/conda/lib/python3.8/site-packages/airflow/example_dags/example_task_group_decorator.py for tasks to queue
[2024-09-02 21:20:59,679] {logging_mixin.py:115} INFO - [2024-09-02 21:20:59,679] {dagbag.py:508} INFO - Filling up the DagBag from /opt/conda/lib/python3.8/site-packages/airflow/example_dags/example_task_group_decorator.py
[2024-09-02 21:20:59,708] {processor.py:651} INFO - DAG(s) dict_keys(['example_task_group_decorator']) retrieved from /opt/conda/lib/python3.8/site-packages/airflow/example_dags/example_task_group_decorator.py
[2024-09-02 21:20:59,760] {logging_mixin.py:115} INFO - [2024-09-02 21:20:59,759] {dag.py:2420} INFO - Sync 1 DAGs
[2024-09-02 21:20:59,778] {logging_mixin.py:115} INFO - [2024-09-02 21:20:59,778] {dag.py:2968} INFO - Setting next_dagrun for example_task_group_decorator to 2024-09-01T21:20:59.778152+00:00, run_after=2024-09-02T21:20:59.778152+00:00
[2024-09-02 21:20:59,927] {processor.py:161} INFO - Processing /opt/conda/lib/python3.8/site-packages/airflow/example_dags/example_task_group_decorator.py took 0.255 seconds
[2024-09-02 21:22:54,408] {processor.py:153} INFO - Started process (PID=1012) to work on /opt/conda/lib/python3.8/site-packages/airflow/example_dags/example_task_group_decorator.py
[2024-09-02 21:22:54,410] {processor.py:641} INFO - Processing file /opt/conda/lib/python3.8/site-packages/airflow/example_dags/example_task_group_decorator.py for tasks to queue
[2024-09-02 21:22:54,410] {logging_mixin.py:115} INFO - [2024-09-02 21:22:54,410] {dagbag.py:508} INFO - Filling up the DagBag from /opt/conda/lib/python3.8/site-packages/airflow/example_dags/example_task_group_decorator.py
[2024-09-02 21:22:54,439] {processor.py:651} INFO - DAG(s) dict_keys(['example_task_group_decorator']) retrieved from /opt/conda/lib/python3.8/site-packages/airflow/example_dags/example_task_group_decorator.py
[2024-09-02 21:22:54,490] {logging_mixin.py:115} INFO - [2024-09-02 21:22:54,490] {dag.py:2420} INFO - Sync 1 DAGs
[2024-09-02 21:22:54,508] {logging_mixin.py:115} INFO - [2024-09-02 21:22:54,508] {dag.py:2968} INFO - Setting next_dagrun for example_task_group_decorator to 2024-09-01T21:22:54.508410+00:00, run_after=2024-09-02T21:22:54.508410+00:00
[2024-09-02 21:22:54,767] {processor.py:161} INFO - Processing /opt/conda/lib/python3.8/site-packages/airflow/example_dags/example_task_group_decorator.py took 0.363 seconds
[2024-09-02 21:24:04,101] {processor.py:153} INFO - Started process (PID=1067) to work on /opt/conda/lib/python3.8/site-packages/airflow/example_dags/example_task_group_decorator.py
[2024-09-02 21:24:04,102] {processor.py:641} INFO - Processing file /opt/conda/lib/python3.8/site-packages/airflow/example_dags/example_task_group_decorator.py for tasks to queue
[2024-09-02 21:24:04,103] {logging_mixin.py:115} INFO - [2024-09-02 21:24:04,103] {dagbag.py:508} INFO - Filling up the DagBag from /opt/conda/lib/python3.8/site-packages/airflow/example_dags/example_task_group_decorator.py
[2024-09-02 21:24:04,132] {processor.py:651} INFO - DAG(s) dict_keys(['example_task_group_decorator']) retrieved from /opt/conda/lib/python3.8/site-packages/airflow/example_dags/example_task_group_decorator.py
[2024-09-02 21:24:04,183] {logging_mixin.py:115} INFO - [2024-09-02 21:24:04,183] {dag.py:2420} INFO - Sync 1 DAGs
[2024-09-02 21:24:04,202] {logging_mixin.py:115} INFO - [2024-09-02 21:24:04,201] {dag.py:2968} INFO - Setting next_dagrun for example_task_group_decorator to 2024-09-01T21:24:04.201673+00:00, run_after=2024-09-02T21:24:04.201673+00:00
[2024-09-02 21:24:05,050] {processor.py:161} INFO - Processing /opt/conda/lib/python3.8/site-packages/airflow/example_dags/example_task_group_decorator.py took 0.953 seconds
[2024-09-02 21:25:54,560] {processor.py:153} INFO - Started process (PID=1131) to work on /opt/conda/lib/python3.8/site-packages/airflow/example_dags/example_task_group_decorator.py
[2024-09-02 21:25:54,562] {processor.py:641} INFO - Processing file /opt/conda/lib/python3.8/site-packages/airflow/example_dags/example_task_group_decorator.py for tasks to queue
[2024-09-02 21:25:54,563] {logging_mixin.py:115} INFO - [2024-09-02 21:25:54,562] {dagbag.py:508} INFO - Filling up the DagBag from /opt/conda/lib/python3.8/site-packages/airflow/example_dags/example_task_group_decorator.py
[2024-09-02 21:25:54,592] {processor.py:651} INFO - DAG(s) dict_keys(['example_task_group_decorator']) retrieved from /opt/conda/lib/python3.8/site-packages/airflow/example_dags/example_task_group_decorator.py
[2024-09-02 21:25:54,643] {logging_mixin.py:115} INFO - [2024-09-02 21:25:54,643] {dag.py:2420} INFO - Sync 1 DAGs
[2024-09-02 21:25:54,661] {logging_mixin.py:115} INFO - [2024-09-02 21:25:54,661] {dag.py:2968} INFO - Setting next_dagrun for example_task_group_decorator to 2024-09-01T21:25:54.661442+00:00, run_after=2024-09-02T21:25:54.661442+00:00
[2024-09-02 21:25:55,189] {processor.py:161} INFO - Processing /opt/conda/lib/python3.8/site-packages/airflow/example_dags/example_task_group_decorator.py took 0.633 seconds
[2024-09-02 21:28:07,115] {processor.py:153} INFO - Started process (PID=1200) to work on /opt/conda/lib/python3.8/site-packages/airflow/example_dags/example_task_group_decorator.py
[2024-09-02 21:28:07,116] {processor.py:641} INFO - Processing file /opt/conda/lib/python3.8/site-packages/airflow/example_dags/example_task_group_decorator.py for tasks to queue
[2024-09-02 21:28:07,117] {logging_mixin.py:115} INFO - [2024-09-02 21:28:07,117] {dagbag.py:508} INFO - Filling up the DagBag from /opt/conda/lib/python3.8/site-packages/airflow/example_dags/example_task_group_decorator.py
[2024-09-02 21:28:07,146] {processor.py:651} INFO - DAG(s) dict_keys(['example_task_group_decorator']) retrieved from /opt/conda/lib/python3.8/site-packages/airflow/example_dags/example_task_group_decorator.py
[2024-09-02 21:28:07,166] {logging_mixin.py:115} INFO - [2024-09-02 21:28:07,166] {dag.py:2420} INFO - Sync 1 DAGs
[2024-09-02 21:28:07,185] {logging_mixin.py:115} INFO - [2024-09-02 21:28:07,185] {dag.py:2968} INFO - Setting next_dagrun for example_task_group_decorator to 2024-09-01T21:28:07.185235+00:00, run_after=2024-09-02T21:28:07.185235+00:00
[2024-09-02 21:28:07,265] {processor.py:161} INFO - Processing /opt/conda/lib/python3.8/site-packages/airflow/example_dags/example_task_group_decorator.py took 0.154 seconds
[2024-09-02 21:29:10,279] {processor.py:153} INFO - Started process (PID=1255) to work on /opt/conda/lib/python3.8/site-packages/airflow/example_dags/example_task_group_decorator.py
[2024-09-02 21:29:10,281] {processor.py:641} INFO - Processing file /opt/conda/lib/python3.8/site-packages/airflow/example_dags/example_task_group_decorator.py for tasks to queue
[2024-09-02 21:29:10,281] {logging_mixin.py:115} INFO - [2024-09-02 21:29:10,281] {dagbag.py:508} INFO - Filling up the DagBag from /opt/conda/lib/python3.8/site-packages/airflow/example_dags/example_task_group_decorator.py
[2024-09-02 21:29:10,312] {processor.py:651} INFO - DAG(s) dict_keys(['example_task_group_decorator']) retrieved from /opt/conda/lib/python3.8/site-packages/airflow/example_dags/example_task_group_decorator.py
[2024-09-02 21:29:10,362] {logging_mixin.py:115} INFO - [2024-09-02 21:29:10,362] {dag.py:2420} INFO - Sync 1 DAGs
[2024-09-02 21:29:10,381] {logging_mixin.py:115} INFO - [2024-09-02 21:29:10,380] {dag.py:2968} INFO - Setting next_dagrun for example_task_group_decorator to 2024-09-01T21:29:10.380651+00:00, run_after=2024-09-02T21:29:10.380651+00:00
[2024-09-02 21:29:10,628] {processor.py:161} INFO - Processing /opt/conda/lib/python3.8/site-packages/airflow/example_dags/example_task_group_decorator.py took 0.352 seconds
[2024-09-02 21:31:02,451] {processor.py:153} INFO - Started process (PID=1327) to work on /opt/conda/lib/python3.8/site-packages/airflow/example_dags/example_task_group_decorator.py
[2024-09-02 21:31:02,453] {processor.py:641} INFO - Processing file /opt/conda/lib/python3.8/site-packages/airflow/example_dags/example_task_group_decorator.py for tasks to queue
[2024-09-02 21:31:02,453] {logging_mixin.py:115} INFO - [2024-09-02 21:31:02,453] {dagbag.py:508} INFO - Filling up the DagBag from /opt/conda/lib/python3.8/site-packages/airflow/example_dags/example_task_group_decorator.py
[2024-09-02 21:31:02,483] {processor.py:651} INFO - DAG(s) dict_keys(['example_task_group_decorator']) retrieved from /opt/conda/lib/python3.8/site-packages/airflow/example_dags/example_task_group_decorator.py
[2024-09-02 21:31:02,501] {logging_mixin.py:115} INFO - [2024-09-02 21:31:02,501] {dag.py:2420} INFO - Sync 1 DAGs
[2024-09-02 21:31:02,520] {logging_mixin.py:115} INFO - [2024-09-02 21:31:02,520] {dag.py:2968} INFO - Setting next_dagrun for example_task_group_decorator to 2024-09-01T21:31:02.519742+00:00, run_after=2024-09-02T21:31:02.519742+00:00
[2024-09-02 21:31:02,671] {processor.py:161} INFO - Processing /opt/conda/lib/python3.8/site-packages/airflow/example_dags/example_task_group_decorator.py took 0.223 seconds
[2024-09-02 21:32:15,644] {processor.py:153} INFO - Started process (PID=1406) to work on /opt/conda/lib/python3.8/site-packages/airflow/example_dags/example_task_group_decorator.py
[2024-09-02 21:32:15,645] {processor.py:641} INFO - Processing file /opt/conda/lib/python3.8/site-packages/airflow/example_dags/example_task_group_decorator.py for tasks to queue
[2024-09-02 21:32:15,646] {logging_mixin.py:115} INFO - [2024-09-02 21:32:15,646] {dagbag.py:508} INFO - Filling up the DagBag from /opt/conda/lib/python3.8/site-packages/airflow/example_dags/example_task_group_decorator.py
[2024-09-02 21:32:15,675] {processor.py:651} INFO - DAG(s) dict_keys(['example_task_group_decorator']) retrieved from /opt/conda/lib/python3.8/site-packages/airflow/example_dags/example_task_group_decorator.py
[2024-09-02 21:32:15,695] {logging_mixin.py:115} INFO - [2024-09-02 21:32:15,695] {dag.py:2420} INFO - Sync 1 DAGs
[2024-09-02 21:32:15,714] {logging_mixin.py:115} INFO - [2024-09-02 21:32:15,714] {dag.py:2968} INFO - Setting next_dagrun for example_task_group_decorator to 2024-09-01T21:32:15.713814+00:00, run_after=2024-09-02T21:32:15.713814+00:00
[2024-09-02 21:32:15,930] {processor.py:161} INFO - Processing /opt/conda/lib/python3.8/site-packages/airflow/example_dags/example_task_group_decorator.py took 0.290 seconds
[2024-09-02 21:34:08,461] {processor.py:153} INFO - Started process (PID=1469) to work on /opt/conda/lib/python3.8/site-packages/airflow/example_dags/example_task_group_decorator.py
[2024-09-02 21:34:08,462] {processor.py:641} INFO - Processing file /opt/conda/lib/python3.8/site-packages/airflow/example_dags/example_task_group_decorator.py for tasks to queue
[2024-09-02 21:34:08,463] {logging_mixin.py:115} INFO - [2024-09-02 21:34:08,462] {dagbag.py:508} INFO - Filling up the DagBag from /opt/conda/lib/python3.8/site-packages/airflow/example_dags/example_task_group_decorator.py
[2024-09-02 21:34:08,492] {processor.py:651} INFO - DAG(s) dict_keys(['example_task_group_decorator']) retrieved from /opt/conda/lib/python3.8/site-packages/airflow/example_dags/example_task_group_decorator.py
[2024-09-02 21:34:08,542] {logging_mixin.py:115} INFO - [2024-09-02 21:34:08,542] {dag.py:2420} INFO - Sync 1 DAGs
[2024-09-02 21:34:08,559] {logging_mixin.py:115} INFO - [2024-09-02 21:34:08,559] {dag.py:2968} INFO - Setting next_dagrun for example_task_group_decorator to 2024-09-01T21:34:08.559278+00:00, run_after=2024-09-02T21:34:08.559278+00:00
[2024-09-02 21:34:09,462] {processor.py:161} INFO - Processing /opt/conda/lib/python3.8/site-packages/airflow/example_dags/example_task_group_decorator.py took 1.005 seconds
[2024-09-02 21:36:26,382] {processor.py:153} INFO - Started process (PID=1546) to work on /opt/conda/lib/python3.8/site-packages/airflow/example_dags/example_task_group_decorator.py
[2024-09-02 21:36:26,384] {processor.py:641} INFO - Processing file /opt/conda/lib/python3.8/site-packages/airflow/example_dags/example_task_group_decorator.py for tasks to queue
[2024-09-02 21:36:26,384] {logging_mixin.py:115} INFO - [2024-09-02 21:36:26,384] {dagbag.py:508} INFO - Filling up the DagBag from /opt/conda/lib/python3.8/site-packages/airflow/example_dags/example_task_group_decorator.py
[2024-09-02 21:36:26,413] {processor.py:651} INFO - DAG(s) dict_keys(['example_task_group_decorator']) retrieved from /opt/conda/lib/python3.8/site-packages/airflow/example_dags/example_task_group_decorator.py
[2024-09-02 21:36:26,465] {logging_mixin.py:115} INFO - [2024-09-02 21:36:26,465] {dag.py:2420} INFO - Sync 1 DAGs
[2024-09-02 21:36:26,481] {logging_mixin.py:115} INFO - [2024-09-02 21:36:26,481] {dag.py:2968} INFO - Setting next_dagrun for example_task_group_decorator to 2024-09-01T21:36:26.481222+00:00, run_after=2024-09-02T21:36:26.481222+00:00
[2024-09-02 21:36:27,672] {processor.py:161} INFO - Processing /opt/conda/lib/python3.8/site-packages/airflow/example_dags/example_task_group_decorator.py took 1.293 seconds
[2024-09-02 21:38:01,366] {processor.py:153} INFO - Started process (PID=1613) to work on /opt/conda/lib/python3.8/site-packages/airflow/example_dags/example_task_group_decorator.py
[2024-09-02 21:38:01,368] {processor.py:641} INFO - Processing file /opt/conda/lib/python3.8/site-packages/airflow/example_dags/example_task_group_decorator.py for tasks to queue
[2024-09-02 21:38:01,368] {logging_mixin.py:115} INFO - [2024-09-02 21:38:01,368] {dagbag.py:508} INFO - Filling up the DagBag from /opt/conda/lib/python3.8/site-packages/airflow/example_dags/example_task_group_decorator.py
[2024-09-02 21:38:01,398] {processor.py:651} INFO - DAG(s) dict_keys(['example_task_group_decorator']) retrieved from /opt/conda/lib/python3.8/site-packages/airflow/example_dags/example_task_group_decorator.py
[2024-09-02 21:38:01,418] {logging_mixin.py:115} INFO - [2024-09-02 21:38:01,418] {dag.py:2420} INFO - Sync 1 DAGs
[2024-09-02 21:38:01,436] {logging_mixin.py:115} INFO - [2024-09-02 21:38:01,436] {dag.py:2968} INFO - Setting next_dagrun for example_task_group_decorator to 2024-09-01T21:38:01.436553+00:00, run_after=2024-09-02T21:38:01.436553+00:00
[2024-09-02 21:38:02,670] {processor.py:161} INFO - Processing /opt/conda/lib/python3.8/site-packages/airflow/example_dags/example_task_group_decorator.py took 1.307 seconds
[2024-09-02 21:39:50,234] {processor.py:153} INFO - Started process (PID=1710) to work on /opt/conda/lib/python3.8/site-packages/airflow/example_dags/example_task_group_decorator.py
[2024-09-02 21:39:50,236] {processor.py:641} INFO - Processing file /opt/conda/lib/python3.8/site-packages/airflow/example_dags/example_task_group_decorator.py for tasks to queue
[2024-09-02 21:39:50,237] {logging_mixin.py:115} INFO - [2024-09-02 21:39:50,237] {dagbag.py:508} INFO - Filling up the DagBag from /opt/conda/lib/python3.8/site-packages/airflow/example_dags/example_task_group_decorator.py
[2024-09-02 21:39:50,267] {processor.py:651} INFO - DAG(s) dict_keys(['example_task_group_decorator']) retrieved from /opt/conda/lib/python3.8/site-packages/airflow/example_dags/example_task_group_decorator.py
[2024-09-02 21:39:50,331] {logging_mixin.py:115} INFO - [2024-09-02 21:39:50,331] {dag.py:2420} INFO - Sync 1 DAGs
[2024-09-02 21:39:50,348] {logging_mixin.py:115} INFO - [2024-09-02 21:39:50,348] {dag.py:2968} INFO - Setting next_dagrun for example_task_group_decorator to 2024-09-01T21:39:50.347754+00:00, run_after=2024-09-02T21:39:50.347754+00:00
[2024-09-02 21:39:51,603] {processor.py:161} INFO - Processing /opt/conda/lib/python3.8/site-packages/airflow/example_dags/example_task_group_decorator.py took 1.373 seconds
[2024-09-02 21:49:29,971] {processor.py:153} INFO - Started process (PID=1828) to work on /opt/conda/lib/python3.8/site-packages/airflow/example_dags/example_task_group_decorator.py
[2024-09-02 21:49:29,973] {processor.py:641} INFO - Processing file /opt/conda/lib/python3.8/site-packages/airflow/example_dags/example_task_group_decorator.py for tasks to queue
[2024-09-02 21:49:29,973] {logging_mixin.py:115} INFO - [2024-09-02 21:49:29,973] {dagbag.py:508} INFO - Filling up the DagBag from /opt/conda/lib/python3.8/site-packages/airflow/example_dags/example_task_group_decorator.py
[2024-09-02 21:49:30,002] {processor.py:651} INFO - DAG(s) dict_keys(['example_task_group_decorator']) retrieved from /opt/conda/lib/python3.8/site-packages/airflow/example_dags/example_task_group_decorator.py
[2024-09-02 21:49:30,055] {logging_mixin.py:115} INFO - [2024-09-02 21:49:30,055] {dag.py:2420} INFO - Sync 1 DAGs
[2024-09-02 21:49:30,074] {logging_mixin.py:115} INFO - [2024-09-02 21:49:30,074] {dag.py:2968} INFO - Setting next_dagrun for example_task_group_decorator to 2024-09-01T21:49:30.073855+00:00, run_after=2024-09-02T21:49:30.073855+00:00
[2024-09-02 21:49:30,732] {processor.py:161} INFO - Processing /opt/conda/lib/python3.8/site-packages/airflow/example_dags/example_task_group_decorator.py took 0.764 seconds
[2024-09-02 21:50:44,453] {processor.py:153} INFO - Started process (PID=1885) to work on /opt/conda/lib/python3.8/site-packages/airflow/example_dags/example_task_group_decorator.py
[2024-09-02 21:50:44,454] {processor.py:641} INFO - Processing file /opt/conda/lib/python3.8/site-packages/airflow/example_dags/example_task_group_decorator.py for tasks to queue
[2024-09-02 21:50:44,455] {logging_mixin.py:115} INFO - [2024-09-02 21:50:44,455] {dagbag.py:508} INFO - Filling up the DagBag from /opt/conda/lib/python3.8/site-packages/airflow/example_dags/example_task_group_decorator.py
[2024-09-02 21:50:44,484] {processor.py:651} INFO - DAG(s) dict_keys(['example_task_group_decorator']) retrieved from /opt/conda/lib/python3.8/site-packages/airflow/example_dags/example_task_group_decorator.py
[2024-09-02 21:50:44,535] {logging_mixin.py:115} INFO - [2024-09-02 21:50:44,535] {dag.py:2420} INFO - Sync 1 DAGs
[2024-09-02 21:50:44,554] {logging_mixin.py:115} INFO - [2024-09-02 21:50:44,554] {dag.py:2968} INFO - Setting next_dagrun for example_task_group_decorator to 2024-09-01T21:50:44.554018+00:00, run_after=2024-09-02T21:50:44.554018+00:00
[2024-09-02 21:50:44,651] {processor.py:161} INFO - Processing /opt/conda/lib/python3.8/site-packages/airflow/example_dags/example_task_group_decorator.py took 0.202 seconds
[2024-09-02 21:52:06,732] {processor.py:153} INFO - Started process (PID=1943) to work on /opt/conda/lib/python3.8/site-packages/airflow/example_dags/example_task_group_decorator.py
[2024-09-02 21:52:06,735] {processor.py:641} INFO - Processing file /opt/conda/lib/python3.8/site-packages/airflow/example_dags/example_task_group_decorator.py for tasks to queue
[2024-09-02 21:52:06,735] {logging_mixin.py:115} INFO - [2024-09-02 21:52:06,735] {dagbag.py:508} INFO - Filling up the DagBag from /opt/conda/lib/python3.8/site-packages/airflow/example_dags/example_task_group_decorator.py
[2024-09-02 21:52:06,764] {processor.py:651} INFO - DAG(s) dict_keys(['example_task_group_decorator']) retrieved from /opt/conda/lib/python3.8/site-packages/airflow/example_dags/example_task_group_decorator.py
[2024-09-02 21:52:06,816] {logging_mixin.py:115} INFO - [2024-09-02 21:52:06,816] {dag.py:2420} INFO - Sync 1 DAGs
[2024-09-02 21:52:06,835] {logging_mixin.py:115} INFO - [2024-09-02 21:52:06,835] {dag.py:2968} INFO - Setting next_dagrun for example_task_group_decorator to 2024-09-01T21:52:06.834841+00:00, run_after=2024-09-02T21:52:06.834841+00:00
[2024-09-02 21:52:06,961] {processor.py:161} INFO - Processing /opt/conda/lib/python3.8/site-packages/airflow/example_dags/example_task_group_decorator.py took 0.233 seconds
