[2024-09-02 04:31:13,560] {processor.py:153} INFO - Started process (PID=827) to work on /opt/conda/lib/python3.8/site-packages/airflow/example_dags/example_time_delta_sensor_async.py
[2024-09-02 04:31:13,561] {processor.py:641} INFO - Processing file /opt/conda/lib/python3.8/site-packages/airflow/example_dags/example_time_delta_sensor_async.py for tasks to queue
[2024-09-02 04:31:13,561] {logging_mixin.py:115} INFO - [2024-09-02 04:31:13,561] {dagbag.py:508} INFO - Filling up the DagBag from /opt/conda/lib/python3.8/site-packages/airflow/example_dags/example_time_delta_sensor_async.py
[2024-09-02 04:31:13,567] {processor.py:651} INFO - DAG(s) dict_keys(['example_time_delta_sensor_async']) retrieved from /opt/conda/lib/python3.8/site-packages/airflow/example_dags/example_time_delta_sensor_async.py
[2024-09-02 04:31:13,797] {logging_mixin.py:115} INFO - [2024-09-02 04:31:13,797] {manager.py:508} INFO - Created Permission View: can edit on DAG:example_time_delta_sensor_async
[2024-09-02 04:31:13,812] {logging_mixin.py:115} INFO - [2024-09-02 04:31:13,812] {manager.py:508} INFO - Created Permission View: can delete on DAG:example_time_delta_sensor_async
[2024-09-02 04:31:13,826] {logging_mixin.py:115} INFO - [2024-09-02 04:31:13,826] {manager.py:508} INFO - Created Permission View: can read on DAG:example_time_delta_sensor_async
[2024-09-02 04:31:13,826] {logging_mixin.py:115} INFO - [2024-09-02 04:31:13,826] {dag.py:2420} INFO - Sync 1 DAGs
[2024-09-02 04:31:13,831] {logging_mixin.py:115} INFO - [2024-09-02 04:31:13,831] {dag.py:2439} INFO - Creating ORM DAG for example_time_delta_sensor_async
[2024-09-02 04:31:13,838] {logging_mixin.py:115} INFO - [2024-09-02 04:31:13,838] {dag.py:2968} INFO - Setting next_dagrun for example_time_delta_sensor_async to None, run_after=None
[2024-09-02 04:31:13,862] {processor.py:161} INFO - Processing /opt/conda/lib/python3.8/site-packages/airflow/example_dags/example_time_delta_sensor_async.py took 0.306 seconds
[2024-09-02 04:31:54,670] {processor.py:153} INFO - Started process (PID=863) to work on /opt/conda/lib/python3.8/site-packages/airflow/example_dags/example_time_delta_sensor_async.py
[2024-09-02 04:31:54,671] {processor.py:641} INFO - Processing file /opt/conda/lib/python3.8/site-packages/airflow/example_dags/example_time_delta_sensor_async.py for tasks to queue
[2024-09-02 04:31:54,671] {logging_mixin.py:115} INFO - [2024-09-02 04:31:54,671] {dagbag.py:508} INFO - Filling up the DagBag from /opt/conda/lib/python3.8/site-packages/airflow/example_dags/example_time_delta_sensor_async.py
[2024-09-02 04:31:54,675] {processor.py:651} INFO - DAG(s) dict_keys(['example_time_delta_sensor_async']) retrieved from /opt/conda/lib/python3.8/site-packages/airflow/example_dags/example_time_delta_sensor_async.py
[2024-09-02 04:31:54,802] {logging_mixin.py:115} INFO - [2024-09-02 04:31:54,802] {dag.py:2420} INFO - Sync 1 DAGs
[2024-09-02 04:31:54,813] {logging_mixin.py:115} INFO - [2024-09-02 04:31:54,813] {dag.py:2968} INFO - Setting next_dagrun for example_time_delta_sensor_async to None, run_after=None
[2024-09-02 04:31:54,831] {processor.py:161} INFO - Processing /opt/conda/lib/python3.8/site-packages/airflow/example_dags/example_time_delta_sensor_async.py took 0.164 seconds
[2024-09-02 04:32:32,403] {processor.py:153} INFO - Started process (PID=897) to work on /opt/conda/lib/python3.8/site-packages/airflow/example_dags/example_time_delta_sensor_async.py
[2024-09-02 04:32:32,404] {processor.py:641} INFO - Processing file /opt/conda/lib/python3.8/site-packages/airflow/example_dags/example_time_delta_sensor_async.py for tasks to queue
[2024-09-02 04:32:32,405] {logging_mixin.py:115} INFO - [2024-09-02 04:32:32,405] {dagbag.py:508} INFO - Filling up the DagBag from /opt/conda/lib/python3.8/site-packages/airflow/example_dags/example_time_delta_sensor_async.py
[2024-09-02 04:32:32,410] {processor.py:651} INFO - DAG(s) dict_keys(['example_time_delta_sensor_async']) retrieved from /opt/conda/lib/python3.8/site-packages/airflow/example_dags/example_time_delta_sensor_async.py
[2024-09-02 04:32:32,546] {logging_mixin.py:115} INFO - [2024-09-02 04:32:32,546] {dag.py:2420} INFO - Sync 1 DAGs
[2024-09-02 04:32:32,557] {logging_mixin.py:115} INFO - [2024-09-02 04:32:32,557] {dag.py:2968} INFO - Setting next_dagrun for example_time_delta_sensor_async to None, run_after=None
[2024-09-02 04:32:32,575] {processor.py:161} INFO - Processing /opt/conda/lib/python3.8/site-packages/airflow/example_dags/example_time_delta_sensor_async.py took 0.176 seconds
[2024-09-02 21:18:53,180] {processor.py:153} INFO - Started process (PID=664) to work on /opt/conda/lib/python3.8/site-packages/airflow/example_dags/example_time_delta_sensor_async.py
[2024-09-02 21:18:53,181] {processor.py:641} INFO - Processing file /opt/conda/lib/python3.8/site-packages/airflow/example_dags/example_time_delta_sensor_async.py for tasks to queue
[2024-09-02 21:18:53,182] {logging_mixin.py:115} INFO - [2024-09-02 21:18:53,181] {dagbag.py:508} INFO - Filling up the DagBag from /opt/conda/lib/python3.8/site-packages/airflow/example_dags/example_time_delta_sensor_async.py
[2024-09-02 21:18:53,187] {processor.py:651} INFO - DAG(s) dict_keys(['example_time_delta_sensor_async']) retrieved from /opt/conda/lib/python3.8/site-packages/airflow/example_dags/example_time_delta_sensor_async.py
[2024-09-02 21:18:53,215] {logging_mixin.py:115} INFO - [2024-09-02 21:18:53,215] {dag.py:2420} INFO - Sync 1 DAGs
[2024-09-02 21:18:53,229] {logging_mixin.py:115} INFO - [2024-09-02 21:18:53,229] {dag.py:2968} INFO - Setting next_dagrun for example_time_delta_sensor_async to None, run_after=None
[2024-09-02 21:18:53,248] {processor.py:161} INFO - Processing /opt/conda/lib/python3.8/site-packages/airflow/example_dags/example_time_delta_sensor_async.py took 0.071 seconds
[2024-09-02 21:19:33,458] {processor.py:153} INFO - Started process (PID=881) to work on /opt/conda/lib/python3.8/site-packages/airflow/example_dags/example_time_delta_sensor_async.py
[2024-09-02 21:19:33,460] {processor.py:641} INFO - Processing file /opt/conda/lib/python3.8/site-packages/airflow/example_dags/example_time_delta_sensor_async.py for tasks to queue
[2024-09-02 21:19:33,460] {logging_mixin.py:115} INFO - [2024-09-02 21:19:33,460] {dagbag.py:508} INFO - Filling up the DagBag from /opt/conda/lib/python3.8/site-packages/airflow/example_dags/example_time_delta_sensor_async.py
[2024-09-02 21:19:33,466] {processor.py:651} INFO - DAG(s) dict_keys(['example_time_delta_sensor_async']) retrieved from /opt/conda/lib/python3.8/site-packages/airflow/example_dags/example_time_delta_sensor_async.py
[2024-09-02 21:19:33,502] {logging_mixin.py:115} INFO - [2024-09-02 21:19:33,502] {dag.py:2420} INFO - Sync 1 DAGs
[2024-09-02 21:19:33,521] {logging_mixin.py:115} INFO - [2024-09-02 21:19:33,521] {dag.py:2968} INFO - Setting next_dagrun for example_time_delta_sensor_async to None, run_after=None
[2024-09-02 21:19:33,558] {processor.py:161} INFO - Processing /opt/conda/lib/python3.8/site-packages/airflow/example_dags/example_time_delta_sensor_async.py took 0.103 seconds
[2024-09-02 21:20:30,058] {processor.py:153} INFO - Started process (PID=931) to work on /opt/conda/lib/python3.8/site-packages/airflow/example_dags/example_time_delta_sensor_async.py
[2024-09-02 21:20:30,059] {processor.py:641} INFO - Processing file /opt/conda/lib/python3.8/site-packages/airflow/example_dags/example_time_delta_sensor_async.py for tasks to queue
[2024-09-02 21:20:30,060] {logging_mixin.py:115} INFO - [2024-09-02 21:20:30,060] {dagbag.py:508} INFO - Filling up the DagBag from /opt/conda/lib/python3.8/site-packages/airflow/example_dags/example_time_delta_sensor_async.py
[2024-09-02 21:20:30,066] {processor.py:651} INFO - DAG(s) dict_keys(['example_time_delta_sensor_async']) retrieved from /opt/conda/lib/python3.8/site-packages/airflow/example_dags/example_time_delta_sensor_async.py
[2024-09-02 21:20:30,102] {logging_mixin.py:115} INFO - [2024-09-02 21:20:30,101] {dag.py:2420} INFO - Sync 1 DAGs
[2024-09-02 21:20:30,121] {logging_mixin.py:115} INFO - [2024-09-02 21:20:30,121] {dag.py:2968} INFO - Setting next_dagrun for example_time_delta_sensor_async to None, run_after=None
[2024-09-02 21:20:30,346] {processor.py:161} INFO - Processing /opt/conda/lib/python3.8/site-packages/airflow/example_dags/example_time_delta_sensor_async.py took 0.292 seconds
[2024-09-02 21:21:42,992] {processor.py:153} INFO - Started process (PID=966) to work on /opt/conda/lib/python3.8/site-packages/airflow/example_dags/example_time_delta_sensor_async.py
[2024-09-02 21:21:42,994] {processor.py:641} INFO - Processing file /opt/conda/lib/python3.8/site-packages/airflow/example_dags/example_time_delta_sensor_async.py for tasks to queue
[2024-09-02 21:21:42,994] {logging_mixin.py:115} INFO - [2024-09-02 21:21:42,994] {dagbag.py:508} INFO - Filling up the DagBag from /opt/conda/lib/python3.8/site-packages/airflow/example_dags/example_time_delta_sensor_async.py
[2024-09-02 21:21:43,000] {processor.py:651} INFO - DAG(s) dict_keys(['example_time_delta_sensor_async']) retrieved from /opt/conda/lib/python3.8/site-packages/airflow/example_dags/example_time_delta_sensor_async.py
[2024-09-02 21:21:43,036] {logging_mixin.py:115} INFO - [2024-09-02 21:21:43,036] {dag.py:2420} INFO - Sync 1 DAGs
[2024-09-02 21:21:43,055] {logging_mixin.py:115} INFO - [2024-09-02 21:21:43,055] {dag.py:2968} INFO - Setting next_dagrun for example_time_delta_sensor_async to None, run_after=None
[2024-09-02 21:21:44,533] {processor.py:161} INFO - Processing /opt/conda/lib/python3.8/site-packages/airflow/example_dags/example_time_delta_sensor_async.py took 1.545 seconds
[2024-09-02 21:22:39,188] {processor.py:153} INFO - Started process (PID=1001) to work on /opt/conda/lib/python3.8/site-packages/airflow/example_dags/example_time_delta_sensor_async.py
[2024-09-02 21:22:39,190] {processor.py:641} INFO - Processing file /opt/conda/lib/python3.8/site-packages/airflow/example_dags/example_time_delta_sensor_async.py for tasks to queue
[2024-09-02 21:22:39,190] {logging_mixin.py:115} INFO - [2024-09-02 21:22:39,190] {dagbag.py:508} INFO - Filling up the DagBag from /opt/conda/lib/python3.8/site-packages/airflow/example_dags/example_time_delta_sensor_async.py
[2024-09-02 21:22:39,196] {processor.py:651} INFO - DAG(s) dict_keys(['example_time_delta_sensor_async']) retrieved from /opt/conda/lib/python3.8/site-packages/airflow/example_dags/example_time_delta_sensor_async.py
[2024-09-02 21:22:39,232] {logging_mixin.py:115} INFO - [2024-09-02 21:22:39,232] {dag.py:2420} INFO - Sync 1 DAGs
[2024-09-02 21:22:39,251] {logging_mixin.py:115} INFO - [2024-09-02 21:22:39,251] {dag.py:2968} INFO - Setting next_dagrun for example_time_delta_sensor_async to None, run_after=None
[2024-09-02 21:22:39,532] {processor.py:161} INFO - Processing /opt/conda/lib/python3.8/site-packages/airflow/example_dags/example_time_delta_sensor_async.py took 0.347 seconds
[2024-09-02 21:23:43,182] {processor.py:153} INFO - Started process (PID=1059) to work on /opt/conda/lib/python3.8/site-packages/airflow/example_dags/example_time_delta_sensor_async.py
[2024-09-02 21:23:43,183] {processor.py:641} INFO - Processing file /opt/conda/lib/python3.8/site-packages/airflow/example_dags/example_time_delta_sensor_async.py for tasks to queue
[2024-09-02 21:23:43,184] {logging_mixin.py:115} INFO - [2024-09-02 21:23:43,184] {dagbag.py:508} INFO - Filling up the DagBag from /opt/conda/lib/python3.8/site-packages/airflow/example_dags/example_time_delta_sensor_async.py
[2024-09-02 21:23:43,190] {processor.py:651} INFO - DAG(s) dict_keys(['example_time_delta_sensor_async']) retrieved from /opt/conda/lib/python3.8/site-packages/airflow/example_dags/example_time_delta_sensor_async.py
[2024-09-02 21:23:43,226] {logging_mixin.py:115} INFO - [2024-09-02 21:23:43,226] {dag.py:2420} INFO - Sync 1 DAGs
[2024-09-02 21:23:43,245] {logging_mixin.py:115} INFO - [2024-09-02 21:23:43,245] {dag.py:2968} INFO - Setting next_dagrun for example_time_delta_sensor_async to None, run_after=None
[2024-09-02 21:23:45,644] {processor.py:161} INFO - Processing /opt/conda/lib/python3.8/site-packages/airflow/example_dags/example_time_delta_sensor_async.py took 2.466 seconds
[2024-09-02 21:24:38,494] {processor.py:153} INFO - Started process (PID=1091) to work on /opt/conda/lib/python3.8/site-packages/airflow/example_dags/example_time_delta_sensor_async.py
[2024-09-02 21:24:38,495] {processor.py:641} INFO - Processing file /opt/conda/lib/python3.8/site-packages/airflow/example_dags/example_time_delta_sensor_async.py for tasks to queue
[2024-09-02 21:24:38,496] {logging_mixin.py:115} INFO - [2024-09-02 21:24:38,496] {dagbag.py:508} INFO - Filling up the DagBag from /opt/conda/lib/python3.8/site-packages/airflow/example_dags/example_time_delta_sensor_async.py
[2024-09-02 21:24:38,502] {processor.py:651} INFO - DAG(s) dict_keys(['example_time_delta_sensor_async']) retrieved from /opt/conda/lib/python3.8/site-packages/airflow/example_dags/example_time_delta_sensor_async.py
[2024-09-02 21:24:38,538] {logging_mixin.py:115} INFO - [2024-09-02 21:24:38,537] {dag.py:2420} INFO - Sync 1 DAGs
[2024-09-02 21:24:38,557] {logging_mixin.py:115} INFO - [2024-09-02 21:24:38,556] {dag.py:2968} INFO - Setting next_dagrun for example_time_delta_sensor_async to None, run_after=None
[2024-09-02 21:24:39,595] {processor.py:161} INFO - Processing /opt/conda/lib/python3.8/site-packages/airflow/example_dags/example_time_delta_sensor_async.py took 1.105 seconds
[2024-09-02 21:25:33,807] {processor.py:153} INFO - Started process (PID=1124) to work on /opt/conda/lib/python3.8/site-packages/airflow/example_dags/example_time_delta_sensor_async.py
[2024-09-02 21:25:33,809] {processor.py:641} INFO - Processing file /opt/conda/lib/python3.8/site-packages/airflow/example_dags/example_time_delta_sensor_async.py for tasks to queue
[2024-09-02 21:25:33,809] {logging_mixin.py:115} INFO - [2024-09-02 21:25:33,809] {dagbag.py:508} INFO - Filling up the DagBag from /opt/conda/lib/python3.8/site-packages/airflow/example_dags/example_time_delta_sensor_async.py
[2024-09-02 21:25:33,815] {processor.py:651} INFO - DAG(s) dict_keys(['example_time_delta_sensor_async']) retrieved from /opt/conda/lib/python3.8/site-packages/airflow/example_dags/example_time_delta_sensor_async.py
[2024-09-02 21:25:33,852] {logging_mixin.py:115} INFO - [2024-09-02 21:25:33,851] {dag.py:2420} INFO - Sync 1 DAGs
[2024-09-02 21:25:33,871] {logging_mixin.py:115} INFO - [2024-09-02 21:25:33,871] {dag.py:2968} INFO - Setting next_dagrun for example_time_delta_sensor_async to None, run_after=None
[2024-09-02 21:25:34,940] {processor.py:161} INFO - Processing /opt/conda/lib/python3.8/site-packages/airflow/example_dags/example_time_delta_sensor_async.py took 1.136 seconds
[2024-09-02 21:26:43,110] {processor.py:153} INFO - Started process (PID=1155) to work on /opt/conda/lib/python3.8/site-packages/airflow/example_dags/example_time_delta_sensor_async.py
[2024-09-02 21:26:43,111] {processor.py:641} INFO - Processing file /opt/conda/lib/python3.8/site-packages/airflow/example_dags/example_time_delta_sensor_async.py for tasks to queue
[2024-09-02 21:26:43,112] {logging_mixin.py:115} INFO - [2024-09-02 21:26:43,112] {dagbag.py:508} INFO - Filling up the DagBag from /opt/conda/lib/python3.8/site-packages/airflow/example_dags/example_time_delta_sensor_async.py
[2024-09-02 21:26:43,118] {processor.py:651} INFO - DAG(s) dict_keys(['example_time_delta_sensor_async']) retrieved from /opt/conda/lib/python3.8/site-packages/airflow/example_dags/example_time_delta_sensor_async.py
[2024-09-02 21:26:43,154] {logging_mixin.py:115} INFO - [2024-09-02 21:26:43,153] {dag.py:2420} INFO - Sync 1 DAGs
[2024-09-02 21:26:43,173] {logging_mixin.py:115} INFO - [2024-09-02 21:26:43,172] {dag.py:2968} INFO - Setting next_dagrun for example_time_delta_sensor_async to None, run_after=None
[2024-09-02 21:26:45,753] {processor.py:161} INFO - Processing /opt/conda/lib/python3.8/site-packages/airflow/example_dags/example_time_delta_sensor_async.py took 2.647 seconds
[2024-09-02 21:27:53,655] {processor.py:153} INFO - Started process (PID=1192) to work on /opt/conda/lib/python3.8/site-packages/airflow/example_dags/example_time_delta_sensor_async.py
[2024-09-02 21:27:53,657] {processor.py:641} INFO - Processing file /opt/conda/lib/python3.8/site-packages/airflow/example_dags/example_time_delta_sensor_async.py for tasks to queue
[2024-09-02 21:27:53,657] {logging_mixin.py:115} INFO - [2024-09-02 21:27:53,657] {dagbag.py:508} INFO - Filling up the DagBag from /opt/conda/lib/python3.8/site-packages/airflow/example_dags/example_time_delta_sensor_async.py
[2024-09-02 21:27:53,663] {processor.py:651} INFO - DAG(s) dict_keys(['example_time_delta_sensor_async']) retrieved from /opt/conda/lib/python3.8/site-packages/airflow/example_dags/example_time_delta_sensor_async.py
[2024-09-02 21:27:53,698] {logging_mixin.py:115} INFO - [2024-09-02 21:27:53,698] {dag.py:2420} INFO - Sync 1 DAGs
[2024-09-02 21:27:53,717] {logging_mixin.py:115} INFO - [2024-09-02 21:27:53,717] {dag.py:2968} INFO - Setting next_dagrun for example_time_delta_sensor_async to None, run_after=None
[2024-09-02 21:27:53,791] {processor.py:161} INFO - Processing /opt/conda/lib/python3.8/site-packages/airflow/example_dags/example_time_delta_sensor_async.py took 0.139 seconds
[2024-09-02 21:28:57,333] {processor.py:153} INFO - Started process (PID=1247) to work on /opt/conda/lib/python3.8/site-packages/airflow/example_dags/example_time_delta_sensor_async.py
[2024-09-02 21:28:57,335] {processor.py:641} INFO - Processing file /opt/conda/lib/python3.8/site-packages/airflow/example_dags/example_time_delta_sensor_async.py for tasks to queue
[2024-09-02 21:28:57,335] {logging_mixin.py:115} INFO - [2024-09-02 21:28:57,335] {dagbag.py:508} INFO - Filling up the DagBag from /opt/conda/lib/python3.8/site-packages/airflow/example_dags/example_time_delta_sensor_async.py
[2024-09-02 21:28:57,342] {processor.py:651} INFO - DAG(s) dict_keys(['example_time_delta_sensor_async']) retrieved from /opt/conda/lib/python3.8/site-packages/airflow/example_dags/example_time_delta_sensor_async.py
[2024-09-02 21:28:57,377] {logging_mixin.py:115} INFO - [2024-09-02 21:28:57,377] {dag.py:2420} INFO - Sync 1 DAGs
[2024-09-02 21:28:57,396] {logging_mixin.py:115} INFO - [2024-09-02 21:28:57,396] {dag.py:2968} INFO - Setting next_dagrun for example_time_delta_sensor_async to None, run_after=None
[2024-09-02 21:28:58,150] {processor.py:161} INFO - Processing /opt/conda/lib/python3.8/site-packages/airflow/example_dags/example_time_delta_sensor_async.py took 0.820 seconds
[2024-09-02 21:30:42,569] {processor.py:153} INFO - Started process (PID=1309) to work on /opt/conda/lib/python3.8/site-packages/airflow/example_dags/example_time_delta_sensor_async.py
[2024-09-02 21:30:42,571] {processor.py:641} INFO - Processing file /opt/conda/lib/python3.8/site-packages/airflow/example_dags/example_time_delta_sensor_async.py for tasks to queue
[2024-09-02 21:30:42,571] {logging_mixin.py:115} INFO - [2024-09-02 21:30:42,571] {dagbag.py:508} INFO - Filling up the DagBag from /opt/conda/lib/python3.8/site-packages/airflow/example_dags/example_time_delta_sensor_async.py
[2024-09-02 21:30:42,578] {processor.py:651} INFO - DAG(s) dict_keys(['example_time_delta_sensor_async']) retrieved from /opt/conda/lib/python3.8/site-packages/airflow/example_dags/example_time_delta_sensor_async.py
[2024-09-02 21:30:42,613] {logging_mixin.py:115} INFO - [2024-09-02 21:30:42,613] {dag.py:2420} INFO - Sync 1 DAGs
[2024-09-02 21:30:42,632] {logging_mixin.py:115} INFO - [2024-09-02 21:30:42,632] {dag.py:2968} INFO - Setting next_dagrun for example_time_delta_sensor_async to None, run_after=None
[2024-09-02 21:30:43,915] {processor.py:161} INFO - Processing /opt/conda/lib/python3.8/site-packages/airflow/example_dags/example_time_delta_sensor_async.py took 1.350 seconds
[2024-09-02 21:31:28,940] {processor.py:153} INFO - Started process (PID=1351) to work on /opt/conda/lib/python3.8/site-packages/airflow/example_dags/example_time_delta_sensor_async.py
[2024-09-02 21:31:28,942] {processor.py:641} INFO - Processing file /opt/conda/lib/python3.8/site-packages/airflow/example_dags/example_time_delta_sensor_async.py for tasks to queue
[2024-09-02 21:31:28,942] {logging_mixin.py:115} INFO - [2024-09-02 21:31:28,942] {dagbag.py:508} INFO - Filling up the DagBag from /opt/conda/lib/python3.8/site-packages/airflow/example_dags/example_time_delta_sensor_async.py
[2024-09-02 21:31:28,949] {processor.py:651} INFO - DAG(s) dict_keys(['example_time_delta_sensor_async']) retrieved from /opt/conda/lib/python3.8/site-packages/airflow/example_dags/example_time_delta_sensor_async.py
[2024-09-02 21:31:28,985] {logging_mixin.py:115} INFO - [2024-09-02 21:31:28,984] {dag.py:2420} INFO - Sync 1 DAGs
[2024-09-02 21:31:29,004] {logging_mixin.py:115} INFO - [2024-09-02 21:31:29,004] {dag.py:2968} INFO - Setting next_dagrun for example_time_delta_sensor_async to None, run_after=None
[2024-09-02 21:31:30,536] {processor.py:161} INFO - Processing /opt/conda/lib/python3.8/site-packages/airflow/example_dags/example_time_delta_sensor_async.py took 1.599 seconds
[2024-09-02 21:32:52,243] {processor.py:153} INFO - Started process (PID=1429) to work on /opt/conda/lib/python3.8/site-packages/airflow/example_dags/example_time_delta_sensor_async.py
[2024-09-02 21:32:52,244] {processor.py:641} INFO - Processing file /opt/conda/lib/python3.8/site-packages/airflow/example_dags/example_time_delta_sensor_async.py for tasks to queue
[2024-09-02 21:32:52,245] {logging_mixin.py:115} INFO - [2024-09-02 21:32:52,245] {dagbag.py:508} INFO - Filling up the DagBag from /opt/conda/lib/python3.8/site-packages/airflow/example_dags/example_time_delta_sensor_async.py
[2024-09-02 21:32:52,251] {processor.py:651} INFO - DAG(s) dict_keys(['example_time_delta_sensor_async']) retrieved from /opt/conda/lib/python3.8/site-packages/airflow/example_dags/example_time_delta_sensor_async.py
[2024-09-02 21:32:52,288] {logging_mixin.py:115} INFO - [2024-09-02 21:32:52,288] {dag.py:2420} INFO - Sync 1 DAGs
[2024-09-02 21:32:52,307] {logging_mixin.py:115} INFO - [2024-09-02 21:32:52,307] {dag.py:2968} INFO - Setting next_dagrun for example_time_delta_sensor_async to None, run_after=None
[2024-09-02 21:32:56,134] {processor.py:161} INFO - Processing /opt/conda/lib/python3.8/site-packages/airflow/example_dags/example_time_delta_sensor_async.py took 3.894 seconds
[2024-09-02 21:33:44,629] {processor.py:153} INFO - Started process (PID=1459) to work on /opt/conda/lib/python3.8/site-packages/airflow/example_dags/example_time_delta_sensor_async.py
[2024-09-02 21:33:44,631] {processor.py:641} INFO - Processing file /opt/conda/lib/python3.8/site-packages/airflow/example_dags/example_time_delta_sensor_async.py for tasks to queue
[2024-09-02 21:33:44,631] {logging_mixin.py:115} INFO - [2024-09-02 21:33:44,631] {dagbag.py:508} INFO - Filling up the DagBag from /opt/conda/lib/python3.8/site-packages/airflow/example_dags/example_time_delta_sensor_async.py
[2024-09-02 21:33:44,638] {processor.py:651} INFO - DAG(s) dict_keys(['example_time_delta_sensor_async']) retrieved from /opt/conda/lib/python3.8/site-packages/airflow/example_dags/example_time_delta_sensor_async.py
[2024-09-02 21:33:44,673] {logging_mixin.py:115} INFO - [2024-09-02 21:33:44,673] {dag.py:2420} INFO - Sync 1 DAGs
[2024-09-02 21:33:44,693] {logging_mixin.py:115} INFO - [2024-09-02 21:33:44,693] {dag.py:2968} INFO - Setting next_dagrun for example_time_delta_sensor_async to None, run_after=None
[2024-09-02 21:33:45,403] {processor.py:161} INFO - Processing /opt/conda/lib/python3.8/site-packages/airflow/example_dags/example_time_delta_sensor_async.py took 0.777 seconds
[2024-09-02 21:34:50,775] {processor.py:153} INFO - Started process (PID=1500) to work on /opt/conda/lib/python3.8/site-packages/airflow/example_dags/example_time_delta_sensor_async.py
[2024-09-02 21:34:50,776] {processor.py:641} INFO - Processing file /opt/conda/lib/python3.8/site-packages/airflow/example_dags/example_time_delta_sensor_async.py for tasks to queue
[2024-09-02 21:34:50,777] {logging_mixin.py:115} INFO - [2024-09-02 21:34:50,777] {dagbag.py:508} INFO - Filling up the DagBag from /opt/conda/lib/python3.8/site-packages/airflow/example_dags/example_time_delta_sensor_async.py
[2024-09-02 21:34:50,783] {processor.py:651} INFO - DAG(s) dict_keys(['example_time_delta_sensor_async']) retrieved from /opt/conda/lib/python3.8/site-packages/airflow/example_dags/example_time_delta_sensor_async.py
[2024-09-02 21:34:50,819] {logging_mixin.py:115} INFO - [2024-09-02 21:34:50,819] {dag.py:2420} INFO - Sync 1 DAGs
[2024-09-02 21:34:50,838] {logging_mixin.py:115} INFO - [2024-09-02 21:34:50,838] {dag.py:2968} INFO - Setting next_dagrun for example_time_delta_sensor_async to None, run_after=None
[2024-09-02 21:34:52,016] {processor.py:161} INFO - Processing /opt/conda/lib/python3.8/site-packages/airflow/example_dags/example_time_delta_sensor_async.py took 1.244 seconds
[2024-09-02 21:36:03,119] {processor.py:153} INFO - Started process (PID=1537) to work on /opt/conda/lib/python3.8/site-packages/airflow/example_dags/example_time_delta_sensor_async.py
[2024-09-02 21:36:03,121] {processor.py:641} INFO - Processing file /opt/conda/lib/python3.8/site-packages/airflow/example_dags/example_time_delta_sensor_async.py for tasks to queue
[2024-09-02 21:36:03,121] {logging_mixin.py:115} INFO - [2024-09-02 21:36:03,121] {dagbag.py:508} INFO - Filling up the DagBag from /opt/conda/lib/python3.8/site-packages/airflow/example_dags/example_time_delta_sensor_async.py
[2024-09-02 21:36:03,127] {processor.py:651} INFO - DAG(s) dict_keys(['example_time_delta_sensor_async']) retrieved from /opt/conda/lib/python3.8/site-packages/airflow/example_dags/example_time_delta_sensor_async.py
[2024-09-02 21:36:03,163] {logging_mixin.py:115} INFO - [2024-09-02 21:36:03,163] {dag.py:2420} INFO - Sync 1 DAGs
[2024-09-02 21:36:03,182] {logging_mixin.py:115} INFO - [2024-09-02 21:36:03,182] {dag.py:2968} INFO - Setting next_dagrun for example_time_delta_sensor_async to None, run_after=None
[2024-09-02 21:36:05,693] {processor.py:161} INFO - Processing /opt/conda/lib/python3.8/site-packages/airflow/example_dags/example_time_delta_sensor_async.py took 2.578 seconds
[2024-09-02 21:37:08,043] {processor.py:153} INFO - Started process (PID=1570) to work on /opt/conda/lib/python3.8/site-packages/airflow/example_dags/example_time_delta_sensor_async.py
[2024-09-02 21:37:08,045] {processor.py:641} INFO - Processing file /opt/conda/lib/python3.8/site-packages/airflow/example_dags/example_time_delta_sensor_async.py for tasks to queue
[2024-09-02 21:37:08,045] {logging_mixin.py:115} INFO - [2024-09-02 21:37:08,045] {dagbag.py:508} INFO - Filling up the DagBag from /opt/conda/lib/python3.8/site-packages/airflow/example_dags/example_time_delta_sensor_async.py
[2024-09-02 21:37:08,051] {processor.py:651} INFO - DAG(s) dict_keys(['example_time_delta_sensor_async']) retrieved from /opt/conda/lib/python3.8/site-packages/airflow/example_dags/example_time_delta_sensor_async.py
[2024-09-02 21:37:08,088] {logging_mixin.py:115} INFO - [2024-09-02 21:37:08,087] {dag.py:2420} INFO - Sync 1 DAGs
[2024-09-02 21:37:08,107] {logging_mixin.py:115} INFO - [2024-09-02 21:37:08,107] {dag.py:2968} INFO - Setting next_dagrun for example_time_delta_sensor_async to None, run_after=None
[2024-09-02 21:37:09,595] {processor.py:161} INFO - Processing /opt/conda/lib/python3.8/site-packages/airflow/example_dags/example_time_delta_sensor_async.py took 1.555 seconds
[2024-09-02 21:38:37,437] {processor.py:153} INFO - Started process (PID=1648) to work on /opt/conda/lib/python3.8/site-packages/airflow/example_dags/example_time_delta_sensor_async.py
[2024-09-02 21:38:37,438] {processor.py:641} INFO - Processing file /opt/conda/lib/python3.8/site-packages/airflow/example_dags/example_time_delta_sensor_async.py for tasks to queue
[2024-09-02 21:38:37,439] {logging_mixin.py:115} INFO - [2024-09-02 21:38:37,439] {dagbag.py:508} INFO - Filling up the DagBag from /opt/conda/lib/python3.8/site-packages/airflow/example_dags/example_time_delta_sensor_async.py
[2024-09-02 21:38:37,445] {processor.py:651} INFO - DAG(s) dict_keys(['example_time_delta_sensor_async']) retrieved from /opt/conda/lib/python3.8/site-packages/airflow/example_dags/example_time_delta_sensor_async.py
[2024-09-02 21:38:37,481] {logging_mixin.py:115} INFO - [2024-09-02 21:38:37,481] {dag.py:2420} INFO - Sync 1 DAGs
[2024-09-02 21:38:37,500] {logging_mixin.py:115} INFO - [2024-09-02 21:38:37,500] {dag.py:2968} INFO - Setting next_dagrun for example_time_delta_sensor_async to None, run_after=None
[2024-09-02 21:38:40,077] {processor.py:161} INFO - Processing /opt/conda/lib/python3.8/site-packages/airflow/example_dags/example_time_delta_sensor_async.py took 2.644 seconds
[2024-09-02 21:39:32,659] {processor.py:153} INFO - Started process (PID=1702) to work on /opt/conda/lib/python3.8/site-packages/airflow/example_dags/example_time_delta_sensor_async.py
[2024-09-02 21:39:32,670] {processor.py:641} INFO - Processing file /opt/conda/lib/python3.8/site-packages/airflow/example_dags/example_time_delta_sensor_async.py for tasks to queue
[2024-09-02 21:39:32,671] {logging_mixin.py:115} INFO - [2024-09-02 21:39:32,671] {dagbag.py:508} INFO - Filling up the DagBag from /opt/conda/lib/python3.8/site-packages/airflow/example_dags/example_time_delta_sensor_async.py
[2024-09-02 21:39:32,675] {processor.py:651} INFO - DAG(s) dict_keys(['example_time_delta_sensor_async']) retrieved from /opt/conda/lib/python3.8/site-packages/airflow/example_dags/example_time_delta_sensor_async.py
[2024-09-02 21:39:32,715] {logging_mixin.py:115} INFO - [2024-09-02 21:39:32,715] {dag.py:2420} INFO - Sync 1 DAGs
[2024-09-02 21:39:32,736] {logging_mixin.py:115} INFO - [2024-09-02 21:39:32,736] {dag.py:2968} INFO - Setting next_dagrun for example_time_delta_sensor_async to None, run_after=None
[2024-09-02 21:39:35,111] {processor.py:161} INFO - Processing /opt/conda/lib/python3.8/site-packages/airflow/example_dags/example_time_delta_sensor_async.py took 2.453 seconds
[2024-09-02 21:40:43,136] {processor.py:153} INFO - Started process (PID=1739) to work on /opt/conda/lib/python3.8/site-packages/airflow/example_dags/example_time_delta_sensor_async.py
[2024-09-02 21:40:43,139] {processor.py:641} INFO - Processing file /opt/conda/lib/python3.8/site-packages/airflow/example_dags/example_time_delta_sensor_async.py for tasks to queue
[2024-09-02 21:40:43,139] {logging_mixin.py:115} INFO - [2024-09-02 21:40:43,139] {dagbag.py:508} INFO - Filling up the DagBag from /opt/conda/lib/python3.8/site-packages/airflow/example_dags/example_time_delta_sensor_async.py
[2024-09-02 21:40:43,146] {processor.py:651} INFO - DAG(s) dict_keys(['example_time_delta_sensor_async']) retrieved from /opt/conda/lib/python3.8/site-packages/airflow/example_dags/example_time_delta_sensor_async.py
[2024-09-02 21:40:43,182] {logging_mixin.py:115} INFO - [2024-09-02 21:40:43,182] {dag.py:2420} INFO - Sync 1 DAGs
[2024-09-02 21:40:43,201] {logging_mixin.py:115} INFO - [2024-09-02 21:40:43,201] {dag.py:2968} INFO - Setting next_dagrun for example_time_delta_sensor_async to None, run_after=None
[2024-09-02 21:40:46,328] {processor.py:161} INFO - Processing /opt/conda/lib/python3.8/site-packages/airflow/example_dags/example_time_delta_sensor_async.py took 3.195 seconds
[2024-09-02 21:42:00,953] {processor.py:153} INFO - Started process (PID=1774) to work on /opt/conda/lib/python3.8/site-packages/airflow/example_dags/example_time_delta_sensor_async.py
[2024-09-02 21:42:00,954] {processor.py:641} INFO - Processing file /opt/conda/lib/python3.8/site-packages/airflow/example_dags/example_time_delta_sensor_async.py for tasks to queue
[2024-09-02 21:42:00,955] {logging_mixin.py:115} INFO - [2024-09-02 21:42:00,955] {dagbag.py:508} INFO - Filling up the DagBag from /opt/conda/lib/python3.8/site-packages/airflow/example_dags/example_time_delta_sensor_async.py
[2024-09-02 21:42:00,961] {processor.py:651} INFO - DAG(s) dict_keys(['example_time_delta_sensor_async']) retrieved from /opt/conda/lib/python3.8/site-packages/airflow/example_dags/example_time_delta_sensor_async.py
[2024-09-02 21:42:01,003] {logging_mixin.py:115} INFO - [2024-09-02 21:42:01,003] {dag.py:2420} INFO - Sync 1 DAGs
[2024-09-02 21:42:01,023] {logging_mixin.py:115} INFO - [2024-09-02 21:42:01,022] {dag.py:2968} INFO - Setting next_dagrun for example_time_delta_sensor_async to None, run_after=None
[2024-09-02 21:42:01,170] {processor.py:161} INFO - Processing /opt/conda/lib/python3.8/site-packages/airflow/example_dags/example_time_delta_sensor_async.py took 0.221 seconds
[2024-09-02 21:48:46,162] {processor.py:153} INFO - Started process (PID=1817) to work on /opt/conda/lib/python3.8/site-packages/airflow/example_dags/example_time_delta_sensor_async.py
[2024-09-02 21:48:46,164] {processor.py:641} INFO - Processing file /opt/conda/lib/python3.8/site-packages/airflow/example_dags/example_time_delta_sensor_async.py for tasks to queue
[2024-09-02 21:48:46,164] {logging_mixin.py:115} INFO - [2024-09-02 21:48:46,164] {dagbag.py:508} INFO - Filling up the DagBag from /opt/conda/lib/python3.8/site-packages/airflow/example_dags/example_time_delta_sensor_async.py
[2024-09-02 21:48:46,170] {processor.py:651} INFO - DAG(s) dict_keys(['example_time_delta_sensor_async']) retrieved from /opt/conda/lib/python3.8/site-packages/airflow/example_dags/example_time_delta_sensor_async.py
[2024-09-02 21:48:46,206] {logging_mixin.py:115} INFO - [2024-09-02 21:48:46,206] {dag.py:2420} INFO - Sync 1 DAGs
[2024-09-02 21:48:46,225] {logging_mixin.py:115} INFO - [2024-09-02 21:48:46,225] {dag.py:2968} INFO - Setting next_dagrun for example_time_delta_sensor_async to None, run_after=None
[2024-09-02 21:48:47,073] {processor.py:161} INFO - Processing /opt/conda/lib/python3.8/site-packages/airflow/example_dags/example_time_delta_sensor_async.py took 0.914 seconds
[2024-09-02 21:50:14,384] {processor.py:153} INFO - Started process (PID=1862) to work on /opt/conda/lib/python3.8/site-packages/airflow/example_dags/example_time_delta_sensor_async.py
[2024-09-02 21:50:14,386] {processor.py:641} INFO - Processing file /opt/conda/lib/python3.8/site-packages/airflow/example_dags/example_time_delta_sensor_async.py for tasks to queue
[2024-09-02 21:50:14,387] {logging_mixin.py:115} INFO - [2024-09-02 21:50:14,386] {dagbag.py:508} INFO - Filling up the DagBag from /opt/conda/lib/python3.8/site-packages/airflow/example_dags/example_time_delta_sensor_async.py
[2024-09-02 21:50:14,393] {processor.py:651} INFO - DAG(s) dict_keys(['example_time_delta_sensor_async']) retrieved from /opt/conda/lib/python3.8/site-packages/airflow/example_dags/example_time_delta_sensor_async.py
[2024-09-02 21:50:14,428] {logging_mixin.py:115} INFO - [2024-09-02 21:50:14,428] {dag.py:2420} INFO - Sync 1 DAGs
[2024-09-02 21:50:14,447] {logging_mixin.py:115} INFO - [2024-09-02 21:50:14,447] {dag.py:2968} INFO - Setting next_dagrun for example_time_delta_sensor_async to None, run_after=None
[2024-09-02 21:50:15,110] {processor.py:161} INFO - Processing /opt/conda/lib/python3.8/site-packages/airflow/example_dags/example_time_delta_sensor_async.py took 0.729 seconds
[2024-09-02 21:51:32,129] {processor.py:153} INFO - Started process (PID=1919) to work on /opt/conda/lib/python3.8/site-packages/airflow/example_dags/example_time_delta_sensor_async.py
[2024-09-02 21:51:32,131] {processor.py:641} INFO - Processing file /opt/conda/lib/python3.8/site-packages/airflow/example_dags/example_time_delta_sensor_async.py for tasks to queue
[2024-09-02 21:51:32,131] {logging_mixin.py:115} INFO - [2024-09-02 21:51:32,131] {dagbag.py:508} INFO - Filling up the DagBag from /opt/conda/lib/python3.8/site-packages/airflow/example_dags/example_time_delta_sensor_async.py
[2024-09-02 21:51:32,137] {processor.py:651} INFO - DAG(s) dict_keys(['example_time_delta_sensor_async']) retrieved from /opt/conda/lib/python3.8/site-packages/airflow/example_dags/example_time_delta_sensor_async.py
[2024-09-02 21:51:32,173] {logging_mixin.py:115} INFO - [2024-09-02 21:51:32,173] {dag.py:2420} INFO - Sync 1 DAGs
[2024-09-02 21:51:32,192] {logging_mixin.py:115} INFO - [2024-09-02 21:51:32,192] {dag.py:2968} INFO - Setting next_dagrun for example_time_delta_sensor_async to None, run_after=None
[2024-09-02 21:51:33,163] {processor.py:161} INFO - Processing /opt/conda/lib/python3.8/site-packages/airflow/example_dags/example_time_delta_sensor_async.py took 1.038 seconds
