[2024-09-02 04:31:02,956] {processor.py:153} INFO - Started process (PID=819) to work on /opt/conda/lib/python3.8/site-packages/airflow/example_dags/example_sla_dag.py
[2024-09-02 04:31:02,957] {processor.py:641} INFO - Processing file /opt/conda/lib/python3.8/site-packages/airflow/example_dags/example_sla_dag.py for tasks to queue
[2024-09-02 04:31:02,957] {logging_mixin.py:115} INFO - [2024-09-02 04:31:02,957] {dagbag.py:508} INFO - Filling up the DagBag from /opt/conda/lib/python3.8/site-packages/airflow/example_dags/example_sla_dag.py
[2024-09-02 04:31:02,977] {processor.py:651} INFO - DAG(s) dict_keys(['example_sla_dag']) retrieved from /opt/conda/lib/python3.8/site-packages/airflow/example_dags/example_sla_dag.py
[2024-09-02 04:31:03,143] {logging_mixin.py:115} INFO - [2024-09-02 04:31:03,143] {manager.py:508} INFO - Created Permission View: can edit on DAG:example_sla_dag
[2024-09-02 04:31:03,160] {logging_mixin.py:115} INFO - [2024-09-02 04:31:03,160] {manager.py:508} INFO - Created Permission View: can delete on DAG:example_sla_dag
[2024-09-02 04:31:03,174] {logging_mixin.py:115} INFO - [2024-09-02 04:31:03,174] {manager.py:508} INFO - Created Permission View: can read on DAG:example_sla_dag
[2024-09-02 04:31:03,175] {logging_mixin.py:115} INFO - [2024-09-02 04:31:03,175] {dag.py:2420} INFO - Sync 1 DAGs
[2024-09-02 04:31:03,179] {logging_mixin.py:115} INFO - [2024-09-02 04:31:03,179] {dag.py:2439} INFO - Creating ORM DAG for example_sla_dag
[2024-09-02 04:31:03,189] {logging_mixin.py:115} INFO - [2024-09-02 04:31:03,189] {dag.py:2968} INFO - Setting next_dagrun for example_sla_dag to 2024-09-02T04:28:00+00:00, run_after=2024-09-02T04:30:00+00:00
[2024-09-02 04:31:03,207] {processor.py:161} INFO - Processing /opt/conda/lib/python3.8/site-packages/airflow/example_dags/example_sla_dag.py took 0.253 seconds
[2024-09-02 04:31:46,666] {processor.py:153} INFO - Started process (PID=855) to work on /opt/conda/lib/python3.8/site-packages/airflow/example_dags/example_sla_dag.py
[2024-09-02 04:31:46,668] {processor.py:641} INFO - Processing file /opt/conda/lib/python3.8/site-packages/airflow/example_dags/example_sla_dag.py for tasks to queue
[2024-09-02 04:31:46,668] {logging_mixin.py:115} INFO - [2024-09-02 04:31:46,668] {dagbag.py:508} INFO - Filling up the DagBag from /opt/conda/lib/python3.8/site-packages/airflow/example_dags/example_sla_dag.py
[2024-09-02 04:31:46,692] {processor.py:651} INFO - DAG(s) dict_keys(['example_sla_dag']) retrieved from /opt/conda/lib/python3.8/site-packages/airflow/example_dags/example_sla_dag.py
[2024-09-02 04:31:46,839] {logging_mixin.py:115} INFO - [2024-09-02 04:31:46,839] {dag.py:2420} INFO - Sync 1 DAGs
[2024-09-02 04:31:46,857] {logging_mixin.py:115} INFO - [2024-09-02 04:31:46,857] {dag.py:2968} INFO - Setting next_dagrun for example_sla_dag to 2024-09-02T04:28:00+00:00, run_after=2024-09-02T04:30:00+00:00
[2024-09-02 04:31:46,875] {processor.py:161} INFO - Processing /opt/conda/lib/python3.8/site-packages/airflow/example_dags/example_sla_dag.py took 0.212 seconds
[2024-09-02 04:32:24,377] {processor.py:153} INFO - Started process (PID=889) to work on /opt/conda/lib/python3.8/site-packages/airflow/example_dags/example_sla_dag.py
[2024-09-02 04:32:24,379] {processor.py:641} INFO - Processing file /opt/conda/lib/python3.8/site-packages/airflow/example_dags/example_sla_dag.py for tasks to queue
[2024-09-02 04:32:24,379] {logging_mixin.py:115} INFO - [2024-09-02 04:32:24,379] {dagbag.py:508} INFO - Filling up the DagBag from /opt/conda/lib/python3.8/site-packages/airflow/example_dags/example_sla_dag.py
[2024-09-02 04:32:24,400] {processor.py:651} INFO - DAG(s) dict_keys(['example_sla_dag']) retrieved from /opt/conda/lib/python3.8/site-packages/airflow/example_dags/example_sla_dag.py
[2024-09-02 04:32:24,518] {logging_mixin.py:115} INFO - [2024-09-02 04:32:24,518] {dag.py:2420} INFO - Sync 1 DAGs
[2024-09-02 04:32:24,531] {logging_mixin.py:115} INFO - [2024-09-02 04:32:24,531] {dag.py:2968} INFO - Setting next_dagrun for example_sla_dag to 2024-09-02T04:30:00+00:00, run_after=2024-09-02T04:32:00+00:00
[2024-09-02 04:32:24,550] {processor.py:161} INFO - Processing /opt/conda/lib/python3.8/site-packages/airflow/example_dags/example_sla_dag.py took 0.176 seconds
[2024-09-02 21:19:00,811] {processor.py:153} INFO - Started process (PID=673) to work on /opt/conda/lib/python3.8/site-packages/airflow/example_dags/example_sla_dag.py
[2024-09-02 21:19:00,813] {processor.py:641} INFO - Processing file /opt/conda/lib/python3.8/site-packages/airflow/example_dags/example_sla_dag.py for tasks to queue
[2024-09-02 21:19:00,813] {logging_mixin.py:115} INFO - [2024-09-02 21:19:00,813] {dagbag.py:508} INFO - Filling up the DagBag from /opt/conda/lib/python3.8/site-packages/airflow/example_dags/example_sla_dag.py
[2024-09-02 21:19:00,834] {processor.py:651} INFO - DAG(s) dict_keys(['example_sla_dag']) retrieved from /opt/conda/lib/python3.8/site-packages/airflow/example_dags/example_sla_dag.py
[2024-09-02 21:19:00,851] {logging_mixin.py:115} INFO - [2024-09-02 21:19:00,851] {dag.py:2420} INFO - Sync 1 DAGs
[2024-09-02 21:19:00,873] {logging_mixin.py:115} INFO - [2024-09-02 21:19:00,873] {dag.py:2968} INFO - Setting next_dagrun for example_sla_dag to 2024-09-02T21:16:00+00:00, run_after=2024-09-02T21:18:00+00:00
[2024-09-02 21:19:00,900] {processor.py:161} INFO - Processing /opt/conda/lib/python3.8/site-packages/airflow/example_dags/example_sla_dag.py took 0.093 seconds
[2024-09-02 21:19:42,714] {processor.py:153} INFO - Started process (PID=890) to work on /opt/conda/lib/python3.8/site-packages/airflow/example_dags/example_sla_dag.py
[2024-09-02 21:19:42,715] {processor.py:641} INFO - Processing file /opt/conda/lib/python3.8/site-packages/airflow/example_dags/example_sla_dag.py for tasks to queue
[2024-09-02 21:19:42,716] {logging_mixin.py:115} INFO - [2024-09-02 21:19:42,716] {dagbag.py:508} INFO - Filling up the DagBag from /opt/conda/lib/python3.8/site-packages/airflow/example_dags/example_sla_dag.py
[2024-09-02 21:19:42,736] {processor.py:651} INFO - DAG(s) dict_keys(['example_sla_dag']) retrieved from /opt/conda/lib/python3.8/site-packages/airflow/example_dags/example_sla_dag.py
[2024-09-02 21:19:42,753] {logging_mixin.py:115} INFO - [2024-09-02 21:19:42,753] {dag.py:2420} INFO - Sync 1 DAGs
[2024-09-02 21:19:42,776] {logging_mixin.py:115} INFO - [2024-09-02 21:19:42,776] {dag.py:2968} INFO - Setting next_dagrun for example_sla_dag to 2024-09-02T21:16:00+00:00, run_after=2024-09-02T21:18:00+00:00
[2024-09-02 21:19:42,803] {processor.py:161} INFO - Processing /opt/conda/lib/python3.8/site-packages/airflow/example_dags/example_sla_dag.py took 0.093 seconds
[2024-09-02 21:20:53,587] {processor.py:153} INFO - Started process (PID=940) to work on /opt/conda/lib/python3.8/site-packages/airflow/example_dags/example_sla_dag.py
[2024-09-02 21:20:53,588] {processor.py:641} INFO - Processing file /opt/conda/lib/python3.8/site-packages/airflow/example_dags/example_sla_dag.py for tasks to queue
[2024-09-02 21:20:53,589] {logging_mixin.py:115} INFO - [2024-09-02 21:20:53,589] {dagbag.py:508} INFO - Filling up the DagBag from /opt/conda/lib/python3.8/site-packages/airflow/example_dags/example_sla_dag.py
[2024-09-02 21:20:53,609] {processor.py:651} INFO - DAG(s) dict_keys(['example_sla_dag']) retrieved from /opt/conda/lib/python3.8/site-packages/airflow/example_dags/example_sla_dag.py
[2024-09-02 21:20:53,626] {logging_mixin.py:115} INFO - [2024-09-02 21:20:53,626] {dag.py:2420} INFO - Sync 1 DAGs
[2024-09-02 21:20:53,649] {logging_mixin.py:115} INFO - [2024-09-02 21:20:53,649] {dag.py:2968} INFO - Setting next_dagrun for example_sla_dag to 2024-09-02T21:18:00+00:00, run_after=2024-09-02T21:20:00+00:00
[2024-09-02 21:20:56,011] {processor.py:161} INFO - Processing /opt/conda/lib/python3.8/site-packages/airflow/example_dags/example_sla_dag.py took 2.428 seconds
[2024-09-02 21:22:50,933] {processor.py:153} INFO - Started process (PID=1007) to work on /opt/conda/lib/python3.8/site-packages/airflow/example_dags/example_sla_dag.py
[2024-09-02 21:22:50,934] {processor.py:641} INFO - Processing file /opt/conda/lib/python3.8/site-packages/airflow/example_dags/example_sla_dag.py for tasks to queue
[2024-09-02 21:22:50,935] {logging_mixin.py:115} INFO - [2024-09-02 21:22:50,935] {dagbag.py:508} INFO - Filling up the DagBag from /opt/conda/lib/python3.8/site-packages/airflow/example_dags/example_sla_dag.py
[2024-09-02 21:22:50,955] {processor.py:651} INFO - DAG(s) dict_keys(['example_sla_dag']) retrieved from /opt/conda/lib/python3.8/site-packages/airflow/example_dags/example_sla_dag.py
[2024-09-02 21:22:50,972] {logging_mixin.py:115} INFO - [2024-09-02 21:22:50,972] {dag.py:2420} INFO - Sync 1 DAGs
[2024-09-02 21:22:50,995] {logging_mixin.py:115} INFO - [2024-09-02 21:22:50,995] {dag.py:2968} INFO - Setting next_dagrun for example_sla_dag to 2024-09-02T21:20:00+00:00, run_after=2024-09-02T21:22:00+00:00
[2024-09-02 21:22:51,186] {processor.py:161} INFO - Processing /opt/conda/lib/python3.8/site-packages/airflow/example_dags/example_sla_dag.py took 0.257 seconds
[2024-09-02 21:23:58,587] {processor.py:153} INFO - Started process (PID=1065) to work on /opt/conda/lib/python3.8/site-packages/airflow/example_dags/example_sla_dag.py
[2024-09-02 21:23:58,589] {processor.py:641} INFO - Processing file /opt/conda/lib/python3.8/site-packages/airflow/example_dags/example_sla_dag.py for tasks to queue
[2024-09-02 21:23:58,589] {logging_mixin.py:115} INFO - [2024-09-02 21:23:58,589] {dagbag.py:508} INFO - Filling up the DagBag from /opt/conda/lib/python3.8/site-packages/airflow/example_dags/example_sla_dag.py
[2024-09-02 21:23:58,610] {processor.py:651} INFO - DAG(s) dict_keys(['example_sla_dag']) retrieved from /opt/conda/lib/python3.8/site-packages/airflow/example_dags/example_sla_dag.py
[2024-09-02 21:23:58,627] {logging_mixin.py:115} INFO - [2024-09-02 21:23:58,627] {dag.py:2420} INFO - Sync 1 DAGs
[2024-09-02 21:23:58,650] {logging_mixin.py:115} INFO - [2024-09-02 21:23:58,649] {dag.py:2968} INFO - Setting next_dagrun for example_sla_dag to 2024-09-02T21:20:00+00:00, run_after=2024-09-02T21:22:00+00:00
[2024-09-02 21:23:58,955] {processor.py:161} INFO - Processing /opt/conda/lib/python3.8/site-packages/airflow/example_dags/example_sla_dag.py took 0.371 seconds
[2024-09-02 21:25:45,648] {processor.py:153} INFO - Started process (PID=1129) to work on /opt/conda/lib/python3.8/site-packages/airflow/example_dags/example_sla_dag.py
[2024-09-02 21:25:45,650] {processor.py:641} INFO - Processing file /opt/conda/lib/python3.8/site-packages/airflow/example_dags/example_sla_dag.py for tasks to queue
[2024-09-02 21:25:45,650] {logging_mixin.py:115} INFO - [2024-09-02 21:25:45,650] {dagbag.py:508} INFO - Filling up the DagBag from /opt/conda/lib/python3.8/site-packages/airflow/example_dags/example_sla_dag.py
[2024-09-02 21:25:45,671] {processor.py:651} INFO - DAG(s) dict_keys(['example_sla_dag']) retrieved from /opt/conda/lib/python3.8/site-packages/airflow/example_dags/example_sla_dag.py
[2024-09-02 21:25:45,688] {logging_mixin.py:115} INFO - [2024-09-02 21:25:45,688] {dag.py:2420} INFO - Sync 1 DAGs
[2024-09-02 21:25:45,711] {logging_mixin.py:115} INFO - [2024-09-02 21:25:45,711] {dag.py:2968} INFO - Setting next_dagrun for example_sla_dag to 2024-09-02T21:22:00+00:00, run_after=2024-09-02T21:24:00+00:00
[2024-09-02 21:25:50,012] {processor.py:161} INFO - Processing /opt/conda/lib/python3.8/site-packages/airflow/example_dags/example_sla_dag.py took 4.368 seconds
[2024-09-02 21:27:09,224] {processor.py:153} INFO - Started process (PID=1164) to work on /opt/conda/lib/python3.8/site-packages/airflow/example_dags/example_sla_dag.py
[2024-09-02 21:27:09,225] {processor.py:641} INFO - Processing file /opt/conda/lib/python3.8/site-packages/airflow/example_dags/example_sla_dag.py for tasks to queue
[2024-09-02 21:27:09,226] {logging_mixin.py:115} INFO - [2024-09-02 21:27:09,226] {dagbag.py:508} INFO - Filling up the DagBag from /opt/conda/lib/python3.8/site-packages/airflow/example_dags/example_sla_dag.py
[2024-09-02 21:27:09,246] {processor.py:651} INFO - DAG(s) dict_keys(['example_sla_dag']) retrieved from /opt/conda/lib/python3.8/site-packages/airflow/example_dags/example_sla_dag.py
[2024-09-02 21:27:09,263] {logging_mixin.py:115} INFO - [2024-09-02 21:27:09,263] {dag.py:2420} INFO - Sync 1 DAGs
[2024-09-02 21:27:09,286] {logging_mixin.py:115} INFO - [2024-09-02 21:27:09,286] {dag.py:2968} INFO - Setting next_dagrun for example_sla_dag to 2024-09-02T21:24:00+00:00, run_after=2024-09-02T21:26:00+00:00
[2024-09-02 21:27:09,329] {processor.py:161} INFO - Processing /opt/conda/lib/python3.8/site-packages/airflow/example_dags/example_sla_dag.py took 0.108 seconds
[2024-09-02 21:28:27,812] {processor.py:153} INFO - Started process (PID=1224) to work on /opt/conda/lib/python3.8/site-packages/airflow/example_dags/example_sla_dag.py
[2024-09-02 21:28:27,813] {processor.py:641} INFO - Processing file /opt/conda/lib/python3.8/site-packages/airflow/example_dags/example_sla_dag.py for tasks to queue
[2024-09-02 21:28:27,814] {logging_mixin.py:115} INFO - [2024-09-02 21:28:27,814] {dagbag.py:508} INFO - Filling up the DagBag from /opt/conda/lib/python3.8/site-packages/airflow/example_dags/example_sla_dag.py
[2024-09-02 21:28:27,835] {processor.py:651} INFO - DAG(s) dict_keys(['example_sla_dag']) retrieved from /opt/conda/lib/python3.8/site-packages/airflow/example_dags/example_sla_dag.py
[2024-09-02 21:28:27,852] {logging_mixin.py:115} INFO - [2024-09-02 21:28:27,852] {dag.py:2420} INFO - Sync 1 DAGs
[2024-09-02 21:28:27,875] {logging_mixin.py:115} INFO - [2024-09-02 21:28:27,875] {dag.py:2968} INFO - Setting next_dagrun for example_sla_dag to 2024-09-02T21:26:00+00:00, run_after=2024-09-02T21:28:00+00:00
[2024-09-02 21:28:28,179] {processor.py:161} INFO - Processing /opt/conda/lib/python3.8/site-packages/airflow/example_dags/example_sla_dag.py took 0.371 seconds
[2024-09-02 21:29:54,853] {processor.py:153} INFO - Started process (PID=1281) to work on /opt/conda/lib/python3.8/site-packages/airflow/example_dags/example_sla_dag.py
[2024-09-02 21:29:54,855] {processor.py:641} INFO - Processing file /opt/conda/lib/python3.8/site-packages/airflow/example_dags/example_sla_dag.py for tasks to queue
[2024-09-02 21:29:54,855] {logging_mixin.py:115} INFO - [2024-09-02 21:29:54,855] {dagbag.py:508} INFO - Filling up the DagBag from /opt/conda/lib/python3.8/site-packages/airflow/example_dags/example_sla_dag.py
[2024-09-02 21:29:54,876] {processor.py:651} INFO - DAG(s) dict_keys(['example_sla_dag']) retrieved from /opt/conda/lib/python3.8/site-packages/airflow/example_dags/example_sla_dag.py
[2024-09-02 21:29:54,893] {logging_mixin.py:115} INFO - [2024-09-02 21:29:54,893] {dag.py:2420} INFO - Sync 1 DAGs
[2024-09-02 21:29:54,915] {logging_mixin.py:115} INFO - [2024-09-02 21:29:54,915] {dag.py:2968} INFO - Setting next_dagrun for example_sla_dag to 2024-09-02T21:26:00+00:00, run_after=2024-09-02T21:28:00+00:00
[2024-09-02 21:29:56,521] {processor.py:161} INFO - Processing /opt/conda/lib/python3.8/site-packages/airflow/example_dags/example_sla_dag.py took 1.671 seconds
[2024-09-02 21:31:36,087] {processor.py:153} INFO - Started process (PID=1353) to work on /opt/conda/lib/python3.8/site-packages/airflow/example_dags/example_sla_dag.py
[2024-09-02 21:31:36,089] {processor.py:641} INFO - Processing file /opt/conda/lib/python3.8/site-packages/airflow/example_dags/example_sla_dag.py for tasks to queue
[2024-09-02 21:31:36,089] {logging_mixin.py:115} INFO - [2024-09-02 21:31:36,089] {dagbag.py:508} INFO - Filling up the DagBag from /opt/conda/lib/python3.8/site-packages/airflow/example_dags/example_sla_dag.py
[2024-09-02 21:31:36,110] {processor.py:651} INFO - DAG(s) dict_keys(['example_sla_dag']) retrieved from /opt/conda/lib/python3.8/site-packages/airflow/example_dags/example_sla_dag.py
[2024-09-02 21:31:36,127] {logging_mixin.py:115} INFO - [2024-09-02 21:31:36,127] {dag.py:2420} INFO - Sync 1 DAGs
[2024-09-02 21:31:36,150] {logging_mixin.py:115} INFO - [2024-09-02 21:31:36,149] {dag.py:2968} INFO - Setting next_dagrun for example_sla_dag to 2024-09-02T21:28:00+00:00, run_after=2024-09-02T21:30:00+00:00
[2024-09-02 21:31:38,708] {processor.py:161} INFO - Processing /opt/conda/lib/python3.8/site-packages/airflow/example_dags/example_sla_dag.py took 2.624 seconds
[2024-09-02 21:33:04,539] {processor.py:153} INFO - Started process (PID=1431) to work on /opt/conda/lib/python3.8/site-packages/airflow/example_dags/example_sla_dag.py
[2024-09-02 21:33:04,541] {processor.py:641} INFO - Processing file /opt/conda/lib/python3.8/site-packages/airflow/example_dags/example_sla_dag.py for tasks to queue
[2024-09-02 21:33:04,541] {logging_mixin.py:115} INFO - [2024-09-02 21:33:04,541] {dagbag.py:508} INFO - Filling up the DagBag from /opt/conda/lib/python3.8/site-packages/airflow/example_dags/example_sla_dag.py
[2024-09-02 21:33:04,561] {processor.py:651} INFO - DAG(s) dict_keys(['example_sla_dag']) retrieved from /opt/conda/lib/python3.8/site-packages/airflow/example_dags/example_sla_dag.py
[2024-09-02 21:33:04,577] {logging_mixin.py:115} INFO - [2024-09-02 21:33:04,577] {dag.py:2420} INFO - Sync 1 DAGs
[2024-09-02 21:33:04,600] {logging_mixin.py:115} INFO - [2024-09-02 21:33:04,599] {dag.py:2968} INFO - Setting next_dagrun for example_sla_dag to 2024-09-02T21:30:00+00:00, run_after=2024-09-02T21:32:00+00:00
[2024-09-02 21:33:05,842] {processor.py:161} INFO - Processing /opt/conda/lib/python3.8/site-packages/airflow/example_dags/example_sla_dag.py took 1.307 seconds
[2024-09-02 21:35:15,775] {processor.py:153} INFO - Started process (PID=1509) to work on /opt/conda/lib/python3.8/site-packages/airflow/example_dags/example_sla_dag.py
[2024-09-02 21:35:15,776] {processor.py:641} INFO - Processing file /opt/conda/lib/python3.8/site-packages/airflow/example_dags/example_sla_dag.py for tasks to queue
[2024-09-02 21:35:15,776] {logging_mixin.py:115} INFO - [2024-09-02 21:35:15,776] {dagbag.py:508} INFO - Filling up the DagBag from /opt/conda/lib/python3.8/site-packages/airflow/example_dags/example_sla_dag.py
[2024-09-02 21:35:15,797] {processor.py:651} INFO - DAG(s) dict_keys(['example_sla_dag']) retrieved from /opt/conda/lib/python3.8/site-packages/airflow/example_dags/example_sla_dag.py
[2024-09-02 21:35:15,814] {logging_mixin.py:115} INFO - [2024-09-02 21:35:15,814] {dag.py:2420} INFO - Sync 1 DAGs
[2024-09-02 21:35:15,837] {logging_mixin.py:115} INFO - [2024-09-02 21:35:15,837] {dag.py:2968} INFO - Setting next_dagrun for example_sla_dag to 2024-09-02T21:32:00+00:00, run_after=2024-09-02T21:34:00+00:00
[2024-09-02 21:35:18,272] {processor.py:161} INFO - Processing /opt/conda/lib/python3.8/site-packages/airflow/example_dags/example_sla_dag.py took 2.501 seconds
[2024-09-02 21:37:21,093] {processor.py:153} INFO - Started process (PID=1578) to work on /opt/conda/lib/python3.8/site-packages/airflow/example_dags/example_sla_dag.py
[2024-09-02 21:37:21,095] {processor.py:641} INFO - Processing file /opt/conda/lib/python3.8/site-packages/airflow/example_dags/example_sla_dag.py for tasks to queue
[2024-09-02 21:37:21,095] {logging_mixin.py:115} INFO - [2024-09-02 21:37:21,095] {dagbag.py:508} INFO - Filling up the DagBag from /opt/conda/lib/python3.8/site-packages/airflow/example_dags/example_sla_dag.py
[2024-09-02 21:37:21,116] {processor.py:651} INFO - DAG(s) dict_keys(['example_sla_dag']) retrieved from /opt/conda/lib/python3.8/site-packages/airflow/example_dags/example_sla_dag.py
[2024-09-02 21:37:21,133] {logging_mixin.py:115} INFO - [2024-09-02 21:37:21,133] {dag.py:2420} INFO - Sync 1 DAGs
[2024-09-02 21:37:21,156] {logging_mixin.py:115} INFO - [2024-09-02 21:37:21,156] {dag.py:2968} INFO - Setting next_dagrun for example_sla_dag to 2024-09-02T21:34:00+00:00, run_after=2024-09-02T21:36:00+00:00
[2024-09-02 21:37:21,342] {processor.py:161} INFO - Processing /opt/conda/lib/python3.8/site-packages/airflow/example_dags/example_sla_dag.py took 0.252 seconds
[2024-09-02 21:38:50,466] {processor.py:153} INFO - Started process (PID=1656) to work on /opt/conda/lib/python3.8/site-packages/airflow/example_dags/example_sla_dag.py
[2024-09-02 21:38:50,468] {processor.py:641} INFO - Processing file /opt/conda/lib/python3.8/site-packages/airflow/example_dags/example_sla_dag.py for tasks to queue
[2024-09-02 21:38:50,468] {logging_mixin.py:115} INFO - [2024-09-02 21:38:50,468] {dagbag.py:508} INFO - Filling up the DagBag from /opt/conda/lib/python3.8/site-packages/airflow/example_dags/example_sla_dag.py
[2024-09-02 21:38:50,489] {processor.py:651} INFO - DAG(s) dict_keys(['example_sla_dag']) retrieved from /opt/conda/lib/python3.8/site-packages/airflow/example_dags/example_sla_dag.py
[2024-09-02 21:38:50,506] {logging_mixin.py:115} INFO - [2024-09-02 21:38:50,506] {dag.py:2420} INFO - Sync 1 DAGs
[2024-09-02 21:38:50,528] {logging_mixin.py:115} INFO - [2024-09-02 21:38:50,528] {dag.py:2968} INFO - Setting next_dagrun for example_sla_dag to 2024-09-02T21:36:00+00:00, run_after=2024-09-02T21:38:00+00:00
[2024-09-02 21:38:51,257] {processor.py:161} INFO - Processing /opt/conda/lib/python3.8/site-packages/airflow/example_dags/example_sla_dag.py took 0.794 seconds
[2024-09-02 21:41:07,892] {processor.py:153} INFO - Started process (PID=1746) to work on /opt/conda/lib/python3.8/site-packages/airflow/example_dags/example_sla_dag.py
[2024-09-02 21:41:07,893] {processor.py:641} INFO - Processing file /opt/conda/lib/python3.8/site-packages/airflow/example_dags/example_sla_dag.py for tasks to queue
[2024-09-02 21:41:07,894] {logging_mixin.py:115} INFO - [2024-09-02 21:41:07,894] {dagbag.py:508} INFO - Filling up the DagBag from /opt/conda/lib/python3.8/site-packages/airflow/example_dags/example_sla_dag.py
[2024-09-02 21:41:07,914] {processor.py:651} INFO - DAG(s) dict_keys(['example_sla_dag']) retrieved from /opt/conda/lib/python3.8/site-packages/airflow/example_dags/example_sla_dag.py
[2024-09-02 21:41:07,932] {logging_mixin.py:115} INFO - [2024-09-02 21:41:07,931] {dag.py:2420} INFO - Sync 1 DAGs
[2024-09-02 21:41:07,954] {logging_mixin.py:115} INFO - [2024-09-02 21:41:07,954] {dag.py:2968} INFO - Setting next_dagrun for example_sla_dag to 2024-09-02T21:38:00+00:00, run_after=2024-09-02T21:40:00+00:00
[2024-09-02 21:41:09,118] {processor.py:161} INFO - Processing /opt/conda/lib/python3.8/site-packages/airflow/example_dags/example_sla_dag.py took 1.230 seconds
[2024-09-02 21:49:28,241] {processor.py:153} INFO - Started process (PID=1826) to work on /opt/conda/lib/python3.8/site-packages/airflow/example_dags/example_sla_dag.py
[2024-09-02 21:49:28,243] {processor.py:641} INFO - Processing file /opt/conda/lib/python3.8/site-packages/airflow/example_dags/example_sla_dag.py for tasks to queue
[2024-09-02 21:49:28,243] {logging_mixin.py:115} INFO - [2024-09-02 21:49:28,243] {dagbag.py:508} INFO - Filling up the DagBag from /opt/conda/lib/python3.8/site-packages/airflow/example_dags/example_sla_dag.py
[2024-09-02 21:49:28,264] {processor.py:651} INFO - DAG(s) dict_keys(['example_sla_dag']) retrieved from /opt/conda/lib/python3.8/site-packages/airflow/example_dags/example_sla_dag.py
[2024-09-02 21:49:28,280] {logging_mixin.py:115} INFO - [2024-09-02 21:49:28,279] {dag.py:2420} INFO - Sync 1 DAGs
[2024-09-02 21:49:28,302] {logging_mixin.py:115} INFO - [2024-09-02 21:49:28,302] {dag.py:2968} INFO - Setting next_dagrun for example_sla_dag to 2024-09-02T21:46:00+00:00, run_after=2024-09-02T21:48:00+00:00
[2024-09-02 21:49:28,411] {processor.py:161} INFO - Processing /opt/conda/lib/python3.8/site-packages/airflow/example_dags/example_sla_dag.py took 0.173 seconds
[2024-09-02 21:50:41,752] {processor.py:153} INFO - Started process (PID=1883) to work on /opt/conda/lib/python3.8/site-packages/airflow/example_dags/example_sla_dag.py
[2024-09-02 21:50:41,753] {processor.py:641} INFO - Processing file /opt/conda/lib/python3.8/site-packages/airflow/example_dags/example_sla_dag.py for tasks to queue
[2024-09-02 21:50:41,754] {logging_mixin.py:115} INFO - [2024-09-02 21:50:41,753] {dagbag.py:508} INFO - Filling up the DagBag from /opt/conda/lib/python3.8/site-packages/airflow/example_dags/example_sla_dag.py
[2024-09-02 21:50:41,774] {processor.py:651} INFO - DAG(s) dict_keys(['example_sla_dag']) retrieved from /opt/conda/lib/python3.8/site-packages/airflow/example_dags/example_sla_dag.py
[2024-09-02 21:50:41,792] {logging_mixin.py:115} INFO - [2024-09-02 21:50:41,792] {dag.py:2420} INFO - Sync 1 DAGs
[2024-09-02 21:50:41,815] {logging_mixin.py:115} INFO - [2024-09-02 21:50:41,815] {dag.py:2968} INFO - Setting next_dagrun for example_sla_dag to 2024-09-02T21:48:00+00:00, run_after=2024-09-02T21:50:00+00:00
[2024-09-02 21:50:41,900] {processor.py:161} INFO - Processing /opt/conda/lib/python3.8/site-packages/airflow/example_dags/example_sla_dag.py took 0.152 seconds
[2024-09-02 21:51:51,025] {processor.py:153} INFO - Started process (PID=1928) to work on /opt/conda/lib/python3.8/site-packages/airflow/example_dags/example_sla_dag.py
[2024-09-02 21:51:51,027] {processor.py:641} INFO - Processing file /opt/conda/lib/python3.8/site-packages/airflow/example_dags/example_sla_dag.py for tasks to queue
[2024-09-02 21:51:51,027] {logging_mixin.py:115} INFO - [2024-09-02 21:51:51,027] {dagbag.py:508} INFO - Filling up the DagBag from /opt/conda/lib/python3.8/site-packages/airflow/example_dags/example_sla_dag.py
[2024-09-02 21:51:51,047] {processor.py:651} INFO - DAG(s) dict_keys(['example_sla_dag']) retrieved from /opt/conda/lib/python3.8/site-packages/airflow/example_dags/example_sla_dag.py
[2024-09-02 21:51:51,065] {logging_mixin.py:115} INFO - [2024-09-02 21:51:51,065] {dag.py:2420} INFO - Sync 1 DAGs
[2024-09-02 21:51:51,088] {logging_mixin.py:115} INFO - [2024-09-02 21:51:51,088] {dag.py:2968} INFO - Setting next_dagrun for example_sla_dag to 2024-09-02T21:48:00+00:00, run_after=2024-09-02T21:50:00+00:00
[2024-09-02 21:51:51,458] {processor.py:161} INFO - Processing /opt/conda/lib/python3.8/site-packages/airflow/example_dags/example_sla_dag.py took 0.436 seconds
