[2024-09-02 04:31:08,059] {processor.py:153} INFO - Started process (PID=823) to work on /opt/conda/lib/python3.8/site-packages/airflow/example_dags/example_trigger_controller_dag.py
[2024-09-02 04:31:08,060] {processor.py:641} INFO - Processing file /opt/conda/lib/python3.8/site-packages/airflow/example_dags/example_trigger_controller_dag.py for tasks to queue
[2024-09-02 04:31:08,060] {logging_mixin.py:115} INFO - [2024-09-02 04:31:08,060] {dagbag.py:508} INFO - Filling up the DagBag from /opt/conda/lib/python3.8/site-packages/airflow/example_dags/example_trigger_controller_dag.py
[2024-09-02 04:31:08,064] {processor.py:651} INFO - DAG(s) dict_keys(['example_trigger_controller_dag']) retrieved from /opt/conda/lib/python3.8/site-packages/airflow/example_dags/example_trigger_controller_dag.py
[2024-09-02 04:31:08,244] {logging_mixin.py:115} INFO - [2024-09-02 04:31:08,244] {manager.py:508} INFO - Created Permission View: can edit on DAG:example_trigger_controller_dag
[2024-09-02 04:31:08,261] {logging_mixin.py:115} INFO - [2024-09-02 04:31:08,261] {manager.py:508} INFO - Created Permission View: can delete on DAG:example_trigger_controller_dag
[2024-09-02 04:31:08,275] {logging_mixin.py:115} INFO - [2024-09-02 04:31:08,275] {manager.py:508} INFO - Created Permission View: can read on DAG:example_trigger_controller_dag
[2024-09-02 04:31:08,275] {logging_mixin.py:115} INFO - [2024-09-02 04:31:08,275] {dag.py:2420} INFO - Sync 1 DAGs
[2024-09-02 04:31:08,280] {logging_mixin.py:115} INFO - [2024-09-02 04:31:08,280] {dag.py:2439} INFO - Creating ORM DAG for example_trigger_controller_dag
[2024-09-02 04:31:08,286] {logging_mixin.py:115} INFO - [2024-09-02 04:31:08,286] {dag.py:2968} INFO - Setting next_dagrun for example_trigger_controller_dag to 2021-01-01T00:00:00+00:00, run_after=2021-01-01T00:00:00+00:00
[2024-09-02 04:31:08,306] {processor.py:161} INFO - Processing /opt/conda/lib/python3.8/site-packages/airflow/example_dags/example_trigger_controller_dag.py took 0.249 seconds
[2024-09-02 04:31:50,682] {processor.py:153} INFO - Started process (PID=859) to work on /opt/conda/lib/python3.8/site-packages/airflow/example_dags/example_trigger_controller_dag.py
[2024-09-02 04:31:50,683] {processor.py:641} INFO - Processing file /opt/conda/lib/python3.8/site-packages/airflow/example_dags/example_trigger_controller_dag.py for tasks to queue
[2024-09-02 04:31:50,684] {logging_mixin.py:115} INFO - [2024-09-02 04:31:50,684] {dagbag.py:508} INFO - Filling up the DagBag from /opt/conda/lib/python3.8/site-packages/airflow/example_dags/example_trigger_controller_dag.py
[2024-09-02 04:31:50,687] {processor.py:651} INFO - DAG(s) dict_keys(['example_trigger_controller_dag']) retrieved from /opt/conda/lib/python3.8/site-packages/airflow/example_dags/example_trigger_controller_dag.py
[2024-09-02 04:31:50,708] {logging_mixin.py:115} INFO - [2024-09-02 04:31:50,708] {dag.py:2420} INFO - Sync 1 DAGs
[2024-09-02 04:31:50,852] {logging_mixin.py:115} INFO - [2024-09-02 04:31:50,852] {dag.py:2968} INFO - Setting next_dagrun for example_trigger_controller_dag to 2021-01-01T00:00:00+00:00, run_after=2021-01-01T00:00:00+00:00
[2024-09-02 04:31:50,871] {processor.py:161} INFO - Processing /opt/conda/lib/python3.8/site-packages/airflow/example_dags/example_trigger_controller_dag.py took 0.193 seconds
[2024-09-02 04:32:28,134] {processor.py:153} INFO - Started process (PID=893) to work on /opt/conda/lib/python3.8/site-packages/airflow/example_dags/example_trigger_controller_dag.py
[2024-09-02 04:32:28,135] {processor.py:641} INFO - Processing file /opt/conda/lib/python3.8/site-packages/airflow/example_dags/example_trigger_controller_dag.py for tasks to queue
[2024-09-02 04:32:28,135] {logging_mixin.py:115} INFO - [2024-09-02 04:32:28,135] {dagbag.py:508} INFO - Filling up the DagBag from /opt/conda/lib/python3.8/site-packages/airflow/example_dags/example_trigger_controller_dag.py
[2024-09-02 04:32:28,139] {processor.py:651} INFO - DAG(s) dict_keys(['example_trigger_controller_dag']) retrieved from /opt/conda/lib/python3.8/site-packages/airflow/example_dags/example_trigger_controller_dag.py
[2024-09-02 04:32:28,157] {logging_mixin.py:115} INFO - [2024-09-02 04:32:28,157] {dag.py:2420} INFO - Sync 1 DAGs
[2024-09-02 04:32:28,277] {logging_mixin.py:115} INFO - [2024-09-02 04:32:28,277] {dag.py:2968} INFO - Setting next_dagrun for example_trigger_controller_dag to 2021-01-01T00:00:00+00:00, run_after=2021-01-01T00:00:00+00:00
[2024-09-02 04:32:28,295] {processor.py:161} INFO - Processing /opt/conda/lib/python3.8/site-packages/airflow/example_dags/example_trigger_controller_dag.py took 0.165 seconds
[2024-09-02 21:18:48,181] {processor.py:153} INFO - Started process (PID=659) to work on /opt/conda/lib/python3.8/site-packages/airflow/example_dags/example_trigger_controller_dag.py
[2024-09-02 21:18:48,183] {processor.py:641} INFO - Processing file /opt/conda/lib/python3.8/site-packages/airflow/example_dags/example_trigger_controller_dag.py for tasks to queue
[2024-09-02 21:18:48,183] {logging_mixin.py:115} INFO - [2024-09-02 21:18:48,183] {dagbag.py:508} INFO - Filling up the DagBag from /opt/conda/lib/python3.8/site-packages/airflow/example_dags/example_trigger_controller_dag.py
[2024-09-02 21:18:48,187] {processor.py:651} INFO - DAG(s) dict_keys(['example_trigger_controller_dag']) retrieved from /opt/conda/lib/python3.8/site-packages/airflow/example_dags/example_trigger_controller_dag.py
[2024-09-02 21:18:48,205] {logging_mixin.py:115} INFO - [2024-09-02 21:18:48,205] {dag.py:2420} INFO - Sync 1 DAGs
[2024-09-02 21:18:48,224] {logging_mixin.py:115} INFO - [2024-09-02 21:18:48,224] {dag.py:2968} INFO - Setting next_dagrun for example_trigger_controller_dag to 2021-01-01T00:00:00+00:00, run_after=2021-01-01T00:00:00+00:00
[2024-09-02 21:18:48,247] {processor.py:161} INFO - Processing /opt/conda/lib/python3.8/site-packages/airflow/example_dags/example_trigger_controller_dag.py took 0.069 seconds
[2024-09-02 21:19:27,338] {processor.py:153} INFO - Started process (PID=876) to work on /opt/conda/lib/python3.8/site-packages/airflow/example_dags/example_trigger_controller_dag.py
[2024-09-02 21:19:27,339] {processor.py:641} INFO - Processing file /opt/conda/lib/python3.8/site-packages/airflow/example_dags/example_trigger_controller_dag.py for tasks to queue
[2024-09-02 21:19:27,340] {logging_mixin.py:115} INFO - [2024-09-02 21:19:27,339] {dagbag.py:508} INFO - Filling up the DagBag from /opt/conda/lib/python3.8/site-packages/airflow/example_dags/example_trigger_controller_dag.py
[2024-09-02 21:19:27,343] {processor.py:651} INFO - DAG(s) dict_keys(['example_trigger_controller_dag']) retrieved from /opt/conda/lib/python3.8/site-packages/airflow/example_dags/example_trigger_controller_dag.py
[2024-09-02 21:19:27,360] {logging_mixin.py:115} INFO - [2024-09-02 21:19:27,360] {dag.py:2420} INFO - Sync 1 DAGs
[2024-09-02 21:19:27,375] {logging_mixin.py:115} INFO - [2024-09-02 21:19:27,375] {dag.py:2968} INFO - Setting next_dagrun for example_trigger_controller_dag to 2021-01-01T00:00:00+00:00, run_after=2021-01-01T00:00:00+00:00
[2024-09-02 21:19:27,562] {processor.py:161} INFO - Processing /opt/conda/lib/python3.8/site-packages/airflow/example_dags/example_trigger_controller_dag.py took 0.228 seconds
[2024-09-02 21:20:07,391] {processor.py:153} INFO - Started process (PID=915) to work on /opt/conda/lib/python3.8/site-packages/airflow/example_dags/example_trigger_controller_dag.py
[2024-09-02 21:20:07,393] {processor.py:641} INFO - Processing file /opt/conda/lib/python3.8/site-packages/airflow/example_dags/example_trigger_controller_dag.py for tasks to queue
[2024-09-02 21:20:07,394] {logging_mixin.py:115} INFO - [2024-09-02 21:20:07,394] {dagbag.py:508} INFO - Filling up the DagBag from /opt/conda/lib/python3.8/site-packages/airflow/example_dags/example_trigger_controller_dag.py
[2024-09-02 21:20:07,397] {processor.py:651} INFO - DAG(s) dict_keys(['example_trigger_controller_dag']) retrieved from /opt/conda/lib/python3.8/site-packages/airflow/example_dags/example_trigger_controller_dag.py
[2024-09-02 21:20:07,416] {logging_mixin.py:115} INFO - [2024-09-02 21:20:07,416] {dag.py:2420} INFO - Sync 1 DAGs
[2024-09-02 21:20:07,435] {logging_mixin.py:115} INFO - [2024-09-02 21:20:07,435] {dag.py:2968} INFO - Setting next_dagrun for example_trigger_controller_dag to 2021-01-01T00:00:00+00:00, run_after=2021-01-01T00:00:00+00:00
[2024-09-02 21:20:07,556] {processor.py:161} INFO - Processing /opt/conda/lib/python3.8/site-packages/airflow/example_dags/example_trigger_controller_dag.py took 0.168 seconds
[2024-09-02 21:21:25,542] {processor.py:153} INFO - Started process (PID=961) to work on /opt/conda/lib/python3.8/site-packages/airflow/example_dags/example_trigger_controller_dag.py
[2024-09-02 21:21:25,543] {processor.py:641} INFO - Processing file /opt/conda/lib/python3.8/site-packages/airflow/example_dags/example_trigger_controller_dag.py for tasks to queue
[2024-09-02 21:21:25,544] {logging_mixin.py:115} INFO - [2024-09-02 21:21:25,544] {dagbag.py:508} INFO - Filling up the DagBag from /opt/conda/lib/python3.8/site-packages/airflow/example_dags/example_trigger_controller_dag.py
[2024-09-02 21:21:25,547] {processor.py:651} INFO - DAG(s) dict_keys(['example_trigger_controller_dag']) retrieved from /opt/conda/lib/python3.8/site-packages/airflow/example_dags/example_trigger_controller_dag.py
[2024-09-02 21:21:25,565] {logging_mixin.py:115} INFO - [2024-09-02 21:21:25,565] {dag.py:2420} INFO - Sync 1 DAGs
[2024-09-02 21:21:25,583] {logging_mixin.py:115} INFO - [2024-09-02 21:21:25,583] {dag.py:2968} INFO - Setting next_dagrun for example_trigger_controller_dag to 2021-01-01T00:00:00+00:00, run_after=2021-01-01T00:00:00+00:00
[2024-09-02 21:21:28,024] {processor.py:161} INFO - Processing /opt/conda/lib/python3.8/site-packages/airflow/example_dags/example_trigger_controller_dag.py took 2.486 seconds
[2024-09-02 21:22:32,066] {processor.py:153} INFO - Started process (PID=996) to work on /opt/conda/lib/python3.8/site-packages/airflow/example_dags/example_trigger_controller_dag.py
[2024-09-02 21:22:32,068] {processor.py:641} INFO - Processing file /opt/conda/lib/python3.8/site-packages/airflow/example_dags/example_trigger_controller_dag.py for tasks to queue
[2024-09-02 21:22:32,068] {logging_mixin.py:115} INFO - [2024-09-02 21:22:32,068] {dagbag.py:508} INFO - Filling up the DagBag from /opt/conda/lib/python3.8/site-packages/airflow/example_dags/example_trigger_controller_dag.py
[2024-09-02 21:22:32,072] {processor.py:651} INFO - DAG(s) dict_keys(['example_trigger_controller_dag']) retrieved from /opt/conda/lib/python3.8/site-packages/airflow/example_dags/example_trigger_controller_dag.py
[2024-09-02 21:22:32,090] {logging_mixin.py:115} INFO - [2024-09-02 21:22:32,090] {dag.py:2420} INFO - Sync 1 DAGs
[2024-09-02 21:22:32,109] {logging_mixin.py:115} INFO - [2024-09-02 21:22:32,109] {dag.py:2968} INFO - Setting next_dagrun for example_trigger_controller_dag to 2021-01-01T00:00:00+00:00, run_after=2021-01-01T00:00:00+00:00
[2024-09-02 21:22:32,397] {processor.py:161} INFO - Processing /opt/conda/lib/python3.8/site-packages/airflow/example_dags/example_trigger_controller_dag.py took 0.335 seconds
[2024-09-02 21:23:10,636] {processor.py:153} INFO - Started process (PID=1032) to work on /opt/conda/lib/python3.8/site-packages/airflow/example_dags/example_trigger_controller_dag.py
[2024-09-02 21:23:10,637] {processor.py:641} INFO - Processing file /opt/conda/lib/python3.8/site-packages/airflow/example_dags/example_trigger_controller_dag.py for tasks to queue
[2024-09-02 21:23:10,638] {logging_mixin.py:115} INFO - [2024-09-02 21:23:10,638] {dagbag.py:508} INFO - Filling up the DagBag from /opt/conda/lib/python3.8/site-packages/airflow/example_dags/example_trigger_controller_dag.py
[2024-09-02 21:23:10,641] {processor.py:651} INFO - DAG(s) dict_keys(['example_trigger_controller_dag']) retrieved from /opt/conda/lib/python3.8/site-packages/airflow/example_dags/example_trigger_controller_dag.py
[2024-09-02 21:23:10,659] {logging_mixin.py:115} INFO - [2024-09-02 21:23:10,659] {dag.py:2420} INFO - Sync 1 DAGs
[2024-09-02 21:23:10,678] {logging_mixin.py:115} INFO - [2024-09-02 21:23:10,678] {dag.py:2968} INFO - Setting next_dagrun for example_trigger_controller_dag to 2021-01-01T00:00:00+00:00, run_after=2021-01-01T00:00:00+00:00
[2024-09-02 21:23:10,890] {processor.py:161} INFO - Processing /opt/conda/lib/python3.8/site-packages/airflow/example_dags/example_trigger_controller_dag.py took 0.258 seconds
[2024-09-02 21:24:28,763] {processor.py:153} INFO - Started process (PID=1086) to work on /opt/conda/lib/python3.8/site-packages/airflow/example_dags/example_trigger_controller_dag.py
[2024-09-02 21:24:28,764] {processor.py:641} INFO - Processing file /opt/conda/lib/python3.8/site-packages/airflow/example_dags/example_trigger_controller_dag.py for tasks to queue
[2024-09-02 21:24:28,765] {logging_mixin.py:115} INFO - [2024-09-02 21:24:28,764] {dagbag.py:508} INFO - Filling up the DagBag from /opt/conda/lib/python3.8/site-packages/airflow/example_dags/example_trigger_controller_dag.py
[2024-09-02 21:24:28,768] {processor.py:651} INFO - DAG(s) dict_keys(['example_trigger_controller_dag']) retrieved from /opt/conda/lib/python3.8/site-packages/airflow/example_dags/example_trigger_controller_dag.py
[2024-09-02 21:24:28,786] {logging_mixin.py:115} INFO - [2024-09-02 21:24:28,786] {dag.py:2420} INFO - Sync 1 DAGs
[2024-09-02 21:24:28,805] {logging_mixin.py:115} INFO - [2024-09-02 21:24:28,805] {dag.py:2968} INFO - Setting next_dagrun for example_trigger_controller_dag to 2021-01-01T00:00:00+00:00, run_after=2021-01-01T00:00:00+00:00
[2024-09-02 21:24:30,574] {processor.py:161} INFO - Processing /opt/conda/lib/python3.8/site-packages/airflow/example_dags/example_trigger_controller_dag.py took 1.815 seconds
[2024-09-02 21:25:20,941] {processor.py:153} INFO - Started process (PID=1119) to work on /opt/conda/lib/python3.8/site-packages/airflow/example_dags/example_trigger_controller_dag.py
[2024-09-02 21:25:20,943] {processor.py:641} INFO - Processing file /opt/conda/lib/python3.8/site-packages/airflow/example_dags/example_trigger_controller_dag.py for tasks to queue
[2024-09-02 21:25:20,943] {logging_mixin.py:115} INFO - [2024-09-02 21:25:20,943] {dagbag.py:508} INFO - Filling up the DagBag from /opt/conda/lib/python3.8/site-packages/airflow/example_dags/example_trigger_controller_dag.py
[2024-09-02 21:25:20,947] {processor.py:651} INFO - DAG(s) dict_keys(['example_trigger_controller_dag']) retrieved from /opt/conda/lib/python3.8/site-packages/airflow/example_dags/example_trigger_controller_dag.py
[2024-09-02 21:25:20,965] {logging_mixin.py:115} INFO - [2024-09-02 21:25:20,965] {dag.py:2420} INFO - Sync 1 DAGs
[2024-09-02 21:25:20,984] {logging_mixin.py:115} INFO - [2024-09-02 21:25:20,984] {dag.py:2968} INFO - Setting next_dagrun for example_trigger_controller_dag to 2021-01-01T00:00:00+00:00, run_after=2021-01-01T00:00:00+00:00
[2024-09-02 21:25:21,415] {processor.py:161} INFO - Processing /opt/conda/lib/python3.8/site-packages/airflow/example_dags/example_trigger_controller_dag.py took 0.477 seconds
[2024-09-02 21:26:29,292] {processor.py:153} INFO - Started process (PID=1150) to work on /opt/conda/lib/python3.8/site-packages/airflow/example_dags/example_trigger_controller_dag.py
[2024-09-02 21:26:29,294] {processor.py:641} INFO - Processing file /opt/conda/lib/python3.8/site-packages/airflow/example_dags/example_trigger_controller_dag.py for tasks to queue
[2024-09-02 21:26:29,294] {logging_mixin.py:115} INFO - [2024-09-02 21:26:29,294] {dagbag.py:508} INFO - Filling up the DagBag from /opt/conda/lib/python3.8/site-packages/airflow/example_dags/example_trigger_controller_dag.py
[2024-09-02 21:26:29,298] {processor.py:651} INFO - DAG(s) dict_keys(['example_trigger_controller_dag']) retrieved from /opt/conda/lib/python3.8/site-packages/airflow/example_dags/example_trigger_controller_dag.py
[2024-09-02 21:26:29,316] {logging_mixin.py:115} INFO - [2024-09-02 21:26:29,316] {dag.py:2420} INFO - Sync 1 DAGs
[2024-09-02 21:26:29,335] {logging_mixin.py:115} INFO - [2024-09-02 21:26:29,334] {dag.py:2968} INFO - Setting next_dagrun for example_trigger_controller_dag to 2021-01-01T00:00:00+00:00, run_after=2021-01-01T00:00:00+00:00
[2024-09-02 21:26:30,916] {processor.py:161} INFO - Processing /opt/conda/lib/python3.8/site-packages/airflow/example_dags/example_trigger_controller_dag.py took 1.628 seconds
[2024-09-02 21:27:37,961] {processor.py:153} INFO - Started process (PID=1187) to work on /opt/conda/lib/python3.8/site-packages/airflow/example_dags/example_trigger_controller_dag.py
[2024-09-02 21:27:37,962] {processor.py:641} INFO - Processing file /opt/conda/lib/python3.8/site-packages/airflow/example_dags/example_trigger_controller_dag.py for tasks to queue
[2024-09-02 21:27:37,963] {logging_mixin.py:115} INFO - [2024-09-02 21:27:37,963] {dagbag.py:508} INFO - Filling up the DagBag from /opt/conda/lib/python3.8/site-packages/airflow/example_dags/example_trigger_controller_dag.py
[2024-09-02 21:27:37,966] {processor.py:651} INFO - DAG(s) dict_keys(['example_trigger_controller_dag']) retrieved from /opt/conda/lib/python3.8/site-packages/airflow/example_dags/example_trigger_controller_dag.py
[2024-09-02 21:27:37,985] {logging_mixin.py:115} INFO - [2024-09-02 21:27:37,985] {dag.py:2420} INFO - Sync 1 DAGs
[2024-09-02 21:27:38,004] {logging_mixin.py:115} INFO - [2024-09-02 21:27:38,004] {dag.py:2968} INFO - Setting next_dagrun for example_trigger_controller_dag to 2021-01-01T00:00:00+00:00, run_after=2021-01-01T00:00:00+00:00
[2024-09-02 21:27:38,390] {processor.py:161} INFO - Processing /opt/conda/lib/python3.8/site-packages/airflow/example_dags/example_trigger_controller_dag.py took 0.433 seconds
[2024-09-02 21:28:20,764] {processor.py:153} INFO - Started process (PID=1219) to work on /opt/conda/lib/python3.8/site-packages/airflow/example_dags/example_trigger_controller_dag.py
[2024-09-02 21:28:20,766] {processor.py:641} INFO - Processing file /opt/conda/lib/python3.8/site-packages/airflow/example_dags/example_trigger_controller_dag.py for tasks to queue
[2024-09-02 21:28:20,766] {logging_mixin.py:115} INFO - [2024-09-02 21:28:20,766] {dagbag.py:508} INFO - Filling up the DagBag from /opt/conda/lib/python3.8/site-packages/airflow/example_dags/example_trigger_controller_dag.py
[2024-09-02 21:28:20,770] {processor.py:651} INFO - DAG(s) dict_keys(['example_trigger_controller_dag']) retrieved from /opt/conda/lib/python3.8/site-packages/airflow/example_dags/example_trigger_controller_dag.py
[2024-09-02 21:28:20,788] {logging_mixin.py:115} INFO - [2024-09-02 21:28:20,788] {dag.py:2420} INFO - Sync 1 DAGs
[2024-09-02 21:28:20,807] {logging_mixin.py:115} INFO - [2024-09-02 21:28:20,807] {dag.py:2968} INFO - Setting next_dagrun for example_trigger_controller_dag to 2021-01-01T00:00:00+00:00, run_after=2021-01-01T00:00:00+00:00
[2024-09-02 21:28:20,983] {processor.py:161} INFO - Processing /opt/conda/lib/python3.8/site-packages/airflow/example_dags/example_trigger_controller_dag.py took 0.223 seconds
[2024-09-02 21:29:35,403] {processor.py:153} INFO - Started process (PID=1274) to work on /opt/conda/lib/python3.8/site-packages/airflow/example_dags/example_trigger_controller_dag.py
[2024-09-02 21:29:35,404] {processor.py:641} INFO - Processing file /opt/conda/lib/python3.8/site-packages/airflow/example_dags/example_trigger_controller_dag.py for tasks to queue
[2024-09-02 21:29:35,405] {logging_mixin.py:115} INFO - [2024-09-02 21:29:35,405] {dagbag.py:508} INFO - Filling up the DagBag from /opt/conda/lib/python3.8/site-packages/airflow/example_dags/example_trigger_controller_dag.py
[2024-09-02 21:29:35,408] {processor.py:651} INFO - DAG(s) dict_keys(['example_trigger_controller_dag']) retrieved from /opt/conda/lib/python3.8/site-packages/airflow/example_dags/example_trigger_controller_dag.py
[2024-09-02 21:29:35,426] {logging_mixin.py:115} INFO - [2024-09-02 21:29:35,426] {dag.py:2420} INFO - Sync 1 DAGs
[2024-09-02 21:29:35,445] {logging_mixin.py:115} INFO - [2024-09-02 21:29:35,445] {dag.py:2968} INFO - Setting next_dagrun for example_trigger_controller_dag to 2021-01-01T00:00:00+00:00, run_after=2021-01-01T00:00:00+00:00
[2024-09-02 21:29:38,042] {processor.py:161} INFO - Processing /opt/conda/lib/python3.8/site-packages/airflow/example_dags/example_trigger_controller_dag.py took 2.642 seconds
[2024-09-02 21:30:32,518] {processor.py:153} INFO - Started process (PID=1304) to work on /opt/conda/lib/python3.8/site-packages/airflow/example_dags/example_trigger_controller_dag.py
[2024-09-02 21:30:32,520] {processor.py:641} INFO - Processing file /opt/conda/lib/python3.8/site-packages/airflow/example_dags/example_trigger_controller_dag.py for tasks to queue
[2024-09-02 21:30:32,520] {logging_mixin.py:115} INFO - [2024-09-02 21:30:32,520] {dagbag.py:508} INFO - Filling up the DagBag from /opt/conda/lib/python3.8/site-packages/airflow/example_dags/example_trigger_controller_dag.py
[2024-09-02 21:30:32,524] {processor.py:651} INFO - DAG(s) dict_keys(['example_trigger_controller_dag']) retrieved from /opt/conda/lib/python3.8/site-packages/airflow/example_dags/example_trigger_controller_dag.py
[2024-09-02 21:30:32,542] {logging_mixin.py:115} INFO - [2024-09-02 21:30:32,542] {dag.py:2420} INFO - Sync 1 DAGs
[2024-09-02 21:30:32,561] {logging_mixin.py:115} INFO - [2024-09-02 21:30:32,561] {dag.py:2968} INFO - Setting next_dagrun for example_trigger_controller_dag to 2021-01-01T00:00:00+00:00, run_after=2021-01-01T00:00:00+00:00
[2024-09-02 21:30:33,284] {processor.py:161} INFO - Processing /opt/conda/lib/python3.8/site-packages/airflow/example_dags/example_trigger_controller_dag.py took 0.769 seconds
[2024-09-02 21:31:21,912] {processor.py:153} INFO - Started process (PID=1346) to work on /opt/conda/lib/python3.8/site-packages/airflow/example_dags/example_trigger_controller_dag.py
[2024-09-02 21:31:21,913] {processor.py:641} INFO - Processing file /opt/conda/lib/python3.8/site-packages/airflow/example_dags/example_trigger_controller_dag.py for tasks to queue
[2024-09-02 21:31:21,914] {logging_mixin.py:115} INFO - [2024-09-02 21:31:21,914] {dagbag.py:508} INFO - Filling up the DagBag from /opt/conda/lib/python3.8/site-packages/airflow/example_dags/example_trigger_controller_dag.py
[2024-09-02 21:31:21,918] {processor.py:651} INFO - DAG(s) dict_keys(['example_trigger_controller_dag']) retrieved from /opt/conda/lib/python3.8/site-packages/airflow/example_dags/example_trigger_controller_dag.py
[2024-09-02 21:31:21,936] {logging_mixin.py:115} INFO - [2024-09-02 21:31:21,936] {dag.py:2420} INFO - Sync 1 DAGs
[2024-09-02 21:31:21,955] {logging_mixin.py:115} INFO - [2024-09-02 21:31:21,955] {dag.py:2968} INFO - Setting next_dagrun for example_trigger_controller_dag to 2021-01-01T00:00:00+00:00, run_after=2021-01-01T00:00:00+00:00
[2024-09-02 21:31:22,582] {processor.py:161} INFO - Processing /opt/conda/lib/python3.8/site-packages/airflow/example_dags/example_trigger_controller_dag.py took 0.674 seconds
[2024-09-02 21:31:58,445] {processor.py:153} INFO - Started process (PID=1383) to work on /opt/conda/lib/python3.8/site-packages/airflow/example_dags/example_trigger_controller_dag.py
[2024-09-02 21:31:58,447] {processor.py:641} INFO - Processing file /opt/conda/lib/python3.8/site-packages/airflow/example_dags/example_trigger_controller_dag.py for tasks to queue
[2024-09-02 21:31:58,447] {logging_mixin.py:115} INFO - [2024-09-02 21:31:58,447] {dagbag.py:508} INFO - Filling up the DagBag from /opt/conda/lib/python3.8/site-packages/airflow/example_dags/example_trigger_controller_dag.py
[2024-09-02 21:31:58,451] {processor.py:651} INFO - DAG(s) dict_keys(['example_trigger_controller_dag']) retrieved from /opt/conda/lib/python3.8/site-packages/airflow/example_dags/example_trigger_controller_dag.py
[2024-09-02 21:31:58,469] {logging_mixin.py:115} INFO - [2024-09-02 21:31:58,469] {dag.py:2420} INFO - Sync 1 DAGs
[2024-09-02 21:31:58,488] {logging_mixin.py:115} INFO - [2024-09-02 21:31:58,488] {dag.py:2968} INFO - Setting next_dagrun for example_trigger_controller_dag to 2021-01-01T00:00:00+00:00, run_after=2021-01-01T00:00:00+00:00
[2024-09-02 21:32:00,564] {processor.py:161} INFO - Processing /opt/conda/lib/python3.8/site-packages/airflow/example_dags/example_trigger_controller_dag.py took 2.123 seconds
[2024-09-02 21:33:35,398] {processor.py:153} INFO - Started process (PID=1454) to work on /opt/conda/lib/python3.8/site-packages/airflow/example_dags/example_trigger_controller_dag.py
[2024-09-02 21:33:35,399] {processor.py:641} INFO - Processing file /opt/conda/lib/python3.8/site-packages/airflow/example_dags/example_trigger_controller_dag.py for tasks to queue
[2024-09-02 21:33:35,400] {logging_mixin.py:115} INFO - [2024-09-02 21:33:35,399] {dagbag.py:508} INFO - Filling up the DagBag from /opt/conda/lib/python3.8/site-packages/airflow/example_dags/example_trigger_controller_dag.py
[2024-09-02 21:33:35,403] {processor.py:651} INFO - DAG(s) dict_keys(['example_trigger_controller_dag']) retrieved from /opt/conda/lib/python3.8/site-packages/airflow/example_dags/example_trigger_controller_dag.py
[2024-09-02 21:33:35,422] {logging_mixin.py:115} INFO - [2024-09-02 21:33:35,422] {dag.py:2420} INFO - Sync 1 DAGs
[2024-09-02 21:33:35,441] {logging_mixin.py:115} INFO - [2024-09-02 21:33:35,441] {dag.py:2968} INFO - Setting next_dagrun for example_trigger_controller_dag to 2021-01-01T00:00:00+00:00, run_after=2021-01-01T00:00:00+00:00
[2024-09-02 21:33:35,623] {processor.py:161} INFO - Processing /opt/conda/lib/python3.8/site-packages/airflow/example_dags/example_trigger_controller_dag.py took 0.229 seconds
[2024-09-02 21:34:36,790] {processor.py:153} INFO - Started process (PID=1488) to work on /opt/conda/lib/python3.8/site-packages/airflow/example_dags/example_trigger_controller_dag.py
[2024-09-02 21:34:36,791] {processor.py:641} INFO - Processing file /opt/conda/lib/python3.8/site-packages/airflow/example_dags/example_trigger_controller_dag.py for tasks to queue
[2024-09-02 21:34:36,792] {logging_mixin.py:115} INFO - [2024-09-02 21:34:36,792] {dagbag.py:508} INFO - Filling up the DagBag from /opt/conda/lib/python3.8/site-packages/airflow/example_dags/example_trigger_controller_dag.py
[2024-09-02 21:34:36,795] {processor.py:651} INFO - DAG(s) dict_keys(['example_trigger_controller_dag']) retrieved from /opt/conda/lib/python3.8/site-packages/airflow/example_dags/example_trigger_controller_dag.py
[2024-09-02 21:34:36,813] {logging_mixin.py:115} INFO - [2024-09-02 21:34:36,813] {dag.py:2420} INFO - Sync 1 DAGs
[2024-09-02 21:34:36,832] {logging_mixin.py:115} INFO - [2024-09-02 21:34:36,832] {dag.py:2968} INFO - Setting next_dagrun for example_trigger_controller_dag to 2021-01-01T00:00:00+00:00, run_after=2021-01-01T00:00:00+00:00
[2024-09-02 21:34:37,514] {processor.py:161} INFO - Processing /opt/conda/lib/python3.8/site-packages/airflow/example_dags/example_trigger_controller_dag.py took 0.727 seconds
[2024-09-02 21:35:49,108] {processor.py:153} INFO - Started process (PID=1532) to work on /opt/conda/lib/python3.8/site-packages/airflow/example_dags/example_trigger_controller_dag.py
[2024-09-02 21:35:49,109] {processor.py:641} INFO - Processing file /opt/conda/lib/python3.8/site-packages/airflow/example_dags/example_trigger_controller_dag.py for tasks to queue
[2024-09-02 21:35:49,110] {logging_mixin.py:115} INFO - [2024-09-02 21:35:49,110] {dagbag.py:508} INFO - Filling up the DagBag from /opt/conda/lib/python3.8/site-packages/airflow/example_dags/example_trigger_controller_dag.py
[2024-09-02 21:35:49,114] {processor.py:651} INFO - DAG(s) dict_keys(['example_trigger_controller_dag']) retrieved from /opt/conda/lib/python3.8/site-packages/airflow/example_dags/example_trigger_controller_dag.py
[2024-09-02 21:35:49,132] {logging_mixin.py:115} INFO - [2024-09-02 21:35:49,132] {dag.py:2420} INFO - Sync 1 DAGs
[2024-09-02 21:35:49,151] {logging_mixin.py:115} INFO - [2024-09-02 21:35:49,151] {dag.py:2968} INFO - Setting next_dagrun for example_trigger_controller_dag to 2021-01-01T00:00:00+00:00, run_after=2021-01-01T00:00:00+00:00
[2024-09-02 21:35:51,472] {processor.py:161} INFO - Processing /opt/conda/lib/python3.8/site-packages/airflow/example_dags/example_trigger_controller_dag.py took 2.367 seconds
[2024-09-02 21:36:53,935] {processor.py:153} INFO - Started process (PID=1565) to work on /opt/conda/lib/python3.8/site-packages/airflow/example_dags/example_trigger_controller_dag.py
[2024-09-02 21:36:53,936] {processor.py:641} INFO - Processing file /opt/conda/lib/python3.8/site-packages/airflow/example_dags/example_trigger_controller_dag.py for tasks to queue
[2024-09-02 21:36:53,937] {logging_mixin.py:115} INFO - [2024-09-02 21:36:53,936] {dagbag.py:508} INFO - Filling up the DagBag from /opt/conda/lib/python3.8/site-packages/airflow/example_dags/example_trigger_controller_dag.py
[2024-09-02 21:36:53,940] {processor.py:651} INFO - DAG(s) dict_keys(['example_trigger_controller_dag']) retrieved from /opt/conda/lib/python3.8/site-packages/airflow/example_dags/example_trigger_controller_dag.py
[2024-09-02 21:36:53,958] {logging_mixin.py:115} INFO - [2024-09-02 21:36:53,958] {dag.py:2420} INFO - Sync 1 DAGs
[2024-09-02 21:36:53,977] {logging_mixin.py:115} INFO - [2024-09-02 21:36:53,977] {dag.py:2968} INFO - Setting next_dagrun for example_trigger_controller_dag to 2021-01-01T00:00:00+00:00, run_after=2021-01-01T00:00:00+00:00
[2024-09-02 21:36:56,354] {processor.py:161} INFO - Processing /opt/conda/lib/python3.8/site-packages/airflow/example_dags/example_trigger_controller_dag.py took 2.423 seconds
[2024-09-02 21:37:45,210] {processor.py:153} INFO - Started process (PID=1606) to work on /opt/conda/lib/python3.8/site-packages/airflow/example_dags/example_trigger_controller_dag.py
[2024-09-02 21:37:45,211] {processor.py:641} INFO - Processing file /opt/conda/lib/python3.8/site-packages/airflow/example_dags/example_trigger_controller_dag.py for tasks to queue
[2024-09-02 21:37:45,211] {logging_mixin.py:115} INFO - [2024-09-02 21:37:45,211] {dagbag.py:508} INFO - Filling up the DagBag from /opt/conda/lib/python3.8/site-packages/airflow/example_dags/example_trigger_controller_dag.py
[2024-09-02 21:37:45,215] {processor.py:651} INFO - DAG(s) dict_keys(['example_trigger_controller_dag']) retrieved from /opt/conda/lib/python3.8/site-packages/airflow/example_dags/example_trigger_controller_dag.py
[2024-09-02 21:37:45,233] {logging_mixin.py:115} INFO - [2024-09-02 21:37:45,233] {dag.py:2420} INFO - Sync 1 DAGs
[2024-09-02 21:37:45,252] {logging_mixin.py:115} INFO - [2024-09-02 21:37:45,252] {dag.py:2968} INFO - Setting next_dagrun for example_trigger_controller_dag to 2021-01-01T00:00:00+00:00, run_after=2021-01-01T00:00:00+00:00
[2024-09-02 21:37:45,439] {processor.py:161} INFO - Processing /opt/conda/lib/python3.8/site-packages/airflow/example_dags/example_trigger_controller_dag.py took 0.233 seconds
[2024-09-02 21:38:32,207] {processor.py:153} INFO - Started process (PID=1646) to work on /opt/conda/lib/python3.8/site-packages/airflow/example_dags/example_trigger_controller_dag.py
[2024-09-02 21:38:32,209] {processor.py:641} INFO - Processing file /opt/conda/lib/python3.8/site-packages/airflow/example_dags/example_trigger_controller_dag.py for tasks to queue
[2024-09-02 21:38:32,209] {logging_mixin.py:115} INFO - [2024-09-02 21:38:32,209] {dagbag.py:508} INFO - Filling up the DagBag from /opt/conda/lib/python3.8/site-packages/airflow/example_dags/example_trigger_controller_dag.py
[2024-09-02 21:38:32,213] {processor.py:651} INFO - DAG(s) dict_keys(['example_trigger_controller_dag']) retrieved from /opt/conda/lib/python3.8/site-packages/airflow/example_dags/example_trigger_controller_dag.py
[2024-09-02 21:38:32,231] {logging_mixin.py:115} INFO - [2024-09-02 21:38:32,231] {dag.py:2420} INFO - Sync 1 DAGs
[2024-09-02 21:38:32,250] {logging_mixin.py:115} INFO - [2024-09-02 21:38:32,250] {dag.py:2968} INFO - Setting next_dagrun for example_trigger_controller_dag to 2021-01-01T00:00:00+00:00, run_after=2021-01-01T00:00:00+00:00
[2024-09-02 21:38:32,769] {processor.py:161} INFO - Processing /opt/conda/lib/python3.8/site-packages/airflow/example_dags/example_trigger_controller_dag.py took 0.566 seconds
[2024-09-02 21:39:20,548] {processor.py:153} INFO - Started process (PID=1697) to work on /opt/conda/lib/python3.8/site-packages/airflow/example_dags/example_trigger_controller_dag.py
[2024-09-02 21:39:20,562] {processor.py:641} INFO - Processing file /opt/conda/lib/python3.8/site-packages/airflow/example_dags/example_trigger_controller_dag.py for tasks to queue
[2024-09-02 21:39:20,563] {logging_mixin.py:115} INFO - [2024-09-02 21:39:20,563] {dagbag.py:508} INFO - Filling up the DagBag from /opt/conda/lib/python3.8/site-packages/airflow/example_dags/example_trigger_controller_dag.py
[2024-09-02 21:39:20,565] {processor.py:651} INFO - DAG(s) dict_keys(['example_trigger_controller_dag']) retrieved from /opt/conda/lib/python3.8/site-packages/airflow/example_dags/example_trigger_controller_dag.py
[2024-09-02 21:39:20,605] {logging_mixin.py:115} INFO - [2024-09-02 21:39:20,605] {dag.py:2420} INFO - Sync 1 DAGs
[2024-09-02 21:39:20,636] {logging_mixin.py:115} INFO - [2024-09-02 21:39:20,636] {dag.py:2968} INFO - Setting next_dagrun for example_trigger_controller_dag to 2021-01-01T00:00:00+00:00, run_after=2021-01-01T00:00:00+00:00
[2024-09-02 21:39:21,018] {processor.py:161} INFO - Processing /opt/conda/lib/python3.8/site-packages/airflow/example_dags/example_trigger_controller_dag.py took 0.473 seconds
[2024-09-02 21:40:20,456] {processor.py:153} INFO - Started process (PID=1734) to work on /opt/conda/lib/python3.8/site-packages/airflow/example_dags/example_trigger_controller_dag.py
[2024-09-02 21:40:20,457] {processor.py:641} INFO - Processing file /opt/conda/lib/python3.8/site-packages/airflow/example_dags/example_trigger_controller_dag.py for tasks to queue
[2024-09-02 21:40:20,458] {logging_mixin.py:115} INFO - [2024-09-02 21:40:20,458] {dagbag.py:508} INFO - Filling up the DagBag from /opt/conda/lib/python3.8/site-packages/airflow/example_dags/example_trigger_controller_dag.py
[2024-09-02 21:40:20,462] {processor.py:651} INFO - DAG(s) dict_keys(['example_trigger_controller_dag']) retrieved from /opt/conda/lib/python3.8/site-packages/airflow/example_dags/example_trigger_controller_dag.py
[2024-09-02 21:40:20,480] {logging_mixin.py:115} INFO - [2024-09-02 21:40:20,480] {dag.py:2420} INFO - Sync 1 DAGs
[2024-09-02 21:40:20,499] {logging_mixin.py:115} INFO - [2024-09-02 21:40:20,499] {dag.py:2968} INFO - Setting next_dagrun for example_trigger_controller_dag to 2021-01-01T00:00:00+00:00, run_after=2021-01-01T00:00:00+00:00
[2024-09-02 21:40:23,551] {processor.py:161} INFO - Processing /opt/conda/lib/python3.8/site-packages/airflow/example_dags/example_trigger_controller_dag.py took 3.099 seconds
[2024-09-02 21:41:46,617] {processor.py:153} INFO - Started process (PID=1769) to work on /opt/conda/lib/python3.8/site-packages/airflow/example_dags/example_trigger_controller_dag.py
[2024-09-02 21:41:46,618] {processor.py:641} INFO - Processing file /opt/conda/lib/python3.8/site-packages/airflow/example_dags/example_trigger_controller_dag.py for tasks to queue
[2024-09-02 21:41:46,619] {logging_mixin.py:115} INFO - [2024-09-02 21:41:46,619] {dagbag.py:508} INFO - Filling up the DagBag from /opt/conda/lib/python3.8/site-packages/airflow/example_dags/example_trigger_controller_dag.py
[2024-09-02 21:41:46,623] {processor.py:651} INFO - DAG(s) dict_keys(['example_trigger_controller_dag']) retrieved from /opt/conda/lib/python3.8/site-packages/airflow/example_dags/example_trigger_controller_dag.py
[2024-09-02 21:41:46,641] {logging_mixin.py:115} INFO - [2024-09-02 21:41:46,641] {dag.py:2420} INFO - Sync 1 DAGs
[2024-09-02 21:41:46,660] {logging_mixin.py:115} INFO - [2024-09-02 21:41:46,660] {dag.py:2968} INFO - Setting next_dagrun for example_trigger_controller_dag to 2021-01-01T00:00:00+00:00, run_after=2021-01-01T00:00:00+00:00
[2024-09-02 21:41:48,570] {processor.py:161} INFO - Processing /opt/conda/lib/python3.8/site-packages/airflow/example_dags/example_trigger_controller_dag.py took 1.957 seconds
[2024-09-02 21:48:33,510] {processor.py:153} INFO - Started process (PID=1812) to work on /opt/conda/lib/python3.8/site-packages/airflow/example_dags/example_trigger_controller_dag.py
[2024-09-02 21:48:33,512] {processor.py:641} INFO - Processing file /opt/conda/lib/python3.8/site-packages/airflow/example_dags/example_trigger_controller_dag.py for tasks to queue
[2024-09-02 21:48:33,513] {logging_mixin.py:115} INFO - [2024-09-02 21:48:33,512] {dagbag.py:508} INFO - Filling up the DagBag from /opt/conda/lib/python3.8/site-packages/airflow/example_dags/example_trigger_controller_dag.py
[2024-09-02 21:48:33,516] {processor.py:651} INFO - DAG(s) dict_keys(['example_trigger_controller_dag']) retrieved from /opt/conda/lib/python3.8/site-packages/airflow/example_dags/example_trigger_controller_dag.py
[2024-09-02 21:48:33,535] {logging_mixin.py:115} INFO - [2024-09-02 21:48:33,535] {dag.py:2420} INFO - Sync 1 DAGs
[2024-09-02 21:48:33,554] {logging_mixin.py:115} INFO - [2024-09-02 21:48:33,554] {dag.py:2968} INFO - Setting next_dagrun for example_trigger_controller_dag to 2021-01-01T00:00:00+00:00, run_after=2021-01-01T00:00:00+00:00
[2024-09-02 21:48:36,422] {processor.py:161} INFO - Processing /opt/conda/lib/python3.8/site-packages/airflow/example_dags/example_trigger_controller_dag.py took 2.915 seconds
[2024-09-02 21:49:59,351] {processor.py:153} INFO - Started process (PID=1857) to work on /opt/conda/lib/python3.8/site-packages/airflow/example_dags/example_trigger_controller_dag.py
[2024-09-02 21:49:59,352] {processor.py:641} INFO - Processing file /opt/conda/lib/python3.8/site-packages/airflow/example_dags/example_trigger_controller_dag.py for tasks to queue
[2024-09-02 21:49:59,352] {logging_mixin.py:115} INFO - [2024-09-02 21:49:59,352] {dagbag.py:508} INFO - Filling up the DagBag from /opt/conda/lib/python3.8/site-packages/airflow/example_dags/example_trigger_controller_dag.py
[2024-09-02 21:49:59,356] {processor.py:651} INFO - DAG(s) dict_keys(['example_trigger_controller_dag']) retrieved from /opt/conda/lib/python3.8/site-packages/airflow/example_dags/example_trigger_controller_dag.py
[2024-09-02 21:49:59,374] {logging_mixin.py:115} INFO - [2024-09-02 21:49:59,374] {dag.py:2420} INFO - Sync 1 DAGs
[2024-09-02 21:49:59,393] {logging_mixin.py:115} INFO - [2024-09-02 21:49:59,393] {dag.py:2968} INFO - Setting next_dagrun for example_trigger_controller_dag to 2021-01-01T00:00:00+00:00, run_after=2021-01-01T00:00:00+00:00
[2024-09-02 21:50:01,529] {processor.py:161} INFO - Processing /opt/conda/lib/python3.8/site-packages/airflow/example_dags/example_trigger_controller_dag.py took 2.182 seconds
[2024-09-02 21:51:20,542] {processor.py:153} INFO - Started process (PID=1914) to work on /opt/conda/lib/python3.8/site-packages/airflow/example_dags/example_trigger_controller_dag.py
[2024-09-02 21:51:20,544] {processor.py:641} INFO - Processing file /opt/conda/lib/python3.8/site-packages/airflow/example_dags/example_trigger_controller_dag.py for tasks to queue
[2024-09-02 21:51:20,544] {logging_mixin.py:115} INFO - [2024-09-02 21:51:20,544] {dagbag.py:508} INFO - Filling up the DagBag from /opt/conda/lib/python3.8/site-packages/airflow/example_dags/example_trigger_controller_dag.py
[2024-09-02 21:51:20,548] {processor.py:651} INFO - DAG(s) dict_keys(['example_trigger_controller_dag']) retrieved from /opt/conda/lib/python3.8/site-packages/airflow/example_dags/example_trigger_controller_dag.py
[2024-09-02 21:51:20,566] {logging_mixin.py:115} INFO - [2024-09-02 21:51:20,566] {dag.py:2420} INFO - Sync 1 DAGs
[2024-09-02 21:51:20,586] {logging_mixin.py:115} INFO - [2024-09-02 21:51:20,586] {dag.py:2968} INFO - Setting next_dagrun for example_trigger_controller_dag to 2021-01-01T00:00:00+00:00, run_after=2021-01-01T00:00:00+00:00
[2024-09-02 21:51:21,687] {processor.py:161} INFO - Processing /opt/conda/lib/python3.8/site-packages/airflow/example_dags/example_trigger_controller_dag.py took 1.148 seconds
[2024-09-02 21:52:05,181] {processor.py:153} INFO - Started process (PID=1942) to work on /opt/conda/lib/python3.8/site-packages/airflow/example_dags/example_trigger_controller_dag.py
[2024-09-02 21:52:05,182] {processor.py:641} INFO - Processing file /opt/conda/lib/python3.8/site-packages/airflow/example_dags/example_trigger_controller_dag.py for tasks to queue
[2024-09-02 21:52:05,183] {logging_mixin.py:115} INFO - [2024-09-02 21:52:05,183] {dagbag.py:508} INFO - Filling up the DagBag from /opt/conda/lib/python3.8/site-packages/airflow/example_dags/example_trigger_controller_dag.py
[2024-09-02 21:52:05,187] {processor.py:651} INFO - DAG(s) dict_keys(['example_trigger_controller_dag']) retrieved from /opt/conda/lib/python3.8/site-packages/airflow/example_dags/example_trigger_controller_dag.py
[2024-09-02 21:52:05,205] {logging_mixin.py:115} INFO - [2024-09-02 21:52:05,205] {dag.py:2420} INFO - Sync 1 DAGs
[2024-09-02 21:52:05,224] {logging_mixin.py:115} INFO - [2024-09-02 21:52:05,224] {dag.py:2968} INFO - Setting next_dagrun for example_trigger_controller_dag to 2021-01-01T00:00:00+00:00, run_after=2021-01-01T00:00:00+00:00
[2024-09-02 21:52:05,607] {processor.py:161} INFO - Processing /opt/conda/lib/python3.8/site-packages/airflow/example_dags/example_trigger_controller_dag.py took 0.430 seconds
