[2024-09-02 04:31:21,647] {processor.py:153} INFO - Started process (PID=835) to work on /opt/conda/lib/python3.8/site-packages/airflow/example_dags/example_branch_operator.py
[2024-09-02 04:31:21,647] {processor.py:641} INFO - Processing file /opt/conda/lib/python3.8/site-packages/airflow/example_dags/example_branch_operator.py for tasks to queue
[2024-09-02 04:31:21,648] {logging_mixin.py:115} INFO - [2024-09-02 04:31:21,648] {dagbag.py:508} INFO - Filling up the DagBag from /opt/conda/lib/python3.8/site-packages/airflow/example_dags/example_branch_operator.py
[2024-09-02 04:31:21,663] {processor.py:651} INFO - DAG(s) dict_keys(['example_branch_operator']) retrieved from /opt/conda/lib/python3.8/site-packages/airflow/example_dags/example_branch_operator.py
[2024-09-02 04:31:21,864] {logging_mixin.py:115} INFO - [2024-09-02 04:31:21,864] {manager.py:508} INFO - Created Permission View: can edit on DAG:example_branch_operator
[2024-09-02 04:31:21,879] {logging_mixin.py:115} INFO - [2024-09-02 04:31:21,879] {manager.py:508} INFO - Created Permission View: can delete on DAG:example_branch_operator
[2024-09-02 04:31:21,894] {logging_mixin.py:115} INFO - [2024-09-02 04:31:21,894] {manager.py:508} INFO - Created Permission View: can read on DAG:example_branch_operator
[2024-09-02 04:31:21,894] {logging_mixin.py:115} INFO - [2024-09-02 04:31:21,894] {dag.py:2420} INFO - Sync 1 DAGs
[2024-09-02 04:31:21,899] {logging_mixin.py:115} INFO - [2024-09-02 04:31:21,899] {dag.py:2439} INFO - Creating ORM DAG for example_branch_operator
[2024-09-02 04:31:21,906] {logging_mixin.py:115} INFO - [2024-09-02 04:31:21,906] {dag.py:2968} INFO - Setting next_dagrun for example_branch_operator to 2024-09-01T00:00:00+00:00, run_after=2024-09-02T00:00:00+00:00
[2024-09-02 04:31:21,926] {processor.py:161} INFO - Processing /opt/conda/lib/python3.8/site-packages/airflow/example_dags/example_branch_operator.py took 0.283 seconds
[2024-09-02 04:32:01,181] {processor.py:153} INFO - Started process (PID=869) to work on /opt/conda/lib/python3.8/site-packages/airflow/example_dags/example_branch_operator.py
[2024-09-02 04:32:01,182] {processor.py:641} INFO - Processing file /opt/conda/lib/python3.8/site-packages/airflow/example_dags/example_branch_operator.py for tasks to queue
[2024-09-02 04:32:01,183] {logging_mixin.py:115} INFO - [2024-09-02 04:32:01,182] {dagbag.py:508} INFO - Filling up the DagBag from /opt/conda/lib/python3.8/site-packages/airflow/example_dags/example_branch_operator.py
[2024-09-02 04:32:01,196] {processor.py:651} INFO - DAG(s) dict_keys(['example_branch_operator']) retrieved from /opt/conda/lib/python3.8/site-packages/airflow/example_dags/example_branch_operator.py
[2024-09-02 04:32:01,317] {logging_mixin.py:115} INFO - [2024-09-02 04:32:01,317] {dag.py:2420} INFO - Sync 1 DAGs
[2024-09-02 04:32:01,329] {logging_mixin.py:115} INFO - [2024-09-02 04:32:01,329] {dag.py:2968} INFO - Setting next_dagrun for example_branch_operator to 2024-09-01T00:00:00+00:00, run_after=2024-09-02T00:00:00+00:00
[2024-09-02 04:32:01,348] {processor.py:161} INFO - Processing /opt/conda/lib/python3.8/site-packages/airflow/example_dags/example_branch_operator.py took 0.170 seconds
[2024-09-02 04:32:41,656] {processor.py:153} INFO - Started process (PID=906) to work on /opt/conda/lib/python3.8/site-packages/airflow/example_dags/example_branch_operator.py
[2024-09-02 04:32:41,658] {processor.py:641} INFO - Processing file /opt/conda/lib/python3.8/site-packages/airflow/example_dags/example_branch_operator.py for tasks to queue
[2024-09-02 04:32:41,658] {logging_mixin.py:115} INFO - [2024-09-02 04:32:41,658] {dagbag.py:508} INFO - Filling up the DagBag from /opt/conda/lib/python3.8/site-packages/airflow/example_dags/example_branch_operator.py
[2024-09-02 04:32:41,672] {processor.py:651} INFO - DAG(s) dict_keys(['example_branch_operator']) retrieved from /opt/conda/lib/python3.8/site-packages/airflow/example_dags/example_branch_operator.py
[2024-09-02 04:32:41,794] {logging_mixin.py:115} INFO - [2024-09-02 04:32:41,794] {dag.py:2420} INFO - Sync 1 DAGs
[2024-09-02 04:32:41,806] {logging_mixin.py:115} INFO - [2024-09-02 04:32:41,806] {dag.py:2968} INFO - Setting next_dagrun for example_branch_operator to 2024-09-01T00:00:00+00:00, run_after=2024-09-02T00:00:00+00:00
[2024-09-02 04:32:41,824] {processor.py:161} INFO - Processing /opt/conda/lib/python3.8/site-packages/airflow/example_dags/example_branch_operator.py took 0.171 seconds
[2024-09-02 21:18:52,951] {processor.py:153} INFO - Started process (PID=663) to work on /opt/conda/lib/python3.8/site-packages/airflow/example_dags/example_branch_operator.py
[2024-09-02 21:18:52,953] {processor.py:641} INFO - Processing file /opt/conda/lib/python3.8/site-packages/airflow/example_dags/example_branch_operator.py for tasks to queue
[2024-09-02 21:18:52,953] {logging_mixin.py:115} INFO - [2024-09-02 21:18:52,953] {dagbag.py:508} INFO - Filling up the DagBag from /opt/conda/lib/python3.8/site-packages/airflow/example_dags/example_branch_operator.py
[2024-09-02 21:18:52,964] {processor.py:651} INFO - DAG(s) dict_keys(['example_branch_operator']) retrieved from /opt/conda/lib/python3.8/site-packages/airflow/example_dags/example_branch_operator.py
[2024-09-02 21:18:52,980] {logging_mixin.py:115} INFO - [2024-09-02 21:18:52,980] {dag.py:2420} INFO - Sync 1 DAGs
[2024-09-02 21:18:52,995] {logging_mixin.py:115} INFO - [2024-09-02 21:18:52,995] {dag.py:2968} INFO - Setting next_dagrun for example_branch_operator to 2024-09-01T00:00:00+00:00, run_after=2024-09-02T00:00:00+00:00
[2024-09-02 21:18:53,015] {processor.py:161} INFO - Processing /opt/conda/lib/python3.8/site-packages/airflow/example_dags/example_branch_operator.py took 0.067 seconds
[2024-09-02 21:19:32,316] {processor.py:153} INFO - Started process (PID=880) to work on /opt/conda/lib/python3.8/site-packages/airflow/example_dags/example_branch_operator.py
[2024-09-02 21:19:32,317] {processor.py:641} INFO - Processing file /opt/conda/lib/python3.8/site-packages/airflow/example_dags/example_branch_operator.py for tasks to queue
[2024-09-02 21:19:32,317] {logging_mixin.py:115} INFO - [2024-09-02 21:19:32,317] {dagbag.py:508} INFO - Filling up the DagBag from /opt/conda/lib/python3.8/site-packages/airflow/example_dags/example_branch_operator.py
[2024-09-02 21:19:32,329] {processor.py:651} INFO - DAG(s) dict_keys(['example_branch_operator']) retrieved from /opt/conda/lib/python3.8/site-packages/airflow/example_dags/example_branch_operator.py
[2024-09-02 21:19:32,348] {logging_mixin.py:115} INFO - [2024-09-02 21:19:32,348] {dag.py:2420} INFO - Sync 1 DAGs
[2024-09-02 21:19:32,369] {logging_mixin.py:115} INFO - [2024-09-02 21:19:32,369] {dag.py:2968} INFO - Setting next_dagrun for example_branch_operator to 2024-09-01T00:00:00+00:00, run_after=2024-09-02T00:00:00+00:00
[2024-09-02 21:19:32,398] {processor.py:161} INFO - Processing /opt/conda/lib/python3.8/site-packages/airflow/example_dags/example_branch_operator.py took 0.086 seconds
[2024-09-02 21:20:26,821] {processor.py:153} INFO - Started process (PID=930) to work on /opt/conda/lib/python3.8/site-packages/airflow/example_dags/example_branch_operator.py
[2024-09-02 21:20:26,822] {processor.py:641} INFO - Processing file /opt/conda/lib/python3.8/site-packages/airflow/example_dags/example_branch_operator.py for tasks to queue
[2024-09-02 21:20:26,823] {logging_mixin.py:115} INFO - [2024-09-02 21:20:26,822] {dagbag.py:508} INFO - Filling up the DagBag from /opt/conda/lib/python3.8/site-packages/airflow/example_dags/example_branch_operator.py
[2024-09-02 21:20:26,834] {processor.py:651} INFO - DAG(s) dict_keys(['example_branch_operator']) retrieved from /opt/conda/lib/python3.8/site-packages/airflow/example_dags/example_branch_operator.py
[2024-09-02 21:20:26,854] {logging_mixin.py:115} INFO - [2024-09-02 21:20:26,853] {dag.py:2420} INFO - Sync 1 DAGs
[2024-09-02 21:20:26,875] {logging_mixin.py:115} INFO - [2024-09-02 21:20:26,874] {dag.py:2968} INFO - Setting next_dagrun for example_branch_operator to 2024-09-01T00:00:00+00:00, run_after=2024-09-02T00:00:00+00:00
[2024-09-02 21:20:29,301] {processor.py:161} INFO - Processing /opt/conda/lib/python3.8/site-packages/airflow/example_dags/example_branch_operator.py took 2.484 seconds
[2024-09-02 21:21:37,352] {processor.py:153} INFO - Started process (PID=965) to work on /opt/conda/lib/python3.8/site-packages/airflow/example_dags/example_branch_operator.py
[2024-09-02 21:21:37,354] {processor.py:641} INFO - Processing file /opt/conda/lib/python3.8/site-packages/airflow/example_dags/example_branch_operator.py for tasks to queue
[2024-09-02 21:21:37,354] {logging_mixin.py:115} INFO - [2024-09-02 21:21:37,354] {dagbag.py:508} INFO - Filling up the DagBag from /opt/conda/lib/python3.8/site-packages/airflow/example_dags/example_branch_operator.py
[2024-09-02 21:21:37,366] {processor.py:651} INFO - DAG(s) dict_keys(['example_branch_operator']) retrieved from /opt/conda/lib/python3.8/site-packages/airflow/example_dags/example_branch_operator.py
[2024-09-02 21:21:37,385] {logging_mixin.py:115} INFO - [2024-09-02 21:21:37,385] {dag.py:2420} INFO - Sync 1 DAGs
[2024-09-02 21:21:37,406] {logging_mixin.py:115} INFO - [2024-09-02 21:21:37,406] {dag.py:2968} INFO - Setting next_dagrun for example_branch_operator to 2024-09-01T00:00:00+00:00, run_after=2024-09-02T00:00:00+00:00
[2024-09-02 21:21:40,777] {processor.py:161} INFO - Processing /opt/conda/lib/python3.8/site-packages/airflow/example_dags/example_branch_operator.py took 3.428 seconds
[2024-09-02 21:22:38,335] {processor.py:153} INFO - Started process (PID=1000) to work on /opt/conda/lib/python3.8/site-packages/airflow/example_dags/example_branch_operator.py
[2024-09-02 21:22:38,336] {processor.py:641} INFO - Processing file /opt/conda/lib/python3.8/site-packages/airflow/example_dags/example_branch_operator.py for tasks to queue
[2024-09-02 21:22:38,337] {logging_mixin.py:115} INFO - [2024-09-02 21:22:38,337] {dagbag.py:508} INFO - Filling up the DagBag from /opt/conda/lib/python3.8/site-packages/airflow/example_dags/example_branch_operator.py
[2024-09-02 21:22:38,349] {processor.py:651} INFO - DAG(s) dict_keys(['example_branch_operator']) retrieved from /opt/conda/lib/python3.8/site-packages/airflow/example_dags/example_branch_operator.py
[2024-09-02 21:22:38,368] {logging_mixin.py:115} INFO - [2024-09-02 21:22:38,367] {dag.py:2420} INFO - Sync 1 DAGs
[2024-09-02 21:22:38,388] {logging_mixin.py:115} INFO - [2024-09-02 21:22:38,388] {dag.py:2968} INFO - Setting next_dagrun for example_branch_operator to 2024-09-01T00:00:00+00:00, run_after=2024-09-02T00:00:00+00:00
[2024-09-02 21:22:38,992] {processor.py:161} INFO - Processing /opt/conda/lib/python3.8/site-packages/airflow/example_dags/example_branch_operator.py took 0.661 seconds
[2024-09-02 21:23:42,235] {processor.py:153} INFO - Started process (PID=1058) to work on /opt/conda/lib/python3.8/site-packages/airflow/example_dags/example_branch_operator.py
[2024-09-02 21:23:42,237] {processor.py:641} INFO - Processing file /opt/conda/lib/python3.8/site-packages/airflow/example_dags/example_branch_operator.py for tasks to queue
[2024-09-02 21:23:42,237] {logging_mixin.py:115} INFO - [2024-09-02 21:23:42,237] {dagbag.py:508} INFO - Filling up the DagBag from /opt/conda/lib/python3.8/site-packages/airflow/example_dags/example_branch_operator.py
[2024-09-02 21:23:42,249] {processor.py:651} INFO - DAG(s) dict_keys(['example_branch_operator']) retrieved from /opt/conda/lib/python3.8/site-packages/airflow/example_dags/example_branch_operator.py
[2024-09-02 21:23:42,268] {logging_mixin.py:115} INFO - [2024-09-02 21:23:42,268] {dag.py:2420} INFO - Sync 1 DAGs
[2024-09-02 21:23:42,289] {logging_mixin.py:115} INFO - [2024-09-02 21:23:42,289] {dag.py:2968} INFO - Setting next_dagrun for example_branch_operator to 2024-09-01T00:00:00+00:00, run_after=2024-09-02T00:00:00+00:00
[2024-09-02 21:23:42,873] {processor.py:161} INFO - Processing /opt/conda/lib/python3.8/site-packages/airflow/example_dags/example_branch_operator.py took 0.641 seconds
[2024-09-02 21:24:35,904] {processor.py:153} INFO - Started process (PID=1090) to work on /opt/conda/lib/python3.8/site-packages/airflow/example_dags/example_branch_operator.py
[2024-09-02 21:24:35,905] {processor.py:641} INFO - Processing file /opt/conda/lib/python3.8/site-packages/airflow/example_dags/example_branch_operator.py for tasks to queue
[2024-09-02 21:24:35,906] {logging_mixin.py:115} INFO - [2024-09-02 21:24:35,906] {dagbag.py:508} INFO - Filling up the DagBag from /opt/conda/lib/python3.8/site-packages/airflow/example_dags/example_branch_operator.py
[2024-09-02 21:24:35,918] {processor.py:651} INFO - DAG(s) dict_keys(['example_branch_operator']) retrieved from /opt/conda/lib/python3.8/site-packages/airflow/example_dags/example_branch_operator.py
[2024-09-02 21:24:35,936] {logging_mixin.py:115} INFO - [2024-09-02 21:24:35,936] {dag.py:2420} INFO - Sync 1 DAGs
[2024-09-02 21:24:35,957] {logging_mixin.py:115} INFO - [2024-09-02 21:24:35,957] {dag.py:2968} INFO - Setting next_dagrun for example_branch_operator to 2024-09-01T00:00:00+00:00, run_after=2024-09-02T00:00:00+00:00
[2024-09-02 21:24:37,168] {processor.py:161} INFO - Processing /opt/conda/lib/python3.8/site-packages/airflow/example_dags/example_branch_operator.py took 1.267 seconds
[2024-09-02 21:25:29,990] {processor.py:153} INFO - Started process (PID=1123) to work on /opt/conda/lib/python3.8/site-packages/airflow/example_dags/example_branch_operator.py
[2024-09-02 21:25:29,991] {processor.py:641} INFO - Processing file /opt/conda/lib/python3.8/site-packages/airflow/example_dags/example_branch_operator.py for tasks to queue
[2024-09-02 21:25:29,992] {logging_mixin.py:115} INFO - [2024-09-02 21:25:29,992] {dagbag.py:508} INFO - Filling up the DagBag from /opt/conda/lib/python3.8/site-packages/airflow/example_dags/example_branch_operator.py
[2024-09-02 21:25:30,004] {processor.py:651} INFO - DAG(s) dict_keys(['example_branch_operator']) retrieved from /opt/conda/lib/python3.8/site-packages/airflow/example_dags/example_branch_operator.py
[2024-09-02 21:25:30,022] {logging_mixin.py:115} INFO - [2024-09-02 21:25:30,022] {dag.py:2420} INFO - Sync 1 DAGs
[2024-09-02 21:25:30,043] {logging_mixin.py:115} INFO - [2024-09-02 21:25:30,043] {dag.py:2968} INFO - Setting next_dagrun for example_branch_operator to 2024-09-01T00:00:00+00:00, run_after=2024-09-02T00:00:00+00:00
[2024-09-02 21:25:32,517] {processor.py:161} INFO - Processing /opt/conda/lib/python3.8/site-packages/airflow/example_dags/example_branch_operator.py took 2.531 seconds
[2024-09-02 21:26:38,743] {processor.py:153} INFO - Started process (PID=1154) to work on /opt/conda/lib/python3.8/site-packages/airflow/example_dags/example_branch_operator.py
[2024-09-02 21:26:38,745] {processor.py:641} INFO - Processing file /opt/conda/lib/python3.8/site-packages/airflow/example_dags/example_branch_operator.py for tasks to queue
[2024-09-02 21:26:38,745] {logging_mixin.py:115} INFO - [2024-09-02 21:26:38,745] {dagbag.py:508} INFO - Filling up the DagBag from /opt/conda/lib/python3.8/site-packages/airflow/example_dags/example_branch_operator.py
[2024-09-02 21:26:38,757] {processor.py:651} INFO - DAG(s) dict_keys(['example_branch_operator']) retrieved from /opt/conda/lib/python3.8/site-packages/airflow/example_dags/example_branch_operator.py
[2024-09-02 21:26:38,776] {logging_mixin.py:115} INFO - [2024-09-02 21:26:38,776] {dag.py:2420} INFO - Sync 1 DAGs
[2024-09-02 21:26:38,797] {logging_mixin.py:115} INFO - [2024-09-02 21:26:38,797] {dag.py:2968} INFO - Setting next_dagrun for example_branch_operator to 2024-09-01T00:00:00+00:00, run_after=2024-09-02T00:00:00+00:00
[2024-09-02 21:26:40,830] {processor.py:161} INFO - Processing /opt/conda/lib/python3.8/site-packages/airflow/example_dags/example_branch_operator.py took 2.090 seconds
[2024-09-02 21:27:49,729] {processor.py:153} INFO - Started process (PID=1191) to work on /opt/conda/lib/python3.8/site-packages/airflow/example_dags/example_branch_operator.py
[2024-09-02 21:27:49,730] {processor.py:641} INFO - Processing file /opt/conda/lib/python3.8/site-packages/airflow/example_dags/example_branch_operator.py for tasks to queue
[2024-09-02 21:27:49,730] {logging_mixin.py:115} INFO - [2024-09-02 21:27:49,730] {dagbag.py:508} INFO - Filling up the DagBag from /opt/conda/lib/python3.8/site-packages/airflow/example_dags/example_branch_operator.py
[2024-09-02 21:27:49,742] {processor.py:651} INFO - DAG(s) dict_keys(['example_branch_operator']) retrieved from /opt/conda/lib/python3.8/site-packages/airflow/example_dags/example_branch_operator.py
[2024-09-02 21:27:49,759] {logging_mixin.py:115} INFO - [2024-09-02 21:27:49,759] {dag.py:2420} INFO - Sync 1 DAGs
[2024-09-02 21:27:49,779] {logging_mixin.py:115} INFO - [2024-09-02 21:27:49,779] {dag.py:2968} INFO - Setting next_dagrun for example_branch_operator to 2024-09-01T00:00:00+00:00, run_after=2024-09-02T00:00:00+00:00
[2024-09-02 21:27:52,490] {processor.py:161} INFO - Processing /opt/conda/lib/python3.8/site-packages/airflow/example_dags/example_branch_operator.py took 2.764 seconds
[2024-09-02 21:28:55,165] {processor.py:153} INFO - Started process (PID=1246) to work on /opt/conda/lib/python3.8/site-packages/airflow/example_dags/example_branch_operator.py
[2024-09-02 21:28:55,166] {processor.py:641} INFO - Processing file /opt/conda/lib/python3.8/site-packages/airflow/example_dags/example_branch_operator.py for tasks to queue
[2024-09-02 21:28:55,167] {logging_mixin.py:115} INFO - [2024-09-02 21:28:55,167] {dagbag.py:508} INFO - Filling up the DagBag from /opt/conda/lib/python3.8/site-packages/airflow/example_dags/example_branch_operator.py
[2024-09-02 21:28:55,179] {processor.py:651} INFO - DAG(s) dict_keys(['example_branch_operator']) retrieved from /opt/conda/lib/python3.8/site-packages/airflow/example_dags/example_branch_operator.py
[2024-09-02 21:28:55,196] {logging_mixin.py:115} INFO - [2024-09-02 21:28:55,196] {dag.py:2420} INFO - Sync 1 DAGs
[2024-09-02 21:28:55,217] {logging_mixin.py:115} INFO - [2024-09-02 21:28:55,216] {dag.py:2968} INFO - Setting next_dagrun for example_branch_operator to 2024-09-01T00:00:00+00:00, run_after=2024-09-02T00:00:00+00:00
[2024-09-02 21:28:56,161] {processor.py:161} INFO - Processing /opt/conda/lib/python3.8/site-packages/airflow/example_dags/example_branch_operator.py took 0.999 seconds
[2024-09-02 21:29:47,133] {processor.py:153} INFO - Started process (PID=1278) to work on /opt/conda/lib/python3.8/site-packages/airflow/example_dags/example_branch_operator.py
[2024-09-02 21:29:47,135] {processor.py:641} INFO - Processing file /opt/conda/lib/python3.8/site-packages/airflow/example_dags/example_branch_operator.py for tasks to queue
[2024-09-02 21:29:47,135] {logging_mixin.py:115} INFO - [2024-09-02 21:29:47,135] {dagbag.py:508} INFO - Filling up the DagBag from /opt/conda/lib/python3.8/site-packages/airflow/example_dags/example_branch_operator.py
[2024-09-02 21:29:47,147] {processor.py:651} INFO - DAG(s) dict_keys(['example_branch_operator']) retrieved from /opt/conda/lib/python3.8/site-packages/airflow/example_dags/example_branch_operator.py
[2024-09-02 21:29:47,166] {logging_mixin.py:115} INFO - [2024-09-02 21:29:47,166] {dag.py:2420} INFO - Sync 1 DAGs
[2024-09-02 21:29:47,186] {logging_mixin.py:115} INFO - [2024-09-02 21:29:47,186] {dag.py:2968} INFO - Setting next_dagrun for example_branch_operator to 2024-09-01T00:00:00+00:00, run_after=2024-09-02T00:00:00+00:00
[2024-09-02 21:29:49,320] {processor.py:161} INFO - Processing /opt/conda/lib/python3.8/site-packages/airflow/example_dags/example_branch_operator.py took 2.191 seconds
[2024-09-02 21:30:41,289] {processor.py:153} INFO - Started process (PID=1308) to work on /opt/conda/lib/python3.8/site-packages/airflow/example_dags/example_branch_operator.py
[2024-09-02 21:30:41,290] {processor.py:641} INFO - Processing file /opt/conda/lib/python3.8/site-packages/airflow/example_dags/example_branch_operator.py for tasks to queue
[2024-09-02 21:30:41,291] {logging_mixin.py:115} INFO - [2024-09-02 21:30:41,291] {dagbag.py:508} INFO - Filling up the DagBag from /opt/conda/lib/python3.8/site-packages/airflow/example_dags/example_branch_operator.py
[2024-09-02 21:30:41,303] {processor.py:651} INFO - DAG(s) dict_keys(['example_branch_operator']) retrieved from /opt/conda/lib/python3.8/site-packages/airflow/example_dags/example_branch_operator.py
[2024-09-02 21:30:41,322] {logging_mixin.py:115} INFO - [2024-09-02 21:30:41,322] {dag.py:2420} INFO - Sync 1 DAGs
[2024-09-02 21:30:41,342] {logging_mixin.py:115} INFO - [2024-09-02 21:30:41,342] {dag.py:2968} INFO - Setting next_dagrun for example_branch_operator to 2024-09-01T00:00:00+00:00, run_after=2024-09-02T00:00:00+00:00
[2024-09-02 21:30:41,513] {processor.py:161} INFO - Processing /opt/conda/lib/python3.8/site-packages/airflow/example_dags/example_branch_operator.py took 0.227 seconds
[2024-09-02 21:31:28,313] {processor.py:153} INFO - Started process (PID=1350) to work on /opt/conda/lib/python3.8/site-packages/airflow/example_dags/example_branch_operator.py
[2024-09-02 21:31:28,315] {processor.py:641} INFO - Processing file /opt/conda/lib/python3.8/site-packages/airflow/example_dags/example_branch_operator.py for tasks to queue
[2024-09-02 21:31:28,315] {logging_mixin.py:115} INFO - [2024-09-02 21:31:28,315] {dagbag.py:508} INFO - Filling up the DagBag from /opt/conda/lib/python3.8/site-packages/airflow/example_dags/example_branch_operator.py
[2024-09-02 21:31:28,327] {processor.py:651} INFO - DAG(s) dict_keys(['example_branch_operator']) retrieved from /opt/conda/lib/python3.8/site-packages/airflow/example_dags/example_branch_operator.py
[2024-09-02 21:31:28,347] {logging_mixin.py:115} INFO - [2024-09-02 21:31:28,347] {dag.py:2420} INFO - Sync 1 DAGs
[2024-09-02 21:31:28,368] {logging_mixin.py:115} INFO - [2024-09-02 21:31:28,368] {dag.py:2968} INFO - Setting next_dagrun for example_branch_operator to 2024-09-01T00:00:00+00:00, run_after=2024-09-02T00:00:00+00:00
[2024-09-02 21:31:28,474] {processor.py:161} INFO - Processing /opt/conda/lib/python3.8/site-packages/airflow/example_dags/example_branch_operator.py took 0.164 seconds
[2024-09-02 21:32:49,172] {processor.py:153} INFO - Started process (PID=1428) to work on /opt/conda/lib/python3.8/site-packages/airflow/example_dags/example_branch_operator.py
[2024-09-02 21:32:49,174] {processor.py:641} INFO - Processing file /opt/conda/lib/python3.8/site-packages/airflow/example_dags/example_branch_operator.py for tasks to queue
[2024-09-02 21:32:49,174] {logging_mixin.py:115} INFO - [2024-09-02 21:32:49,174] {dagbag.py:508} INFO - Filling up the DagBag from /opt/conda/lib/python3.8/site-packages/airflow/example_dags/example_branch_operator.py
[2024-09-02 21:32:49,186] {processor.py:651} INFO - DAG(s) dict_keys(['example_branch_operator']) retrieved from /opt/conda/lib/python3.8/site-packages/airflow/example_dags/example_branch_operator.py
[2024-09-02 21:32:49,205] {logging_mixin.py:115} INFO - [2024-09-02 21:32:49,205] {dag.py:2420} INFO - Sync 1 DAGs
[2024-09-02 21:32:49,226] {logging_mixin.py:115} INFO - [2024-09-02 21:32:49,225] {dag.py:2968} INFO - Setting next_dagrun for example_branch_operator to 2024-09-01T00:00:00+00:00, run_after=2024-09-02T00:00:00+00:00
[2024-09-02 21:32:51,053] {processor.py:161} INFO - Processing /opt/conda/lib/python3.8/site-packages/airflow/example_dags/example_branch_operator.py took 1.884 seconds
[2024-09-02 21:33:43,488] {processor.py:153} INFO - Started process (PID=1458) to work on /opt/conda/lib/python3.8/site-packages/airflow/example_dags/example_branch_operator.py
[2024-09-02 21:33:43,489] {processor.py:641} INFO - Processing file /opt/conda/lib/python3.8/site-packages/airflow/example_dags/example_branch_operator.py for tasks to queue
[2024-09-02 21:33:43,489] {logging_mixin.py:115} INFO - [2024-09-02 21:33:43,489] {dagbag.py:508} INFO - Filling up the DagBag from /opt/conda/lib/python3.8/site-packages/airflow/example_dags/example_branch_operator.py
[2024-09-02 21:33:43,501] {processor.py:651} INFO - DAG(s) dict_keys(['example_branch_operator']) retrieved from /opt/conda/lib/python3.8/site-packages/airflow/example_dags/example_branch_operator.py
[2024-09-02 21:33:43,520] {logging_mixin.py:115} INFO - [2024-09-02 21:33:43,520] {dag.py:2420} INFO - Sync 1 DAGs
[2024-09-02 21:33:43,541] {logging_mixin.py:115} INFO - [2024-09-02 21:33:43,541] {dag.py:2968} INFO - Setting next_dagrun for example_branch_operator to 2024-09-01T00:00:00+00:00, run_after=2024-09-02T00:00:00+00:00
[2024-09-02 21:33:44,276] {processor.py:161} INFO - Processing /opt/conda/lib/python3.8/site-packages/airflow/example_dags/example_branch_operator.py took 0.792 seconds
[2024-09-02 21:34:48,706] {processor.py:153} INFO - Started process (PID=1499) to work on /opt/conda/lib/python3.8/site-packages/airflow/example_dags/example_branch_operator.py
[2024-09-02 21:34:48,708] {processor.py:641} INFO - Processing file /opt/conda/lib/python3.8/site-packages/airflow/example_dags/example_branch_operator.py for tasks to queue
[2024-09-02 21:34:48,708] {logging_mixin.py:115} INFO - [2024-09-02 21:34:48,708] {dagbag.py:508} INFO - Filling up the DagBag from /opt/conda/lib/python3.8/site-packages/airflow/example_dags/example_branch_operator.py
[2024-09-02 21:34:48,720] {processor.py:651} INFO - DAG(s) dict_keys(['example_branch_operator']) retrieved from /opt/conda/lib/python3.8/site-packages/airflow/example_dags/example_branch_operator.py
[2024-09-02 21:34:48,739] {logging_mixin.py:115} INFO - [2024-09-02 21:34:48,739] {dag.py:2420} INFO - Sync 1 DAGs
[2024-09-02 21:34:48,759] {logging_mixin.py:115} INFO - [2024-09-02 21:34:48,759] {dag.py:2968} INFO - Setting next_dagrun for example_branch_operator to 2024-09-01T00:00:00+00:00, run_after=2024-09-02T00:00:00+00:00
[2024-09-02 21:34:49,703] {processor.py:161} INFO - Processing /opt/conda/lib/python3.8/site-packages/airflow/example_dags/example_branch_operator.py took 1.000 seconds
[2024-09-02 21:35:59,661] {processor.py:153} INFO - Started process (PID=1536) to work on /opt/conda/lib/python3.8/site-packages/airflow/example_dags/example_branch_operator.py
[2024-09-02 21:35:59,662] {processor.py:641} INFO - Processing file /opt/conda/lib/python3.8/site-packages/airflow/example_dags/example_branch_operator.py for tasks to queue
[2024-09-02 21:35:59,663] {logging_mixin.py:115} INFO - [2024-09-02 21:35:59,663] {dagbag.py:508} INFO - Filling up the DagBag from /opt/conda/lib/python3.8/site-packages/airflow/example_dags/example_branch_operator.py
[2024-09-02 21:35:59,675] {processor.py:651} INFO - DAG(s) dict_keys(['example_branch_operator']) retrieved from /opt/conda/lib/python3.8/site-packages/airflow/example_dags/example_branch_operator.py
[2024-09-02 21:35:59,694] {logging_mixin.py:115} INFO - [2024-09-02 21:35:59,693] {dag.py:2420} INFO - Sync 1 DAGs
[2024-09-02 21:35:59,714] {logging_mixin.py:115} INFO - [2024-09-02 21:35:59,714] {dag.py:2968} INFO - Setting next_dagrun for example_branch_operator to 2024-09-01T00:00:00+00:00, run_after=2024-09-02T00:00:00+00:00
[2024-09-02 21:36:01,701] {processor.py:161} INFO - Processing /opt/conda/lib/python3.8/site-packages/airflow/example_dags/example_branch_operator.py took 2.044 seconds
[2024-09-02 21:37:06,289] {processor.py:153} INFO - Started process (PID=1569) to work on /opt/conda/lib/python3.8/site-packages/airflow/example_dags/example_branch_operator.py
[2024-09-02 21:37:06,291] {processor.py:641} INFO - Processing file /opt/conda/lib/python3.8/site-packages/airflow/example_dags/example_branch_operator.py for tasks to queue
[2024-09-02 21:37:06,291] {logging_mixin.py:115} INFO - [2024-09-02 21:37:06,291] {dagbag.py:508} INFO - Filling up the DagBag from /opt/conda/lib/python3.8/site-packages/airflow/example_dags/example_branch_operator.py
[2024-09-02 21:37:06,303] {processor.py:651} INFO - DAG(s) dict_keys(['example_branch_operator']) retrieved from /opt/conda/lib/python3.8/site-packages/airflow/example_dags/example_branch_operator.py
[2024-09-02 21:37:06,322] {logging_mixin.py:115} INFO - [2024-09-02 21:37:06,321] {dag.py:2420} INFO - Sync 1 DAGs
[2024-09-02 21:37:06,342] {logging_mixin.py:115} INFO - [2024-09-02 21:37:06,342] {dag.py:2968} INFO - Setting next_dagrun for example_branch_operator to 2024-09-01T00:00:00+00:00, run_after=2024-09-02T00:00:00+00:00
[2024-09-02 21:37:06,962] {processor.py:161} INFO - Processing /opt/conda/lib/python3.8/site-packages/airflow/example_dags/example_branch_operator.py took 0.676 seconds
[2024-09-02 21:37:55,972] {processor.py:153} INFO - Started process (PID=1610) to work on /opt/conda/lib/python3.8/site-packages/airflow/example_dags/example_branch_operator.py
[2024-09-02 21:37:55,973] {processor.py:641} INFO - Processing file /opt/conda/lib/python3.8/site-packages/airflow/example_dags/example_branch_operator.py for tasks to queue
[2024-09-02 21:37:55,974] {logging_mixin.py:115} INFO - [2024-09-02 21:37:55,974] {dagbag.py:508} INFO - Filling up the DagBag from /opt/conda/lib/python3.8/site-packages/airflow/example_dags/example_branch_operator.py
[2024-09-02 21:37:55,986] {processor.py:651} INFO - DAG(s) dict_keys(['example_branch_operator']) retrieved from /opt/conda/lib/python3.8/site-packages/airflow/example_dags/example_branch_operator.py
[2024-09-02 21:37:56,004] {logging_mixin.py:115} INFO - [2024-09-02 21:37:56,004] {dag.py:2420} INFO - Sync 1 DAGs
[2024-09-02 21:37:56,025] {logging_mixin.py:115} INFO - [2024-09-02 21:37:56,025] {dag.py:2968} INFO - Setting next_dagrun for example_branch_operator to 2024-09-01T00:00:00+00:00, run_after=2024-09-02T00:00:00+00:00
[2024-09-02 21:37:57,352] {processor.py:161} INFO - Processing /opt/conda/lib/python3.8/site-packages/airflow/example_dags/example_branch_operator.py took 1.384 seconds
[2024-09-02 21:39:29,780] {processor.py:153} INFO - Started process (PID=1701) to work on /opt/conda/lib/python3.8/site-packages/airflow/example_dags/example_branch_operator.py
[2024-09-02 21:39:29,785] {processor.py:641} INFO - Processing file /opt/conda/lib/python3.8/site-packages/airflow/example_dags/example_branch_operator.py for tasks to queue
[2024-09-02 21:39:29,786] {logging_mixin.py:115} INFO - [2024-09-02 21:39:29,786] {dagbag.py:508} INFO - Filling up the DagBag from /opt/conda/lib/python3.8/site-packages/airflow/example_dags/example_branch_operator.py
[2024-09-02 21:39:29,794] {processor.py:651} INFO - DAG(s) dict_keys(['example_branch_operator']) retrieved from /opt/conda/lib/python3.8/site-packages/airflow/example_dags/example_branch_operator.py
[2024-09-02 21:39:29,822] {logging_mixin.py:115} INFO - [2024-09-02 21:39:29,822] {dag.py:2420} INFO - Sync 1 DAGs
[2024-09-02 21:39:29,852] {logging_mixin.py:115} INFO - [2024-09-02 21:39:29,852] {dag.py:2968} INFO - Setting next_dagrun for example_branch_operator to 2024-09-01T00:00:00+00:00, run_after=2024-09-02T00:00:00+00:00
[2024-09-02 21:39:30,146] {processor.py:161} INFO - Processing /opt/conda/lib/python3.8/site-packages/airflow/example_dags/example_branch_operator.py took 0.369 seconds
[2024-09-02 21:40:40,650] {processor.py:153} INFO - Started process (PID=1738) to work on /opt/conda/lib/python3.8/site-packages/airflow/example_dags/example_branch_operator.py
[2024-09-02 21:40:40,652] {processor.py:641} INFO - Processing file /opt/conda/lib/python3.8/site-packages/airflow/example_dags/example_branch_operator.py for tasks to queue
[2024-09-02 21:40:40,652] {logging_mixin.py:115} INFO - [2024-09-02 21:40:40,652] {dagbag.py:508} INFO - Filling up the DagBag from /opt/conda/lib/python3.8/site-packages/airflow/example_dags/example_branch_operator.py
[2024-09-02 21:40:40,664] {processor.py:651} INFO - DAG(s) dict_keys(['example_branch_operator']) retrieved from /opt/conda/lib/python3.8/site-packages/airflow/example_dags/example_branch_operator.py
[2024-09-02 21:40:40,683] {logging_mixin.py:115} INFO - [2024-09-02 21:40:40,683] {dag.py:2420} INFO - Sync 1 DAGs
[2024-09-02 21:40:40,704] {logging_mixin.py:115} INFO - [2024-09-02 21:40:40,703] {dag.py:2968} INFO - Setting next_dagrun for example_branch_operator to 2024-09-01T00:00:00+00:00, run_after=2024-09-02T00:00:00+00:00
[2024-09-02 21:40:41,869] {processor.py:161} INFO - Processing /opt/conda/lib/python3.8/site-packages/airflow/example_dags/example_branch_operator.py took 1.222 seconds
[2024-09-02 21:41:57,794] {processor.py:153} INFO - Started process (PID=1773) to work on /opt/conda/lib/python3.8/site-packages/airflow/example_dags/example_branch_operator.py
[2024-09-02 21:41:57,795] {processor.py:641} INFO - Processing file /opt/conda/lib/python3.8/site-packages/airflow/example_dags/example_branch_operator.py for tasks to queue
[2024-09-02 21:41:57,795] {logging_mixin.py:115} INFO - [2024-09-02 21:41:57,795] {dagbag.py:508} INFO - Filling up the DagBag from /opt/conda/lib/python3.8/site-packages/airflow/example_dags/example_branch_operator.py
[2024-09-02 21:41:57,807] {processor.py:651} INFO - DAG(s) dict_keys(['example_branch_operator']) retrieved from /opt/conda/lib/python3.8/site-packages/airflow/example_dags/example_branch_operator.py
[2024-09-02 21:41:57,826] {logging_mixin.py:115} INFO - [2024-09-02 21:41:57,826] {dag.py:2420} INFO - Sync 1 DAGs
[2024-09-02 21:41:57,847] {logging_mixin.py:115} INFO - [2024-09-02 21:41:57,847] {dag.py:2968} INFO - Setting next_dagrun for example_branch_operator to 2024-09-01T00:00:00+00:00, run_after=2024-09-02T00:00:00+00:00
[2024-09-02 21:41:59,851] {processor.py:161} INFO - Processing /opt/conda/lib/python3.8/site-packages/airflow/example_dags/example_branch_operator.py took 2.062 seconds
[2024-09-02 21:48:44,619] {processor.py:153} INFO - Started process (PID=1816) to work on /opt/conda/lib/python3.8/site-packages/airflow/example_dags/example_branch_operator.py
[2024-09-02 21:48:44,620] {processor.py:641} INFO - Processing file /opt/conda/lib/python3.8/site-packages/airflow/example_dags/example_branch_operator.py for tasks to queue
[2024-09-02 21:48:44,621] {logging_mixin.py:115} INFO - [2024-09-02 21:48:44,621] {dagbag.py:508} INFO - Filling up the DagBag from /opt/conda/lib/python3.8/site-packages/airflow/example_dags/example_branch_operator.py
[2024-09-02 21:48:44,633] {processor.py:651} INFO - DAG(s) dict_keys(['example_branch_operator']) retrieved from /opt/conda/lib/python3.8/site-packages/airflow/example_dags/example_branch_operator.py
[2024-09-02 21:48:44,652] {logging_mixin.py:115} INFO - [2024-09-02 21:48:44,652] {dag.py:2420} INFO - Sync 1 DAGs
[2024-09-02 21:48:44,673] {logging_mixin.py:115} INFO - [2024-09-02 21:48:44,673] {dag.py:2968} INFO - Setting next_dagrun for example_branch_operator to 2024-09-01T00:00:00+00:00, run_after=2024-09-02T00:00:00+00:00
[2024-09-02 21:48:44,854] {processor.py:161} INFO - Processing /opt/conda/lib/python3.8/site-packages/airflow/example_dags/example_branch_operator.py took 0.239 seconds
[2024-09-02 21:50:10,926] {processor.py:153} INFO - Started process (PID=1861) to work on /opt/conda/lib/python3.8/site-packages/airflow/example_dags/example_branch_operator.py
[2024-09-02 21:50:10,928] {processor.py:641} INFO - Processing file /opt/conda/lib/python3.8/site-packages/airflow/example_dags/example_branch_operator.py for tasks to queue
[2024-09-02 21:50:10,928] {logging_mixin.py:115} INFO - [2024-09-02 21:50:10,928] {dagbag.py:508} INFO - Filling up the DagBag from /opt/conda/lib/python3.8/site-packages/airflow/example_dags/example_branch_operator.py
[2024-09-02 21:50:10,940] {processor.py:651} INFO - DAG(s) dict_keys(['example_branch_operator']) retrieved from /opt/conda/lib/python3.8/site-packages/airflow/example_dags/example_branch_operator.py
[2024-09-02 21:50:10,959] {logging_mixin.py:115} INFO - [2024-09-02 21:50:10,959] {dag.py:2420} INFO - Sync 1 DAGs
[2024-09-02 21:50:10,980] {logging_mixin.py:115} INFO - [2024-09-02 21:50:10,980] {dag.py:2968} INFO - Setting next_dagrun for example_branch_operator to 2024-09-01T00:00:00+00:00, run_after=2024-09-02T00:00:00+00:00
[2024-09-02 21:50:13,307] {processor.py:161} INFO - Processing /opt/conda/lib/python3.8/site-packages/airflow/example_dags/example_branch_operator.py took 2.385 seconds
[2024-09-02 21:51:29,904] {processor.py:153} INFO - Started process (PID=1918) to work on /opt/conda/lib/python3.8/site-packages/airflow/example_dags/example_branch_operator.py
[2024-09-02 21:51:29,906] {processor.py:641} INFO - Processing file /opt/conda/lib/python3.8/site-packages/airflow/example_dags/example_branch_operator.py for tasks to queue
[2024-09-02 21:51:29,906] {logging_mixin.py:115} INFO - [2024-09-02 21:51:29,906] {dagbag.py:508} INFO - Filling up the DagBag from /opt/conda/lib/python3.8/site-packages/airflow/example_dags/example_branch_operator.py
[2024-09-02 21:51:29,918] {processor.py:651} INFO - DAG(s) dict_keys(['example_branch_operator']) retrieved from /opt/conda/lib/python3.8/site-packages/airflow/example_dags/example_branch_operator.py
[2024-09-02 21:51:29,936] {logging_mixin.py:115} INFO - [2024-09-02 21:51:29,935] {dag.py:2420} INFO - Sync 1 DAGs
[2024-09-02 21:51:29,956] {logging_mixin.py:115} INFO - [2024-09-02 21:51:29,956] {dag.py:2968} INFO - Setting next_dagrun for example_branch_operator to 2024-09-01T00:00:00+00:00, run_after=2024-09-02T00:00:00+00:00
[2024-09-02 21:51:31,035] {processor.py:161} INFO - Processing /opt/conda/lib/python3.8/site-packages/airflow/example_dags/example_branch_operator.py took 1.135 seconds
