[2024-09-02 04:30:46,274] {processor.py:153} INFO - Started process (PID=633) to work on /opt/conda/lib/python3.8/site-packages/airflow/example_dags/example_python_operator.py
[2024-09-02 04:30:46,275] {processor.py:641} INFO - Processing file /opt/conda/lib/python3.8/site-packages/airflow/example_dags/example_python_operator.py for tasks to queue
[2024-09-02 04:30:46,275] {logging_mixin.py:115} INFO - [2024-09-02 04:30:46,275] {dagbag.py:508} INFO - Filling up the DagBag from /opt/conda/lib/python3.8/site-packages/airflow/example_dags/example_python_operator.py
[2024-09-02 04:30:46,290] {logging_mixin.py:115} INFO - [2024-09-02 04:30:46,290] {example_python_operator.py:68} WARNING - The virtalenv_python example task requires virtualenv, please install it.
[2024-09-02 04:30:46,290] {processor.py:651} INFO - DAG(s) dict_keys(['example_python_operator']) retrieved from /opt/conda/lib/python3.8/site-packages/airflow/example_dags/example_python_operator.py
[2024-09-02 04:30:46,480] {logging_mixin.py:115} INFO - [2024-09-02 04:30:46,480] {manager.py:508} INFO - Created Permission View: can edit on DAG:example_python_operator
[2024-09-02 04:30:46,497] {logging_mixin.py:115} INFO - [2024-09-02 04:30:46,497] {manager.py:508} INFO - Created Permission View: can delete on DAG:example_python_operator
[2024-09-02 04:30:46,511] {logging_mixin.py:115} INFO - [2024-09-02 04:30:46,511] {manager.py:508} INFO - Created Permission View: can read on DAG:example_python_operator
[2024-09-02 04:30:46,511] {logging_mixin.py:115} INFO - [2024-09-02 04:30:46,511] {dag.py:2420} INFO - Sync 1 DAGs
[2024-09-02 04:30:46,516] {logging_mixin.py:115} INFO - [2024-09-02 04:30:46,516] {dag.py:2439} INFO - Creating ORM DAG for example_python_operator
[2024-09-02 04:30:46,523] {logging_mixin.py:115} INFO - [2024-09-02 04:30:46,523] {dag.py:2968} INFO - Setting next_dagrun for example_python_operator to None, run_after=None
[2024-09-02 04:30:46,550] {processor.py:161} INFO - Processing /opt/conda/lib/python3.8/site-packages/airflow/example_dags/example_python_operator.py took 0.278 seconds
[2024-09-02 04:31:28,269] {processor.py:153} INFO - Started process (PID=841) to work on /opt/conda/lib/python3.8/site-packages/airflow/example_dags/example_python_operator.py
[2024-09-02 04:31:28,271] {processor.py:641} INFO - Processing file /opt/conda/lib/python3.8/site-packages/airflow/example_dags/example_python_operator.py for tasks to queue
[2024-09-02 04:31:28,272] {logging_mixin.py:115} INFO - [2024-09-02 04:31:28,272] {dagbag.py:508} INFO - Filling up the DagBag from /opt/conda/lib/python3.8/site-packages/airflow/example_dags/example_python_operator.py
[2024-09-02 04:31:28,295] {logging_mixin.py:115} INFO - [2024-09-02 04:31:28,294] {example_python_operator.py:68} WARNING - The virtalenv_python example task requires virtualenv, please install it.
[2024-09-02 04:31:28,295] {processor.py:651} INFO - DAG(s) dict_keys(['example_python_operator']) retrieved from /opt/conda/lib/python3.8/site-packages/airflow/example_dags/example_python_operator.py
[2024-09-02 04:31:28,446] {logging_mixin.py:115} INFO - [2024-09-02 04:31:28,446] {dag.py:2420} INFO - Sync 1 DAGs
[2024-09-02 04:31:28,458] {logging_mixin.py:115} INFO - [2024-09-02 04:31:28,458] {dag.py:2968} INFO - Setting next_dagrun for example_python_operator to None, run_after=None
[2024-09-02 04:31:28,481] {processor.py:161} INFO - Processing /opt/conda/lib/python3.8/site-packages/airflow/example_dags/example_python_operator.py took 0.215 seconds
[2024-09-02 04:32:02,748] {processor.py:153} INFO - Started process (PID=871) to work on /opt/conda/lib/python3.8/site-packages/airflow/example_dags/example_python_operator.py
[2024-09-02 04:32:02,750] {processor.py:641} INFO - Processing file /opt/conda/lib/python3.8/site-packages/airflow/example_dags/example_python_operator.py for tasks to queue
[2024-09-02 04:32:02,751] {logging_mixin.py:115} INFO - [2024-09-02 04:32:02,751] {dagbag.py:508} INFO - Filling up the DagBag from /opt/conda/lib/python3.8/site-packages/airflow/example_dags/example_python_operator.py
[2024-09-02 04:32:02,771] {logging_mixin.py:115} INFO - [2024-09-02 04:32:02,771] {example_python_operator.py:68} WARNING - The virtalenv_python example task requires virtualenv, please install it.
[2024-09-02 04:32:02,771] {processor.py:651} INFO - DAG(s) dict_keys(['example_python_operator']) retrieved from /opt/conda/lib/python3.8/site-packages/airflow/example_dags/example_python_operator.py
[2024-09-02 04:32:02,886] {logging_mixin.py:115} INFO - [2024-09-02 04:32:02,886] {dag.py:2420} INFO - Sync 1 DAGs
[2024-09-02 04:32:02,897] {logging_mixin.py:115} INFO - [2024-09-02 04:32:02,897] {dag.py:2968} INFO - Setting next_dagrun for example_python_operator to None, run_after=None
[2024-09-02 04:32:02,915] {processor.py:161} INFO - Processing /opt/conda/lib/python3.8/site-packages/airflow/example_dags/example_python_operator.py took 0.170 seconds
[2024-09-02 04:32:36,403] {processor.py:153} INFO - Started process (PID=901) to work on /opt/conda/lib/python3.8/site-packages/airflow/example_dags/example_python_operator.py
[2024-09-02 04:32:36,405] {processor.py:641} INFO - Processing file /opt/conda/lib/python3.8/site-packages/airflow/example_dags/example_python_operator.py for tasks to queue
[2024-09-02 04:32:36,406] {logging_mixin.py:115} INFO - [2024-09-02 04:32:36,406] {dagbag.py:508} INFO - Filling up the DagBag from /opt/conda/lib/python3.8/site-packages/airflow/example_dags/example_python_operator.py
[2024-09-02 04:32:36,426] {logging_mixin.py:115} INFO - [2024-09-02 04:32:36,426] {example_python_operator.py:68} WARNING - The virtalenv_python example task requires virtualenv, please install it.
[2024-09-02 04:32:36,426] {processor.py:651} INFO - DAG(s) dict_keys(['example_python_operator']) retrieved from /opt/conda/lib/python3.8/site-packages/airflow/example_dags/example_python_operator.py
[2024-09-02 04:32:36,545] {logging_mixin.py:115} INFO - [2024-09-02 04:32:36,545] {dag.py:2420} INFO - Sync 1 DAGs
[2024-09-02 04:32:36,556] {logging_mixin.py:115} INFO - [2024-09-02 04:32:36,555] {dag.py:2968} INFO - Setting next_dagrun for example_python_operator to None, run_after=None
[2024-09-02 04:32:36,573] {processor.py:161} INFO - Processing /opt/conda/lib/python3.8/site-packages/airflow/example_dags/example_python_operator.py took 0.174 seconds
[2024-09-02 21:18:59,665] {processor.py:153} INFO - Started process (PID=672) to work on /opt/conda/lib/python3.8/site-packages/airflow/example_dags/example_python_operator.py
[2024-09-02 21:18:59,667] {processor.py:641} INFO - Processing file /opt/conda/lib/python3.8/site-packages/airflow/example_dags/example_python_operator.py for tasks to queue
[2024-09-02 21:18:59,667] {logging_mixin.py:115} INFO - [2024-09-02 21:18:59,667] {dagbag.py:508} INFO - Filling up the DagBag from /opt/conda/lib/python3.8/site-packages/airflow/example_dags/example_python_operator.py
[2024-09-02 21:18:59,687] {logging_mixin.py:115} INFO - [2024-09-02 21:18:59,687] {example_python_operator.py:68} WARNING - The virtalenv_python example task requires virtualenv, please install it.
[2024-09-02 21:18:59,688] {processor.py:651} INFO - DAG(s) dict_keys(['example_python_operator']) retrieved from /opt/conda/lib/python3.8/site-packages/airflow/example_dags/example_python_operator.py
[2024-09-02 21:18:59,705] {logging_mixin.py:115} INFO - [2024-09-02 21:18:59,705] {dag.py:2420} INFO - Sync 1 DAGs
[2024-09-02 21:18:59,724] {logging_mixin.py:115} INFO - [2024-09-02 21:18:59,724] {dag.py:2968} INFO - Setting next_dagrun for example_python_operator to None, run_after=None
[2024-09-02 21:18:59,751] {processor.py:161} INFO - Processing /opt/conda/lib/python3.8/site-packages/airflow/example_dags/example_python_operator.py took 0.089 seconds
[2024-09-02 21:19:41,565] {processor.py:153} INFO - Started process (PID=889) to work on /opt/conda/lib/python3.8/site-packages/airflow/example_dags/example_python_operator.py
[2024-09-02 21:19:41,566] {processor.py:641} INFO - Processing file /opt/conda/lib/python3.8/site-packages/airflow/example_dags/example_python_operator.py for tasks to queue
[2024-09-02 21:19:41,567] {logging_mixin.py:115} INFO - [2024-09-02 21:19:41,567] {dagbag.py:508} INFO - Filling up the DagBag from /opt/conda/lib/python3.8/site-packages/airflow/example_dags/example_python_operator.py
[2024-09-02 21:19:41,587] {logging_mixin.py:115} INFO - [2024-09-02 21:19:41,587] {example_python_operator.py:68} WARNING - The virtalenv_python example task requires virtualenv, please install it.
[2024-09-02 21:19:41,587] {processor.py:651} INFO - DAG(s) dict_keys(['example_python_operator']) retrieved from /opt/conda/lib/python3.8/site-packages/airflow/example_dags/example_python_operator.py
[2024-09-02 21:19:41,605] {logging_mixin.py:115} INFO - [2024-09-02 21:19:41,605] {dag.py:2420} INFO - Sync 1 DAGs
[2024-09-02 21:19:41,623] {logging_mixin.py:115} INFO - [2024-09-02 21:19:41,623] {dag.py:2968} INFO - Setting next_dagrun for example_python_operator to None, run_after=None
[2024-09-02 21:19:41,654] {processor.py:161} INFO - Processing /opt/conda/lib/python3.8/site-packages/airflow/example_dags/example_python_operator.py took 0.092 seconds
[2024-09-02 21:20:51,540] {processor.py:153} INFO - Started process (PID=939) to work on /opt/conda/lib/python3.8/site-packages/airflow/example_dags/example_python_operator.py
[2024-09-02 21:20:51,541] {processor.py:641} INFO - Processing file /opt/conda/lib/python3.8/site-packages/airflow/example_dags/example_python_operator.py for tasks to queue
[2024-09-02 21:20:51,542] {logging_mixin.py:115} INFO - [2024-09-02 21:20:51,542] {dagbag.py:508} INFO - Filling up the DagBag from /opt/conda/lib/python3.8/site-packages/airflow/example_dags/example_python_operator.py
[2024-09-02 21:20:51,562] {logging_mixin.py:115} INFO - [2024-09-02 21:20:51,562] {example_python_operator.py:68} WARNING - The virtalenv_python example task requires virtualenv, please install it.
[2024-09-02 21:20:51,562] {processor.py:651} INFO - DAG(s) dict_keys(['example_python_operator']) retrieved from /opt/conda/lib/python3.8/site-packages/airflow/example_dags/example_python_operator.py
[2024-09-02 21:20:51,580] {logging_mixin.py:115} INFO - [2024-09-02 21:20:51,580] {dag.py:2420} INFO - Sync 1 DAGs
[2024-09-02 21:20:51,598] {logging_mixin.py:115} INFO - [2024-09-02 21:20:51,598] {dag.py:2968} INFO - Setting next_dagrun for example_python_operator to None, run_after=None
[2024-09-02 21:20:52,522] {processor.py:161} INFO - Processing /opt/conda/lib/python3.8/site-packages/airflow/example_dags/example_python_operator.py took 0.985 seconds
[2024-09-02 21:22:48,788] {processor.py:153} INFO - Started process (PID=1006) to work on /opt/conda/lib/python3.8/site-packages/airflow/example_dags/example_python_operator.py
[2024-09-02 21:22:48,789] {processor.py:641} INFO - Processing file /opt/conda/lib/python3.8/site-packages/airflow/example_dags/example_python_operator.py for tasks to queue
[2024-09-02 21:22:48,790] {logging_mixin.py:115} INFO - [2024-09-02 21:22:48,790] {dagbag.py:508} INFO - Filling up the DagBag from /opt/conda/lib/python3.8/site-packages/airflow/example_dags/example_python_operator.py
[2024-09-02 21:22:48,809] {logging_mixin.py:115} INFO - [2024-09-02 21:22:48,809] {example_python_operator.py:68} WARNING - The virtalenv_python example task requires virtualenv, please install it.
[2024-09-02 21:22:48,810] {processor.py:651} INFO - DAG(s) dict_keys(['example_python_operator']) retrieved from /opt/conda/lib/python3.8/site-packages/airflow/example_dags/example_python_operator.py
[2024-09-02 21:22:48,827] {logging_mixin.py:115} INFO - [2024-09-02 21:22:48,827] {dag.py:2420} INFO - Sync 1 DAGs
[2024-09-02 21:22:48,846] {logging_mixin.py:115} INFO - [2024-09-02 21:22:48,846] {dag.py:2968} INFO - Setting next_dagrun for example_python_operator to None, run_after=None
[2024-09-02 21:22:50,384] {processor.py:161} INFO - Processing /opt/conda/lib/python3.8/site-packages/airflow/example_dags/example_python_operator.py took 1.600 seconds
[2024-09-02 21:23:56,031] {processor.py:153} INFO - Started process (PID=1064) to work on /opt/conda/lib/python3.8/site-packages/airflow/example_dags/example_python_operator.py
[2024-09-02 21:23:56,033] {processor.py:641} INFO - Processing file /opt/conda/lib/python3.8/site-packages/airflow/example_dags/example_python_operator.py for tasks to queue
[2024-09-02 21:23:56,033] {logging_mixin.py:115} INFO - [2024-09-02 21:23:56,033] {dagbag.py:508} INFO - Filling up the DagBag from /opt/conda/lib/python3.8/site-packages/airflow/example_dags/example_python_operator.py
[2024-09-02 21:23:56,053] {logging_mixin.py:115} INFO - [2024-09-02 21:23:56,053] {example_python_operator.py:68} WARNING - The virtalenv_python example task requires virtualenv, please install it.
[2024-09-02 21:23:56,053] {processor.py:651} INFO - DAG(s) dict_keys(['example_python_operator']) retrieved from /opt/conda/lib/python3.8/site-packages/airflow/example_dags/example_python_operator.py
[2024-09-02 21:23:56,071] {logging_mixin.py:115} INFO - [2024-09-02 21:23:56,071] {dag.py:2420} INFO - Sync 1 DAGs
[2024-09-02 21:23:56,089] {logging_mixin.py:115} INFO - [2024-09-02 21:23:56,089] {dag.py:2968} INFO - Setting next_dagrun for example_python_operator to None, run_after=None
[2024-09-02 21:23:57,494] {processor.py:161} INFO - Processing /opt/conda/lib/python3.8/site-packages/airflow/example_dags/example_python_operator.py took 1.466 seconds
[2024-09-02 21:25:43,022] {processor.py:153} INFO - Started process (PID=1128) to work on /opt/conda/lib/python3.8/site-packages/airflow/example_dags/example_python_operator.py
[2024-09-02 21:25:43,023] {processor.py:641} INFO - Processing file /opt/conda/lib/python3.8/site-packages/airflow/example_dags/example_python_operator.py for tasks to queue
[2024-09-02 21:25:43,024] {logging_mixin.py:115} INFO - [2024-09-02 21:25:43,024] {dagbag.py:508} INFO - Filling up the DagBag from /opt/conda/lib/python3.8/site-packages/airflow/example_dags/example_python_operator.py
[2024-09-02 21:25:43,044] {logging_mixin.py:115} INFO - [2024-09-02 21:25:43,044] {example_python_operator.py:68} WARNING - The virtalenv_python example task requires virtualenv, please install it.
[2024-09-02 21:25:43,044] {processor.py:651} INFO - DAG(s) dict_keys(['example_python_operator']) retrieved from /opt/conda/lib/python3.8/site-packages/airflow/example_dags/example_python_operator.py
[2024-09-02 21:25:43,061] {logging_mixin.py:115} INFO - [2024-09-02 21:25:43,061] {dag.py:2420} INFO - Sync 1 DAGs
[2024-09-02 21:25:43,080] {logging_mixin.py:115} INFO - [2024-09-02 21:25:43,080] {dag.py:2968} INFO - Setting next_dagrun for example_python_operator to None, run_after=None
[2024-09-02 21:25:45,339] {processor.py:161} INFO - Processing /opt/conda/lib/python3.8/site-packages/airflow/example_dags/example_python_operator.py took 2.321 seconds
[2024-09-02 21:27:01,508] {processor.py:153} INFO - Started process (PID=1163) to work on /opt/conda/lib/python3.8/site-packages/airflow/example_dags/example_python_operator.py
[2024-09-02 21:27:01,510] {processor.py:641} INFO - Processing file /opt/conda/lib/python3.8/site-packages/airflow/example_dags/example_python_operator.py for tasks to queue
[2024-09-02 21:27:01,510] {logging_mixin.py:115} INFO - [2024-09-02 21:27:01,510] {dagbag.py:508} INFO - Filling up the DagBag from /opt/conda/lib/python3.8/site-packages/airflow/example_dags/example_python_operator.py
[2024-09-02 21:27:01,530] {logging_mixin.py:115} INFO - [2024-09-02 21:27:01,530] {example_python_operator.py:68} WARNING - The virtalenv_python example task requires virtualenv, please install it.
[2024-09-02 21:27:01,530] {processor.py:651} INFO - DAG(s) dict_keys(['example_python_operator']) retrieved from /opt/conda/lib/python3.8/site-packages/airflow/example_dags/example_python_operator.py
[2024-09-02 21:27:01,548] {logging_mixin.py:115} INFO - [2024-09-02 21:27:01,548] {dag.py:2420} INFO - Sync 1 DAGs
[2024-09-02 21:27:01,566] {logging_mixin.py:115} INFO - [2024-09-02 21:27:01,566] {dag.py:2968} INFO - Setting next_dagrun for example_python_operator to None, run_after=None
[2024-09-02 21:27:04,562] {processor.py:161} INFO - Processing /opt/conda/lib/python3.8/site-packages/airflow/example_dags/example_python_operator.py took 3.058 seconds
[2024-09-02 21:28:26,529] {processor.py:153} INFO - Started process (PID=1223) to work on /opt/conda/lib/python3.8/site-packages/airflow/example_dags/example_python_operator.py
[2024-09-02 21:28:26,530] {processor.py:641} INFO - Processing file /opt/conda/lib/python3.8/site-packages/airflow/example_dags/example_python_operator.py for tasks to queue
[2024-09-02 21:28:26,531] {logging_mixin.py:115} INFO - [2024-09-02 21:28:26,531] {dagbag.py:508} INFO - Filling up the DagBag from /opt/conda/lib/python3.8/site-packages/airflow/example_dags/example_python_operator.py
[2024-09-02 21:28:26,551] {logging_mixin.py:115} INFO - [2024-09-02 21:28:26,551] {example_python_operator.py:68} WARNING - The virtalenv_python example task requires virtualenv, please install it.
[2024-09-02 21:28:26,551] {processor.py:651} INFO - DAG(s) dict_keys(['example_python_operator']) retrieved from /opt/conda/lib/python3.8/site-packages/airflow/example_dags/example_python_operator.py
[2024-09-02 21:28:26,568] {logging_mixin.py:115} INFO - [2024-09-02 21:28:26,568] {dag.py:2420} INFO - Sync 1 DAGs
[2024-09-02 21:28:26,587] {logging_mixin.py:115} INFO - [2024-09-02 21:28:26,587] {dag.py:2968} INFO - Setting next_dagrun for example_python_operator to None, run_after=None
[2024-09-02 21:28:27,007] {processor.py:161} INFO - Processing /opt/conda/lib/python3.8/site-packages/airflow/example_dags/example_python_operator.py took 0.482 seconds
[2024-09-02 21:29:53,180] {processor.py:153} INFO - Started process (PID=1280) to work on /opt/conda/lib/python3.8/site-packages/airflow/example_dags/example_python_operator.py
[2024-09-02 21:29:53,182] {processor.py:641} INFO - Processing file /opt/conda/lib/python3.8/site-packages/airflow/example_dags/example_python_operator.py for tasks to queue
[2024-09-02 21:29:53,182] {logging_mixin.py:115} INFO - [2024-09-02 21:29:53,182] {dagbag.py:508} INFO - Filling up the DagBag from /opt/conda/lib/python3.8/site-packages/airflow/example_dags/example_python_operator.py
[2024-09-02 21:29:53,202] {logging_mixin.py:115} INFO - [2024-09-02 21:29:53,202] {example_python_operator.py:68} WARNING - The virtalenv_python example task requires virtualenv, please install it.
[2024-09-02 21:29:53,203] {processor.py:651} INFO - DAG(s) dict_keys(['example_python_operator']) retrieved from /opt/conda/lib/python3.8/site-packages/airflow/example_dags/example_python_operator.py
[2024-09-02 21:29:53,220] {logging_mixin.py:115} INFO - [2024-09-02 21:29:53,220] {dag.py:2420} INFO - Sync 1 DAGs
[2024-09-02 21:29:53,238] {logging_mixin.py:115} INFO - [2024-09-02 21:29:53,238] {dag.py:2968} INFO - Setting next_dagrun for example_python_operator to None, run_after=None
[2024-09-02 21:29:53,709] {processor.py:161} INFO - Processing /opt/conda/lib/python3.8/site-packages/airflow/example_dags/example_python_operator.py took 0.532 seconds
[2024-09-02 21:30:56,162] {processor.py:153} INFO - Started process (PID=1325) to work on /opt/conda/lib/python3.8/site-packages/airflow/example_dags/example_python_operator.py
[2024-09-02 21:30:56,163] {processor.py:641} INFO - Processing file /opt/conda/lib/python3.8/site-packages/airflow/example_dags/example_python_operator.py for tasks to queue
[2024-09-02 21:30:56,164] {logging_mixin.py:115} INFO - [2024-09-02 21:30:56,164] {dagbag.py:508} INFO - Filling up the DagBag from /opt/conda/lib/python3.8/site-packages/airflow/example_dags/example_python_operator.py
[2024-09-02 21:30:56,189] {logging_mixin.py:115} INFO - [2024-09-02 21:30:56,189] {example_python_operator.py:68} WARNING - The virtalenv_python example task requires virtualenv, please install it.
[2024-09-02 21:30:56,189] {processor.py:651} INFO - DAG(s) dict_keys(['example_python_operator']) retrieved from /opt/conda/lib/python3.8/site-packages/airflow/example_dags/example_python_operator.py
[2024-09-02 21:30:56,206] {logging_mixin.py:115} INFO - [2024-09-02 21:30:56,206] {dag.py:2420} INFO - Sync 1 DAGs
[2024-09-02 21:30:56,225] {logging_mixin.py:115} INFO - [2024-09-02 21:30:56,225] {dag.py:2968} INFO - Setting next_dagrun for example_python_operator to None, run_after=None
[2024-09-02 21:30:57,715] {processor.py:161} INFO - Processing /opt/conda/lib/python3.8/site-packages/airflow/example_dags/example_python_operator.py took 1.556 seconds
[2024-09-02 21:32:09,971] {processor.py:153} INFO - Started process (PID=1404) to work on /opt/conda/lib/python3.8/site-packages/airflow/example_dags/example_python_operator.py
[2024-09-02 21:32:09,973] {processor.py:641} INFO - Processing file /opt/conda/lib/python3.8/site-packages/airflow/example_dags/example_python_operator.py for tasks to queue
[2024-09-02 21:32:09,973] {logging_mixin.py:115} INFO - [2024-09-02 21:32:09,973] {dagbag.py:508} INFO - Filling up the DagBag from /opt/conda/lib/python3.8/site-packages/airflow/example_dags/example_python_operator.py
[2024-09-02 21:32:09,993] {logging_mixin.py:115} INFO - [2024-09-02 21:32:09,993] {example_python_operator.py:68} WARNING - The virtalenv_python example task requires virtualenv, please install it.
[2024-09-02 21:32:09,994] {processor.py:651} INFO - DAG(s) dict_keys(['example_python_operator']) retrieved from /opt/conda/lib/python3.8/site-packages/airflow/example_dags/example_python_operator.py
[2024-09-02 21:32:10,011] {logging_mixin.py:115} INFO - [2024-09-02 21:32:10,011] {dag.py:2420} INFO - Sync 1 DAGs
[2024-09-02 21:32:10,030] {logging_mixin.py:115} INFO - [2024-09-02 21:32:10,030] {dag.py:2968} INFO - Setting next_dagrun for example_python_operator to None, run_after=None
[2024-09-02 21:32:13,117] {processor.py:161} INFO - Processing /opt/conda/lib/python3.8/site-packages/airflow/example_dags/example_python_operator.py took 3.149 seconds
[2024-09-02 21:33:57,783] {processor.py:153} INFO - Started process (PID=1466) to work on /opt/conda/lib/python3.8/site-packages/airflow/example_dags/example_python_operator.py
[2024-09-02 21:33:57,785] {processor.py:641} INFO - Processing file /opt/conda/lib/python3.8/site-packages/airflow/example_dags/example_python_operator.py for tasks to queue
[2024-09-02 21:33:57,786] {logging_mixin.py:115} INFO - [2024-09-02 21:33:57,786] {dagbag.py:508} INFO - Filling up the DagBag from /opt/conda/lib/python3.8/site-packages/airflow/example_dags/example_python_operator.py
[2024-09-02 21:33:57,805] {logging_mixin.py:115} INFO - [2024-09-02 21:33:57,805] {example_python_operator.py:68} WARNING - The virtalenv_python example task requires virtualenv, please install it.
[2024-09-02 21:33:57,806] {processor.py:651} INFO - DAG(s) dict_keys(['example_python_operator']) retrieved from /opt/conda/lib/python3.8/site-packages/airflow/example_dags/example_python_operator.py
[2024-09-02 21:33:57,823] {logging_mixin.py:115} INFO - [2024-09-02 21:33:57,823] {dag.py:2420} INFO - Sync 1 DAGs
[2024-09-02 21:33:57,841] {logging_mixin.py:115} INFO - [2024-09-02 21:33:57,841] {dag.py:2968} INFO - Setting next_dagrun for example_python_operator to None, run_after=None
[2024-09-02 21:33:59,832] {processor.py:161} INFO - Processing /opt/conda/lib/python3.8/site-packages/airflow/example_dags/example_python_operator.py took 2.052 seconds
[2024-09-02 21:35:12,642] {processor.py:153} INFO - Started process (PID=1508) to work on /opt/conda/lib/python3.8/site-packages/airflow/example_dags/example_python_operator.py
[2024-09-02 21:35:12,644] {processor.py:641} INFO - Processing file /opt/conda/lib/python3.8/site-packages/airflow/example_dags/example_python_operator.py for tasks to queue
[2024-09-02 21:35:12,644] {logging_mixin.py:115} INFO - [2024-09-02 21:35:12,644] {dagbag.py:508} INFO - Filling up the DagBag from /opt/conda/lib/python3.8/site-packages/airflow/example_dags/example_python_operator.py
[2024-09-02 21:35:12,664] {logging_mixin.py:115} INFO - [2024-09-02 21:35:12,664] {example_python_operator.py:68} WARNING - The virtalenv_python example task requires virtualenv, please install it.
[2024-09-02 21:35:12,664] {processor.py:651} INFO - DAG(s) dict_keys(['example_python_operator']) retrieved from /opt/conda/lib/python3.8/site-packages/airflow/example_dags/example_python_operator.py
[2024-09-02 21:35:12,682] {logging_mixin.py:115} INFO - [2024-09-02 21:35:12,681] {dag.py:2420} INFO - Sync 1 DAGs
[2024-09-02 21:35:12,700] {logging_mixin.py:115} INFO - [2024-09-02 21:35:12,700] {dag.py:2968} INFO - Setting next_dagrun for example_python_operator to None, run_after=None
[2024-09-02 21:35:14,892] {processor.py:161} INFO - Processing /opt/conda/lib/python3.8/site-packages/airflow/example_dags/example_python_operator.py took 2.253 seconds
[2024-09-02 21:37:19,718] {processor.py:153} INFO - Started process (PID=1577) to work on /opt/conda/lib/python3.8/site-packages/airflow/example_dags/example_python_operator.py
[2024-09-02 21:37:19,719] {processor.py:641} INFO - Processing file /opt/conda/lib/python3.8/site-packages/airflow/example_dags/example_python_operator.py for tasks to queue
[2024-09-02 21:37:19,720] {logging_mixin.py:115} INFO - [2024-09-02 21:37:19,719] {dagbag.py:508} INFO - Filling up the DagBag from /opt/conda/lib/python3.8/site-packages/airflow/example_dags/example_python_operator.py
[2024-09-02 21:37:19,739] {logging_mixin.py:115} INFO - [2024-09-02 21:37:19,739] {example_python_operator.py:68} WARNING - The virtalenv_python example task requires virtualenv, please install it.
[2024-09-02 21:37:19,740] {processor.py:651} INFO - DAG(s) dict_keys(['example_python_operator']) retrieved from /opt/conda/lib/python3.8/site-packages/airflow/example_dags/example_python_operator.py
[2024-09-02 21:37:19,757] {logging_mixin.py:115} INFO - [2024-09-02 21:37:19,757] {dag.py:2420} INFO - Sync 1 DAGs
[2024-09-02 21:37:19,775] {logging_mixin.py:115} INFO - [2024-09-02 21:37:19,775] {dag.py:2968} INFO - Setting next_dagrun for example_python_operator to None, run_after=None
[2024-09-02 21:37:19,931] {processor.py:161} INFO - Processing /opt/conda/lib/python3.8/site-packages/airflow/example_dags/example_python_operator.py took 0.217 seconds
[2024-09-02 21:38:48,899] {processor.py:153} INFO - Started process (PID=1655) to work on /opt/conda/lib/python3.8/site-packages/airflow/example_dags/example_python_operator.py
[2024-09-02 21:38:48,900] {processor.py:641} INFO - Processing file /opt/conda/lib/python3.8/site-packages/airflow/example_dags/example_python_operator.py for tasks to queue
[2024-09-02 21:38:48,901] {logging_mixin.py:115} INFO - [2024-09-02 21:38:48,900] {dagbag.py:508} INFO - Filling up the DagBag from /opt/conda/lib/python3.8/site-packages/airflow/example_dags/example_python_operator.py
[2024-09-02 21:38:48,920] {logging_mixin.py:115} INFO - [2024-09-02 21:38:48,920] {example_python_operator.py:68} WARNING - The virtalenv_python example task requires virtualenv, please install it.
[2024-09-02 21:38:48,920] {processor.py:651} INFO - DAG(s) dict_keys(['example_python_operator']) retrieved from /opt/conda/lib/python3.8/site-packages/airflow/example_dags/example_python_operator.py
[2024-09-02 21:38:48,936] {logging_mixin.py:115} INFO - [2024-09-02 21:38:48,936] {dag.py:2420} INFO - Sync 1 DAGs
[2024-09-02 21:38:48,955] {logging_mixin.py:115} INFO - [2024-09-02 21:38:48,955] {dag.py:2968} INFO - Setting next_dagrun for example_python_operator to None, run_after=None
[2024-09-02 21:38:49,332] {processor.py:161} INFO - Processing /opt/conda/lib/python3.8/site-packages/airflow/example_dags/example_python_operator.py took 0.437 seconds
[2024-09-02 21:40:58,553] {processor.py:153} INFO - Started process (PID=1745) to work on /opt/conda/lib/python3.8/site-packages/airflow/example_dags/example_python_operator.py
[2024-09-02 21:40:58,554] {processor.py:641} INFO - Processing file /opt/conda/lib/python3.8/site-packages/airflow/example_dags/example_python_operator.py for tasks to queue
[2024-09-02 21:40:58,555] {logging_mixin.py:115} INFO - [2024-09-02 21:40:58,555] {dagbag.py:508} INFO - Filling up the DagBag from /opt/conda/lib/python3.8/site-packages/airflow/example_dags/example_python_operator.py
[2024-09-02 21:40:58,575] {logging_mixin.py:115} INFO - [2024-09-02 21:40:58,575] {example_python_operator.py:68} WARNING - The virtalenv_python example task requires virtualenv, please install it.
[2024-09-02 21:40:58,575] {processor.py:651} INFO - DAG(s) dict_keys(['example_python_operator']) retrieved from /opt/conda/lib/python3.8/site-packages/airflow/example_dags/example_python_operator.py
[2024-09-02 21:40:58,592] {logging_mixin.py:115} INFO - [2024-09-02 21:40:58,592] {dag.py:2420} INFO - Sync 1 DAGs
[2024-09-02 21:40:58,611] {logging_mixin.py:115} INFO - [2024-09-02 21:40:58,611] {dag.py:2968} INFO - Setting next_dagrun for example_python_operator to None, run_after=None
[2024-09-02 21:41:01,742] {processor.py:161} INFO - Processing /opt/conda/lib/python3.8/site-packages/airflow/example_dags/example_python_operator.py took 3.192 seconds
[2024-09-02 21:42:15,917] {processor.py:153} INFO - Started process (PID=1790) to work on /opt/conda/lib/python3.8/site-packages/airflow/example_dags/example_python_operator.py
[2024-09-02 21:42:15,958] {processor.py:641} INFO - Processing file /opt/conda/lib/python3.8/site-packages/airflow/example_dags/example_python_operator.py for tasks to queue
[2024-09-02 21:42:15,959] {logging_mixin.py:115} INFO - [2024-09-02 21:42:15,959] {dagbag.py:508} INFO - Filling up the DagBag from /opt/conda/lib/python3.8/site-packages/airflow/example_dags/example_python_operator.py
[2024-09-02 21:42:16,008] {logging_mixin.py:115} INFO - [2024-09-02 21:42:16,008] {example_python_operator.py:68} WARNING - The virtalenv_python example task requires virtualenv, please install it.
[2024-09-02 21:42:16,008] {processor.py:651} INFO - DAG(s) dict_keys(['example_python_operator']) retrieved from /opt/conda/lib/python3.8/site-packages/airflow/example_dags/example_python_operator.py
[2024-09-02 21:42:16,052] {logging_mixin.py:115} INFO - [2024-09-02 21:42:16,052] {dag.py:2420} INFO - Sync 1 DAGs
[2024-09-02 21:42:16,128] {logging_mixin.py:115} INFO - [2024-09-02 21:42:16,128] {dag.py:2968} INFO - Setting next_dagrun for example_python_operator to None, run_after=None
[2024-09-02 21:42:18,227] {processor.py:161} INFO - Processing /opt/conda/lib/python3.8/site-packages/airflow/example_dags/example_python_operator.py took 2.313 seconds
[2024-09-02 21:49:26,367] {processor.py:153} INFO - Started process (PID=1825) to work on /opt/conda/lib/python3.8/site-packages/airflow/example_dags/example_python_operator.py
[2024-09-02 21:49:26,369] {processor.py:641} INFO - Processing file /opt/conda/lib/python3.8/site-packages/airflow/example_dags/example_python_operator.py for tasks to queue
[2024-09-02 21:49:26,369] {logging_mixin.py:115} INFO - [2024-09-02 21:49:26,369] {dagbag.py:508} INFO - Filling up the DagBag from /opt/conda/lib/python3.8/site-packages/airflow/example_dags/example_python_operator.py
[2024-09-02 21:49:26,389] {logging_mixin.py:115} INFO - [2024-09-02 21:49:26,389] {example_python_operator.py:68} WARNING - The virtalenv_python example task requires virtualenv, please install it.
[2024-09-02 21:49:26,390] {processor.py:651} INFO - DAG(s) dict_keys(['example_python_operator']) retrieved from /opt/conda/lib/python3.8/site-packages/airflow/example_dags/example_python_operator.py
[2024-09-02 21:49:26,407] {logging_mixin.py:115} INFO - [2024-09-02 21:49:26,407] {dag.py:2420} INFO - Sync 1 DAGs
[2024-09-02 21:49:26,426] {logging_mixin.py:115} INFO - [2024-09-02 21:49:26,426] {dag.py:2968} INFO - Setting next_dagrun for example_python_operator to None, run_after=None
[2024-09-02 21:49:27,227] {processor.py:161} INFO - Processing /opt/conda/lib/python3.8/site-packages/airflow/example_dags/example_python_operator.py took 0.864 seconds
[2024-09-02 21:50:39,452] {processor.py:153} INFO - Started process (PID=1882) to work on /opt/conda/lib/python3.8/site-packages/airflow/example_dags/example_python_operator.py
[2024-09-02 21:50:39,454] {processor.py:641} INFO - Processing file /opt/conda/lib/python3.8/site-packages/airflow/example_dags/example_python_operator.py for tasks to queue
[2024-09-02 21:50:39,454] {logging_mixin.py:115} INFO - [2024-09-02 21:50:39,454] {dagbag.py:508} INFO - Filling up the DagBag from /opt/conda/lib/python3.8/site-packages/airflow/example_dags/example_python_operator.py
[2024-09-02 21:50:39,474] {logging_mixin.py:115} INFO - [2024-09-02 21:50:39,474] {example_python_operator.py:68} WARNING - The virtalenv_python example task requires virtualenv, please install it.
[2024-09-02 21:50:39,475] {processor.py:651} INFO - DAG(s) dict_keys(['example_python_operator']) retrieved from /opt/conda/lib/python3.8/site-packages/airflow/example_dags/example_python_operator.py
[2024-09-02 21:50:39,492] {logging_mixin.py:115} INFO - [2024-09-02 21:50:39,492] {dag.py:2420} INFO - Sync 1 DAGs
[2024-09-02 21:50:39,511] {logging_mixin.py:115} INFO - [2024-09-02 21:50:39,511] {dag.py:2968} INFO - Setting next_dagrun for example_python_operator to None, run_after=None
[2024-09-02 21:50:40,429] {processor.py:161} INFO - Processing /opt/conda/lib/python3.8/site-packages/airflow/example_dags/example_python_operator.py took 0.980 seconds
[2024-09-02 21:51:47,356] {processor.py:153} INFO - Started process (PID=1927) to work on /opt/conda/lib/python3.8/site-packages/airflow/example_dags/example_python_operator.py
[2024-09-02 21:51:47,358] {processor.py:641} INFO - Processing file /opt/conda/lib/python3.8/site-packages/airflow/example_dags/example_python_operator.py for tasks to queue
[2024-09-02 21:51:47,358] {logging_mixin.py:115} INFO - [2024-09-02 21:51:47,358] {dagbag.py:508} INFO - Filling up the DagBag from /opt/conda/lib/python3.8/site-packages/airflow/example_dags/example_python_operator.py
[2024-09-02 21:51:47,378] {logging_mixin.py:115} INFO - [2024-09-02 21:51:47,378] {example_python_operator.py:68} WARNING - The virtalenv_python example task requires virtualenv, please install it.
[2024-09-02 21:51:47,378] {processor.py:651} INFO - DAG(s) dict_keys(['example_python_operator']) retrieved from /opt/conda/lib/python3.8/site-packages/airflow/example_dags/example_python_operator.py
[2024-09-02 21:51:47,396] {logging_mixin.py:115} INFO - [2024-09-02 21:51:47,396] {dag.py:2420} INFO - Sync 1 DAGs
[2024-09-02 21:51:47,415] {logging_mixin.py:115} INFO - [2024-09-02 21:51:47,415] {dag.py:2968} INFO - Setting next_dagrun for example_python_operator to None, run_after=None
[2024-09-02 21:51:49,255] {processor.py:161} INFO - Processing /opt/conda/lib/python3.8/site-packages/airflow/example_dags/example_python_operator.py took 1.902 seconds
