[2024-09-02 04:31:15,026] {processor.py:153} INFO - Started process (PID=828) to work on /opt/conda/lib/python3.8/site-packages/airflow/example_dags/example_branch_operator_decorator.py
[2024-09-02 04:31:15,027] {processor.py:641} INFO - Processing file /opt/conda/lib/python3.8/site-packages/airflow/example_dags/example_branch_operator_decorator.py for tasks to queue
[2024-09-02 04:31:15,027] {logging_mixin.py:115} INFO - [2024-09-02 04:31:15,027] {dagbag.py:508} INFO - Filling up the DagBag from /opt/conda/lib/python3.8/site-packages/airflow/example_dags/example_branch_operator_decorator.py
[2024-09-02 04:31:15,051] {processor.py:651} INFO - DAG(s) dict_keys(['example_branch_python_operator_decorator']) retrieved from /opt/conda/lib/python3.8/site-packages/airflow/example_dags/example_branch_operator_decorator.py
[2024-09-02 04:31:15,347] {logging_mixin.py:115} INFO - [2024-09-02 04:31:15,347] {manager.py:508} INFO - Created Permission View: can edit on DAG:example_branch_python_operator_decorator
[2024-09-02 04:31:15,362] {logging_mixin.py:115} INFO - [2024-09-02 04:31:15,362] {manager.py:508} INFO - Created Permission View: can delete on DAG:example_branch_python_operator_decorator
[2024-09-02 04:31:15,379] {logging_mixin.py:115} INFO - [2024-09-02 04:31:15,379] {manager.py:508} INFO - Created Permission View: can read on DAG:example_branch_python_operator_decorator
[2024-09-02 04:31:15,380] {logging_mixin.py:115} INFO - [2024-09-02 04:31:15,380] {dag.py:2420} INFO - Sync 1 DAGs
[2024-09-02 04:31:15,385] {logging_mixin.py:115} INFO - [2024-09-02 04:31:15,385] {dag.py:2439} INFO - Creating ORM DAG for example_branch_python_operator_decorator
[2024-09-02 04:31:15,394] {logging_mixin.py:115} INFO - [2024-09-02 04:31:15,394] {dag.py:2968} INFO - Setting next_dagrun for example_branch_python_operator_decorator to 2024-09-01T00:00:00+00:00, run_after=2024-09-02T00:00:00+00:00
[2024-09-02 04:31:15,429] {processor.py:161} INFO - Processing /opt/conda/lib/python3.8/site-packages/airflow/example_dags/example_branch_operator_decorator.py took 0.406 seconds
[2024-09-02 04:31:55,926] {processor.py:153} INFO - Started process (PID=864) to work on /opt/conda/lib/python3.8/site-packages/airflow/example_dags/example_branch_operator_decorator.py
[2024-09-02 04:31:55,928] {processor.py:641} INFO - Processing file /opt/conda/lib/python3.8/site-packages/airflow/example_dags/example_branch_operator_decorator.py for tasks to queue
[2024-09-02 04:31:55,928] {logging_mixin.py:115} INFO - [2024-09-02 04:31:55,928] {dagbag.py:508} INFO - Filling up the DagBag from /opt/conda/lib/python3.8/site-packages/airflow/example_dags/example_branch_operator_decorator.py
[2024-09-02 04:31:56,059] {processor.py:651} INFO - DAG(s) dict_keys(['example_branch_python_operator_decorator']) retrieved from /opt/conda/lib/python3.8/site-packages/airflow/example_dags/example_branch_operator_decorator.py
[2024-09-02 04:31:56,068] {logging_mixin.py:115} INFO - [2024-09-02 04:31:56,068] {dag.py:2420} INFO - Sync 1 DAGs
[2024-09-02 04:31:56,080] {logging_mixin.py:115} INFO - [2024-09-02 04:31:56,080] {dag.py:2968} INFO - Setting next_dagrun for example_branch_python_operator_decorator to 2024-09-01T00:00:00+00:00, run_after=2024-09-02T00:00:00+00:00
[2024-09-02 04:31:56,100] {processor.py:161} INFO - Processing /opt/conda/lib/python3.8/site-packages/airflow/example_dags/example_branch_operator_decorator.py took 0.177 seconds
[2024-09-02 04:32:33,130] {processor.py:153} INFO - Started process (PID=898) to work on /opt/conda/lib/python3.8/site-packages/airflow/example_dags/example_branch_operator_decorator.py
[2024-09-02 04:32:33,131] {processor.py:641} INFO - Processing file /opt/conda/lib/python3.8/site-packages/airflow/example_dags/example_branch_operator_decorator.py for tasks to queue
[2024-09-02 04:32:33,132] {logging_mixin.py:115} INFO - [2024-09-02 04:32:33,132] {dagbag.py:508} INFO - Filling up the DagBag from /opt/conda/lib/python3.8/site-packages/airflow/example_dags/example_branch_operator_decorator.py
[2024-09-02 04:32:33,263] {processor.py:651} INFO - DAG(s) dict_keys(['example_branch_python_operator_decorator']) retrieved from /opt/conda/lib/python3.8/site-packages/airflow/example_dags/example_branch_operator_decorator.py
[2024-09-02 04:32:33,272] {logging_mixin.py:115} INFO - [2024-09-02 04:32:33,272] {dag.py:2420} INFO - Sync 1 DAGs
[2024-09-02 04:32:33,284] {logging_mixin.py:115} INFO - [2024-09-02 04:32:33,284] {dag.py:2968} INFO - Setting next_dagrun for example_branch_python_operator_decorator to 2024-09-01T00:00:00+00:00, run_after=2024-09-02T00:00:00+00:00
[2024-09-02 04:32:33,302] {processor.py:161} INFO - Processing /opt/conda/lib/python3.8/site-packages/airflow/example_dags/example_branch_operator_decorator.py took 0.176 seconds
[2024-09-02 21:18:54,477] {processor.py:153} INFO - Started process (PID=666) to work on /opt/conda/lib/python3.8/site-packages/airflow/example_dags/example_branch_operator_decorator.py
[2024-09-02 21:18:54,479] {processor.py:641} INFO - Processing file /opt/conda/lib/python3.8/site-packages/airflow/example_dags/example_branch_operator_decorator.py for tasks to queue
[2024-09-02 21:18:54,479] {logging_mixin.py:115} INFO - [2024-09-02 21:18:54,479] {dagbag.py:508} INFO - Filling up the DagBag from /opt/conda/lib/python3.8/site-packages/airflow/example_dags/example_branch_operator_decorator.py
[2024-09-02 21:18:54,498] {processor.py:651} INFO - DAG(s) dict_keys(['example_branch_python_operator_decorator']) retrieved from /opt/conda/lib/python3.8/site-packages/airflow/example_dags/example_branch_operator_decorator.py
[2024-09-02 21:18:54,513] {logging_mixin.py:115} INFO - [2024-09-02 21:18:54,513] {dag.py:2420} INFO - Sync 1 DAGs
[2024-09-02 21:18:54,527] {logging_mixin.py:115} INFO - [2024-09-02 21:18:54,527] {dag.py:2968} INFO - Setting next_dagrun for example_branch_python_operator_decorator to 2024-09-01T00:00:00+00:00, run_after=2024-09-02T00:00:00+00:00
[2024-09-02 21:18:54,546] {processor.py:161} INFO - Processing /opt/conda/lib/python3.8/site-packages/airflow/example_dags/example_branch_operator_decorator.py took 0.072 seconds
[2024-09-02 21:19:35,069] {processor.py:153} INFO - Started process (PID=883) to work on /opt/conda/lib/python3.8/site-packages/airflow/example_dags/example_branch_operator_decorator.py
[2024-09-02 21:19:35,070] {processor.py:641} INFO - Processing file /opt/conda/lib/python3.8/site-packages/airflow/example_dags/example_branch_operator_decorator.py for tasks to queue
[2024-09-02 21:19:35,071] {logging_mixin.py:115} INFO - [2024-09-02 21:19:35,071] {dagbag.py:508} INFO - Filling up the DagBag from /opt/conda/lib/python3.8/site-packages/airflow/example_dags/example_branch_operator_decorator.py
[2024-09-02 21:19:35,092] {processor.py:651} INFO - DAG(s) dict_keys(['example_branch_python_operator_decorator']) retrieved from /opt/conda/lib/python3.8/site-packages/airflow/example_dags/example_branch_operator_decorator.py
[2024-09-02 21:19:35,111] {logging_mixin.py:115} INFO - [2024-09-02 21:19:35,111] {dag.py:2420} INFO - Sync 1 DAGs
[2024-09-02 21:19:35,132] {logging_mixin.py:115} INFO - [2024-09-02 21:19:35,132] {dag.py:2968} INFO - Setting next_dagrun for example_branch_python_operator_decorator to 2024-09-01T00:00:00+00:00, run_after=2024-09-02T00:00:00+00:00
[2024-09-02 21:19:35,160] {processor.py:161} INFO - Processing /opt/conda/lib/python3.8/site-packages/airflow/example_dags/example_branch_operator_decorator.py took 0.095 seconds
[2024-09-02 21:20:36,247] {processor.py:153} INFO - Started process (PID=933) to work on /opt/conda/lib/python3.8/site-packages/airflow/example_dags/example_branch_operator_decorator.py
[2024-09-02 21:20:36,248] {processor.py:641} INFO - Processing file /opt/conda/lib/python3.8/site-packages/airflow/example_dags/example_branch_operator_decorator.py for tasks to queue
[2024-09-02 21:20:36,249] {logging_mixin.py:115} INFO - [2024-09-02 21:20:36,249] {dagbag.py:508} INFO - Filling up the DagBag from /opt/conda/lib/python3.8/site-packages/airflow/example_dags/example_branch_operator_decorator.py
[2024-09-02 21:20:36,270] {processor.py:651} INFO - DAG(s) dict_keys(['example_branch_python_operator_decorator']) retrieved from /opt/conda/lib/python3.8/site-packages/airflow/example_dags/example_branch_operator_decorator.py
[2024-09-02 21:20:36,289] {logging_mixin.py:115} INFO - [2024-09-02 21:20:36,289] {dag.py:2420} INFO - Sync 1 DAGs
[2024-09-02 21:20:36,309] {logging_mixin.py:115} INFO - [2024-09-02 21:20:36,309] {dag.py:2968} INFO - Setting next_dagrun for example_branch_python_operator_decorator to 2024-09-01T00:00:00+00:00, run_after=2024-09-02T00:00:00+00:00
[2024-09-02 21:20:37,709] {processor.py:161} INFO - Processing /opt/conda/lib/python3.8/site-packages/airflow/example_dags/example_branch_operator_decorator.py took 1.466 seconds
[2024-09-02 21:21:50,181] {processor.py:153} INFO - Started process (PID=968) to work on /opt/conda/lib/python3.8/site-packages/airflow/example_dags/example_branch_operator_decorator.py
[2024-09-02 21:21:50,182] {processor.py:641} INFO - Processing file /opt/conda/lib/python3.8/site-packages/airflow/example_dags/example_branch_operator_decorator.py for tasks to queue
[2024-09-02 21:21:50,183] {logging_mixin.py:115} INFO - [2024-09-02 21:21:50,183] {dagbag.py:508} INFO - Filling up the DagBag from /opt/conda/lib/python3.8/site-packages/airflow/example_dags/example_branch_operator_decorator.py
[2024-09-02 21:21:50,204] {processor.py:651} INFO - DAG(s) dict_keys(['example_branch_python_operator_decorator']) retrieved from /opt/conda/lib/python3.8/site-packages/airflow/example_dags/example_branch_operator_decorator.py
[2024-09-02 21:21:50,223] {logging_mixin.py:115} INFO - [2024-09-02 21:21:50,223] {dag.py:2420} INFO - Sync 1 DAGs
[2024-09-02 21:21:50,244] {logging_mixin.py:115} INFO - [2024-09-02 21:21:50,243] {dag.py:2968} INFO - Setting next_dagrun for example_branch_python_operator_decorator to 2024-09-01T00:00:00+00:00, run_after=2024-09-02T00:00:00+00:00
[2024-09-02 21:21:50,308] {processor.py:161} INFO - Processing /opt/conda/lib/python3.8/site-packages/airflow/example_dags/example_branch_operator_decorator.py took 0.131 seconds
[2024-09-02 21:22:42,399] {processor.py:153} INFO - Started process (PID=1003) to work on /opt/conda/lib/python3.8/site-packages/airflow/example_dags/example_branch_operator_decorator.py
[2024-09-02 21:22:42,400] {processor.py:641} INFO - Processing file /opt/conda/lib/python3.8/site-packages/airflow/example_dags/example_branch_operator_decorator.py for tasks to queue
[2024-09-02 21:22:42,401] {logging_mixin.py:115} INFO - [2024-09-02 21:22:42,401] {dagbag.py:508} INFO - Filling up the DagBag from /opt/conda/lib/python3.8/site-packages/airflow/example_dags/example_branch_operator_decorator.py
[2024-09-02 21:22:42,422] {processor.py:651} INFO - DAG(s) dict_keys(['example_branch_python_operator_decorator']) retrieved from /opt/conda/lib/python3.8/site-packages/airflow/example_dags/example_branch_operator_decorator.py
[2024-09-02 21:22:42,441] {logging_mixin.py:115} INFO - [2024-09-02 21:22:42,441] {dag.py:2420} INFO - Sync 1 DAGs
[2024-09-02 21:22:42,462] {logging_mixin.py:115} INFO - [2024-09-02 21:22:42,461] {dag.py:2968} INFO - Setting next_dagrun for example_branch_python_operator_decorator to 2024-09-01T00:00:00+00:00, run_after=2024-09-02T00:00:00+00:00
[2024-09-02 21:22:43,503] {processor.py:161} INFO - Processing /opt/conda/lib/python3.8/site-packages/airflow/example_dags/example_branch_operator_decorator.py took 1.108 seconds
[2024-09-02 21:23:48,342] {processor.py:153} INFO - Started process (PID=1061) to work on /opt/conda/lib/python3.8/site-packages/airflow/example_dags/example_branch_operator_decorator.py
[2024-09-02 21:23:48,344] {processor.py:641} INFO - Processing file /opt/conda/lib/python3.8/site-packages/airflow/example_dags/example_branch_operator_decorator.py for tasks to queue
[2024-09-02 21:23:48,344] {logging_mixin.py:115} INFO - [2024-09-02 21:23:48,344] {dagbag.py:508} INFO - Filling up the DagBag from /opt/conda/lib/python3.8/site-packages/airflow/example_dags/example_branch_operator_decorator.py
[2024-09-02 21:23:48,366] {processor.py:651} INFO - DAG(s) dict_keys(['example_branch_python_operator_decorator']) retrieved from /opt/conda/lib/python3.8/site-packages/airflow/example_dags/example_branch_operator_decorator.py
[2024-09-02 21:23:48,384] {logging_mixin.py:115} INFO - [2024-09-02 21:23:48,384] {dag.py:2420} INFO - Sync 1 DAGs
[2024-09-02 21:23:48,406] {logging_mixin.py:115} INFO - [2024-09-02 21:23:48,405] {dag.py:2968} INFO - Setting next_dagrun for example_branch_python_operator_decorator to 2024-09-01T00:00:00+00:00, run_after=2024-09-02T00:00:00+00:00
[2024-09-02 21:23:49,571] {processor.py:161} INFO - Processing /opt/conda/lib/python3.8/site-packages/airflow/example_dags/example_branch_operator_decorator.py took 1.232 seconds
[2024-09-02 21:24:44,972] {processor.py:153} INFO - Started process (PID=1093) to work on /opt/conda/lib/python3.8/site-packages/airflow/example_dags/example_branch_operator_decorator.py
[2024-09-02 21:24:44,973] {processor.py:641} INFO - Processing file /opt/conda/lib/python3.8/site-packages/airflow/example_dags/example_branch_operator_decorator.py for tasks to queue
[2024-09-02 21:24:44,974] {logging_mixin.py:115} INFO - [2024-09-02 21:24:44,974] {dagbag.py:508} INFO - Filling up the DagBag from /opt/conda/lib/python3.8/site-packages/airflow/example_dags/example_branch_operator_decorator.py
[2024-09-02 21:24:44,995] {processor.py:651} INFO - DAG(s) dict_keys(['example_branch_python_operator_decorator']) retrieved from /opt/conda/lib/python3.8/site-packages/airflow/example_dags/example_branch_operator_decorator.py
[2024-09-02 21:24:45,013] {logging_mixin.py:115} INFO - [2024-09-02 21:24:45,013] {dag.py:2420} INFO - Sync 1 DAGs
[2024-09-02 21:24:45,034] {logging_mixin.py:115} INFO - [2024-09-02 21:24:45,034] {dag.py:2968} INFO - Setting next_dagrun for example_branch_python_operator_decorator to 2024-09-01T00:00:00+00:00, run_after=2024-09-02T00:00:00+00:00
[2024-09-02 21:24:46,708] {processor.py:161} INFO - Processing /opt/conda/lib/python3.8/site-packages/airflow/example_dags/example_branch_operator_decorator.py took 1.740 seconds
[2024-09-02 21:26:48,084] {processor.py:153} INFO - Started process (PID=1157) to work on /opt/conda/lib/python3.8/site-packages/airflow/example_dags/example_branch_operator_decorator.py
[2024-09-02 21:26:48,085] {processor.py:641} INFO - Processing file /opt/conda/lib/python3.8/site-packages/airflow/example_dags/example_branch_operator_decorator.py for tasks to queue
[2024-09-02 21:26:48,086] {logging_mixin.py:115} INFO - [2024-09-02 21:26:48,086] {dagbag.py:508} INFO - Filling up the DagBag from /opt/conda/lib/python3.8/site-packages/airflow/example_dags/example_branch_operator_decorator.py
[2024-09-02 21:26:48,108] {processor.py:651} INFO - DAG(s) dict_keys(['example_branch_python_operator_decorator']) retrieved from /opt/conda/lib/python3.8/site-packages/airflow/example_dags/example_branch_operator_decorator.py
[2024-09-02 21:26:48,126] {logging_mixin.py:115} INFO - [2024-09-02 21:26:48,126] {dag.py:2420} INFO - Sync 1 DAGs
[2024-09-02 21:26:48,147] {logging_mixin.py:115} INFO - [2024-09-02 21:26:48,147] {dag.py:2968} INFO - Setting next_dagrun for example_branch_python_operator_decorator to 2024-09-01T00:00:00+00:00, run_after=2024-09-02T00:00:00+00:00
[2024-09-02 21:26:49,434] {processor.py:161} INFO - Processing /opt/conda/lib/python3.8/site-packages/airflow/example_dags/example_branch_operator_decorator.py took 1.353 seconds
[2024-09-02 21:27:56,564] {processor.py:153} INFO - Started process (PID=1194) to work on /opt/conda/lib/python3.8/site-packages/airflow/example_dags/example_branch_operator_decorator.py
[2024-09-02 21:27:56,566] {processor.py:641} INFO - Processing file /opt/conda/lib/python3.8/site-packages/airflow/example_dags/example_branch_operator_decorator.py for tasks to queue
[2024-09-02 21:27:56,566] {logging_mixin.py:115} INFO - [2024-09-02 21:27:56,566] {dagbag.py:508} INFO - Filling up the DagBag from /opt/conda/lib/python3.8/site-packages/airflow/example_dags/example_branch_operator_decorator.py
[2024-09-02 21:27:56,588] {processor.py:651} INFO - DAG(s) dict_keys(['example_branch_python_operator_decorator']) retrieved from /opt/conda/lib/python3.8/site-packages/airflow/example_dags/example_branch_operator_decorator.py
[2024-09-02 21:27:56,606] {logging_mixin.py:115} INFO - [2024-09-02 21:27:56,606] {dag.py:2420} INFO - Sync 1 DAGs
[2024-09-02 21:27:56,627] {logging_mixin.py:115} INFO - [2024-09-02 21:27:56,627] {dag.py:2968} INFO - Setting next_dagrun for example_branch_python_operator_decorator to 2024-09-01T00:00:00+00:00, run_after=2024-09-02T00:00:00+00:00
[2024-09-02 21:27:59,217] {processor.py:161} INFO - Processing /opt/conda/lib/python3.8/site-packages/airflow/example_dags/example_branch_operator_decorator.py took 2.656 seconds
[2024-09-02 21:29:02,497] {processor.py:153} INFO - Started process (PID=1249) to work on /opt/conda/lib/python3.8/site-packages/airflow/example_dags/example_branch_operator_decorator.py
[2024-09-02 21:29:02,499] {processor.py:641} INFO - Processing file /opt/conda/lib/python3.8/site-packages/airflow/example_dags/example_branch_operator_decorator.py for tasks to queue
[2024-09-02 21:29:02,499] {logging_mixin.py:115} INFO - [2024-09-02 21:29:02,499] {dagbag.py:508} INFO - Filling up the DagBag from /opt/conda/lib/python3.8/site-packages/airflow/example_dags/example_branch_operator_decorator.py
[2024-09-02 21:29:02,521] {processor.py:651} INFO - DAG(s) dict_keys(['example_branch_python_operator_decorator']) retrieved from /opt/conda/lib/python3.8/site-packages/airflow/example_dags/example_branch_operator_decorator.py
[2024-09-02 21:29:02,540] {logging_mixin.py:115} INFO - [2024-09-02 21:29:02,540] {dag.py:2420} INFO - Sync 1 DAGs
[2024-09-02 21:29:02,560] {logging_mixin.py:115} INFO - [2024-09-02 21:29:02,560] {dag.py:2968} INFO - Setting next_dagrun for example_branch_python_operator_decorator to 2024-09-01T00:00:00+00:00, run_after=2024-09-02T00:00:00+00:00
[2024-09-02 21:29:03,966] {processor.py:161} INFO - Processing /opt/conda/lib/python3.8/site-packages/airflow/example_dags/example_branch_operator_decorator.py took 1.472 seconds
[2024-09-02 21:30:47,195] {processor.py:153} INFO - Started process (PID=1311) to work on /opt/conda/lib/python3.8/site-packages/airflow/example_dags/example_branch_operator_decorator.py
[2024-09-02 21:30:47,196] {processor.py:641} INFO - Processing file /opt/conda/lib/python3.8/site-packages/airflow/example_dags/example_branch_operator_decorator.py for tasks to queue
[2024-09-02 21:30:47,197] {logging_mixin.py:115} INFO - [2024-09-02 21:30:47,197] {dagbag.py:508} INFO - Filling up the DagBag from /opt/conda/lib/python3.8/site-packages/airflow/example_dags/example_branch_operator_decorator.py
[2024-09-02 21:30:47,218] {processor.py:651} INFO - DAG(s) dict_keys(['example_branch_python_operator_decorator']) retrieved from /opt/conda/lib/python3.8/site-packages/airflow/example_dags/example_branch_operator_decorator.py
[2024-09-02 21:30:47,237] {logging_mixin.py:115} INFO - [2024-09-02 21:30:47,237] {dag.py:2420} INFO - Sync 1 DAGs
[2024-09-02 21:30:47,258] {logging_mixin.py:115} INFO - [2024-09-02 21:30:47,257] {dag.py:2968} INFO - Setting next_dagrun for example_branch_python_operator_decorator to 2024-09-01T00:00:00+00:00, run_after=2024-09-02T00:00:00+00:00
[2024-09-02 21:30:47,418] {processor.py:161} INFO - Processing /opt/conda/lib/python3.8/site-packages/airflow/example_dags/example_branch_operator_decorator.py took 0.227 seconds
[2024-09-02 21:32:01,895] {processor.py:153} INFO - Started process (PID=1384) to work on /opt/conda/lib/python3.8/site-packages/airflow/example_dags/example_branch_operator_decorator.py
[2024-09-02 21:32:01,897] {processor.py:641} INFO - Processing file /opt/conda/lib/python3.8/site-packages/airflow/example_dags/example_branch_operator_decorator.py for tasks to queue
[2024-09-02 21:32:01,898] {logging_mixin.py:115} INFO - [2024-09-02 21:32:01,897] {dagbag.py:508} INFO - Filling up the DagBag from /opt/conda/lib/python3.8/site-packages/airflow/example_dags/example_branch_operator_decorator.py
[2024-09-02 21:32:01,919] {processor.py:651} INFO - DAG(s) dict_keys(['example_branch_python_operator_decorator']) retrieved from /opt/conda/lib/python3.8/site-packages/airflow/example_dags/example_branch_operator_decorator.py
[2024-09-02 21:32:01,938] {logging_mixin.py:115} INFO - [2024-09-02 21:32:01,938] {dag.py:2420} INFO - Sync 1 DAGs
[2024-09-02 21:32:01,958] {logging_mixin.py:115} INFO - [2024-09-02 21:32:01,958] {dag.py:2968} INFO - Setting next_dagrun for example_branch_python_operator_decorator to 2024-09-01T00:00:00+00:00, run_after=2024-09-02T00:00:00+00:00
[2024-09-02 21:32:02,103] {processor.py:161} INFO - Processing /opt/conda/lib/python3.8/site-packages/airflow/example_dags/example_branch_operator_decorator.py took 0.211 seconds
[2024-09-02 21:33:47,717] {processor.py:153} INFO - Started process (PID=1460) to work on /opt/conda/lib/python3.8/site-packages/airflow/example_dags/example_branch_operator_decorator.py
[2024-09-02 21:33:47,719] {processor.py:641} INFO - Processing file /opt/conda/lib/python3.8/site-packages/airflow/example_dags/example_branch_operator_decorator.py for tasks to queue
[2024-09-02 21:33:47,719] {logging_mixin.py:115} INFO - [2024-09-02 21:33:47,719] {dagbag.py:508} INFO - Filling up the DagBag from /opt/conda/lib/python3.8/site-packages/airflow/example_dags/example_branch_operator_decorator.py
[2024-09-02 21:33:47,740] {processor.py:651} INFO - DAG(s) dict_keys(['example_branch_python_operator_decorator']) retrieved from /opt/conda/lib/python3.8/site-packages/airflow/example_dags/example_branch_operator_decorator.py
[2024-09-02 21:33:47,757] {logging_mixin.py:115} INFO - [2024-09-02 21:33:47,757] {dag.py:2420} INFO - Sync 1 DAGs
[2024-09-02 21:33:47,778] {logging_mixin.py:115} INFO - [2024-09-02 21:33:47,777] {dag.py:2968} INFO - Setting next_dagrun for example_branch_python_operator_decorator to 2024-09-01T00:00:00+00:00, run_after=2024-09-02T00:00:00+00:00
[2024-09-02 21:33:49,420] {processor.py:161} INFO - Processing /opt/conda/lib/python3.8/site-packages/airflow/example_dags/example_branch_operator_decorator.py took 1.706 seconds
[2024-09-02 21:34:57,083] {processor.py:153} INFO - Started process (PID=1502) to work on /opt/conda/lib/python3.8/site-packages/airflow/example_dags/example_branch_operator_decorator.py
[2024-09-02 21:34:57,085] {processor.py:641} INFO - Processing file /opt/conda/lib/python3.8/site-packages/airflow/example_dags/example_branch_operator_decorator.py for tasks to queue
[2024-09-02 21:34:57,085] {logging_mixin.py:115} INFO - [2024-09-02 21:34:57,085] {dagbag.py:508} INFO - Filling up the DagBag from /opt/conda/lib/python3.8/site-packages/airflow/example_dags/example_branch_operator_decorator.py
[2024-09-02 21:34:57,107] {processor.py:651} INFO - DAG(s) dict_keys(['example_branch_python_operator_decorator']) retrieved from /opt/conda/lib/python3.8/site-packages/airflow/example_dags/example_branch_operator_decorator.py
[2024-09-02 21:34:57,126] {logging_mixin.py:115} INFO - [2024-09-02 21:34:57,126] {dag.py:2420} INFO - Sync 1 DAGs
[2024-09-02 21:34:57,146] {logging_mixin.py:115} INFO - [2024-09-02 21:34:57,146] {dag.py:2968} INFO - Setting next_dagrun for example_branch_python_operator_decorator to 2024-09-01T00:00:00+00:00, run_after=2024-09-02T00:00:00+00:00
[2024-09-02 21:35:00,620] {processor.py:161} INFO - Processing /opt/conda/lib/python3.8/site-packages/airflow/example_dags/example_branch_operator_decorator.py took 3.540 seconds
[2024-09-02 21:36:08,662] {processor.py:153} INFO - Started process (PID=1539) to work on /opt/conda/lib/python3.8/site-packages/airflow/example_dags/example_branch_operator_decorator.py
[2024-09-02 21:36:08,664] {processor.py:641} INFO - Processing file /opt/conda/lib/python3.8/site-packages/airflow/example_dags/example_branch_operator_decorator.py for tasks to queue
[2024-09-02 21:36:08,664] {logging_mixin.py:115} INFO - [2024-09-02 21:36:08,664] {dagbag.py:508} INFO - Filling up the DagBag from /opt/conda/lib/python3.8/site-packages/airflow/example_dags/example_branch_operator_decorator.py
[2024-09-02 21:36:08,686] {processor.py:651} INFO - DAG(s) dict_keys(['example_branch_python_operator_decorator']) retrieved from /opt/conda/lib/python3.8/site-packages/airflow/example_dags/example_branch_operator_decorator.py
[2024-09-02 21:36:08,704] {logging_mixin.py:115} INFO - [2024-09-02 21:36:08,704] {dag.py:2420} INFO - Sync 1 DAGs
[2024-09-02 21:36:08,725] {logging_mixin.py:115} INFO - [2024-09-02 21:36:08,725] {dag.py:2968} INFO - Setting next_dagrun for example_branch_python_operator_decorator to 2024-09-01T00:00:00+00:00, run_after=2024-09-02T00:00:00+00:00
[2024-09-02 21:36:09,082] {processor.py:161} INFO - Processing /opt/conda/lib/python3.8/site-packages/airflow/example_dags/example_branch_operator_decorator.py took 0.423 seconds
[2024-09-02 21:37:12,666] {processor.py:153} INFO - Started process (PID=1572) to work on /opt/conda/lib/python3.8/site-packages/airflow/example_dags/example_branch_operator_decorator.py
[2024-09-02 21:37:12,667] {processor.py:641} INFO - Processing file /opt/conda/lib/python3.8/site-packages/airflow/example_dags/example_branch_operator_decorator.py for tasks to queue
[2024-09-02 21:37:12,668] {logging_mixin.py:115} INFO - [2024-09-02 21:37:12,668] {dagbag.py:508} INFO - Filling up the DagBag from /opt/conda/lib/python3.8/site-packages/airflow/example_dags/example_branch_operator_decorator.py
[2024-09-02 21:37:12,690] {processor.py:651} INFO - DAG(s) dict_keys(['example_branch_python_operator_decorator']) retrieved from /opt/conda/lib/python3.8/site-packages/airflow/example_dags/example_branch_operator_decorator.py
[2024-09-02 21:37:12,708] {logging_mixin.py:115} INFO - [2024-09-02 21:37:12,708] {dag.py:2420} INFO - Sync 1 DAGs
[2024-09-02 21:37:12,729] {logging_mixin.py:115} INFO - [2024-09-02 21:37:12,729] {dag.py:2968} INFO - Setting next_dagrun for example_branch_python_operator_decorator to 2024-09-01T00:00:00+00:00, run_after=2024-09-02T00:00:00+00:00
[2024-09-02 21:37:13,341] {processor.py:161} INFO - Processing /opt/conda/lib/python3.8/site-packages/airflow/example_dags/example_branch_operator_decorator.py took 0.679 seconds
[2024-09-02 21:38:43,244] {processor.py:153} INFO - Started process (PID=1650) to work on /opt/conda/lib/python3.8/site-packages/airflow/example_dags/example_branch_operator_decorator.py
[2024-09-02 21:38:43,245] {processor.py:641} INFO - Processing file /opt/conda/lib/python3.8/site-packages/airflow/example_dags/example_branch_operator_decorator.py for tasks to queue
[2024-09-02 21:38:43,246] {logging_mixin.py:115} INFO - [2024-09-02 21:38:43,246] {dagbag.py:508} INFO - Filling up the DagBag from /opt/conda/lib/python3.8/site-packages/airflow/example_dags/example_branch_operator_decorator.py
[2024-09-02 21:38:43,267] {processor.py:651} INFO - DAG(s) dict_keys(['example_branch_python_operator_decorator']) retrieved from /opt/conda/lib/python3.8/site-packages/airflow/example_dags/example_branch_operator_decorator.py
[2024-09-02 21:38:43,286] {logging_mixin.py:115} INFO - [2024-09-02 21:38:43,286] {dag.py:2420} INFO - Sync 1 DAGs
[2024-09-02 21:38:43,306] {logging_mixin.py:115} INFO - [2024-09-02 21:38:43,306] {dag.py:2968} INFO - Setting next_dagrun for example_branch_python_operator_decorator to 2024-09-01T00:00:00+00:00, run_after=2024-09-02T00:00:00+00:00
[2024-09-02 21:38:43,605] {processor.py:161} INFO - Processing /opt/conda/lib/python3.8/site-packages/airflow/example_dags/example_branch_operator_decorator.py took 0.365 seconds
[2024-09-02 21:39:40,032] {processor.py:153} INFO - Started process (PID=1704) to work on /opt/conda/lib/python3.8/site-packages/airflow/example_dags/example_branch_operator_decorator.py
[2024-09-02 21:39:40,033] {processor.py:641} INFO - Processing file /opt/conda/lib/python3.8/site-packages/airflow/example_dags/example_branch_operator_decorator.py for tasks to queue
[2024-09-02 21:39:40,034] {logging_mixin.py:115} INFO - [2024-09-02 21:39:40,034] {dagbag.py:508} INFO - Filling up the DagBag from /opt/conda/lib/python3.8/site-packages/airflow/example_dags/example_branch_operator_decorator.py
[2024-09-02 21:39:40,055] {processor.py:651} INFO - DAG(s) dict_keys(['example_branch_python_operator_decorator']) retrieved from /opt/conda/lib/python3.8/site-packages/airflow/example_dags/example_branch_operator_decorator.py
[2024-09-02 21:39:40,074] {logging_mixin.py:115} INFO - [2024-09-02 21:39:40,074] {dag.py:2420} INFO - Sync 1 DAGs
[2024-09-02 21:39:40,094] {logging_mixin.py:115} INFO - [2024-09-02 21:39:40,094] {dag.py:2968} INFO - Setting next_dagrun for example_branch_python_operator_decorator to 2024-09-01T00:00:00+00:00, run_after=2024-09-02T00:00:00+00:00
[2024-09-02 21:39:43,312] {processor.py:161} INFO - Processing /opt/conda/lib/python3.8/site-packages/airflow/example_dags/example_branch_operator_decorator.py took 3.284 seconds
[2024-09-02 21:42:02,754] {processor.py:153} INFO - Started process (PID=1776) to work on /opt/conda/lib/python3.8/site-packages/airflow/example_dags/example_branch_operator_decorator.py
[2024-09-02 21:42:02,756] {processor.py:641} INFO - Processing file /opt/conda/lib/python3.8/site-packages/airflow/example_dags/example_branch_operator_decorator.py for tasks to queue
[2024-09-02 21:42:02,757] {logging_mixin.py:115} INFO - [2024-09-02 21:42:02,757] {dagbag.py:508} INFO - Filling up the DagBag from /opt/conda/lib/python3.8/site-packages/airflow/example_dags/example_branch_operator_decorator.py
[2024-09-02 21:42:02,778] {processor.py:651} INFO - DAG(s) dict_keys(['example_branch_python_operator_decorator']) retrieved from /opt/conda/lib/python3.8/site-packages/airflow/example_dags/example_branch_operator_decorator.py
[2024-09-02 21:42:02,798] {logging_mixin.py:115} INFO - [2024-09-02 21:42:02,797] {dag.py:2420} INFO - Sync 1 DAGs
[2024-09-02 21:42:02,818] {logging_mixin.py:115} INFO - [2024-09-02 21:42:02,818] {dag.py:2968} INFO - Setting next_dagrun for example_branch_python_operator_decorator to 2024-09-01T00:00:00+00:00, run_after=2024-09-02T00:00:00+00:00
[2024-09-02 21:42:02,919] {processor.py:161} INFO - Processing /opt/conda/lib/python3.8/site-packages/airflow/example_dags/example_branch_operator_decorator.py took 0.168 seconds
[2024-09-02 21:48:55,825] {processor.py:153} INFO - Started process (PID=1819) to work on /opt/conda/lib/python3.8/site-packages/airflow/example_dags/example_branch_operator_decorator.py
[2024-09-02 21:48:55,827] {processor.py:641} INFO - Processing file /opt/conda/lib/python3.8/site-packages/airflow/example_dags/example_branch_operator_decorator.py for tasks to queue
[2024-09-02 21:48:55,827] {logging_mixin.py:115} INFO - [2024-09-02 21:48:55,827] {dagbag.py:508} INFO - Filling up the DagBag from /opt/conda/lib/python3.8/site-packages/airflow/example_dags/example_branch_operator_decorator.py
[2024-09-02 21:48:55,849] {processor.py:651} INFO - DAG(s) dict_keys(['example_branch_python_operator_decorator']) retrieved from /opt/conda/lib/python3.8/site-packages/airflow/example_dags/example_branch_operator_decorator.py
[2024-09-02 21:49:04,253] {logging_mixin.py:115} INFO - [2024-09-02 21:49:04,253] {dag.py:2420} INFO - Sync 1 DAGs
[2024-09-02 21:49:13,858] {logging_mixin.py:115} INFO - [2024-09-02 21:49:13,856] {dag.py:2420} INFO - Sync 1 DAGs
[2024-09-02 21:49:17,113] {logging_mixin.py:115} INFO - [2024-09-02 21:49:17,112] {dag.py:2968} INFO - Setting next_dagrun for example_branch_python_operator_decorator to 2024-09-01T00:00:00+00:00, run_after=2024-09-02T00:00:00+00:00
[2024-09-02 21:49:17,740] {processor.py:161} INFO - Processing /opt/conda/lib/python3.8/site-packages/airflow/example_dags/example_branch_operator_decorator.py took 21.918 seconds
[2024-09-02 21:50:21,042] {processor.py:153} INFO - Started process (PID=1864) to work on /opt/conda/lib/python3.8/site-packages/airflow/example_dags/example_branch_operator_decorator.py
[2024-09-02 21:50:21,044] {processor.py:641} INFO - Processing file /opt/conda/lib/python3.8/site-packages/airflow/example_dags/example_branch_operator_decorator.py for tasks to queue
[2024-09-02 21:50:21,044] {logging_mixin.py:115} INFO - [2024-09-02 21:50:21,044] {dagbag.py:508} INFO - Filling up the DagBag from /opt/conda/lib/python3.8/site-packages/airflow/example_dags/example_branch_operator_decorator.py
[2024-09-02 21:50:21,066] {processor.py:651} INFO - DAG(s) dict_keys(['example_branch_python_operator_decorator']) retrieved from /opt/conda/lib/python3.8/site-packages/airflow/example_dags/example_branch_operator_decorator.py
[2024-09-02 21:50:21,085] {logging_mixin.py:115} INFO - [2024-09-02 21:50:21,085] {dag.py:2420} INFO - Sync 1 DAGs
[2024-09-02 21:50:21,106] {logging_mixin.py:115} INFO - [2024-09-02 21:50:21,105] {dag.py:2968} INFO - Setting next_dagrun for example_branch_python_operator_decorator to 2024-09-01T00:00:00+00:00, run_after=2024-09-02T00:00:00+00:00
[2024-09-02 21:50:23,255] {processor.py:161} INFO - Processing /opt/conda/lib/python3.8/site-packages/airflow/example_dags/example_branch_operator_decorator.py took 2.217 seconds
[2024-09-02 21:51:39,188] {processor.py:153} INFO - Started process (PID=1921) to work on /opt/conda/lib/python3.8/site-packages/airflow/example_dags/example_branch_operator_decorator.py
[2024-09-02 21:51:39,190] {processor.py:641} INFO - Processing file /opt/conda/lib/python3.8/site-packages/airflow/example_dags/example_branch_operator_decorator.py for tasks to queue
[2024-09-02 21:51:39,190] {logging_mixin.py:115} INFO - [2024-09-02 21:51:39,190] {dagbag.py:508} INFO - Filling up the DagBag from /opt/conda/lib/python3.8/site-packages/airflow/example_dags/example_branch_operator_decorator.py
[2024-09-02 21:51:39,212] {processor.py:651} INFO - DAG(s) dict_keys(['example_branch_python_operator_decorator']) retrieved from /opt/conda/lib/python3.8/site-packages/airflow/example_dags/example_branch_operator_decorator.py
[2024-09-02 21:51:39,231] {logging_mixin.py:115} INFO - [2024-09-02 21:51:39,231] {dag.py:2420} INFO - Sync 1 DAGs
[2024-09-02 21:51:39,252] {logging_mixin.py:115} INFO - [2024-09-02 21:51:39,252] {dag.py:2968} INFO - Setting next_dagrun for example_branch_python_operator_decorator to 2024-09-01T00:00:00+00:00, run_after=2024-09-02T00:00:00+00:00
[2024-09-02 21:51:39,587] {processor.py:161} INFO - Processing /opt/conda/lib/python3.8/site-packages/airflow/example_dags/example_branch_operator_decorator.py took 0.402 seconds
