[2024-09-02 04:30:53,913] {processor.py:153} INFO - Started process (PID=639) to work on /opt/conda/lib/python3.8/site-packages/airflow/example_dags/example_latest_only.py
[2024-09-02 04:30:53,913] {processor.py:641} INFO - Processing file /opt/conda/lib/python3.8/site-packages/airflow/example_dags/example_latest_only.py for tasks to queue
[2024-09-02 04:30:53,914] {logging_mixin.py:115} INFO - [2024-09-02 04:30:53,914] {dagbag.py:508} INFO - Filling up the DagBag from /opt/conda/lib/python3.8/site-packages/airflow/example_dags/example_latest_only.py
[2024-09-02 04:30:53,919] {processor.py:651} INFO - DAG(s) dict_keys(['latest_only']) retrieved from /opt/conda/lib/python3.8/site-packages/airflow/example_dags/example_latest_only.py
[2024-09-02 04:30:54,097] {logging_mixin.py:115} INFO - [2024-09-02 04:30:54,097] {manager.py:508} INFO - Created Permission View: can edit on DAG:latest_only
[2024-09-02 04:30:54,114] {logging_mixin.py:115} INFO - [2024-09-02 04:30:54,114] {manager.py:508} INFO - Created Permission View: can delete on DAG:latest_only
[2024-09-02 04:30:54,131] {logging_mixin.py:115} INFO - [2024-09-02 04:30:54,131] {manager.py:508} INFO - Created Permission View: can read on DAG:latest_only
[2024-09-02 04:30:54,131] {logging_mixin.py:115} INFO - [2024-09-02 04:30:54,131] {dag.py:2420} INFO - Sync 1 DAGs
[2024-09-02 04:30:54,136] {logging_mixin.py:115} INFO - [2024-09-02 04:30:54,136] {dag.py:2439} INFO - Creating ORM DAG for latest_only
[2024-09-02 04:30:54,142] {logging_mixin.py:115} INFO - [2024-09-02 04:30:54,142] {dag.py:2968} INFO - Setting next_dagrun for latest_only to 2024-09-02T00:30:54.142275+00:00, run_after=2024-09-02T04:30:54.142275+00:00
[2024-09-02 04:30:54,163] {processor.py:161} INFO - Processing /opt/conda/lib/python3.8/site-packages/airflow/example_dags/example_latest_only.py took 0.254 seconds
[2024-09-02 04:31:36,129] {processor.py:153} INFO - Started process (PID=847) to work on /opt/conda/lib/python3.8/site-packages/airflow/example_dags/example_latest_only.py
[2024-09-02 04:31:36,132] {processor.py:641} INFO - Processing file /opt/conda/lib/python3.8/site-packages/airflow/example_dags/example_latest_only.py for tasks to queue
[2024-09-02 04:31:36,132] {logging_mixin.py:115} INFO - [2024-09-02 04:31:36,132] {dagbag.py:508} INFO - Filling up the DagBag from /opt/conda/lib/python3.8/site-packages/airflow/example_dags/example_latest_only.py
[2024-09-02 04:31:36,138] {processor.py:651} INFO - DAG(s) dict_keys(['latest_only']) retrieved from /opt/conda/lib/python3.8/site-packages/airflow/example_dags/example_latest_only.py
[2024-09-02 04:31:36,159] {logging_mixin.py:115} INFO - [2024-09-02 04:31:36,159] {dag.py:2420} INFO - Sync 1 DAGs
[2024-09-02 04:31:36,300] {logging_mixin.py:115} INFO - [2024-09-02 04:31:36,300] {dag.py:2968} INFO - Setting next_dagrun for latest_only to 2024-09-02T00:31:36.300494+00:00, run_after=2024-09-02T04:31:36.300494+00:00
[2024-09-02 04:31:36,319] {processor.py:161} INFO - Processing /opt/conda/lib/python3.8/site-packages/airflow/example_dags/example_latest_only.py took 0.193 seconds
[2024-09-02 04:32:15,392] {processor.py:153} INFO - Started process (PID=881) to work on /opt/conda/lib/python3.8/site-packages/airflow/example_dags/example_latest_only.py
[2024-09-02 04:32:15,394] {processor.py:641} INFO - Processing file /opt/conda/lib/python3.8/site-packages/airflow/example_dags/example_latest_only.py for tasks to queue
[2024-09-02 04:32:15,395] {logging_mixin.py:115} INFO - [2024-09-02 04:32:15,395] {dagbag.py:508} INFO - Filling up the DagBag from /opt/conda/lib/python3.8/site-packages/airflow/example_dags/example_latest_only.py
[2024-09-02 04:32:15,401] {processor.py:651} INFO - DAG(s) dict_keys(['latest_only']) retrieved from /opt/conda/lib/python3.8/site-packages/airflow/example_dags/example_latest_only.py
[2024-09-02 04:32:15,422] {logging_mixin.py:115} INFO - [2024-09-02 04:32:15,421] {dag.py:2420} INFO - Sync 1 DAGs
[2024-09-02 04:32:15,564] {logging_mixin.py:115} INFO - [2024-09-02 04:32:15,564] {dag.py:2968} INFO - Setting next_dagrun for latest_only to 2024-09-02T00:32:15.564320+00:00, run_after=2024-09-02T04:32:15.564320+00:00
[2024-09-02 04:32:15,583] {processor.py:161} INFO - Processing /opt/conda/lib/python3.8/site-packages/airflow/example_dags/example_latest_only.py took 0.195 seconds
[2024-09-02 21:19:17,968] {processor.py:153} INFO - Started process (PID=688) to work on /opt/conda/lib/python3.8/site-packages/airflow/example_dags/example_latest_only.py
[2024-09-02 21:19:17,969] {processor.py:641} INFO - Processing file /opt/conda/lib/python3.8/site-packages/airflow/example_dags/example_latest_only.py for tasks to queue
[2024-09-02 21:19:17,970] {logging_mixin.py:115} INFO - [2024-09-02 21:19:17,970] {dagbag.py:508} INFO - Filling up the DagBag from /opt/conda/lib/python3.8/site-packages/airflow/example_dags/example_latest_only.py
[2024-09-02 21:19:17,976] {processor.py:651} INFO - DAG(s) dict_keys(['latest_only']) retrieved from /opt/conda/lib/python3.8/site-packages/airflow/example_dags/example_latest_only.py
[2024-09-02 21:19:17,994] {logging_mixin.py:115} INFO - [2024-09-02 21:19:17,994] {dag.py:2420} INFO - Sync 1 DAGs
[2024-09-02 21:19:18,013] {logging_mixin.py:115} INFO - [2024-09-02 21:19:18,013] {dag.py:2968} INFO - Setting next_dagrun for latest_only to 2024-09-02T17:19:18.013231+00:00, run_after=2024-09-02T21:19:18.013231+00:00
[2024-09-02 21:19:18,051] {processor.py:161} INFO - Processing /opt/conda/lib/python3.8/site-packages/airflow/example_dags/example_latest_only.py took 0.087 seconds
[2024-09-02 21:20:17,531] {processor.py:153} INFO - Started process (PID=924) to work on /opt/conda/lib/python3.8/site-packages/airflow/example_dags/example_latest_only.py
[2024-09-02 21:20:17,533] {processor.py:641} INFO - Processing file /opt/conda/lib/python3.8/site-packages/airflow/example_dags/example_latest_only.py for tasks to queue
[2024-09-02 21:20:17,533] {logging_mixin.py:115} INFO - [2024-09-02 21:20:17,533] {dagbag.py:508} INFO - Filling up the DagBag from /opt/conda/lib/python3.8/site-packages/airflow/example_dags/example_latest_only.py
[2024-09-02 21:20:17,539] {processor.py:651} INFO - DAG(s) dict_keys(['latest_only']) retrieved from /opt/conda/lib/python3.8/site-packages/airflow/example_dags/example_latest_only.py
[2024-09-02 21:20:17,557] {logging_mixin.py:115} INFO - [2024-09-02 21:20:17,557] {dag.py:2420} INFO - Sync 1 DAGs
[2024-09-02 21:20:17,577] {logging_mixin.py:115} INFO - [2024-09-02 21:20:17,576] {dag.py:2968} INFO - Setting next_dagrun for latest_only to 2024-09-02T17:20:17.576673+00:00, run_after=2024-09-02T21:20:17.576673+00:00
[2024-09-02 21:20:18,502] {processor.py:161} INFO - Processing /opt/conda/lib/python3.8/site-packages/airflow/example_dags/example_latest_only.py took 0.974 seconds
[2024-09-02 21:22:16,243] {processor.py:153} INFO - Started process (PID=980) to work on /opt/conda/lib/python3.8/site-packages/airflow/example_dags/example_latest_only.py
[2024-09-02 21:22:16,245] {processor.py:641} INFO - Processing file /opt/conda/lib/python3.8/site-packages/airflow/example_dags/example_latest_only.py for tasks to queue
[2024-09-02 21:22:16,245] {logging_mixin.py:115} INFO - [2024-09-02 21:22:16,245] {dagbag.py:508} INFO - Filling up the DagBag from /opt/conda/lib/python3.8/site-packages/airflow/example_dags/example_latest_only.py
[2024-09-02 21:22:16,251] {processor.py:651} INFO - DAG(s) dict_keys(['latest_only']) retrieved from /opt/conda/lib/python3.8/site-packages/airflow/example_dags/example_latest_only.py
[2024-09-02 21:22:16,269] {logging_mixin.py:115} INFO - [2024-09-02 21:22:16,268] {dag.py:2420} INFO - Sync 1 DAGs
[2024-09-02 21:22:16,288] {logging_mixin.py:115} INFO - [2024-09-02 21:22:16,288] {dag.py:2968} INFO - Setting next_dagrun for latest_only to 2024-09-02T17:22:16.288014+00:00, run_after=2024-09-02T21:22:16.288014+00:00
[2024-09-02 21:22:16,335] {processor.py:161} INFO - Processing /opt/conda/lib/python3.8/site-packages/airflow/example_dags/example_latest_only.py took 0.095 seconds
[2024-09-02 21:23:28,870] {processor.py:153} INFO - Started process (PID=1043) to work on /opt/conda/lib/python3.8/site-packages/airflow/example_dags/example_latest_only.py
[2024-09-02 21:23:28,871] {processor.py:641} INFO - Processing file /opt/conda/lib/python3.8/site-packages/airflow/example_dags/example_latest_only.py for tasks to queue
[2024-09-02 21:23:28,872] {logging_mixin.py:115} INFO - [2024-09-02 21:23:28,872] {dagbag.py:508} INFO - Filling up the DagBag from /opt/conda/lib/python3.8/site-packages/airflow/example_dags/example_latest_only.py
[2024-09-02 21:23:28,878] {processor.py:651} INFO - DAG(s) dict_keys(['latest_only']) retrieved from /opt/conda/lib/python3.8/site-packages/airflow/example_dags/example_latest_only.py
[2024-09-02 21:23:28,896] {logging_mixin.py:115} INFO - [2024-09-02 21:23:28,896] {dag.py:2420} INFO - Sync 1 DAGs
[2024-09-02 21:23:28,915] {logging_mixin.py:115} INFO - [2024-09-02 21:23:28,915] {dag.py:2968} INFO - Setting next_dagrun for latest_only to 2024-09-02T17:23:28.915432+00:00, run_after=2024-09-02T21:23:28.915432+00:00
[2024-09-02 21:23:29,647] {processor.py:161} INFO - Processing /opt/conda/lib/python3.8/site-packages/airflow/example_dags/example_latest_only.py took 0.781 seconds
[2024-09-02 21:25:06,955] {processor.py:153} INFO - Started process (PID=1103) to work on /opt/conda/lib/python3.8/site-packages/airflow/example_dags/example_latest_only.py
[2024-09-02 21:25:06,956] {processor.py:641} INFO - Processing file /opt/conda/lib/python3.8/site-packages/airflow/example_dags/example_latest_only.py for tasks to queue
[2024-09-02 21:25:06,957] {logging_mixin.py:115} INFO - [2024-09-02 21:25:06,956] {dagbag.py:508} INFO - Filling up the DagBag from /opt/conda/lib/python3.8/site-packages/airflow/example_dags/example_latest_only.py
[2024-09-02 21:25:06,962] {processor.py:651} INFO - DAG(s) dict_keys(['latest_only']) retrieved from /opt/conda/lib/python3.8/site-packages/airflow/example_dags/example_latest_only.py
[2024-09-02 21:25:06,980] {logging_mixin.py:115} INFO - [2024-09-02 21:25:06,980] {dag.py:2420} INFO - Sync 1 DAGs
[2024-09-02 21:25:06,999] {logging_mixin.py:115} INFO - [2024-09-02 21:25:06,999] {dag.py:2968} INFO - Setting next_dagrun for latest_only to 2024-09-02T17:25:06.999569+00:00, run_after=2024-09-02T21:25:06.999569+00:00
[2024-09-02 21:25:08,253] {processor.py:161} INFO - Processing /opt/conda/lib/python3.8/site-packages/airflow/example_dags/example_latest_only.py took 1.302 seconds
[2024-09-02 21:27:21,361] {processor.py:153} INFO - Started process (PID=1171) to work on /opt/conda/lib/python3.8/site-packages/airflow/example_dags/example_latest_only.py
[2024-09-02 21:27:21,363] {processor.py:641} INFO - Processing file /opt/conda/lib/python3.8/site-packages/airflow/example_dags/example_latest_only.py for tasks to queue
[2024-09-02 21:27:21,363] {logging_mixin.py:115} INFO - [2024-09-02 21:27:21,363] {dagbag.py:508} INFO - Filling up the DagBag from /opt/conda/lib/python3.8/site-packages/airflow/example_dags/example_latest_only.py
[2024-09-02 21:27:21,369] {processor.py:651} INFO - DAG(s) dict_keys(['latest_only']) retrieved from /opt/conda/lib/python3.8/site-packages/airflow/example_dags/example_latest_only.py
[2024-09-02 21:27:21,386] {logging_mixin.py:115} INFO - [2024-09-02 21:27:21,386] {dag.py:2420} INFO - Sync 1 DAGs
[2024-09-02 21:27:21,406] {logging_mixin.py:115} INFO - [2024-09-02 21:27:21,406] {dag.py:2968} INFO - Setting next_dagrun for latest_only to 2024-09-02T17:27:21.405998+00:00, run_after=2024-09-02T21:27:21.405998+00:00
[2024-09-02 21:27:21,547] {processor.py:161} INFO - Processing /opt/conda/lib/python3.8/site-packages/airflow/example_dags/example_latest_only.py took 0.189 seconds
[2024-09-02 21:28:40,502] {processor.py:153} INFO - Started process (PID=1231) to work on /opt/conda/lib/python3.8/site-packages/airflow/example_dags/example_latest_only.py
[2024-09-02 21:28:40,504] {processor.py:641} INFO - Processing file /opt/conda/lib/python3.8/site-packages/airflow/example_dags/example_latest_only.py for tasks to queue
[2024-09-02 21:28:40,504] {logging_mixin.py:115} INFO - [2024-09-02 21:28:40,504] {dagbag.py:508} INFO - Filling up the DagBag from /opt/conda/lib/python3.8/site-packages/airflow/example_dags/example_latest_only.py
[2024-09-02 21:28:40,510] {processor.py:651} INFO - DAG(s) dict_keys(['latest_only']) retrieved from /opt/conda/lib/python3.8/site-packages/airflow/example_dags/example_latest_only.py
[2024-09-02 21:28:40,528] {logging_mixin.py:115} INFO - [2024-09-02 21:28:40,528] {dag.py:2420} INFO - Sync 1 DAGs
[2024-09-02 21:28:40,547] {logging_mixin.py:115} INFO - [2024-09-02 21:28:40,547] {dag.py:2968} INFO - Setting next_dagrun for latest_only to 2024-09-02T17:28:40.547198+00:00, run_after=2024-09-02T21:28:40.547198+00:00
[2024-09-02 21:28:42,128] {processor.py:161} INFO - Processing /opt/conda/lib/python3.8/site-packages/airflow/example_dags/example_latest_only.py took 1.630 seconds
[2024-09-02 21:30:15,658] {processor.py:153} INFO - Started process (PID=1288) to work on /opt/conda/lib/python3.8/site-packages/airflow/example_dags/example_latest_only.py
[2024-09-02 21:30:15,659] {processor.py:641} INFO - Processing file /opt/conda/lib/python3.8/site-packages/airflow/example_dags/example_latest_only.py for tasks to queue
[2024-09-02 21:30:15,660] {logging_mixin.py:115} INFO - [2024-09-02 21:30:15,660] {dagbag.py:508} INFO - Filling up the DagBag from /opt/conda/lib/python3.8/site-packages/airflow/example_dags/example_latest_only.py
[2024-09-02 21:30:15,666] {processor.py:651} INFO - DAG(s) dict_keys(['latest_only']) retrieved from /opt/conda/lib/python3.8/site-packages/airflow/example_dags/example_latest_only.py
[2024-09-02 21:30:15,684] {logging_mixin.py:115} INFO - [2024-09-02 21:30:15,684] {dag.py:2420} INFO - Sync 1 DAGs
[2024-09-02 21:30:15,703] {logging_mixin.py:115} INFO - [2024-09-02 21:30:15,703] {dag.py:2968} INFO - Setting next_dagrun for latest_only to 2024-09-02T17:30:15.703321+00:00, run_after=2024-09-02T21:30:15.703321+00:00
[2024-09-02 21:30:16,775] {processor.py:161} INFO - Processing /opt/conda/lib/python3.8/site-packages/airflow/example_dags/example_latest_only.py took 1.121 seconds
[2024-09-02 21:31:47,526] {processor.py:153} INFO - Started process (PID=1367) to work on /opt/conda/lib/python3.8/site-packages/airflow/example_dags/example_latest_only.py
[2024-09-02 21:31:47,528] {processor.py:641} INFO - Processing file /opt/conda/lib/python3.8/site-packages/airflow/example_dags/example_latest_only.py for tasks to queue
[2024-09-02 21:31:47,528] {logging_mixin.py:115} INFO - [2024-09-02 21:31:47,528] {dagbag.py:508} INFO - Filling up the DagBag from /opt/conda/lib/python3.8/site-packages/airflow/example_dags/example_latest_only.py
[2024-09-02 21:31:47,535] {processor.py:651} INFO - DAG(s) dict_keys(['latest_only']) retrieved from /opt/conda/lib/python3.8/site-packages/airflow/example_dags/example_latest_only.py
[2024-09-02 21:31:47,552] {logging_mixin.py:115} INFO - [2024-09-02 21:31:47,552] {dag.py:2420} INFO - Sync 1 DAGs
[2024-09-02 21:31:47,571] {logging_mixin.py:115} INFO - [2024-09-02 21:31:47,571] {dag.py:2968} INFO - Setting next_dagrun for latest_only to 2024-09-02T17:31:47.571492+00:00, run_after=2024-09-02T21:31:47.571492+00:00
[2024-09-02 21:31:49,418] {processor.py:161} INFO - Processing /opt/conda/lib/python3.8/site-packages/airflow/example_dags/example_latest_only.py took 1.895 seconds
[2024-09-02 21:33:19,986] {processor.py:153} INFO - Started process (PID=1438) to work on /opt/conda/lib/python3.8/site-packages/airflow/example_dags/example_latest_only.py
[2024-09-02 21:33:19,987] {processor.py:641} INFO - Processing file /opt/conda/lib/python3.8/site-packages/airflow/example_dags/example_latest_only.py for tasks to queue
[2024-09-02 21:33:19,988] {logging_mixin.py:115} INFO - [2024-09-02 21:33:19,988] {dagbag.py:508} INFO - Filling up the DagBag from /opt/conda/lib/python3.8/site-packages/airflow/example_dags/example_latest_only.py
[2024-09-02 21:33:19,995] {processor.py:651} INFO - DAG(s) dict_keys(['latest_only']) retrieved from /opt/conda/lib/python3.8/site-packages/airflow/example_dags/example_latest_only.py
[2024-09-02 21:33:20,012] {logging_mixin.py:115} INFO - [2024-09-02 21:33:20,012] {dag.py:2420} INFO - Sync 1 DAGs
[2024-09-02 21:33:20,032] {logging_mixin.py:115} INFO - [2024-09-02 21:33:20,031] {dag.py:2968} INFO - Setting next_dagrun for latest_only to 2024-09-02T17:33:20.031579+00:00, run_after=2024-09-02T21:33:20.031579+00:00
[2024-09-02 21:33:20,166] {processor.py:161} INFO - Processing /opt/conda/lib/python3.8/site-packages/airflow/example_dags/example_latest_only.py took 0.184 seconds
[2024-09-02 21:35:33,886] {processor.py:153} INFO - Started process (PID=1516) to work on /opt/conda/lib/python3.8/site-packages/airflow/example_dags/example_latest_only.py
[2024-09-02 21:35:33,887] {processor.py:641} INFO - Processing file /opt/conda/lib/python3.8/site-packages/airflow/example_dags/example_latest_only.py for tasks to queue
[2024-09-02 21:35:33,888] {logging_mixin.py:115} INFO - [2024-09-02 21:35:33,887] {dagbag.py:508} INFO - Filling up the DagBag from /opt/conda/lib/python3.8/site-packages/airflow/example_dags/example_latest_only.py
[2024-09-02 21:35:33,893] {processor.py:651} INFO - DAG(s) dict_keys(['latest_only']) retrieved from /opt/conda/lib/python3.8/site-packages/airflow/example_dags/example_latest_only.py
[2024-09-02 21:35:33,911] {logging_mixin.py:115} INFO - [2024-09-02 21:35:33,911] {dag.py:2420} INFO - Sync 1 DAGs
[2024-09-02 21:35:33,931] {logging_mixin.py:115} INFO - [2024-09-02 21:35:33,931] {dag.py:2968} INFO - Setting next_dagrun for latest_only to 2024-09-02T17:35:33.930769+00:00, run_after=2024-09-02T21:35:33.930769+00:00
[2024-09-02 21:35:35,114] {processor.py:161} INFO - Processing /opt/conda/lib/python3.8/site-packages/airflow/example_dags/example_latest_only.py took 1.231 seconds
[2024-09-02 21:37:34,257] {processor.py:153} INFO - Started process (PID=1585) to work on /opt/conda/lib/python3.8/site-packages/airflow/example_dags/example_latest_only.py
[2024-09-02 21:37:34,259] {processor.py:641} INFO - Processing file /opt/conda/lib/python3.8/site-packages/airflow/example_dags/example_latest_only.py for tasks to queue
[2024-09-02 21:37:34,259] {logging_mixin.py:115} INFO - [2024-09-02 21:37:34,259] {dagbag.py:508} INFO - Filling up the DagBag from /opt/conda/lib/python3.8/site-packages/airflow/example_dags/example_latest_only.py
[2024-09-02 21:37:34,265] {processor.py:651} INFO - DAG(s) dict_keys(['latest_only']) retrieved from /opt/conda/lib/python3.8/site-packages/airflow/example_dags/example_latest_only.py
[2024-09-02 21:37:34,283] {logging_mixin.py:115} INFO - [2024-09-02 21:37:34,283] {dag.py:2420} INFO - Sync 1 DAGs
[2024-09-02 21:37:34,303] {logging_mixin.py:115} INFO - [2024-09-02 21:37:34,302] {dag.py:2968} INFO - Setting next_dagrun for latest_only to 2024-09-02T17:37:34.302572+00:00, run_after=2024-09-02T21:37:34.302572+00:00
[2024-09-02 21:37:34,429] {processor.py:161} INFO - Processing /opt/conda/lib/python3.8/site-packages/airflow/example_dags/example_latest_only.py took 0.175 seconds
[2024-09-02 21:39:07,052] {processor.py:153} INFO - Started process (PID=1663) to work on /opt/conda/lib/python3.8/site-packages/airflow/example_dags/example_latest_only.py
[2024-09-02 21:39:07,054] {processor.py:641} INFO - Processing file /opt/conda/lib/python3.8/site-packages/airflow/example_dags/example_latest_only.py for tasks to queue
[2024-09-02 21:39:07,054] {logging_mixin.py:115} INFO - [2024-09-02 21:39:07,054] {dagbag.py:508} INFO - Filling up the DagBag from /opt/conda/lib/python3.8/site-packages/airflow/example_dags/example_latest_only.py
[2024-09-02 21:39:07,061] {processor.py:651} INFO - DAG(s) dict_keys(['latest_only']) retrieved from /opt/conda/lib/python3.8/site-packages/airflow/example_dags/example_latest_only.py
[2024-09-02 21:39:07,078] {logging_mixin.py:115} INFO - [2024-09-02 21:39:07,078] {dag.py:2420} INFO - Sync 1 DAGs
[2024-09-02 21:39:07,097] {logging_mixin.py:115} INFO - [2024-09-02 21:39:07,097] {dag.py:2968} INFO - Setting next_dagrun for latest_only to 2024-09-02T17:39:07.097326+00:00, run_after=2024-09-02T21:39:07.097326+00:00
[2024-09-02 21:39:07,325] {processor.py:161} INFO - Processing /opt/conda/lib/python3.8/site-packages/airflow/example_dags/example_latest_only.py took 0.277 seconds
[2024-09-02 21:41:26,245] {processor.py:153} INFO - Started process (PID=1753) to work on /opt/conda/lib/python3.8/site-packages/airflow/example_dags/example_latest_only.py
[2024-09-02 21:41:26,247] {processor.py:641} INFO - Processing file /opt/conda/lib/python3.8/site-packages/airflow/example_dags/example_latest_only.py for tasks to queue
[2024-09-02 21:41:26,247] {logging_mixin.py:115} INFO - [2024-09-02 21:41:26,247] {dagbag.py:508} INFO - Filling up the DagBag from /opt/conda/lib/python3.8/site-packages/airflow/example_dags/example_latest_only.py
[2024-09-02 21:41:26,254] {processor.py:651} INFO - DAG(s) dict_keys(['latest_only']) retrieved from /opt/conda/lib/python3.8/site-packages/airflow/example_dags/example_latest_only.py
[2024-09-02 21:41:26,271] {logging_mixin.py:115} INFO - [2024-09-02 21:41:26,271] {dag.py:2420} INFO - Sync 1 DAGs
[2024-09-02 21:41:26,290] {logging_mixin.py:115} INFO - [2024-09-02 21:41:26,290] {dag.py:2968} INFO - Setting next_dagrun for latest_only to 2024-09-02T17:41:26.290212+00:00, run_after=2024-09-02T21:41:26.290212+00:00
[2024-09-02 21:41:28,980] {processor.py:161} INFO - Processing /opt/conda/lib/python3.8/site-packages/airflow/example_dags/example_latest_only.py took 2.739 seconds
[2024-09-02 21:49:48,590] {processor.py:153} INFO - Started process (PID=1841) to work on /opt/conda/lib/python3.8/site-packages/airflow/example_dags/example_latest_only.py
[2024-09-02 21:49:48,591] {processor.py:641} INFO - Processing file /opt/conda/lib/python3.8/site-packages/airflow/example_dags/example_latest_only.py for tasks to queue
[2024-09-02 21:49:48,592] {logging_mixin.py:115} INFO - [2024-09-02 21:49:48,592] {dagbag.py:508} INFO - Filling up the DagBag from /opt/conda/lib/python3.8/site-packages/airflow/example_dags/example_latest_only.py
[2024-09-02 21:49:48,598] {processor.py:651} INFO - DAG(s) dict_keys(['latest_only']) retrieved from /opt/conda/lib/python3.8/site-packages/airflow/example_dags/example_latest_only.py
[2024-09-02 21:49:48,616] {logging_mixin.py:115} INFO - [2024-09-02 21:49:48,616] {dag.py:2420} INFO - Sync 1 DAGs
[2024-09-02 21:49:48,636] {logging_mixin.py:115} INFO - [2024-09-02 21:49:48,636] {dag.py:2968} INFO - Setting next_dagrun for latest_only to 2024-09-02T17:49:48.635712+00:00, run_after=2024-09-02T21:49:48.635712+00:00
[2024-09-02 21:49:49,222] {processor.py:161} INFO - Processing /opt/conda/lib/python3.8/site-packages/airflow/example_dags/example_latest_only.py took 0.636 seconds
[2024-09-02 21:51:09,425] {processor.py:153} INFO - Started process (PID=1898) to work on /opt/conda/lib/python3.8/site-packages/airflow/example_dags/example_latest_only.py
[2024-09-02 21:51:09,427] {processor.py:641} INFO - Processing file /opt/conda/lib/python3.8/site-packages/airflow/example_dags/example_latest_only.py for tasks to queue
[2024-09-02 21:51:09,427] {logging_mixin.py:115} INFO - [2024-09-02 21:51:09,427] {dagbag.py:508} INFO - Filling up the DagBag from /opt/conda/lib/python3.8/site-packages/airflow/example_dags/example_latest_only.py
[2024-09-02 21:51:09,433] {processor.py:651} INFO - DAG(s) dict_keys(['latest_only']) retrieved from /opt/conda/lib/python3.8/site-packages/airflow/example_dags/example_latest_only.py
[2024-09-02 21:51:09,451] {logging_mixin.py:115} INFO - [2024-09-02 21:51:09,451] {dag.py:2420} INFO - Sync 1 DAGs
[2024-09-02 21:51:09,471] {logging_mixin.py:115} INFO - [2024-09-02 21:51:09,471] {dag.py:2968} INFO - Setting next_dagrun for latest_only to 2024-09-02T17:51:09.471029+00:00, run_after=2024-09-02T21:51:09.471029+00:00
[2024-09-02 21:51:09,632] {processor.py:161} INFO - Processing /opt/conda/lib/python3.8/site-packages/airflow/example_dags/example_latest_only.py took 0.210 seconds
[2024-09-02 21:52:38,137] {processor.py:153} INFO - Started process (PID=1956) to work on /opt/conda/lib/python3.8/site-packages/airflow/example_dags/example_latest_only.py
[2024-09-02 21:52:38,138] {processor.py:641} INFO - Processing file /opt/conda/lib/python3.8/site-packages/airflow/example_dags/example_latest_only.py for tasks to queue
[2024-09-02 21:52:38,139] {logging_mixin.py:115} INFO - [2024-09-02 21:52:38,139] {dagbag.py:508} INFO - Filling up the DagBag from /opt/conda/lib/python3.8/site-packages/airflow/example_dags/example_latest_only.py
[2024-09-02 21:52:38,145] {processor.py:651} INFO - DAG(s) dict_keys(['latest_only']) retrieved from /opt/conda/lib/python3.8/site-packages/airflow/example_dags/example_latest_only.py
[2024-09-02 21:52:38,163] {logging_mixin.py:115} INFO - [2024-09-02 21:52:38,163] {dag.py:2420} INFO - Sync 1 DAGs
[2024-09-02 21:52:38,182] {logging_mixin.py:115} INFO - [2024-09-02 21:52:38,182] {dag.py:2968} INFO - Setting next_dagrun for latest_only to 2024-09-02T17:52:38.182475+00:00, run_after=2024-09-02T21:52:38.182475+00:00
[2024-09-02 21:52:39,384] {processor.py:161} INFO - Processing /opt/conda/lib/python3.8/site-packages/airflow/example_dags/example_latest_only.py took 1.250 seconds
