[2024-09-02 04:30:52,577] {processor.py:153} INFO - Started process (PID=638) to work on /opt/conda/lib/python3.8/site-packages/airflow/example_dags/example_subdag_operator.py
[2024-09-02 04:30:52,578] {processor.py:641} INFO - Processing file /opt/conda/lib/python3.8/site-packages/airflow/example_dags/example_subdag_operator.py for tasks to queue
[2024-09-02 04:30:52,578] {logging_mixin.py:115} INFO - [2024-09-02 04:30:52,578] {dagbag.py:508} INFO - Filling up the DagBag from /opt/conda/lib/python3.8/site-packages/airflow/example_dags/example_subdag_operator.py
[2024-09-02 04:30:52,599] {processor.py:651} INFO - DAG(s) dict_keys(['example_subdag_operator.section-1', 'example_subdag_operator.section-2', 'example_subdag_operator']) retrieved from /opt/conda/lib/python3.8/site-packages/airflow/example_dags/example_subdag_operator.py
[2024-09-02 04:30:52,782] {logging_mixin.py:115} INFO - [2024-09-02 04:30:52,782] {manager.py:508} INFO - Created Permission View: can edit on DAG:example_subdag_operator
[2024-09-02 04:30:52,798] {logging_mixin.py:115} INFO - [2024-09-02 04:30:52,798] {manager.py:508} INFO - Created Permission View: can delete on DAG:example_subdag_operator
[2024-09-02 04:30:52,814] {logging_mixin.py:115} INFO - [2024-09-02 04:30:52,814] {manager.py:508} INFO - Created Permission View: can read on DAG:example_subdag_operator
[2024-09-02 04:30:52,814] {logging_mixin.py:115} INFO - [2024-09-02 04:30:52,814] {dag.py:2420} INFO - Sync 3 DAGs
[2024-09-02 04:30:52,819] {logging_mixin.py:115} INFO - [2024-09-02 04:30:52,818] {dag.py:2439} INFO - Creating ORM DAG for example_subdag_operator
[2024-09-02 04:30:52,819] {logging_mixin.py:115} INFO - [2024-09-02 04:30:52,819] {dag.py:2439} INFO - Creating ORM DAG for example_subdag_operator.section-2
[2024-09-02 04:30:52,819] {logging_mixin.py:115} INFO - [2024-09-02 04:30:52,819] {dag.py:2439} INFO - Creating ORM DAG for example_subdag_operator.section-1
[2024-09-02 04:30:52,826] {logging_mixin.py:115} INFO - [2024-09-02 04:30:52,826] {dag.py:2968} INFO - Setting next_dagrun for example_subdag_operator to 2022-01-01T00:00:00+00:00, run_after=2022-01-01T00:00:00+00:00
[2024-09-02 04:30:52,826] {logging_mixin.py:115} INFO - [2024-09-02 04:30:52,826] {dag.py:2968} INFO - Setting next_dagrun for example_subdag_operator.section-1 to None, run_after=None
[2024-09-02 04:30:52,826] {logging_mixin.py:115} INFO - [2024-09-02 04:30:52,826] {dag.py:2968} INFO - Setting next_dagrun for example_subdag_operator.section-2 to None, run_after=None
[2024-09-02 04:30:52,830] {logging_mixin.py:115} INFO - [2024-09-02 04:30:52,830] {dag.py:2420} INFO - Sync 2 DAGs
[2024-09-02 04:30:52,833] {logging_mixin.py:115} INFO - [2024-09-02 04:30:52,833] {dag.py:2968} INFO - Setting next_dagrun for example_subdag_operator.section-1 to None, run_after=None
[2024-09-02 04:30:52,833] {logging_mixin.py:115} INFO - [2024-09-02 04:30:52,833] {dag.py:2968} INFO - Setting next_dagrun for example_subdag_operator.section-2 to None, run_after=None
[2024-09-02 04:30:52,859] {processor.py:161} INFO - Processing /opt/conda/lib/python3.8/site-packages/airflow/example_dags/example_subdag_operator.py took 0.285 seconds
[2024-09-02 04:31:34,764] {processor.py:153} INFO - Started process (PID=846) to work on /opt/conda/lib/python3.8/site-packages/airflow/example_dags/example_subdag_operator.py
[2024-09-02 04:31:34,767] {processor.py:641} INFO - Processing file /opt/conda/lib/python3.8/site-packages/airflow/example_dags/example_subdag_operator.py for tasks to queue
[2024-09-02 04:31:34,767] {logging_mixin.py:115} INFO - [2024-09-02 04:31:34,767] {dagbag.py:508} INFO - Filling up the DagBag from /opt/conda/lib/python3.8/site-packages/airflow/example_dags/example_subdag_operator.py
[2024-09-02 04:31:34,793] {processor.py:651} INFO - DAG(s) dict_keys(['example_subdag_operator.section-1', 'example_subdag_operator.section-2', 'example_subdag_operator']) retrieved from /opt/conda/lib/python3.8/site-packages/airflow/example_dags/example_subdag_operator.py
[2024-09-02 04:31:34,948] {logging_mixin.py:115} INFO - [2024-09-02 04:31:34,948] {dag.py:2420} INFO - Sync 3 DAGs
[2024-09-02 04:31:34,959] {logging_mixin.py:115} INFO - [2024-09-02 04:31:34,959] {dag.py:2968} INFO - Setting next_dagrun for example_subdag_operator to 2022-01-01T00:00:00+00:00, run_after=2022-01-01T00:00:00+00:00
[2024-09-02 04:31:34,959] {logging_mixin.py:115} INFO - [2024-09-02 04:31:34,959] {dag.py:2968} INFO - Setting next_dagrun for example_subdag_operator.section-1 to None, run_after=None
[2024-09-02 04:31:34,960] {logging_mixin.py:115} INFO - [2024-09-02 04:31:34,959] {dag.py:2968} INFO - Setting next_dagrun for example_subdag_operator.section-2 to None, run_after=None
[2024-09-02 04:31:34,963] {logging_mixin.py:115} INFO - [2024-09-02 04:31:34,963] {dag.py:2420} INFO - Sync 2 DAGs
[2024-09-02 04:31:34,966] {logging_mixin.py:115} INFO - [2024-09-02 04:31:34,966] {dag.py:2968} INFO - Setting next_dagrun for example_subdag_operator.section-1 to None, run_after=None
[2024-09-02 04:31:34,966] {logging_mixin.py:115} INFO - [2024-09-02 04:31:34,966] {dag.py:2968} INFO - Setting next_dagrun for example_subdag_operator.section-2 to None, run_after=None
[2024-09-02 04:31:34,983] {processor.py:161} INFO - Processing /opt/conda/lib/python3.8/site-packages/airflow/example_dags/example_subdag_operator.py took 0.222 seconds
[2024-09-02 04:32:14,027] {processor.py:153} INFO - Started process (PID=880) to work on /opt/conda/lib/python3.8/site-packages/airflow/example_dags/example_subdag_operator.py
[2024-09-02 04:32:14,028] {processor.py:641} INFO - Processing file /opt/conda/lib/python3.8/site-packages/airflow/example_dags/example_subdag_operator.py for tasks to queue
[2024-09-02 04:32:14,029] {logging_mixin.py:115} INFO - [2024-09-02 04:32:14,029] {dagbag.py:508} INFO - Filling up the DagBag from /opt/conda/lib/python3.8/site-packages/airflow/example_dags/example_subdag_operator.py
[2024-09-02 04:32:14,054] {processor.py:651} INFO - DAG(s) dict_keys(['example_subdag_operator.section-1', 'example_subdag_operator.section-2', 'example_subdag_operator']) retrieved from /opt/conda/lib/python3.8/site-packages/airflow/example_dags/example_subdag_operator.py
[2024-09-02 04:32:14,206] {logging_mixin.py:115} INFO - [2024-09-02 04:32:14,206] {dag.py:2420} INFO - Sync 3 DAGs
[2024-09-02 04:32:14,217] {logging_mixin.py:115} INFO - [2024-09-02 04:32:14,217] {dag.py:2968} INFO - Setting next_dagrun for example_subdag_operator to 2022-01-01T00:00:00+00:00, run_after=2022-01-01T00:00:00+00:00
[2024-09-02 04:32:14,217] {logging_mixin.py:115} INFO - [2024-09-02 04:32:14,217] {dag.py:2968} INFO - Setting next_dagrun for example_subdag_operator.section-1 to None, run_after=None
[2024-09-02 04:32:14,217] {logging_mixin.py:115} INFO - [2024-09-02 04:32:14,217] {dag.py:2968} INFO - Setting next_dagrun for example_subdag_operator.section-2 to None, run_after=None
[2024-09-02 04:32:14,221] {logging_mixin.py:115} INFO - [2024-09-02 04:32:14,221] {dag.py:2420} INFO - Sync 2 DAGs
[2024-09-02 04:32:14,224] {logging_mixin.py:115} INFO - [2024-09-02 04:32:14,223] {dag.py:2968} INFO - Setting next_dagrun for example_subdag_operator.section-1 to None, run_after=None
[2024-09-02 04:32:14,224] {logging_mixin.py:115} INFO - [2024-09-02 04:32:14,224] {dag.py:2968} INFO - Setting next_dagrun for example_subdag_operator.section-2 to None, run_after=None
[2024-09-02 04:32:14,240] {processor.py:161} INFO - Processing /opt/conda/lib/python3.8/site-packages/airflow/example_dags/example_subdag_operator.py took 0.217 seconds
[2024-09-02 21:18:55,613] {processor.py:153} INFO - Started process (PID=667) to work on /opt/conda/lib/python3.8/site-packages/airflow/example_dags/example_subdag_operator.py
[2024-09-02 21:18:55,614] {processor.py:641} INFO - Processing file /opt/conda/lib/python3.8/site-packages/airflow/example_dags/example_subdag_operator.py for tasks to queue
[2024-09-02 21:18:55,614] {logging_mixin.py:115} INFO - [2024-09-02 21:18:55,614] {dagbag.py:508} INFO - Filling up the DagBag from /opt/conda/lib/python3.8/site-packages/airflow/example_dags/example_subdag_operator.py
[2024-09-02 21:18:55,635] {processor.py:651} INFO - DAG(s) dict_keys(['example_subdag_operator.section-1', 'example_subdag_operator.section-2', 'example_subdag_operator']) retrieved from /opt/conda/lib/python3.8/site-packages/airflow/example_dags/example_subdag_operator.py
[2024-09-02 21:18:55,658] {logging_mixin.py:115} INFO - [2024-09-02 21:18:55,658] {dag.py:2420} INFO - Sync 3 DAGs
[2024-09-02 21:18:55,671] {logging_mixin.py:115} INFO - [2024-09-02 21:18:55,671] {dag.py:2968} INFO - Setting next_dagrun for example_subdag_operator to 2022-01-01T00:00:00+00:00, run_after=2022-01-01T00:00:00+00:00
[2024-09-02 21:18:55,671] {logging_mixin.py:115} INFO - [2024-09-02 21:18:55,671] {dag.py:2968} INFO - Setting next_dagrun for example_subdag_operator.section-1 to None, run_after=None
[2024-09-02 21:18:55,671] {logging_mixin.py:115} INFO - [2024-09-02 21:18:55,671] {dag.py:2968} INFO - Setting next_dagrun for example_subdag_operator.section-2 to None, run_after=None
[2024-09-02 21:18:55,675] {logging_mixin.py:115} INFO - [2024-09-02 21:18:55,675] {dag.py:2420} INFO - Sync 2 DAGs
[2024-09-02 21:18:55,678] {logging_mixin.py:115} INFO - [2024-09-02 21:18:55,678] {dag.py:2968} INFO - Setting next_dagrun for example_subdag_operator.section-1 to None, run_after=None
[2024-09-02 21:18:55,678] {logging_mixin.py:115} INFO - [2024-09-02 21:18:55,678] {dag.py:2968} INFO - Setting next_dagrun for example_subdag_operator.section-2 to None, run_after=None
[2024-09-02 21:18:55,695] {processor.py:161} INFO - Processing /opt/conda/lib/python3.8/site-packages/airflow/example_dags/example_subdag_operator.py took 0.086 seconds
[2024-09-02 21:19:36,256] {processor.py:153} INFO - Started process (PID=884) to work on /opt/conda/lib/python3.8/site-packages/airflow/example_dags/example_subdag_operator.py
[2024-09-02 21:19:36,258] {processor.py:641} INFO - Processing file /opt/conda/lib/python3.8/site-packages/airflow/example_dags/example_subdag_operator.py for tasks to queue
[2024-09-02 21:19:36,258] {logging_mixin.py:115} INFO - [2024-09-02 21:19:36,258] {dagbag.py:508} INFO - Filling up the DagBag from /opt/conda/lib/python3.8/site-packages/airflow/example_dags/example_subdag_operator.py
[2024-09-02 21:19:36,282] {processor.py:651} INFO - DAG(s) dict_keys(['example_subdag_operator.section-1', 'example_subdag_operator.section-2', 'example_subdag_operator']) retrieved from /opt/conda/lib/python3.8/site-packages/airflow/example_dags/example_subdag_operator.py
[2024-09-02 21:19:36,313] {logging_mixin.py:115} INFO - [2024-09-02 21:19:36,313] {dag.py:2420} INFO - Sync 3 DAGs
[2024-09-02 21:19:36,332] {logging_mixin.py:115} INFO - [2024-09-02 21:19:36,332] {dag.py:2968} INFO - Setting next_dagrun for example_subdag_operator to 2022-01-01T00:00:00+00:00, run_after=2022-01-01T00:00:00+00:00
[2024-09-02 21:19:36,332] {logging_mixin.py:115} INFO - [2024-09-02 21:19:36,332] {dag.py:2968} INFO - Setting next_dagrun for example_subdag_operator.section-1 to None, run_after=None
[2024-09-02 21:19:36,332] {logging_mixin.py:115} INFO - [2024-09-02 21:19:36,332] {dag.py:2968} INFO - Setting next_dagrun for example_subdag_operator.section-2 to None, run_after=None
[2024-09-02 21:19:36,338] {logging_mixin.py:115} INFO - [2024-09-02 21:19:36,338] {dag.py:2420} INFO - Sync 2 DAGs
[2024-09-02 21:19:36,342] {logging_mixin.py:115} INFO - [2024-09-02 21:19:36,342] {dag.py:2968} INFO - Setting next_dagrun for example_subdag_operator.section-1 to None, run_after=None
[2024-09-02 21:19:36,342] {logging_mixin.py:115} INFO - [2024-09-02 21:19:36,342] {dag.py:2968} INFO - Setting next_dagrun for example_subdag_operator.section-2 to None, run_after=None
[2024-09-02 21:19:36,391] {processor.py:161} INFO - Processing /opt/conda/lib/python3.8/site-packages/airflow/example_dags/example_subdag_operator.py took 0.138 seconds
[2024-09-02 21:20:38,795] {processor.py:153} INFO - Started process (PID=934) to work on /opt/conda/lib/python3.8/site-packages/airflow/example_dags/example_subdag_operator.py
[2024-09-02 21:20:38,797] {processor.py:641} INFO - Processing file /opt/conda/lib/python3.8/site-packages/airflow/example_dags/example_subdag_operator.py for tasks to queue
[2024-09-02 21:20:38,798] {logging_mixin.py:115} INFO - [2024-09-02 21:20:38,797] {dagbag.py:508} INFO - Filling up the DagBag from /opt/conda/lib/python3.8/site-packages/airflow/example_dags/example_subdag_operator.py
[2024-09-02 21:20:38,821] {processor.py:651} INFO - DAG(s) dict_keys(['example_subdag_operator.section-1', 'example_subdag_operator.section-2', 'example_subdag_operator']) retrieved from /opt/conda/lib/python3.8/site-packages/airflow/example_dags/example_subdag_operator.py
[2024-09-02 21:20:38,852] {logging_mixin.py:115} INFO - [2024-09-02 21:20:38,852] {dag.py:2420} INFO - Sync 3 DAGs
[2024-09-02 21:20:38,871] {logging_mixin.py:115} INFO - [2024-09-02 21:20:38,871] {dag.py:2968} INFO - Setting next_dagrun for example_subdag_operator to 2022-01-01T00:00:00+00:00, run_after=2022-01-01T00:00:00+00:00
[2024-09-02 21:20:38,871] {logging_mixin.py:115} INFO - [2024-09-02 21:20:38,871] {dag.py:2968} INFO - Setting next_dagrun for example_subdag_operator.section-1 to None, run_after=None
[2024-09-02 21:20:38,871] {logging_mixin.py:115} INFO - [2024-09-02 21:20:38,871] {dag.py:2968} INFO - Setting next_dagrun for example_subdag_operator.section-2 to None, run_after=None
[2024-09-02 21:20:38,877] {logging_mixin.py:115} INFO - [2024-09-02 21:20:38,877] {dag.py:2420} INFO - Sync 2 DAGs
[2024-09-02 21:20:38,881] {logging_mixin.py:115} INFO - [2024-09-02 21:20:38,881] {dag.py:2968} INFO - Setting next_dagrun for example_subdag_operator.section-1 to None, run_after=None
[2024-09-02 21:20:38,881] {logging_mixin.py:115} INFO - [2024-09-02 21:20:38,881] {dag.py:2968} INFO - Setting next_dagrun for example_subdag_operator.section-2 to None, run_after=None
[2024-09-02 21:20:41,250] {processor.py:161} INFO - Processing /opt/conda/lib/python3.8/site-packages/airflow/example_dags/example_subdag_operator.py took 2.458 seconds
[2024-09-02 21:21:51,464] {processor.py:153} INFO - Started process (PID=969) to work on /opt/conda/lib/python3.8/site-packages/airflow/example_dags/example_subdag_operator.py
[2024-09-02 21:21:51,465] {processor.py:641} INFO - Processing file /opt/conda/lib/python3.8/site-packages/airflow/example_dags/example_subdag_operator.py for tasks to queue
[2024-09-02 21:21:51,466] {logging_mixin.py:115} INFO - [2024-09-02 21:21:51,466] {dagbag.py:508} INFO - Filling up the DagBag from /opt/conda/lib/python3.8/site-packages/airflow/example_dags/example_subdag_operator.py
[2024-09-02 21:21:51,489] {processor.py:651} INFO - DAG(s) dict_keys(['example_subdag_operator.section-1', 'example_subdag_operator.section-2', 'example_subdag_operator']) retrieved from /opt/conda/lib/python3.8/site-packages/airflow/example_dags/example_subdag_operator.py
[2024-09-02 21:21:51,521] {logging_mixin.py:115} INFO - [2024-09-02 21:21:51,521] {dag.py:2420} INFO - Sync 3 DAGs
[2024-09-02 21:21:51,539] {logging_mixin.py:115} INFO - [2024-09-02 21:21:51,539] {dag.py:2968} INFO - Setting next_dagrun for example_subdag_operator to 2022-01-01T00:00:00+00:00, run_after=2022-01-01T00:00:00+00:00
[2024-09-02 21:21:51,540] {logging_mixin.py:115} INFO - [2024-09-02 21:21:51,540] {dag.py:2968} INFO - Setting next_dagrun for example_subdag_operator.section-1 to None, run_after=None
[2024-09-02 21:21:51,540] {logging_mixin.py:115} INFO - [2024-09-02 21:21:51,540] {dag.py:2968} INFO - Setting next_dagrun for example_subdag_operator.section-2 to None, run_after=None
[2024-09-02 21:21:51,545] {logging_mixin.py:115} INFO - [2024-09-02 21:21:51,545] {dag.py:2420} INFO - Sync 2 DAGs
[2024-09-02 21:21:51,550] {logging_mixin.py:115} INFO - [2024-09-02 21:21:51,550] {dag.py:2968} INFO - Setting next_dagrun for example_subdag_operator.section-1 to None, run_after=None
[2024-09-02 21:21:51,550] {logging_mixin.py:115} INFO - [2024-09-02 21:21:51,550] {dag.py:2968} INFO - Setting next_dagrun for example_subdag_operator.section-2 to None, run_after=None
[2024-09-02 21:21:51,614] {processor.py:161} INFO - Processing /opt/conda/lib/python3.8/site-packages/airflow/example_dags/example_subdag_operator.py took 0.154 seconds
[2024-09-02 21:22:44,673] {processor.py:153} INFO - Started process (PID=1004) to work on /opt/conda/lib/python3.8/site-packages/airflow/example_dags/example_subdag_operator.py
[2024-09-02 21:22:44,675] {processor.py:641} INFO - Processing file /opt/conda/lib/python3.8/site-packages/airflow/example_dags/example_subdag_operator.py for tasks to queue
[2024-09-02 21:22:44,675] {logging_mixin.py:115} INFO - [2024-09-02 21:22:44,675] {dagbag.py:508} INFO - Filling up the DagBag from /opt/conda/lib/python3.8/site-packages/airflow/example_dags/example_subdag_operator.py
[2024-09-02 21:22:44,698] {processor.py:651} INFO - DAG(s) dict_keys(['example_subdag_operator.section-1', 'example_subdag_operator.section-2', 'example_subdag_operator']) retrieved from /opt/conda/lib/python3.8/site-packages/airflow/example_dags/example_subdag_operator.py
[2024-09-02 21:22:44,730] {logging_mixin.py:115} INFO - [2024-09-02 21:22:44,729] {dag.py:2420} INFO - Sync 3 DAGs
[2024-09-02 21:22:44,749] {logging_mixin.py:115} INFO - [2024-09-02 21:22:44,749] {dag.py:2968} INFO - Setting next_dagrun for example_subdag_operator to 2022-01-01T00:00:00+00:00, run_after=2022-01-01T00:00:00+00:00
[2024-09-02 21:22:44,749] {logging_mixin.py:115} INFO - [2024-09-02 21:22:44,749] {dag.py:2968} INFO - Setting next_dagrun for example_subdag_operator.section-1 to None, run_after=None
[2024-09-02 21:22:44,749] {logging_mixin.py:115} INFO - [2024-09-02 21:22:44,749] {dag.py:2968} INFO - Setting next_dagrun for example_subdag_operator.section-2 to None, run_after=None
[2024-09-02 21:22:44,755] {logging_mixin.py:115} INFO - [2024-09-02 21:22:44,755] {dag.py:2420} INFO - Sync 2 DAGs
[2024-09-02 21:22:44,759] {logging_mixin.py:115} INFO - [2024-09-02 21:22:44,759] {dag.py:2968} INFO - Setting next_dagrun for example_subdag_operator.section-1 to None, run_after=None
[2024-09-02 21:22:44,759] {logging_mixin.py:115} INFO - [2024-09-02 21:22:44,759] {dag.py:2968} INFO - Setting next_dagrun for example_subdag_operator.section-2 to None, run_after=None
[2024-09-02 21:22:45,425] {processor.py:161} INFO - Processing /opt/conda/lib/python3.8/site-packages/airflow/example_dags/example_subdag_operator.py took 0.755 seconds
[2024-09-02 21:23:50,711] {processor.py:153} INFO - Started process (PID=1062) to work on /opt/conda/lib/python3.8/site-packages/airflow/example_dags/example_subdag_operator.py
[2024-09-02 21:23:50,713] {processor.py:641} INFO - Processing file /opt/conda/lib/python3.8/site-packages/airflow/example_dags/example_subdag_operator.py for tasks to queue
[2024-09-02 21:23:50,713] {logging_mixin.py:115} INFO - [2024-09-02 21:23:50,713] {dagbag.py:508} INFO - Filling up the DagBag from /opt/conda/lib/python3.8/site-packages/airflow/example_dags/example_subdag_operator.py
[2024-09-02 21:23:50,737] {processor.py:651} INFO - DAG(s) dict_keys(['example_subdag_operator.section-1', 'example_subdag_operator.section-2', 'example_subdag_operator']) retrieved from /opt/conda/lib/python3.8/site-packages/airflow/example_dags/example_subdag_operator.py
[2024-09-02 21:23:50,768] {logging_mixin.py:115} INFO - [2024-09-02 21:23:50,768] {dag.py:2420} INFO - Sync 3 DAGs
[2024-09-02 21:23:50,787] {logging_mixin.py:115} INFO - [2024-09-02 21:23:50,787] {dag.py:2968} INFO - Setting next_dagrun for example_subdag_operator to 2022-01-01T00:00:00+00:00, run_after=2022-01-01T00:00:00+00:00
[2024-09-02 21:23:50,787] {logging_mixin.py:115} INFO - [2024-09-02 21:23:50,787] {dag.py:2968} INFO - Setting next_dagrun for example_subdag_operator.section-1 to None, run_after=None
[2024-09-02 21:23:50,787] {logging_mixin.py:115} INFO - [2024-09-02 21:23:50,787] {dag.py:2968} INFO - Setting next_dagrun for example_subdag_operator.section-2 to None, run_after=None
[2024-09-02 21:23:50,793] {logging_mixin.py:115} INFO - [2024-09-02 21:23:50,793] {dag.py:2420} INFO - Sync 2 DAGs
[2024-09-02 21:23:50,797] {logging_mixin.py:115} INFO - [2024-09-02 21:23:50,797] {dag.py:2968} INFO - Setting next_dagrun for example_subdag_operator.section-1 to None, run_after=None
[2024-09-02 21:23:50,797] {logging_mixin.py:115} INFO - [2024-09-02 21:23:50,797] {dag.py:2968} INFO - Setting next_dagrun for example_subdag_operator.section-2 to None, run_after=None
[2024-09-02 21:23:53,351] {processor.py:161} INFO - Processing /opt/conda/lib/python3.8/site-packages/airflow/example_dags/example_subdag_operator.py took 2.643 seconds
[2024-09-02 21:25:37,649] {processor.py:153} INFO - Started process (PID=1126) to work on /opt/conda/lib/python3.8/site-packages/airflow/example_dags/example_subdag_operator.py
[2024-09-02 21:25:37,650] {processor.py:641} INFO - Processing file /opt/conda/lib/python3.8/site-packages/airflow/example_dags/example_subdag_operator.py for tasks to queue
[2024-09-02 21:25:37,651] {logging_mixin.py:115} INFO - [2024-09-02 21:25:37,651] {dagbag.py:508} INFO - Filling up the DagBag from /opt/conda/lib/python3.8/site-packages/airflow/example_dags/example_subdag_operator.py
[2024-09-02 21:25:37,674] {processor.py:651} INFO - DAG(s) dict_keys(['example_subdag_operator.section-1', 'example_subdag_operator.section-2', 'example_subdag_operator']) retrieved from /opt/conda/lib/python3.8/site-packages/airflow/example_dags/example_subdag_operator.py
[2024-09-02 21:25:37,705] {logging_mixin.py:115} INFO - [2024-09-02 21:25:37,705] {dag.py:2420} INFO - Sync 3 DAGs
[2024-09-02 21:25:37,724] {logging_mixin.py:115} INFO - [2024-09-02 21:25:37,724] {dag.py:2968} INFO - Setting next_dagrun for example_subdag_operator to 2022-01-01T00:00:00+00:00, run_after=2022-01-01T00:00:00+00:00
[2024-09-02 21:25:37,724] {logging_mixin.py:115} INFO - [2024-09-02 21:25:37,724] {dag.py:2968} INFO - Setting next_dagrun for example_subdag_operator.section-1 to None, run_after=None
[2024-09-02 21:25:37,724] {logging_mixin.py:115} INFO - [2024-09-02 21:25:37,724] {dag.py:2968} INFO - Setting next_dagrun for example_subdag_operator.section-2 to None, run_after=None
[2024-09-02 21:25:37,730] {logging_mixin.py:115} INFO - [2024-09-02 21:25:37,729] {dag.py:2420} INFO - Sync 2 DAGs
[2024-09-02 21:25:37,734] {logging_mixin.py:115} INFO - [2024-09-02 21:25:37,734] {dag.py:2968} INFO - Setting next_dagrun for example_subdag_operator.section-1 to None, run_after=None
[2024-09-02 21:25:37,734] {logging_mixin.py:115} INFO - [2024-09-02 21:25:37,734] {dag.py:2968} INFO - Setting next_dagrun for example_subdag_operator.section-2 to None, run_after=None
[2024-09-02 21:25:38,784] {processor.py:161} INFO - Processing /opt/conda/lib/python3.8/site-packages/airflow/example_dags/example_subdag_operator.py took 1.139 seconds
[2024-09-02 21:26:50,559] {processor.py:153} INFO - Started process (PID=1158) to work on /opt/conda/lib/python3.8/site-packages/airflow/example_dags/example_subdag_operator.py
[2024-09-02 21:26:50,561] {processor.py:641} INFO - Processing file /opt/conda/lib/python3.8/site-packages/airflow/example_dags/example_subdag_operator.py for tasks to queue
[2024-09-02 21:26:50,561] {logging_mixin.py:115} INFO - [2024-09-02 21:26:50,561] {dagbag.py:508} INFO - Filling up the DagBag from /opt/conda/lib/python3.8/site-packages/airflow/example_dags/example_subdag_operator.py
[2024-09-02 21:26:50,584] {processor.py:651} INFO - DAG(s) dict_keys(['example_subdag_operator.section-1', 'example_subdag_operator.section-2', 'example_subdag_operator']) retrieved from /opt/conda/lib/python3.8/site-packages/airflow/example_dags/example_subdag_operator.py
[2024-09-02 21:26:50,616] {logging_mixin.py:115} INFO - [2024-09-02 21:26:50,615] {dag.py:2420} INFO - Sync 3 DAGs
[2024-09-02 21:26:50,634] {logging_mixin.py:115} INFO - [2024-09-02 21:26:50,634] {dag.py:2968} INFO - Setting next_dagrun for example_subdag_operator to 2022-01-01T00:00:00+00:00, run_after=2022-01-01T00:00:00+00:00
[2024-09-02 21:26:50,635] {logging_mixin.py:115} INFO - [2024-09-02 21:26:50,635] {dag.py:2968} INFO - Setting next_dagrun for example_subdag_operator.section-1 to None, run_after=None
[2024-09-02 21:26:50,635] {logging_mixin.py:115} INFO - [2024-09-02 21:26:50,635] {dag.py:2968} INFO - Setting next_dagrun for example_subdag_operator.section-2 to None, run_after=None
[2024-09-02 21:26:50,640] {logging_mixin.py:115} INFO - [2024-09-02 21:26:50,640] {dag.py:2420} INFO - Sync 2 DAGs
[2024-09-02 21:26:50,645] {logging_mixin.py:115} INFO - [2024-09-02 21:26:50,644] {dag.py:2968} INFO - Setting next_dagrun for example_subdag_operator.section-1 to None, run_after=None
[2024-09-02 21:26:50,645] {logging_mixin.py:115} INFO - [2024-09-02 21:26:50,645] {dag.py:2968} INFO - Setting next_dagrun for example_subdag_operator.section-2 to None, run_after=None
[2024-09-02 21:26:51,006] {processor.py:161} INFO - Processing /opt/conda/lib/python3.8/site-packages/airflow/example_dags/example_subdag_operator.py took 0.451 seconds
[2024-09-02 21:28:01,501] {processor.py:153} INFO - Started process (PID=1195) to work on /opt/conda/lib/python3.8/site-packages/airflow/example_dags/example_subdag_operator.py
[2024-09-02 21:28:01,502] {processor.py:641} INFO - Processing file /opt/conda/lib/python3.8/site-packages/airflow/example_dags/example_subdag_operator.py for tasks to queue
[2024-09-02 21:28:01,503] {logging_mixin.py:115} INFO - [2024-09-02 21:28:01,503] {dagbag.py:508} INFO - Filling up the DagBag from /opt/conda/lib/python3.8/site-packages/airflow/example_dags/example_subdag_operator.py
[2024-09-02 21:28:01,526] {processor.py:651} INFO - DAG(s) dict_keys(['example_subdag_operator.section-1', 'example_subdag_operator.section-2', 'example_subdag_operator']) retrieved from /opt/conda/lib/python3.8/site-packages/airflow/example_dags/example_subdag_operator.py
[2024-09-02 21:28:01,557] {logging_mixin.py:115} INFO - [2024-09-02 21:28:01,557] {dag.py:2420} INFO - Sync 3 DAGs
[2024-09-02 21:28:01,576] {logging_mixin.py:115} INFO - [2024-09-02 21:28:01,576] {dag.py:2968} INFO - Setting next_dagrun for example_subdag_operator to 2022-01-01T00:00:00+00:00, run_after=2022-01-01T00:00:00+00:00
[2024-09-02 21:28:01,576] {logging_mixin.py:115} INFO - [2024-09-02 21:28:01,576] {dag.py:2968} INFO - Setting next_dagrun for example_subdag_operator.section-1 to None, run_after=None
[2024-09-02 21:28:01,576] {logging_mixin.py:115} INFO - [2024-09-02 21:28:01,576] {dag.py:2968} INFO - Setting next_dagrun for example_subdag_operator.section-2 to None, run_after=None
[2024-09-02 21:28:01,582] {logging_mixin.py:115} INFO - [2024-09-02 21:28:01,582] {dag.py:2420} INFO - Sync 2 DAGs
[2024-09-02 21:28:01,586] {logging_mixin.py:115} INFO - [2024-09-02 21:28:01,586] {dag.py:2968} INFO - Setting next_dagrun for example_subdag_operator.section-1 to None, run_after=None
[2024-09-02 21:28:01,586] {logging_mixin.py:115} INFO - [2024-09-02 21:28:01,586] {dag.py:2968} INFO - Setting next_dagrun for example_subdag_operator.section-2 to None, run_after=None
[2024-09-02 21:28:01,757] {processor.py:161} INFO - Processing /opt/conda/lib/python3.8/site-packages/airflow/example_dags/example_subdag_operator.py took 0.260 seconds
[2024-09-02 21:29:04,148] {processor.py:153} INFO - Started process (PID=1250) to work on /opt/conda/lib/python3.8/site-packages/airflow/example_dags/example_subdag_operator.py
[2024-09-02 21:29:04,149] {processor.py:641} INFO - Processing file /opt/conda/lib/python3.8/site-packages/airflow/example_dags/example_subdag_operator.py for tasks to queue
[2024-09-02 21:29:04,150] {logging_mixin.py:115} INFO - [2024-09-02 21:29:04,149] {dagbag.py:508} INFO - Filling up the DagBag from /opt/conda/lib/python3.8/site-packages/airflow/example_dags/example_subdag_operator.py
[2024-09-02 21:29:04,173] {processor.py:651} INFO - DAG(s) dict_keys(['example_subdag_operator.section-1', 'example_subdag_operator.section-2', 'example_subdag_operator']) retrieved from /opt/conda/lib/python3.8/site-packages/airflow/example_dags/example_subdag_operator.py
[2024-09-02 21:29:04,208] {logging_mixin.py:115} INFO - [2024-09-02 21:29:04,208] {dag.py:2420} INFO - Sync 3 DAGs
[2024-09-02 21:29:04,227] {logging_mixin.py:115} INFO - [2024-09-02 21:29:04,227] {dag.py:2968} INFO - Setting next_dagrun for example_subdag_operator to 2022-01-01T00:00:00+00:00, run_after=2022-01-01T00:00:00+00:00
[2024-09-02 21:29:04,227] {logging_mixin.py:115} INFO - [2024-09-02 21:29:04,227] {dag.py:2968} INFO - Setting next_dagrun for example_subdag_operator.section-1 to None, run_after=None
[2024-09-02 21:29:04,227] {logging_mixin.py:115} INFO - [2024-09-02 21:29:04,227] {dag.py:2968} INFO - Setting next_dagrun for example_subdag_operator.section-2 to None, run_after=None
[2024-09-02 21:29:04,233] {logging_mixin.py:115} INFO - [2024-09-02 21:29:04,233] {dag.py:2420} INFO - Sync 2 DAGs
[2024-09-02 21:29:04,237] {logging_mixin.py:115} INFO - [2024-09-02 21:29:04,237] {dag.py:2968} INFO - Setting next_dagrun for example_subdag_operator.section-1 to None, run_after=None
[2024-09-02 21:29:04,237] {logging_mixin.py:115} INFO - [2024-09-02 21:29:04,237] {dag.py:2968} INFO - Setting next_dagrun for example_subdag_operator.section-2 to None, run_after=None
[2024-09-02 21:29:04,587] {processor.py:161} INFO - Processing /opt/conda/lib/python3.8/site-packages/airflow/example_dags/example_subdag_operator.py took 0.443 seconds
[2024-09-02 21:30:47,573] {processor.py:153} INFO - Started process (PID=1312) to work on /opt/conda/lib/python3.8/site-packages/airflow/example_dags/example_subdag_operator.py
[2024-09-02 21:30:47,575] {processor.py:641} INFO - Processing file /opt/conda/lib/python3.8/site-packages/airflow/example_dags/example_subdag_operator.py for tasks to queue
[2024-09-02 21:30:47,575] {logging_mixin.py:115} INFO - [2024-09-02 21:30:47,575] {dagbag.py:508} INFO - Filling up the DagBag from /opt/conda/lib/python3.8/site-packages/airflow/example_dags/example_subdag_operator.py
[2024-09-02 21:30:47,598] {processor.py:651} INFO - DAG(s) dict_keys(['example_subdag_operator.section-1', 'example_subdag_operator.section-2', 'example_subdag_operator']) retrieved from /opt/conda/lib/python3.8/site-packages/airflow/example_dags/example_subdag_operator.py
[2024-09-02 21:30:47,631] {logging_mixin.py:115} INFO - [2024-09-02 21:30:47,631] {dag.py:2420} INFO - Sync 3 DAGs
[2024-09-02 21:30:47,649] {logging_mixin.py:115} INFO - [2024-09-02 21:30:47,649] {dag.py:2968} INFO - Setting next_dagrun for example_subdag_operator to 2022-01-01T00:00:00+00:00, run_after=2022-01-01T00:00:00+00:00
[2024-09-02 21:30:47,649] {logging_mixin.py:115} INFO - [2024-09-02 21:30:47,649] {dag.py:2968} INFO - Setting next_dagrun for example_subdag_operator.section-1 to None, run_after=None
[2024-09-02 21:30:47,650] {logging_mixin.py:115} INFO - [2024-09-02 21:30:47,650] {dag.py:2968} INFO - Setting next_dagrun for example_subdag_operator.section-2 to None, run_after=None
[2024-09-02 21:30:47,655] {logging_mixin.py:115} INFO - [2024-09-02 21:30:47,655] {dag.py:2420} INFO - Sync 2 DAGs
[2024-09-02 21:30:47,659] {logging_mixin.py:115} INFO - [2024-09-02 21:30:47,659] {dag.py:2968} INFO - Setting next_dagrun for example_subdag_operator.section-1 to None, run_after=None
[2024-09-02 21:30:47,660] {logging_mixin.py:115} INFO - [2024-09-02 21:30:47,660] {dag.py:2968} INFO - Setting next_dagrun for example_subdag_operator.section-2 to None, run_after=None
[2024-09-02 21:30:47,689] {processor.py:161} INFO - Processing /opt/conda/lib/python3.8/site-packages/airflow/example_dags/example_subdag_operator.py took 0.120 seconds
[2024-09-02 21:32:02,316] {processor.py:153} INFO - Started process (PID=1385) to work on /opt/conda/lib/python3.8/site-packages/airflow/example_dags/example_subdag_operator.py
[2024-09-02 21:32:02,318] {processor.py:641} INFO - Processing file /opt/conda/lib/python3.8/site-packages/airflow/example_dags/example_subdag_operator.py for tasks to queue
[2024-09-02 21:32:02,318] {logging_mixin.py:115} INFO - [2024-09-02 21:32:02,318] {dagbag.py:508} INFO - Filling up the DagBag from /opt/conda/lib/python3.8/site-packages/airflow/example_dags/example_subdag_operator.py
[2024-09-02 21:32:02,341] {processor.py:651} INFO - DAG(s) dict_keys(['example_subdag_operator.section-1', 'example_subdag_operator.section-2', 'example_subdag_operator']) retrieved from /opt/conda/lib/python3.8/site-packages/airflow/example_dags/example_subdag_operator.py
[2024-09-02 21:32:02,373] {logging_mixin.py:115} INFO - [2024-09-02 21:32:02,373] {dag.py:2420} INFO - Sync 3 DAGs
[2024-09-02 21:32:02,392] {logging_mixin.py:115} INFO - [2024-09-02 21:32:02,391] {dag.py:2968} INFO - Setting next_dagrun for example_subdag_operator to 2022-01-01T00:00:00+00:00, run_after=2022-01-01T00:00:00+00:00
[2024-09-02 21:32:02,392] {logging_mixin.py:115} INFO - [2024-09-02 21:32:02,392] {dag.py:2968} INFO - Setting next_dagrun for example_subdag_operator.section-1 to None, run_after=None
[2024-09-02 21:32:02,392] {logging_mixin.py:115} INFO - [2024-09-02 21:32:02,392] {dag.py:2968} INFO - Setting next_dagrun for example_subdag_operator.section-2 to None, run_after=None
[2024-09-02 21:32:02,397] {logging_mixin.py:115} INFO - [2024-09-02 21:32:02,397] {dag.py:2420} INFO - Sync 2 DAGs
[2024-09-02 21:32:02,402] {logging_mixin.py:115} INFO - [2024-09-02 21:32:02,401] {dag.py:2968} INFO - Setting next_dagrun for example_subdag_operator.section-1 to None, run_after=None
[2024-09-02 21:32:02,402] {logging_mixin.py:115} INFO - [2024-09-02 21:32:02,402] {dag.py:2968} INFO - Setting next_dagrun for example_subdag_operator.section-2 to None, run_after=None
[2024-09-02 21:32:02,856] {processor.py:161} INFO - Processing /opt/conda/lib/python3.8/site-packages/airflow/example_dags/example_subdag_operator.py took 0.543 seconds
[2024-09-02 21:33:50,609] {processor.py:153} INFO - Started process (PID=1461) to work on /opt/conda/lib/python3.8/site-packages/airflow/example_dags/example_subdag_operator.py
[2024-09-02 21:33:50,610] {processor.py:641} INFO - Processing file /opt/conda/lib/python3.8/site-packages/airflow/example_dags/example_subdag_operator.py for tasks to queue
[2024-09-02 21:33:50,611] {logging_mixin.py:115} INFO - [2024-09-02 21:33:50,611] {dagbag.py:508} INFO - Filling up the DagBag from /opt/conda/lib/python3.8/site-packages/airflow/example_dags/example_subdag_operator.py
[2024-09-02 21:33:50,633] {processor.py:651} INFO - DAG(s) dict_keys(['example_subdag_operator.section-1', 'example_subdag_operator.section-2', 'example_subdag_operator']) retrieved from /opt/conda/lib/python3.8/site-packages/airflow/example_dags/example_subdag_operator.py
[2024-09-02 21:33:50,665] {logging_mixin.py:115} INFO - [2024-09-02 21:33:50,665] {dag.py:2420} INFO - Sync 3 DAGs
[2024-09-02 21:33:50,683] {logging_mixin.py:115} INFO - [2024-09-02 21:33:50,683] {dag.py:2968} INFO - Setting next_dagrun for example_subdag_operator to 2022-01-01T00:00:00+00:00, run_after=2022-01-01T00:00:00+00:00
[2024-09-02 21:33:50,684] {logging_mixin.py:115} INFO - [2024-09-02 21:33:50,684] {dag.py:2968} INFO - Setting next_dagrun for example_subdag_operator.section-1 to None, run_after=None
[2024-09-02 21:33:50,684] {logging_mixin.py:115} INFO - [2024-09-02 21:33:50,684] {dag.py:2968} INFO - Setting next_dagrun for example_subdag_operator.section-2 to None, run_after=None
[2024-09-02 21:33:50,689] {logging_mixin.py:115} INFO - [2024-09-02 21:33:50,689] {dag.py:2420} INFO - Sync 2 DAGs
[2024-09-02 21:33:50,694] {logging_mixin.py:115} INFO - [2024-09-02 21:33:50,693] {dag.py:2968} INFO - Setting next_dagrun for example_subdag_operator.section-1 to None, run_after=None
[2024-09-02 21:33:50,694] {logging_mixin.py:115} INFO - [2024-09-02 21:33:50,694] {dag.py:2968} INFO - Setting next_dagrun for example_subdag_operator.section-2 to None, run_after=None
[2024-09-02 21:33:52,004] {processor.py:161} INFO - Processing /opt/conda/lib/python3.8/site-packages/airflow/example_dags/example_subdag_operator.py took 1.399 seconds
[2024-09-02 21:35:01,774] {processor.py:153} INFO - Started process (PID=1503) to work on /opt/conda/lib/python3.8/site-packages/airflow/example_dags/example_subdag_operator.py
[2024-09-02 21:35:01,776] {processor.py:641} INFO - Processing file /opt/conda/lib/python3.8/site-packages/airflow/example_dags/example_subdag_operator.py for tasks to queue
[2024-09-02 21:35:01,776] {logging_mixin.py:115} INFO - [2024-09-02 21:35:01,776] {dagbag.py:508} INFO - Filling up the DagBag from /opt/conda/lib/python3.8/site-packages/airflow/example_dags/example_subdag_operator.py
[2024-09-02 21:35:01,799] {processor.py:651} INFO - DAG(s) dict_keys(['example_subdag_operator.section-1', 'example_subdag_operator.section-2', 'example_subdag_operator']) retrieved from /opt/conda/lib/python3.8/site-packages/airflow/example_dags/example_subdag_operator.py
[2024-09-02 21:35:01,831] {logging_mixin.py:115} INFO - [2024-09-02 21:35:01,830] {dag.py:2420} INFO - Sync 3 DAGs
[2024-09-02 21:35:01,849] {logging_mixin.py:115} INFO - [2024-09-02 21:35:01,849] {dag.py:2968} INFO - Setting next_dagrun for example_subdag_operator to 2022-01-01T00:00:00+00:00, run_after=2022-01-01T00:00:00+00:00
[2024-09-02 21:35:01,850] {logging_mixin.py:115} INFO - [2024-09-02 21:35:01,850] {dag.py:2968} INFO - Setting next_dagrun for example_subdag_operator.section-1 to None, run_after=None
[2024-09-02 21:35:01,850] {logging_mixin.py:115} INFO - [2024-09-02 21:35:01,850] {dag.py:2968} INFO - Setting next_dagrun for example_subdag_operator.section-2 to None, run_after=None
[2024-09-02 21:35:01,855] {logging_mixin.py:115} INFO - [2024-09-02 21:35:01,855] {dag.py:2420} INFO - Sync 2 DAGs
[2024-09-02 21:35:01,860] {logging_mixin.py:115} INFO - [2024-09-02 21:35:01,859] {dag.py:2968} INFO - Setting next_dagrun for example_subdag_operator.section-1 to None, run_after=None
[2024-09-02 21:35:01,860] {logging_mixin.py:115} INFO - [2024-09-02 21:35:01,860] {dag.py:2968} INFO - Setting next_dagrun for example_subdag_operator.section-2 to None, run_after=None
[2024-09-02 21:35:03,466] {processor.py:161} INFO - Processing /opt/conda/lib/python3.8/site-packages/airflow/example_dags/example_subdag_operator.py took 1.696 seconds
[2024-09-02 21:36:10,244] {processor.py:153} INFO - Started process (PID=1540) to work on /opt/conda/lib/python3.8/site-packages/airflow/example_dags/example_subdag_operator.py
[2024-09-02 21:36:10,246] {processor.py:641} INFO - Processing file /opt/conda/lib/python3.8/site-packages/airflow/example_dags/example_subdag_operator.py for tasks to queue
[2024-09-02 21:36:10,247] {logging_mixin.py:115} INFO - [2024-09-02 21:36:10,247] {dagbag.py:508} INFO - Filling up the DagBag from /opt/conda/lib/python3.8/site-packages/airflow/example_dags/example_subdag_operator.py
[2024-09-02 21:36:10,268] {processor.py:651} INFO - DAG(s) dict_keys(['example_subdag_operator.section-1', 'example_subdag_operator.section-2', 'example_subdag_operator']) retrieved from /opt/conda/lib/python3.8/site-packages/airflow/example_dags/example_subdag_operator.py
[2024-09-02 21:36:10,299] {logging_mixin.py:115} INFO - [2024-09-02 21:36:10,299] {dag.py:2420} INFO - Sync 3 DAGs
[2024-09-02 21:36:10,318] {logging_mixin.py:115} INFO - [2024-09-02 21:36:10,318] {dag.py:2968} INFO - Setting next_dagrun for example_subdag_operator to 2022-01-01T00:00:00+00:00, run_after=2022-01-01T00:00:00+00:00
[2024-09-02 21:36:10,318] {logging_mixin.py:115} INFO - [2024-09-02 21:36:10,318] {dag.py:2968} INFO - Setting next_dagrun for example_subdag_operator.section-1 to None, run_after=None
[2024-09-02 21:36:10,318] {logging_mixin.py:115} INFO - [2024-09-02 21:36:10,318] {dag.py:2968} INFO - Setting next_dagrun for example_subdag_operator.section-2 to None, run_after=None
[2024-09-02 21:36:10,324] {logging_mixin.py:115} INFO - [2024-09-02 21:36:10,324] {dag.py:2420} INFO - Sync 2 DAGs
[2024-09-02 21:36:10,328] {logging_mixin.py:115} INFO - [2024-09-02 21:36:10,328] {dag.py:2968} INFO - Setting next_dagrun for example_subdag_operator.section-1 to None, run_after=None
[2024-09-02 21:36:10,328] {logging_mixin.py:115} INFO - [2024-09-02 21:36:10,328] {dag.py:2968} INFO - Setting next_dagrun for example_subdag_operator.section-2 to None, run_after=None
[2024-09-02 21:36:12,086] {processor.py:161} INFO - Processing /opt/conda/lib/python3.8/site-packages/airflow/example_dags/example_subdag_operator.py took 1.845 seconds
[2024-09-02 21:37:14,415] {processor.py:153} INFO - Started process (PID=1573) to work on /opt/conda/lib/python3.8/site-packages/airflow/example_dags/example_subdag_operator.py
[2024-09-02 21:37:14,417] {processor.py:641} INFO - Processing file /opt/conda/lib/python3.8/site-packages/airflow/example_dags/example_subdag_operator.py for tasks to queue
[2024-09-02 21:37:14,417] {logging_mixin.py:115} INFO - [2024-09-02 21:37:14,417] {dagbag.py:508} INFO - Filling up the DagBag from /opt/conda/lib/python3.8/site-packages/airflow/example_dags/example_subdag_operator.py
[2024-09-02 21:37:14,440] {processor.py:651} INFO - DAG(s) dict_keys(['example_subdag_operator.section-1', 'example_subdag_operator.section-2', 'example_subdag_operator']) retrieved from /opt/conda/lib/python3.8/site-packages/airflow/example_dags/example_subdag_operator.py
[2024-09-02 21:37:14,471] {logging_mixin.py:115} INFO - [2024-09-02 21:37:14,471] {dag.py:2420} INFO - Sync 3 DAGs
[2024-09-02 21:37:14,490] {logging_mixin.py:115} INFO - [2024-09-02 21:37:14,490] {dag.py:2968} INFO - Setting next_dagrun for example_subdag_operator to 2022-01-01T00:00:00+00:00, run_after=2022-01-01T00:00:00+00:00
[2024-09-02 21:37:14,490] {logging_mixin.py:115} INFO - [2024-09-02 21:37:14,490] {dag.py:2968} INFO - Setting next_dagrun for example_subdag_operator.section-1 to None, run_after=None
[2024-09-02 21:37:14,491] {logging_mixin.py:115} INFO - [2024-09-02 21:37:14,491] {dag.py:2968} INFO - Setting next_dagrun for example_subdag_operator.section-2 to None, run_after=None
[2024-09-02 21:37:14,496] {logging_mixin.py:115} INFO - [2024-09-02 21:37:14,496] {dag.py:2420} INFO - Sync 2 DAGs
[2024-09-02 21:37:14,500] {logging_mixin.py:115} INFO - [2024-09-02 21:37:14,500] {dag.py:2968} INFO - Setting next_dagrun for example_subdag_operator.section-1 to None, run_after=None
[2024-09-02 21:37:14,500] {logging_mixin.py:115} INFO - [2024-09-02 21:37:14,500] {dag.py:2968} INFO - Setting next_dagrun for example_subdag_operator.section-2 to None, run_after=None
[2024-09-02 21:37:14,639] {processor.py:161} INFO - Processing /opt/conda/lib/python3.8/site-packages/airflow/example_dags/example_subdag_operator.py took 0.227 seconds
[2024-09-02 21:38:44,690] {processor.py:153} INFO - Started process (PID=1651) to work on /opt/conda/lib/python3.8/site-packages/airflow/example_dags/example_subdag_operator.py
[2024-09-02 21:38:44,691] {processor.py:641} INFO - Processing file /opt/conda/lib/python3.8/site-packages/airflow/example_dags/example_subdag_operator.py for tasks to queue
[2024-09-02 21:38:44,692] {logging_mixin.py:115} INFO - [2024-09-02 21:38:44,692] {dagbag.py:508} INFO - Filling up the DagBag from /opt/conda/lib/python3.8/site-packages/airflow/example_dags/example_subdag_operator.py
[2024-09-02 21:38:44,715] {processor.py:651} INFO - DAG(s) dict_keys(['example_subdag_operator.section-1', 'example_subdag_operator.section-2', 'example_subdag_operator']) retrieved from /opt/conda/lib/python3.8/site-packages/airflow/example_dags/example_subdag_operator.py
[2024-09-02 21:38:44,746] {logging_mixin.py:115} INFO - [2024-09-02 21:38:44,746] {dag.py:2420} INFO - Sync 3 DAGs
[2024-09-02 21:38:44,765] {logging_mixin.py:115} INFO - [2024-09-02 21:38:44,765] {dag.py:2968} INFO - Setting next_dagrun for example_subdag_operator to 2022-01-01T00:00:00+00:00, run_after=2022-01-01T00:00:00+00:00
[2024-09-02 21:38:44,765] {logging_mixin.py:115} INFO - [2024-09-02 21:38:44,765] {dag.py:2968} INFO - Setting next_dagrun for example_subdag_operator.section-1 to None, run_after=None
[2024-09-02 21:38:44,765] {logging_mixin.py:115} INFO - [2024-09-02 21:38:44,765] {dag.py:2968} INFO - Setting next_dagrun for example_subdag_operator.section-2 to None, run_after=None
[2024-09-02 21:38:44,771] {logging_mixin.py:115} INFO - [2024-09-02 21:38:44,771] {dag.py:2420} INFO - Sync 2 DAGs
[2024-09-02 21:38:44,775] {logging_mixin.py:115} INFO - [2024-09-02 21:38:44,775] {dag.py:2968} INFO - Setting next_dagrun for example_subdag_operator.section-1 to None, run_after=None
[2024-09-02 21:38:44,775] {logging_mixin.py:115} INFO - [2024-09-02 21:38:44,775] {dag.py:2968} INFO - Setting next_dagrun for example_subdag_operator.section-2 to None, run_after=None
[2024-09-02 21:38:45,538] {processor.py:161} INFO - Processing /opt/conda/lib/python3.8/site-packages/airflow/example_dags/example_subdag_operator.py took 0.851 seconds
[2024-09-02 21:40:49,242] {processor.py:153} INFO - Started process (PID=1741) to work on /opt/conda/lib/python3.8/site-packages/airflow/example_dags/example_subdag_operator.py
[2024-09-02 21:40:49,243] {processor.py:641} INFO - Processing file /opt/conda/lib/python3.8/site-packages/airflow/example_dags/example_subdag_operator.py for tasks to queue
[2024-09-02 21:40:49,244] {logging_mixin.py:115} INFO - [2024-09-02 21:40:49,244] {dagbag.py:508} INFO - Filling up the DagBag from /opt/conda/lib/python3.8/site-packages/airflow/example_dags/example_subdag_operator.py
[2024-09-02 21:40:49,267] {processor.py:651} INFO - DAG(s) dict_keys(['example_subdag_operator.section-1', 'example_subdag_operator.section-2', 'example_subdag_operator']) retrieved from /opt/conda/lib/python3.8/site-packages/airflow/example_dags/example_subdag_operator.py
[2024-09-02 21:40:49,298] {logging_mixin.py:115} INFO - [2024-09-02 21:40:49,298] {dag.py:2420} INFO - Sync 3 DAGs
[2024-09-02 21:40:49,317] {logging_mixin.py:115} INFO - [2024-09-02 21:40:49,317] {dag.py:2968} INFO - Setting next_dagrun for example_subdag_operator to 2022-01-01T00:00:00+00:00, run_after=2022-01-01T00:00:00+00:00
[2024-09-02 21:40:49,317] {logging_mixin.py:115} INFO - [2024-09-02 21:40:49,317] {dag.py:2968} INFO - Setting next_dagrun for example_subdag_operator.section-1 to None, run_after=None
[2024-09-02 21:40:49,317] {logging_mixin.py:115} INFO - [2024-09-02 21:40:49,317] {dag.py:2968} INFO - Setting next_dagrun for example_subdag_operator.section-2 to None, run_after=None
[2024-09-02 21:40:49,323] {logging_mixin.py:115} INFO - [2024-09-02 21:40:49,323] {dag.py:2420} INFO - Sync 2 DAGs
[2024-09-02 21:40:49,327] {logging_mixin.py:115} INFO - [2024-09-02 21:40:49,327] {dag.py:2968} INFO - Setting next_dagrun for example_subdag_operator.section-1 to None, run_after=None
[2024-09-02 21:40:49,327] {logging_mixin.py:115} INFO - [2024-09-02 21:40:49,327] {dag.py:2968} INFO - Setting next_dagrun for example_subdag_operator.section-2 to None, run_after=None
[2024-09-02 21:40:51,342] {processor.py:161} INFO - Processing /opt/conda/lib/python3.8/site-packages/airflow/example_dags/example_subdag_operator.py took 2.104 seconds
[2024-09-02 21:42:04,001] {processor.py:153} INFO - Started process (PID=1777) to work on /opt/conda/lib/python3.8/site-packages/airflow/example_dags/example_subdag_operator.py
[2024-09-02 21:42:04,002] {processor.py:641} INFO - Processing file /opt/conda/lib/python3.8/site-packages/airflow/example_dags/example_subdag_operator.py for tasks to queue
[2024-09-02 21:42:04,003] {logging_mixin.py:115} INFO - [2024-09-02 21:42:04,003] {dagbag.py:508} INFO - Filling up the DagBag from /opt/conda/lib/python3.8/site-packages/airflow/example_dags/example_subdag_operator.py
[2024-09-02 21:42:04,026] {processor.py:651} INFO - DAG(s) dict_keys(['example_subdag_operator.section-1', 'example_subdag_operator.section-2', 'example_subdag_operator']) retrieved from /opt/conda/lib/python3.8/site-packages/airflow/example_dags/example_subdag_operator.py
[2024-09-02 21:42:04,058] {logging_mixin.py:115} INFO - [2024-09-02 21:42:04,057] {dag.py:2420} INFO - Sync 3 DAGs
[2024-09-02 21:42:04,076] {logging_mixin.py:115} INFO - [2024-09-02 21:42:04,076] {dag.py:2968} INFO - Setting next_dagrun for example_subdag_operator to 2022-01-01T00:00:00+00:00, run_after=2022-01-01T00:00:00+00:00
[2024-09-02 21:42:04,076] {logging_mixin.py:115} INFO - [2024-09-02 21:42:04,076] {dag.py:2968} INFO - Setting next_dagrun for example_subdag_operator.section-1 to None, run_after=None
[2024-09-02 21:42:04,077] {logging_mixin.py:115} INFO - [2024-09-02 21:42:04,077] {dag.py:2968} INFO - Setting next_dagrun for example_subdag_operator.section-2 to None, run_after=None
[2024-09-02 21:42:04,082] {logging_mixin.py:115} INFO - [2024-09-02 21:42:04,082] {dag.py:2420} INFO - Sync 2 DAGs
[2024-09-02 21:42:04,086] {logging_mixin.py:115} INFO - [2024-09-02 21:42:04,086] {dag.py:2968} INFO - Setting next_dagrun for example_subdag_operator.section-1 to None, run_after=None
[2024-09-02 21:42:04,087] {logging_mixin.py:115} INFO - [2024-09-02 21:42:04,086] {dag.py:2968} INFO - Setting next_dagrun for example_subdag_operator.section-2 to None, run_after=None
[2024-09-02 21:42:04,972] {processor.py:161} INFO - Processing /opt/conda/lib/python3.8/site-packages/airflow/example_dags/example_subdag_operator.py took 0.975 seconds
[2024-09-02 21:49:19,232] {processor.py:153} INFO - Started process (PID=1820) to work on /opt/conda/lib/python3.8/site-packages/airflow/example_dags/example_subdag_operator.py
[2024-09-02 21:49:19,234] {processor.py:641} INFO - Processing file /opt/conda/lib/python3.8/site-packages/airflow/example_dags/example_subdag_operator.py for tasks to queue
[2024-09-02 21:49:19,234] {logging_mixin.py:115} INFO - [2024-09-02 21:49:19,234] {dagbag.py:508} INFO - Filling up the DagBag from /opt/conda/lib/python3.8/site-packages/airflow/example_dags/example_subdag_operator.py
[2024-09-02 21:49:20,099] {processor.py:651} INFO - DAG(s) dict_keys(['example_subdag_operator.section-1', 'example_subdag_operator.section-2', 'example_subdag_operator']) retrieved from /opt/conda/lib/python3.8/site-packages/airflow/example_dags/example_subdag_operator.py
[2024-09-02 21:49:20,157] {logging_mixin.py:115} INFO - [2024-09-02 21:49:20,157] {dag.py:2420} INFO - Sync 3 DAGs
[2024-09-02 21:49:20,177] {logging_mixin.py:115} INFO - [2024-09-02 21:49:20,177] {dag.py:2968} INFO - Setting next_dagrun for example_subdag_operator to 2022-01-01T00:00:00+00:00, run_after=2022-01-01T00:00:00+00:00
[2024-09-02 21:49:20,177] {logging_mixin.py:115} INFO - [2024-09-02 21:49:20,177] {dag.py:2968} INFO - Setting next_dagrun for example_subdag_operator.section-1 to None, run_after=None
[2024-09-02 21:49:20,178] {logging_mixin.py:115} INFO - [2024-09-02 21:49:20,178] {dag.py:2968} INFO - Setting next_dagrun for example_subdag_operator.section-2 to None, run_after=None
[2024-09-02 21:49:20,183] {logging_mixin.py:115} INFO - [2024-09-02 21:49:20,183] {dag.py:2420} INFO - Sync 2 DAGs
[2024-09-02 21:49:20,188] {logging_mixin.py:115} INFO - [2024-09-02 21:49:20,188] {dag.py:2968} INFO - Setting next_dagrun for example_subdag_operator.section-1 to None, run_after=None
[2024-09-02 21:49:20,188] {logging_mixin.py:115} INFO - [2024-09-02 21:49:20,188] {dag.py:2968} INFO - Setting next_dagrun for example_subdag_operator.section-2 to None, run_after=None
[2024-09-02 21:49:20,324] {processor.py:161} INFO - Processing /opt/conda/lib/python3.8/site-packages/airflow/example_dags/example_subdag_operator.py took 1.095 seconds
[2024-09-02 21:50:25,104] {processor.py:153} INFO - Started process (PID=1865) to work on /opt/conda/lib/python3.8/site-packages/airflow/example_dags/example_subdag_operator.py
[2024-09-02 21:50:25,106] {processor.py:641} INFO - Processing file /opt/conda/lib/python3.8/site-packages/airflow/example_dags/example_subdag_operator.py for tasks to queue
[2024-09-02 21:50:25,107] {logging_mixin.py:115} INFO - [2024-09-02 21:50:25,106] {dagbag.py:508} INFO - Filling up the DagBag from /opt/conda/lib/python3.8/site-packages/airflow/example_dags/example_subdag_operator.py
[2024-09-02 21:50:25,130] {processor.py:651} INFO - DAG(s) dict_keys(['example_subdag_operator.section-1', 'example_subdag_operator.section-2', 'example_subdag_operator']) retrieved from /opt/conda/lib/python3.8/site-packages/airflow/example_dags/example_subdag_operator.py
[2024-09-02 21:50:25,161] {logging_mixin.py:115} INFO - [2024-09-02 21:50:25,161] {dag.py:2420} INFO - Sync 3 DAGs
[2024-09-02 21:50:25,180] {logging_mixin.py:115} INFO - [2024-09-02 21:50:25,180] {dag.py:2968} INFO - Setting next_dagrun for example_subdag_operator to 2022-01-01T00:00:00+00:00, run_after=2022-01-01T00:00:00+00:00
[2024-09-02 21:50:25,180] {logging_mixin.py:115} INFO - [2024-09-02 21:50:25,180] {dag.py:2968} INFO - Setting next_dagrun for example_subdag_operator.section-1 to None, run_after=None
[2024-09-02 21:50:25,180] {logging_mixin.py:115} INFO - [2024-09-02 21:50:25,180] {dag.py:2968} INFO - Setting next_dagrun for example_subdag_operator.section-2 to None, run_after=None
[2024-09-02 21:50:25,186] {logging_mixin.py:115} INFO - [2024-09-02 21:50:25,186] {dag.py:2420} INFO - Sync 2 DAGs
[2024-09-02 21:50:25,191] {logging_mixin.py:115} INFO - [2024-09-02 21:50:25,190] {dag.py:2968} INFO - Setting next_dagrun for example_subdag_operator.section-1 to None, run_after=None
[2024-09-02 21:50:25,191] {logging_mixin.py:115} INFO - [2024-09-02 21:50:25,191] {dag.py:2968} INFO - Setting next_dagrun for example_subdag_operator.section-2 to None, run_after=None
[2024-09-02 21:50:26,453] {processor.py:161} INFO - Processing /opt/conda/lib/python3.8/site-packages/airflow/example_dags/example_subdag_operator.py took 1.352 seconds
[2024-09-02 21:51:40,755] {processor.py:153} INFO - Started process (PID=1922) to work on /opt/conda/lib/python3.8/site-packages/airflow/example_dags/example_subdag_operator.py
[2024-09-02 21:51:40,757] {processor.py:641} INFO - Processing file /opt/conda/lib/python3.8/site-packages/airflow/example_dags/example_subdag_operator.py for tasks to queue
[2024-09-02 21:51:40,757] {logging_mixin.py:115} INFO - [2024-09-02 21:51:40,757] {dagbag.py:508} INFO - Filling up the DagBag from /opt/conda/lib/python3.8/site-packages/airflow/example_dags/example_subdag_operator.py
[2024-09-02 21:51:40,782] {processor.py:651} INFO - DAG(s) dict_keys(['example_subdag_operator.section-1', 'example_subdag_operator.section-2', 'example_subdag_operator']) retrieved from /opt/conda/lib/python3.8/site-packages/airflow/example_dags/example_subdag_operator.py
[2024-09-02 21:51:40,814] {logging_mixin.py:115} INFO - [2024-09-02 21:51:40,814] {dag.py:2420} INFO - Sync 3 DAGs
[2024-09-02 21:51:40,832] {logging_mixin.py:115} INFO - [2024-09-02 21:51:40,832] {dag.py:2968} INFO - Setting next_dagrun for example_subdag_operator to 2022-01-01T00:00:00+00:00, run_after=2022-01-01T00:00:00+00:00
[2024-09-02 21:51:40,832] {logging_mixin.py:115} INFO - [2024-09-02 21:51:40,832] {dag.py:2968} INFO - Setting next_dagrun for example_subdag_operator.section-1 to None, run_after=None
[2024-09-02 21:51:40,833] {logging_mixin.py:115} INFO - [2024-09-02 21:51:40,833] {dag.py:2968} INFO - Setting next_dagrun for example_subdag_operator.section-2 to None, run_after=None
[2024-09-02 21:51:40,838] {logging_mixin.py:115} INFO - [2024-09-02 21:51:40,838] {dag.py:2420} INFO - Sync 2 DAGs
[2024-09-02 21:51:40,842] {logging_mixin.py:115} INFO - [2024-09-02 21:51:40,842] {dag.py:2968} INFO - Setting next_dagrun for example_subdag_operator.section-1 to None, run_after=None
[2024-09-02 21:51:40,842] {logging_mixin.py:115} INFO - [2024-09-02 21:51:40,842] {dag.py:2968} INFO - Setting next_dagrun for example_subdag_operator.section-2 to None, run_after=None
[2024-09-02 21:51:41,111] {processor.py:161} INFO - Processing /opt/conda/lib/python3.8/site-packages/airflow/example_dags/example_subdag_operator.py took 0.359 seconds
