[2024-09-02 04:30:55,249] {processor.py:153} INFO - Started process (PID=640) to work on /opt/conda/lib/python3.8/site-packages/airflow/example_dags/example_skip_dag.py
[2024-09-02 04:30:55,250] {processor.py:641} INFO - Processing file /opt/conda/lib/python3.8/site-packages/airflow/example_dags/example_skip_dag.py for tasks to queue
[2024-09-02 04:30:55,250] {logging_mixin.py:115} INFO - [2024-09-02 04:30:55,250] {dagbag.py:508} INFO - Filling up the DagBag from /opt/conda/lib/python3.8/site-packages/airflow/example_dags/example_skip_dag.py
[2024-09-02 04:30:55,255] {processor.py:651} INFO - DAG(s) dict_keys(['example_skip_dag']) retrieved from /opt/conda/lib/python3.8/site-packages/airflow/example_dags/example_skip_dag.py
[2024-09-02 04:30:55,450] {logging_mixin.py:115} INFO - [2024-09-02 04:30:55,450] {manager.py:508} INFO - Created Permission View: can edit on DAG:example_skip_dag
[2024-09-02 04:30:55,469] {logging_mixin.py:115} INFO - [2024-09-02 04:30:55,469] {manager.py:508} INFO - Created Permission View: can delete on DAG:example_skip_dag
[2024-09-02 04:30:55,485] {logging_mixin.py:115} INFO - [2024-09-02 04:30:55,484] {manager.py:508} INFO - Created Permission View: can read on DAG:example_skip_dag
[2024-09-02 04:30:55,485] {logging_mixin.py:115} INFO - [2024-09-02 04:30:55,485] {dag.py:2420} INFO - Sync 1 DAGs
[2024-09-02 04:30:55,489] {logging_mixin.py:115} INFO - [2024-09-02 04:30:55,489] {dag.py:2439} INFO - Creating ORM DAG for example_skip_dag
[2024-09-02 04:30:55,495] {logging_mixin.py:115} INFO - [2024-09-02 04:30:55,495] {dag.py:2968} INFO - Setting next_dagrun for example_skip_dag to 2024-09-01T04:30:55.495553+00:00, run_after=2024-09-02T04:30:55.495553+00:00
[2024-09-02 04:30:55,519] {processor.py:161} INFO - Processing /opt/conda/lib/python3.8/site-packages/airflow/example_dags/example_skip_dag.py took 0.273 seconds
[2024-09-02 04:31:37,266] {processor.py:153} INFO - Started process (PID=848) to work on /opt/conda/lib/python3.8/site-packages/airflow/example_dags/example_skip_dag.py
[2024-09-02 04:31:37,268] {processor.py:641} INFO - Processing file /opt/conda/lib/python3.8/site-packages/airflow/example_dags/example_skip_dag.py for tasks to queue
[2024-09-02 04:31:37,269] {logging_mixin.py:115} INFO - [2024-09-02 04:31:37,269] {dagbag.py:508} INFO - Filling up the DagBag from /opt/conda/lib/python3.8/site-packages/airflow/example_dags/example_skip_dag.py
[2024-09-02 04:31:37,274] {processor.py:651} INFO - DAG(s) dict_keys(['example_skip_dag']) retrieved from /opt/conda/lib/python3.8/site-packages/airflow/example_dags/example_skip_dag.py
[2024-09-02 04:31:37,293] {logging_mixin.py:115} INFO - [2024-09-02 04:31:37,293] {dag.py:2420} INFO - Sync 1 DAGs
[2024-09-02 04:31:37,412] {logging_mixin.py:115} INFO - [2024-09-02 04:31:37,412] {dag.py:2968} INFO - Setting next_dagrun for example_skip_dag to 2024-09-01T04:31:37.412248+00:00, run_after=2024-09-02T04:31:37.412248+00:00
[2024-09-02 04:31:37,431] {processor.py:161} INFO - Processing /opt/conda/lib/python3.8/site-packages/airflow/example_dags/example_skip_dag.py took 0.168 seconds
[2024-09-02 04:32:16,654] {processor.py:153} INFO - Started process (PID=882) to work on /opt/conda/lib/python3.8/site-packages/airflow/example_dags/example_skip_dag.py
[2024-09-02 04:32:16,656] {processor.py:641} INFO - Processing file /opt/conda/lib/python3.8/site-packages/airflow/example_dags/example_skip_dag.py for tasks to queue
[2024-09-02 04:32:16,657] {logging_mixin.py:115} INFO - [2024-09-02 04:32:16,657] {dagbag.py:508} INFO - Filling up the DagBag from /opt/conda/lib/python3.8/site-packages/airflow/example_dags/example_skip_dag.py
[2024-09-02 04:32:16,662] {processor.py:651} INFO - DAG(s) dict_keys(['example_skip_dag']) retrieved from /opt/conda/lib/python3.8/site-packages/airflow/example_dags/example_skip_dag.py
[2024-09-02 04:32:16,681] {logging_mixin.py:115} INFO - [2024-09-02 04:32:16,681] {dag.py:2420} INFO - Sync 1 DAGs
[2024-09-02 04:32:16,799] {logging_mixin.py:115} INFO - [2024-09-02 04:32:16,799] {dag.py:2968} INFO - Setting next_dagrun for example_skip_dag to 2024-09-01T04:32:16.798839+00:00, run_after=2024-09-02T04:32:16.798839+00:00
[2024-09-02 04:32:16,818] {processor.py:161} INFO - Processing /opt/conda/lib/python3.8/site-packages/airflow/example_dags/example_skip_dag.py took 0.168 seconds
[2024-09-02 21:19:01,960] {processor.py:153} INFO - Started process (PID=674) to work on /opt/conda/lib/python3.8/site-packages/airflow/example_dags/example_skip_dag.py
[2024-09-02 21:19:01,961] {processor.py:641} INFO - Processing file /opt/conda/lib/python3.8/site-packages/airflow/example_dags/example_skip_dag.py for tasks to queue
[2024-09-02 21:19:01,962] {logging_mixin.py:115} INFO - [2024-09-02 21:19:01,962] {dagbag.py:508} INFO - Filling up the DagBag from /opt/conda/lib/python3.8/site-packages/airflow/example_dags/example_skip_dag.py
[2024-09-02 21:19:01,967] {processor.py:651} INFO - DAG(s) dict_keys(['example_skip_dag']) retrieved from /opt/conda/lib/python3.8/site-packages/airflow/example_dags/example_skip_dag.py
[2024-09-02 21:19:01,984] {logging_mixin.py:115} INFO - [2024-09-02 21:19:01,984] {dag.py:2420} INFO - Sync 1 DAGs
[2024-09-02 21:19:01,999] {logging_mixin.py:115} INFO - [2024-09-02 21:19:01,999] {dag.py:2968} INFO - Setting next_dagrun for example_skip_dag to 2024-09-01T21:19:01.999334+00:00, run_after=2024-09-02T21:19:01.999334+00:00
[2024-09-02 21:19:02,021] {processor.py:161} INFO - Processing /opt/conda/lib/python3.8/site-packages/airflow/example_dags/example_skip_dag.py took 0.064 seconds
[2024-09-02 21:19:43,873] {processor.py:153} INFO - Started process (PID=891) to work on /opt/conda/lib/python3.8/site-packages/airflow/example_dags/example_skip_dag.py
[2024-09-02 21:19:43,874] {processor.py:641} INFO - Processing file /opt/conda/lib/python3.8/site-packages/airflow/example_dags/example_skip_dag.py for tasks to queue
[2024-09-02 21:19:43,875] {logging_mixin.py:115} INFO - [2024-09-02 21:19:43,875] {dagbag.py:508} INFO - Filling up the DagBag from /opt/conda/lib/python3.8/site-packages/airflow/example_dags/example_skip_dag.py
[2024-09-02 21:19:43,881] {processor.py:651} INFO - DAG(s) dict_keys(['example_skip_dag']) retrieved from /opt/conda/lib/python3.8/site-packages/airflow/example_dags/example_skip_dag.py
[2024-09-02 21:19:43,898] {logging_mixin.py:115} INFO - [2024-09-02 21:19:43,898] {dag.py:2420} INFO - Sync 1 DAGs
[2024-09-02 21:19:43,917] {logging_mixin.py:115} INFO - [2024-09-02 21:19:43,917] {dag.py:2968} INFO - Setting next_dagrun for example_skip_dag to 2024-09-01T21:19:43.917140+00:00, run_after=2024-09-02T21:19:43.917140+00:00
[2024-09-02 21:19:43,962] {processor.py:161} INFO - Processing /opt/conda/lib/python3.8/site-packages/airflow/example_dags/example_skip_dag.py took 0.093 seconds
[2024-09-02 21:20:58,306] {processor.py:153} INFO - Started process (PID=941) to work on /opt/conda/lib/python3.8/site-packages/airflow/example_dags/example_skip_dag.py
[2024-09-02 21:20:58,308] {processor.py:641} INFO - Processing file /opt/conda/lib/python3.8/site-packages/airflow/example_dags/example_skip_dag.py for tasks to queue
[2024-09-02 21:20:58,308] {logging_mixin.py:115} INFO - [2024-09-02 21:20:58,308] {dagbag.py:508} INFO - Filling up the DagBag from /opt/conda/lib/python3.8/site-packages/airflow/example_dags/example_skip_dag.py
[2024-09-02 21:20:58,314] {processor.py:651} INFO - DAG(s) dict_keys(['example_skip_dag']) retrieved from /opt/conda/lib/python3.8/site-packages/airflow/example_dags/example_skip_dag.py
[2024-09-02 21:20:58,333] {logging_mixin.py:115} INFO - [2024-09-02 21:20:58,333] {dag.py:2420} INFO - Sync 1 DAGs
[2024-09-02 21:20:58,352] {logging_mixin.py:115} INFO - [2024-09-02 21:20:58,352] {dag.py:2968} INFO - Setting next_dagrun for example_skip_dag to 2024-09-01T21:20:58.352501+00:00, run_after=2024-09-02T21:20:58.352501+00:00
[2024-09-02 21:20:58,528] {processor.py:161} INFO - Processing /opt/conda/lib/python3.8/site-packages/airflow/example_dags/example_skip_dag.py took 0.225 seconds
[2024-09-02 21:22:52,351] {processor.py:153} INFO - Started process (PID=1008) to work on /opt/conda/lib/python3.8/site-packages/airflow/example_dags/example_skip_dag.py
[2024-09-02 21:22:52,354] {processor.py:641} INFO - Processing file /opt/conda/lib/python3.8/site-packages/airflow/example_dags/example_skip_dag.py for tasks to queue
[2024-09-02 21:22:52,354] {logging_mixin.py:115} INFO - [2024-09-02 21:22:52,354] {dagbag.py:508} INFO - Filling up the DagBag from /opt/conda/lib/python3.8/site-packages/airflow/example_dags/example_skip_dag.py
[2024-09-02 21:22:52,360] {processor.py:651} INFO - DAG(s) dict_keys(['example_skip_dag']) retrieved from /opt/conda/lib/python3.8/site-packages/airflow/example_dags/example_skip_dag.py
[2024-09-02 21:22:52,379] {logging_mixin.py:115} INFO - [2024-09-02 21:22:52,379] {dag.py:2420} INFO - Sync 1 DAGs
[2024-09-02 21:22:52,398] {logging_mixin.py:115} INFO - [2024-09-02 21:22:52,398] {dag.py:2968} INFO - Setting next_dagrun for example_skip_dag to 2024-09-01T21:22:52.398400+00:00, run_after=2024-09-02T21:22:52.398400+00:00
[2024-09-02 21:22:53,317] {processor.py:161} INFO - Processing /opt/conda/lib/python3.8/site-packages/airflow/example_dags/example_skip_dag.py took 0.969 seconds
[2024-09-02 21:24:02,535] {processor.py:153} INFO - Started process (PID=1066) to work on /opt/conda/lib/python3.8/site-packages/airflow/example_dags/example_skip_dag.py
[2024-09-02 21:24:02,537] {processor.py:641} INFO - Processing file /opt/conda/lib/python3.8/site-packages/airflow/example_dags/example_skip_dag.py for tasks to queue
[2024-09-02 21:24:02,538] {logging_mixin.py:115} INFO - [2024-09-02 21:24:02,537] {dagbag.py:508} INFO - Filling up the DagBag from /opt/conda/lib/python3.8/site-packages/airflow/example_dags/example_skip_dag.py
[2024-09-02 21:24:02,543] {processor.py:651} INFO - DAG(s) dict_keys(['example_skip_dag']) retrieved from /opt/conda/lib/python3.8/site-packages/airflow/example_dags/example_skip_dag.py
[2024-09-02 21:24:02,562] {logging_mixin.py:115} INFO - [2024-09-02 21:24:02,562] {dag.py:2420} INFO - Sync 1 DAGs
[2024-09-02 21:24:02,581] {logging_mixin.py:115} INFO - [2024-09-02 21:24:02,581] {dag.py:2968} INFO - Setting next_dagrun for example_skip_dag to 2024-09-01T21:24:02.581417+00:00, run_after=2024-09-02T21:24:02.581417+00:00
[2024-09-02 21:24:02,982] {processor.py:161} INFO - Processing /opt/conda/lib/python3.8/site-packages/airflow/example_dags/example_skip_dag.py took 0.450 seconds
[2024-09-02 21:25:50,666] {processor.py:153} INFO - Started process (PID=1130) to work on /opt/conda/lib/python3.8/site-packages/airflow/example_dags/example_skip_dag.py
[2024-09-02 21:25:50,667] {processor.py:641} INFO - Processing file /opt/conda/lib/python3.8/site-packages/airflow/example_dags/example_skip_dag.py for tasks to queue
[2024-09-02 21:25:50,668] {logging_mixin.py:115} INFO - [2024-09-02 21:25:50,668] {dagbag.py:508} INFO - Filling up the DagBag from /opt/conda/lib/python3.8/site-packages/airflow/example_dags/example_skip_dag.py
[2024-09-02 21:25:50,674] {processor.py:651} INFO - DAG(s) dict_keys(['example_skip_dag']) retrieved from /opt/conda/lib/python3.8/site-packages/airflow/example_dags/example_skip_dag.py
[2024-09-02 21:25:50,691] {logging_mixin.py:115} INFO - [2024-09-02 21:25:50,691] {dag.py:2420} INFO - Sync 1 DAGs
[2024-09-02 21:25:50,710] {logging_mixin.py:115} INFO - [2024-09-02 21:25:50,710] {dag.py:2968} INFO - Setting next_dagrun for example_skip_dag to 2024-09-01T21:25:50.710082+00:00, run_after=2024-09-02T21:25:50.710082+00:00
[2024-09-02 21:25:53,395] {processor.py:161} INFO - Processing /opt/conda/lib/python3.8/site-packages/airflow/example_dags/example_skip_dag.py took 2.733 seconds
[2024-09-02 21:28:05,500] {processor.py:153} INFO - Started process (PID=1199) to work on /opt/conda/lib/python3.8/site-packages/airflow/example_dags/example_skip_dag.py
[2024-09-02 21:28:05,501] {processor.py:641} INFO - Processing file /opt/conda/lib/python3.8/site-packages/airflow/example_dags/example_skip_dag.py for tasks to queue
[2024-09-02 21:28:05,502] {logging_mixin.py:115} INFO - [2024-09-02 21:28:05,502] {dagbag.py:508} INFO - Filling up the DagBag from /opt/conda/lib/python3.8/site-packages/airflow/example_dags/example_skip_dag.py
[2024-09-02 21:28:05,508] {processor.py:651} INFO - DAG(s) dict_keys(['example_skip_dag']) retrieved from /opt/conda/lib/python3.8/site-packages/airflow/example_dags/example_skip_dag.py
[2024-09-02 21:28:05,527] {logging_mixin.py:115} INFO - [2024-09-02 21:28:05,527] {dag.py:2420} INFO - Sync 1 DAGs
[2024-09-02 21:28:05,546] {logging_mixin.py:115} INFO - [2024-09-02 21:28:05,546] {dag.py:2968} INFO - Setting next_dagrun for example_skip_dag to 2024-09-01T21:28:05.546205+00:00, run_after=2024-09-02T21:28:05.546205+00:00
[2024-09-02 21:28:05,831] {processor.py:161} INFO - Processing /opt/conda/lib/python3.8/site-packages/airflow/example_dags/example_skip_dag.py took 0.335 seconds
[2024-09-02 21:29:08,927] {processor.py:153} INFO - Started process (PID=1254) to work on /opt/conda/lib/python3.8/site-packages/airflow/example_dags/example_skip_dag.py
[2024-09-02 21:29:08,928] {processor.py:641} INFO - Processing file /opt/conda/lib/python3.8/site-packages/airflow/example_dags/example_skip_dag.py for tasks to queue
[2024-09-02 21:29:08,929] {logging_mixin.py:115} INFO - [2024-09-02 21:29:08,929] {dagbag.py:508} INFO - Filling up the DagBag from /opt/conda/lib/python3.8/site-packages/airflow/example_dags/example_skip_dag.py
[2024-09-02 21:29:08,936] {processor.py:651} INFO - DAG(s) dict_keys(['example_skip_dag']) retrieved from /opt/conda/lib/python3.8/site-packages/airflow/example_dags/example_skip_dag.py
[2024-09-02 21:29:08,954] {logging_mixin.py:115} INFO - [2024-09-02 21:29:08,954] {dag.py:2420} INFO - Sync 1 DAGs
[2024-09-02 21:29:08,973] {logging_mixin.py:115} INFO - [2024-09-02 21:29:08,973] {dag.py:2968} INFO - Setting next_dagrun for example_skip_dag to 2024-09-01T21:29:08.973185+00:00, run_after=2024-09-02T21:29:08.973185+00:00
[2024-09-02 21:29:09,188] {processor.py:161} INFO - Processing /opt/conda/lib/python3.8/site-packages/airflow/example_dags/example_skip_dag.py took 0.265 seconds
[2024-09-02 21:30:59,270] {processor.py:153} INFO - Started process (PID=1326) to work on /opt/conda/lib/python3.8/site-packages/airflow/example_dags/example_skip_dag.py
[2024-09-02 21:30:59,271] {processor.py:641} INFO - Processing file /opt/conda/lib/python3.8/site-packages/airflow/example_dags/example_skip_dag.py for tasks to queue
[2024-09-02 21:30:59,272] {logging_mixin.py:115} INFO - [2024-09-02 21:30:59,272] {dagbag.py:508} INFO - Filling up the DagBag from /opt/conda/lib/python3.8/site-packages/airflow/example_dags/example_skip_dag.py
[2024-09-02 21:30:59,278] {processor.py:651} INFO - DAG(s) dict_keys(['example_skip_dag']) retrieved from /opt/conda/lib/python3.8/site-packages/airflow/example_dags/example_skip_dag.py
[2024-09-02 21:30:59,297] {logging_mixin.py:115} INFO - [2024-09-02 21:30:59,297] {dag.py:2420} INFO - Sync 1 DAGs
[2024-09-02 21:30:59,316] {logging_mixin.py:115} INFO - [2024-09-02 21:30:59,316] {dag.py:2968} INFO - Setting next_dagrun for example_skip_dag to 2024-09-01T21:30:59.316178+00:00, run_after=2024-09-02T21:30:59.316178+00:00
[2024-09-02 21:31:01,311] {processor.py:161} INFO - Processing /opt/conda/lib/python3.8/site-packages/airflow/example_dags/example_skip_dag.py took 2.044 seconds
[2024-09-02 21:32:14,396] {processor.py:153} INFO - Started process (PID=1405) to work on /opt/conda/lib/python3.8/site-packages/airflow/example_dags/example_skip_dag.py
[2024-09-02 21:32:14,397] {processor.py:641} INFO - Processing file /opt/conda/lib/python3.8/site-packages/airflow/example_dags/example_skip_dag.py for tasks to queue
[2024-09-02 21:32:14,398] {logging_mixin.py:115} INFO - [2024-09-02 21:32:14,398] {dagbag.py:508} INFO - Filling up the DagBag from /opt/conda/lib/python3.8/site-packages/airflow/example_dags/example_skip_dag.py
[2024-09-02 21:32:14,404] {processor.py:651} INFO - DAG(s) dict_keys(['example_skip_dag']) retrieved from /opt/conda/lib/python3.8/site-packages/airflow/example_dags/example_skip_dag.py
[2024-09-02 21:32:14,423] {logging_mixin.py:115} INFO - [2024-09-02 21:32:14,422] {dag.py:2420} INFO - Sync 1 DAGs
[2024-09-02 21:32:14,442] {logging_mixin.py:115} INFO - [2024-09-02 21:32:14,442] {dag.py:2968} INFO - Setting next_dagrun for example_skip_dag to 2024-09-01T21:32:14.441882+00:00, run_after=2024-09-02T21:32:14.441882+00:00
[2024-09-02 21:32:14,553] {processor.py:161} INFO - Processing /opt/conda/lib/python3.8/site-packages/airflow/example_dags/example_skip_dag.py took 0.161 seconds
[2024-09-02 21:34:04,451] {processor.py:153} INFO - Started process (PID=1467) to work on /opt/conda/lib/python3.8/site-packages/airflow/example_dags/example_skip_dag.py
[2024-09-02 21:34:04,453] {processor.py:641} INFO - Processing file /opt/conda/lib/python3.8/site-packages/airflow/example_dags/example_skip_dag.py for tasks to queue
[2024-09-02 21:34:04,453] {logging_mixin.py:115} INFO - [2024-09-02 21:34:04,453] {dagbag.py:508} INFO - Filling up the DagBag from /opt/conda/lib/python3.8/site-packages/airflow/example_dags/example_skip_dag.py
[2024-09-02 21:34:04,459] {processor.py:651} INFO - DAG(s) dict_keys(['example_skip_dag']) retrieved from /opt/conda/lib/python3.8/site-packages/airflow/example_dags/example_skip_dag.py
[2024-09-02 21:34:04,478] {logging_mixin.py:115} INFO - [2024-09-02 21:34:04,478] {dag.py:2420} INFO - Sync 1 DAGs
[2024-09-02 21:34:04,497] {logging_mixin.py:115} INFO - [2024-09-02 21:34:04,497] {dag.py:2968} INFO - Setting next_dagrun for example_skip_dag to 2024-09-01T21:34:04.497199+00:00, run_after=2024-09-02T21:34:04.497199+00:00
[2024-09-02 21:34:07,566] {processor.py:161} INFO - Processing /opt/conda/lib/python3.8/site-packages/airflow/example_dags/example_skip_dag.py took 3.118 seconds
[2024-09-02 21:36:25,140] {processor.py:153} INFO - Started process (PID=1545) to work on /opt/conda/lib/python3.8/site-packages/airflow/example_dags/example_skip_dag.py
[2024-09-02 21:36:25,141] {processor.py:641} INFO - Processing file /opt/conda/lib/python3.8/site-packages/airflow/example_dags/example_skip_dag.py for tasks to queue
[2024-09-02 21:36:25,142] {logging_mixin.py:115} INFO - [2024-09-02 21:36:25,142] {dagbag.py:508} INFO - Filling up the DagBag from /opt/conda/lib/python3.8/site-packages/airflow/example_dags/example_skip_dag.py
[2024-09-02 21:36:25,148] {processor.py:651} INFO - DAG(s) dict_keys(['example_skip_dag']) retrieved from /opt/conda/lib/python3.8/site-packages/airflow/example_dags/example_skip_dag.py
[2024-09-02 21:36:25,166] {logging_mixin.py:115} INFO - [2024-09-02 21:36:25,166] {dag.py:2420} INFO - Sync 1 DAGs
[2024-09-02 21:36:25,186] {logging_mixin.py:115} INFO - [2024-09-02 21:36:25,186] {dag.py:2968} INFO - Setting next_dagrun for example_skip_dag to 2024-09-01T21:36:25.185733+00:00, run_after=2024-09-02T21:36:25.185733+00:00
[2024-09-02 21:36:25,263] {processor.py:161} INFO - Processing /opt/conda/lib/python3.8/site-packages/airflow/example_dags/example_skip_dag.py took 0.127 seconds
[2024-09-02 21:37:59,971] {processor.py:153} INFO - Started process (PID=1612) to work on /opt/conda/lib/python3.8/site-packages/airflow/example_dags/example_skip_dag.py
[2024-09-02 21:37:59,972] {processor.py:641} INFO - Processing file /opt/conda/lib/python3.8/site-packages/airflow/example_dags/example_skip_dag.py for tasks to queue
[2024-09-02 21:37:59,973] {logging_mixin.py:115} INFO - [2024-09-02 21:37:59,973] {dagbag.py:508} INFO - Filling up the DagBag from /opt/conda/lib/python3.8/site-packages/airflow/example_dags/example_skip_dag.py
[2024-09-02 21:37:59,979] {processor.py:651} INFO - DAG(s) dict_keys(['example_skip_dag']) retrieved from /opt/conda/lib/python3.8/site-packages/airflow/example_dags/example_skip_dag.py
[2024-09-02 21:37:59,997] {logging_mixin.py:115} INFO - [2024-09-02 21:37:59,997] {dag.py:2420} INFO - Sync 1 DAGs
[2024-09-02 21:38:00,017] {logging_mixin.py:115} INFO - [2024-09-02 21:38:00,017] {dag.py:2968} INFO - Setting next_dagrun for example_skip_dag to 2024-09-01T21:38:00.017129+00:00, run_after=2024-09-02T21:38:00.017129+00:00
[2024-09-02 21:38:00,077] {processor.py:161} INFO - Processing /opt/conda/lib/python3.8/site-packages/airflow/example_dags/example_skip_dag.py took 0.110 seconds
[2024-09-02 21:39:48,565] {processor.py:153} INFO - Started process (PID=1709) to work on /opt/conda/lib/python3.8/site-packages/airflow/example_dags/example_skip_dag.py
[2024-09-02 21:39:48,567] {processor.py:641} INFO - Processing file /opt/conda/lib/python3.8/site-packages/airflow/example_dags/example_skip_dag.py for tasks to queue
[2024-09-02 21:39:48,567] {logging_mixin.py:115} INFO - [2024-09-02 21:39:48,567] {dagbag.py:508} INFO - Filling up the DagBag from /opt/conda/lib/python3.8/site-packages/airflow/example_dags/example_skip_dag.py
[2024-09-02 21:39:48,573] {processor.py:651} INFO - DAG(s) dict_keys(['example_skip_dag']) retrieved from /opt/conda/lib/python3.8/site-packages/airflow/example_dags/example_skip_dag.py
[2024-09-02 21:39:48,589] {logging_mixin.py:115} INFO - [2024-09-02 21:39:48,589] {dag.py:2420} INFO - Sync 1 DAGs
[2024-09-02 21:39:48,604] {logging_mixin.py:115} INFO - [2024-09-02 21:39:48,604] {dag.py:2968} INFO - Setting next_dagrun for example_skip_dag to 2024-09-01T21:39:48.604536+00:00, run_after=2024-09-02T21:39:48.604536+00:00
[2024-09-02 21:39:49,387] {processor.py:161} INFO - Processing /opt/conda/lib/python3.8/site-packages/airflow/example_dags/example_skip_dag.py took 0.825 seconds
[2024-09-02 21:42:20,498] {processor.py:153} INFO - Started process (PID=1791) to work on /opt/conda/lib/python3.8/site-packages/airflow/example_dags/example_skip_dag.py
[2024-09-02 21:42:20,499] {processor.py:641} INFO - Processing file /opt/conda/lib/python3.8/site-packages/airflow/example_dags/example_skip_dag.py for tasks to queue
[2024-09-02 21:42:20,500] {logging_mixin.py:115} INFO - [2024-09-02 21:42:20,500] {dagbag.py:508} INFO - Filling up the DagBag from /opt/conda/lib/python3.8/site-packages/airflow/example_dags/example_skip_dag.py
[2024-09-02 21:42:20,506] {processor.py:651} INFO - DAG(s) dict_keys(['example_skip_dag']) retrieved from /opt/conda/lib/python3.8/site-packages/airflow/example_dags/example_skip_dag.py
[2024-09-02 21:42:21,783] {logging_mixin.py:115} INFO - [2024-09-02 21:42:21,783] {dag.py:2420} INFO - Sync 1 DAGs
[2024-09-02 21:42:23,856] {logging_mixin.py:115} INFO - [2024-09-02 21:42:23,856] {dag.py:2968} INFO - Setting next_dagrun for example_skip_dag to 2024-09-01T21:42:23.856050+00:00, run_after=2024-09-02T21:42:23.856050+00:00
[2024-09-02 21:42:24,578] {processor.py:161} INFO - Processing /opt/conda/lib/python3.8/site-packages/airflow/example_dags/example_skip_dag.py took 4.084 seconds
[2024-09-02 21:49:28,513] {processor.py:153} INFO - Started process (PID=1827) to work on /opt/conda/lib/python3.8/site-packages/airflow/example_dags/example_skip_dag.py
[2024-09-02 21:49:28,515] {processor.py:641} INFO - Processing file /opt/conda/lib/python3.8/site-packages/airflow/example_dags/example_skip_dag.py for tasks to queue
[2024-09-02 21:49:28,516] {logging_mixin.py:115} INFO - [2024-09-02 21:49:28,515] {dagbag.py:508} INFO - Filling up the DagBag from /opt/conda/lib/python3.8/site-packages/airflow/example_dags/example_skip_dag.py
[2024-09-02 21:49:28,522] {processor.py:651} INFO - DAG(s) dict_keys(['example_skip_dag']) retrieved from /opt/conda/lib/python3.8/site-packages/airflow/example_dags/example_skip_dag.py
[2024-09-02 21:49:28,540] {logging_mixin.py:115} INFO - [2024-09-02 21:49:28,540] {dag.py:2420} INFO - Sync 1 DAGs
[2024-09-02 21:49:28,560] {logging_mixin.py:115} INFO - [2024-09-02 21:49:28,560] {dag.py:2968} INFO - Setting next_dagrun for example_skip_dag to 2024-09-01T21:49:28.560018+00:00, run_after=2024-09-02T21:49:28.560018+00:00
[2024-09-02 21:49:28,746] {processor.py:161} INFO - Processing /opt/conda/lib/python3.8/site-packages/airflow/example_dags/example_skip_dag.py took 0.236 seconds
[2024-09-02 21:50:42,995] {processor.py:153} INFO - Started process (PID=1884) to work on /opt/conda/lib/python3.8/site-packages/airflow/example_dags/example_skip_dag.py
[2024-09-02 21:50:42,997] {processor.py:641} INFO - Processing file /opt/conda/lib/python3.8/site-packages/airflow/example_dags/example_skip_dag.py for tasks to queue
[2024-09-02 21:50:42,997] {logging_mixin.py:115} INFO - [2024-09-02 21:50:42,997] {dagbag.py:508} INFO - Filling up the DagBag from /opt/conda/lib/python3.8/site-packages/airflow/example_dags/example_skip_dag.py
[2024-09-02 21:50:43,003] {processor.py:651} INFO - DAG(s) dict_keys(['example_skip_dag']) retrieved from /opt/conda/lib/python3.8/site-packages/airflow/example_dags/example_skip_dag.py
[2024-09-02 21:50:43,022] {logging_mixin.py:115} INFO - [2024-09-02 21:50:43,022] {dag.py:2420} INFO - Sync 1 DAGs
[2024-09-02 21:50:43,041] {logging_mixin.py:115} INFO - [2024-09-02 21:50:43,041] {dag.py:2968} INFO - Setting next_dagrun for example_skip_dag to 2024-09-01T21:50:43.041537+00:00, run_after=2024-09-02T21:50:43.041537+00:00
[2024-09-02 21:50:43,372] {processor.py:161} INFO - Processing /opt/conda/lib/python3.8/site-packages/airflow/example_dags/example_skip_dag.py took 0.380 seconds
[2024-09-02 21:51:52,593] {processor.py:153} INFO - Started process (PID=1929) to work on /opt/conda/lib/python3.8/site-packages/airflow/example_dags/example_skip_dag.py
[2024-09-02 21:51:52,595] {processor.py:641} INFO - Processing file /opt/conda/lib/python3.8/site-packages/airflow/example_dags/example_skip_dag.py for tasks to queue
[2024-09-02 21:51:52,595] {logging_mixin.py:115} INFO - [2024-09-02 21:51:52,595] {dagbag.py:508} INFO - Filling up the DagBag from /opt/conda/lib/python3.8/site-packages/airflow/example_dags/example_skip_dag.py
[2024-09-02 21:51:52,601] {processor.py:651} INFO - DAG(s) dict_keys(['example_skip_dag']) retrieved from /opt/conda/lib/python3.8/site-packages/airflow/example_dags/example_skip_dag.py
[2024-09-02 21:51:52,620] {logging_mixin.py:115} INFO - [2024-09-02 21:51:52,620] {dag.py:2420} INFO - Sync 1 DAGs
[2024-09-02 21:51:52,640] {logging_mixin.py:115} INFO - [2024-09-02 21:51:52,640] {dag.py:2968} INFO - Setting next_dagrun for example_skip_dag to 2024-09-01T21:51:52.639717+00:00, run_after=2024-09-02T21:51:52.639717+00:00
[2024-09-02 21:51:52,923] {processor.py:161} INFO - Processing /opt/conda/lib/python3.8/site-packages/airflow/example_dags/example_skip_dag.py took 0.333 seconds
