[2024-09-02 04:31:18,916] {processor.py:153} INFO - Started process (PID=833) to work on /opt/conda/lib/python3.8/site-packages/airflow/example_dags/example_kubernetes_executor.py
[2024-09-02 04:31:18,916] {processor.py:641} INFO - Processing file /opt/conda/lib/python3.8/site-packages/airflow/example_dags/example_kubernetes_executor.py for tasks to queue
[2024-09-02 04:31:18,917] {logging_mixin.py:115} INFO - [2024-09-02 04:31:18,917] {dagbag.py:508} INFO - Filling up the DagBag from /opt/conda/lib/python3.8/site-packages/airflow/example_dags/example_kubernetes_executor.py
[2024-09-02 04:31:18,934] {logging_mixin.py:115} INFO - [2024-09-02 04:31:18,934] {example_kubernetes_executor.py:39} WARNING - The example_kubernetes_executor example DAG requires the kubernetes provider. Please install it with: pip install apache-airflow[cncf.kubernetes]
[2024-09-02 04:31:18,934] {processor.py:653} WARNING - No viable dags retrieved from /opt/conda/lib/python3.8/site-packages/airflow/example_dags/example_kubernetes_executor.py
[2024-09-02 04:31:19,050] {processor.py:161} INFO - Processing /opt/conda/lib/python3.8/site-packages/airflow/example_dags/example_kubernetes_executor.py took 0.138 seconds
[2024-09-02 04:31:58,991] {processor.py:153} INFO - Started process (PID=867) to work on /opt/conda/lib/python3.8/site-packages/airflow/example_dags/example_kubernetes_executor.py
[2024-09-02 04:31:58,992] {processor.py:641} INFO - Processing file /opt/conda/lib/python3.8/site-packages/airflow/example_dags/example_kubernetes_executor.py for tasks to queue
[2024-09-02 04:31:58,993] {logging_mixin.py:115} INFO - [2024-09-02 04:31:58,992] {dagbag.py:508} INFO - Filling up the DagBag from /opt/conda/lib/python3.8/site-packages/airflow/example_dags/example_kubernetes_executor.py
[2024-09-02 04:31:59,010] {logging_mixin.py:115} INFO - [2024-09-02 04:31:59,010] {example_kubernetes_executor.py:39} WARNING - The example_kubernetes_executor example DAG requires the kubernetes provider. Please install it with: pip install apache-airflow[cncf.kubernetes]
[2024-09-02 04:31:59,010] {processor.py:653} WARNING - No viable dags retrieved from /opt/conda/lib/python3.8/site-packages/airflow/example_dags/example_kubernetes_executor.py
[2024-09-02 04:31:59,133] {processor.py:161} INFO - Processing /opt/conda/lib/python3.8/site-packages/airflow/example_dags/example_kubernetes_executor.py took 0.146 seconds
[2024-09-02 04:32:39,609] {processor.py:153} INFO - Started process (PID=904) to work on /opt/conda/lib/python3.8/site-packages/airflow/example_dags/example_kubernetes_executor.py
[2024-09-02 04:32:39,611] {processor.py:641} INFO - Processing file /opt/conda/lib/python3.8/site-packages/airflow/example_dags/example_kubernetes_executor.py for tasks to queue
[2024-09-02 04:32:39,611] {logging_mixin.py:115} INFO - [2024-09-02 04:32:39,611] {dagbag.py:508} INFO - Filling up the DagBag from /opt/conda/lib/python3.8/site-packages/airflow/example_dags/example_kubernetes_executor.py
[2024-09-02 04:32:39,628] {logging_mixin.py:115} INFO - [2024-09-02 04:32:39,628] {example_kubernetes_executor.py:39} WARNING - The example_kubernetes_executor example DAG requires the kubernetes provider. Please install it with: pip install apache-airflow[cncf.kubernetes]
[2024-09-02 04:32:39,629] {processor.py:653} WARNING - No viable dags retrieved from /opt/conda/lib/python3.8/site-packages/airflow/example_dags/example_kubernetes_executor.py
[2024-09-02 04:32:39,744] {processor.py:161} INFO - Processing /opt/conda/lib/python3.8/site-packages/airflow/example_dags/example_kubernetes_executor.py took 0.138 seconds
[2024-09-02 21:18:57,893] {processor.py:153} INFO - Started process (PID=669) to work on /opt/conda/lib/python3.8/site-packages/airflow/example_dags/example_kubernetes_executor.py
[2024-09-02 21:18:57,895] {processor.py:641} INFO - Processing file /opt/conda/lib/python3.8/site-packages/airflow/example_dags/example_kubernetes_executor.py for tasks to queue
[2024-09-02 21:18:57,895] {logging_mixin.py:115} INFO - [2024-09-02 21:18:57,895] {dagbag.py:508} INFO - Filling up the DagBag from /opt/conda/lib/python3.8/site-packages/airflow/example_dags/example_kubernetes_executor.py
[2024-09-02 21:18:57,912] {logging_mixin.py:115} INFO - [2024-09-02 21:18:57,912] {example_kubernetes_executor.py:39} WARNING - The example_kubernetes_executor example DAG requires the kubernetes provider. Please install it with: pip install apache-airflow[cncf.kubernetes]
[2024-09-02 21:18:57,912] {processor.py:653} WARNING - No viable dags retrieved from /opt/conda/lib/python3.8/site-packages/airflow/example_dags/example_kubernetes_executor.py
[2024-09-02 21:18:57,923] {processor.py:161} INFO - Processing /opt/conda/lib/python3.8/site-packages/airflow/example_dags/example_kubernetes_executor.py took 0.033 seconds
[2024-09-02 21:19:38,671] {processor.py:153} INFO - Started process (PID=886) to work on /opt/conda/lib/python3.8/site-packages/airflow/example_dags/example_kubernetes_executor.py
[2024-09-02 21:19:38,672] {processor.py:641} INFO - Processing file /opt/conda/lib/python3.8/site-packages/airflow/example_dags/example_kubernetes_executor.py for tasks to queue
[2024-09-02 21:19:38,672] {logging_mixin.py:115} INFO - [2024-09-02 21:19:38,672] {dagbag.py:508} INFO - Filling up the DagBag from /opt/conda/lib/python3.8/site-packages/airflow/example_dags/example_kubernetes_executor.py
[2024-09-02 21:19:38,689] {logging_mixin.py:115} INFO - [2024-09-02 21:19:38,689] {example_kubernetes_executor.py:39} WARNING - The example_kubernetes_executor example DAG requires the kubernetes provider. Please install it with: pip install apache-airflow[cncf.kubernetes]
[2024-09-02 21:19:38,689] {processor.py:653} WARNING - No viable dags retrieved from /opt/conda/lib/python3.8/site-packages/airflow/example_dags/example_kubernetes_executor.py
[2024-09-02 21:19:38,700] {processor.py:161} INFO - Processing /opt/conda/lib/python3.8/site-packages/airflow/example_dags/example_kubernetes_executor.py took 0.033 seconds
[2024-09-02 21:20:44,668] {processor.py:153} INFO - Started process (PID=936) to work on /opt/conda/lib/python3.8/site-packages/airflow/example_dags/example_kubernetes_executor.py
[2024-09-02 21:20:44,670] {processor.py:641} INFO - Processing file /opt/conda/lib/python3.8/site-packages/airflow/example_dags/example_kubernetes_executor.py for tasks to queue
[2024-09-02 21:20:44,670] {logging_mixin.py:115} INFO - [2024-09-02 21:20:44,670] {dagbag.py:508} INFO - Filling up the DagBag from /opt/conda/lib/python3.8/site-packages/airflow/example_dags/example_kubernetes_executor.py
[2024-09-02 21:20:44,687] {logging_mixin.py:115} INFO - [2024-09-02 21:20:44,687] {example_kubernetes_executor.py:39} WARNING - The example_kubernetes_executor example DAG requires the kubernetes provider. Please install it with: pip install apache-airflow[cncf.kubernetes]
[2024-09-02 21:20:44,687] {processor.py:653} WARNING - No viable dags retrieved from /opt/conda/lib/python3.8/site-packages/airflow/example_dags/example_kubernetes_executor.py
[2024-09-02 21:20:44,697] {processor.py:161} INFO - Processing /opt/conda/lib/python3.8/site-packages/airflow/example_dags/example_kubernetes_executor.py took 0.032 seconds
[2024-09-02 21:21:53,443] {processor.py:153} INFO - Started process (PID=971) to work on /opt/conda/lib/python3.8/site-packages/airflow/example_dags/example_kubernetes_executor.py
[2024-09-02 21:21:53,445] {processor.py:641} INFO - Processing file /opt/conda/lib/python3.8/site-packages/airflow/example_dags/example_kubernetes_executor.py for tasks to queue
[2024-09-02 21:21:53,445] {logging_mixin.py:115} INFO - [2024-09-02 21:21:53,445] {dagbag.py:508} INFO - Filling up the DagBag from /opt/conda/lib/python3.8/site-packages/airflow/example_dags/example_kubernetes_executor.py
[2024-09-02 21:21:53,462] {logging_mixin.py:115} INFO - [2024-09-02 21:21:53,462] {example_kubernetes_executor.py:39} WARNING - The example_kubernetes_executor example DAG requires the kubernetes provider. Please install it with: pip install apache-airflow[cncf.kubernetes]
[2024-09-02 21:21:53,462] {processor.py:653} WARNING - No viable dags retrieved from /opt/conda/lib/python3.8/site-packages/airflow/example_dags/example_kubernetes_executor.py
[2024-09-02 21:21:53,473] {processor.py:161} INFO - Processing /opt/conda/lib/python3.8/site-packages/airflow/example_dags/example_kubernetes_executor.py took 0.034 seconds
[2024-09-02 21:23:14,041] {processor.py:153} INFO - Started process (PID=1034) to work on /opt/conda/lib/python3.8/site-packages/airflow/example_dags/example_kubernetes_executor.py
[2024-09-02 21:23:14,043] {processor.py:641} INFO - Processing file /opt/conda/lib/python3.8/site-packages/airflow/example_dags/example_kubernetes_executor.py for tasks to queue
[2024-09-02 21:23:14,043] {logging_mixin.py:115} INFO - [2024-09-02 21:23:14,043] {dagbag.py:508} INFO - Filling up the DagBag from /opt/conda/lib/python3.8/site-packages/airflow/example_dags/example_kubernetes_executor.py
[2024-09-02 21:23:14,060] {logging_mixin.py:115} INFO - [2024-09-02 21:23:14,060] {example_kubernetes_executor.py:39} WARNING - The example_kubernetes_executor example DAG requires the kubernetes provider. Please install it with: pip install apache-airflow[cncf.kubernetes]
[2024-09-02 21:23:14,060] {processor.py:653} WARNING - No viable dags retrieved from /opt/conda/lib/python3.8/site-packages/airflow/example_dags/example_kubernetes_executor.py
[2024-09-02 21:23:14,071] {processor.py:161} INFO - Processing /opt/conda/lib/python3.8/site-packages/airflow/example_dags/example_kubernetes_executor.py took 0.034 seconds
[2024-09-02 21:24:47,388] {processor.py:153} INFO - Started process (PID=1094) to work on /opt/conda/lib/python3.8/site-packages/airflow/example_dags/example_kubernetes_executor.py
[2024-09-02 21:24:47,391] {processor.py:641} INFO - Processing file /opt/conda/lib/python3.8/site-packages/airflow/example_dags/example_kubernetes_executor.py for tasks to queue
[2024-09-02 21:24:47,391] {logging_mixin.py:115} INFO - [2024-09-02 21:24:47,391] {dagbag.py:508} INFO - Filling up the DagBag from /opt/conda/lib/python3.8/site-packages/airflow/example_dags/example_kubernetes_executor.py
[2024-09-02 21:24:47,408] {logging_mixin.py:115} INFO - [2024-09-02 21:24:47,408] {example_kubernetes_executor.py:39} WARNING - The example_kubernetes_executor example DAG requires the kubernetes provider. Please install it with: pip install apache-airflow[cncf.kubernetes]
[2024-09-02 21:24:47,408] {processor.py:653} WARNING - No viable dags retrieved from /opt/conda/lib/python3.8/site-packages/airflow/example_dags/example_kubernetes_executor.py
[2024-09-02 21:24:47,418] {processor.py:161} INFO - Processing /opt/conda/lib/python3.8/site-packages/airflow/example_dags/example_kubernetes_executor.py took 0.033 seconds
[2024-09-02 21:26:57,100] {processor.py:153} INFO - Started process (PID=1160) to work on /opt/conda/lib/python3.8/site-packages/airflow/example_dags/example_kubernetes_executor.py
[2024-09-02 21:26:57,102] {processor.py:641} INFO - Processing file /opt/conda/lib/python3.8/site-packages/airflow/example_dags/example_kubernetes_executor.py for tasks to queue
[2024-09-02 21:26:57,102] {logging_mixin.py:115} INFO - [2024-09-02 21:26:57,102] {dagbag.py:508} INFO - Filling up the DagBag from /opt/conda/lib/python3.8/site-packages/airflow/example_dags/example_kubernetes_executor.py
[2024-09-02 21:26:57,119] {logging_mixin.py:115} INFO - [2024-09-02 21:26:57,119] {example_kubernetes_executor.py:39} WARNING - The example_kubernetes_executor example DAG requires the kubernetes provider. Please install it with: pip install apache-airflow[cncf.kubernetes]
[2024-09-02 21:26:57,119] {processor.py:653} WARNING - No viable dags retrieved from /opt/conda/lib/python3.8/site-packages/airflow/example_dags/example_kubernetes_executor.py
[2024-09-02 21:26:57,130] {processor.py:161} INFO - Processing /opt/conda/lib/python3.8/site-packages/airflow/example_dags/example_kubernetes_executor.py took 0.034 seconds
[2024-09-02 21:28:03,225] {processor.py:153} INFO - Started process (PID=1197) to work on /opt/conda/lib/python3.8/site-packages/airflow/example_dags/example_kubernetes_executor.py
[2024-09-02 21:28:03,227] {processor.py:641} INFO - Processing file /opt/conda/lib/python3.8/site-packages/airflow/example_dags/example_kubernetes_executor.py for tasks to queue
[2024-09-02 21:28:03,227] {logging_mixin.py:115} INFO - [2024-09-02 21:28:03,227] {dagbag.py:508} INFO - Filling up the DagBag from /opt/conda/lib/python3.8/site-packages/airflow/example_dags/example_kubernetes_executor.py
[2024-09-02 21:28:03,244] {logging_mixin.py:115} INFO - [2024-09-02 21:28:03,244] {example_kubernetes_executor.py:39} WARNING - The example_kubernetes_executor example DAG requires the kubernetes provider. Please install it with: pip install apache-airflow[cncf.kubernetes]
[2024-09-02 21:28:03,244] {processor.py:653} WARNING - No viable dags retrieved from /opt/conda/lib/python3.8/site-packages/airflow/example_dags/example_kubernetes_executor.py
[2024-09-02 21:28:03,255] {processor.py:161} INFO - Processing /opt/conda/lib/python3.8/site-packages/airflow/example_dags/example_kubernetes_executor.py took 0.034 seconds
[2024-09-02 21:29:06,495] {processor.py:153} INFO - Started process (PID=1252) to work on /opt/conda/lib/python3.8/site-packages/airflow/example_dags/example_kubernetes_executor.py
[2024-09-02 21:29:06,496] {processor.py:641} INFO - Processing file /opt/conda/lib/python3.8/site-packages/airflow/example_dags/example_kubernetes_executor.py for tasks to queue
[2024-09-02 21:29:06,497] {logging_mixin.py:115} INFO - [2024-09-02 21:29:06,497] {dagbag.py:508} INFO - Filling up the DagBag from /opt/conda/lib/python3.8/site-packages/airflow/example_dags/example_kubernetes_executor.py
[2024-09-02 21:29:06,514] {logging_mixin.py:115} INFO - [2024-09-02 21:29:06,514] {example_kubernetes_executor.py:39} WARNING - The example_kubernetes_executor example DAG requires the kubernetes provider. Please install it with: pip install apache-airflow[cncf.kubernetes]
[2024-09-02 21:29:06,514] {processor.py:653} WARNING - No viable dags retrieved from /opt/conda/lib/python3.8/site-packages/airflow/example_dags/example_kubernetes_executor.py
[2024-09-02 21:29:06,525] {processor.py:161} INFO - Processing /opt/conda/lib/python3.8/site-packages/airflow/example_dags/example_kubernetes_executor.py took 0.034 seconds
[2024-09-02 21:30:52,164] {processor.py:153} INFO - Started process (PID=1322) to work on /opt/conda/lib/python3.8/site-packages/airflow/example_dags/example_kubernetes_executor.py
[2024-09-02 21:30:52,165] {processor.py:641} INFO - Processing file /opt/conda/lib/python3.8/site-packages/airflow/example_dags/example_kubernetes_executor.py for tasks to queue
[2024-09-02 21:30:52,165] {logging_mixin.py:115} INFO - [2024-09-02 21:30:52,165] {dagbag.py:508} INFO - Filling up the DagBag from /opt/conda/lib/python3.8/site-packages/airflow/example_dags/example_kubernetes_executor.py
[2024-09-02 21:30:52,182] {logging_mixin.py:115} INFO - [2024-09-02 21:30:52,182] {example_kubernetes_executor.py:39} WARNING - The example_kubernetes_executor example DAG requires the kubernetes provider. Please install it with: pip install apache-airflow[cncf.kubernetes]
[2024-09-02 21:30:52,182] {processor.py:653} WARNING - No viable dags retrieved from /opt/conda/lib/python3.8/site-packages/airflow/example_dags/example_kubernetes_executor.py
[2024-09-02 21:30:52,194] {processor.py:161} INFO - Processing /opt/conda/lib/python3.8/site-packages/airflow/example_dags/example_kubernetes_executor.py took 0.034 seconds
[2024-09-02 21:32:05,259] {processor.py:153} INFO - Started process (PID=1387) to work on /opt/conda/lib/python3.8/site-packages/airflow/example_dags/example_kubernetes_executor.py
[2024-09-02 21:32:05,261] {processor.py:641} INFO - Processing file /opt/conda/lib/python3.8/site-packages/airflow/example_dags/example_kubernetes_executor.py for tasks to queue
[2024-09-02 21:32:05,261] {logging_mixin.py:115} INFO - [2024-09-02 21:32:05,261] {dagbag.py:508} INFO - Filling up the DagBag from /opt/conda/lib/python3.8/site-packages/airflow/example_dags/example_kubernetes_executor.py
[2024-09-02 21:32:05,278] {logging_mixin.py:115} INFO - [2024-09-02 21:32:05,278] {example_kubernetes_executor.py:39} WARNING - The example_kubernetes_executor example DAG requires the kubernetes provider. Please install it with: pip install apache-airflow[cncf.kubernetes]
[2024-09-02 21:32:05,278] {processor.py:653} WARNING - No viable dags retrieved from /opt/conda/lib/python3.8/site-packages/airflow/example_dags/example_kubernetes_executor.py
[2024-09-02 21:32:05,290] {processor.py:161} INFO - Processing /opt/conda/lib/python3.8/site-packages/airflow/example_dags/example_kubernetes_executor.py took 0.034 seconds
[2024-09-02 21:33:55,030] {processor.py:153} INFO - Started process (PID=1463) to work on /opt/conda/lib/python3.8/site-packages/airflow/example_dags/example_kubernetes_executor.py
[2024-09-02 21:33:55,031] {processor.py:641} INFO - Processing file /opt/conda/lib/python3.8/site-packages/airflow/example_dags/example_kubernetes_executor.py for tasks to queue
[2024-09-02 21:33:55,031] {logging_mixin.py:115} INFO - [2024-09-02 21:33:55,031] {dagbag.py:508} INFO - Filling up the DagBag from /opt/conda/lib/python3.8/site-packages/airflow/example_dags/example_kubernetes_executor.py
[2024-09-02 21:33:55,048] {logging_mixin.py:115} INFO - [2024-09-02 21:33:55,048] {example_kubernetes_executor.py:39} WARNING - The example_kubernetes_executor example DAG requires the kubernetes provider. Please install it with: pip install apache-airflow[cncf.kubernetes]
[2024-09-02 21:33:55,048] {processor.py:653} WARNING - No viable dags retrieved from /opt/conda/lib/python3.8/site-packages/airflow/example_dags/example_kubernetes_executor.py
[2024-09-02 21:33:55,059] {processor.py:161} INFO - Processing /opt/conda/lib/python3.8/site-packages/airflow/example_dags/example_kubernetes_executor.py took 0.033 seconds
[2024-09-02 21:35:06,946] {processor.py:153} INFO - Started process (PID=1505) to work on /opt/conda/lib/python3.8/site-packages/airflow/example_dags/example_kubernetes_executor.py
[2024-09-02 21:35:06,948] {processor.py:641} INFO - Processing file /opt/conda/lib/python3.8/site-packages/airflow/example_dags/example_kubernetes_executor.py for tasks to queue
[2024-09-02 21:35:06,948] {logging_mixin.py:115} INFO - [2024-09-02 21:35:06,948] {dagbag.py:508} INFO - Filling up the DagBag from /opt/conda/lib/python3.8/site-packages/airflow/example_dags/example_kubernetes_executor.py
[2024-09-02 21:35:06,965] {logging_mixin.py:115} INFO - [2024-09-02 21:35:06,965] {example_kubernetes_executor.py:39} WARNING - The example_kubernetes_executor example DAG requires the kubernetes provider. Please install it with: pip install apache-airflow[cncf.kubernetes]
[2024-09-02 21:35:06,965] {processor.py:653} WARNING - No viable dags retrieved from /opt/conda/lib/python3.8/site-packages/airflow/example_dags/example_kubernetes_executor.py
[2024-09-02 21:35:06,976] {processor.py:161} INFO - Processing /opt/conda/lib/python3.8/site-packages/airflow/example_dags/example_kubernetes_executor.py took 0.033 seconds
[2024-09-02 21:36:15,286] {processor.py:153} INFO - Started process (PID=1542) to work on /opt/conda/lib/python3.8/site-packages/airflow/example_dags/example_kubernetes_executor.py
[2024-09-02 21:36:15,288] {processor.py:641} INFO - Processing file /opt/conda/lib/python3.8/site-packages/airflow/example_dags/example_kubernetes_executor.py for tasks to queue
[2024-09-02 21:36:15,288] {logging_mixin.py:115} INFO - [2024-09-02 21:36:15,288] {dagbag.py:508} INFO - Filling up the DagBag from /opt/conda/lib/python3.8/site-packages/airflow/example_dags/example_kubernetes_executor.py
[2024-09-02 21:36:15,305] {logging_mixin.py:115} INFO - [2024-09-02 21:36:15,304] {example_kubernetes_executor.py:39} WARNING - The example_kubernetes_executor example DAG requires the kubernetes provider. Please install it with: pip install apache-airflow[cncf.kubernetes]
[2024-09-02 21:36:15,305] {processor.py:653} WARNING - No viable dags retrieved from /opt/conda/lib/python3.8/site-packages/airflow/example_dags/example_kubernetes_executor.py
[2024-09-02 21:36:15,316] {processor.py:161} INFO - Processing /opt/conda/lib/python3.8/site-packages/airflow/example_dags/example_kubernetes_executor.py took 0.034 seconds
[2024-09-02 21:37:16,664] {processor.py:153} INFO - Started process (PID=1575) to work on /opt/conda/lib/python3.8/site-packages/airflow/example_dags/example_kubernetes_executor.py
[2024-09-02 21:37:16,665] {processor.py:641} INFO - Processing file /opt/conda/lib/python3.8/site-packages/airflow/example_dags/example_kubernetes_executor.py for tasks to queue
[2024-09-02 21:37:16,666] {logging_mixin.py:115} INFO - [2024-09-02 21:37:16,666] {dagbag.py:508} INFO - Filling up the DagBag from /opt/conda/lib/python3.8/site-packages/airflow/example_dags/example_kubernetes_executor.py
[2024-09-02 21:37:16,682] {logging_mixin.py:115} INFO - [2024-09-02 21:37:16,682] {example_kubernetes_executor.py:39} WARNING - The example_kubernetes_executor example DAG requires the kubernetes provider. Please install it with: pip install apache-airflow[cncf.kubernetes]
[2024-09-02 21:37:16,682] {processor.py:653} WARNING - No viable dags retrieved from /opt/conda/lib/python3.8/site-packages/airflow/example_dags/example_kubernetes_executor.py
[2024-09-02 21:37:16,693] {processor.py:161} INFO - Processing /opt/conda/lib/python3.8/site-packages/airflow/example_dags/example_kubernetes_executor.py took 0.033 seconds
[2024-09-02 21:38:46,657] {processor.py:153} INFO - Started process (PID=1653) to work on /opt/conda/lib/python3.8/site-packages/airflow/example_dags/example_kubernetes_executor.py
[2024-09-02 21:38:46,658] {processor.py:641} INFO - Processing file /opt/conda/lib/python3.8/site-packages/airflow/example_dags/example_kubernetes_executor.py for tasks to queue
[2024-09-02 21:38:46,659] {logging_mixin.py:115} INFO - [2024-09-02 21:38:46,659] {dagbag.py:508} INFO - Filling up the DagBag from /opt/conda/lib/python3.8/site-packages/airflow/example_dags/example_kubernetes_executor.py
[2024-09-02 21:38:46,675] {logging_mixin.py:115} INFO - [2024-09-02 21:38:46,675] {example_kubernetes_executor.py:39} WARNING - The example_kubernetes_executor example DAG requires the kubernetes provider. Please install it with: pip install apache-airflow[cncf.kubernetes]
[2024-09-02 21:38:46,675] {processor.py:653} WARNING - No viable dags retrieved from /opt/conda/lib/python3.8/site-packages/airflow/example_dags/example_kubernetes_executor.py
[2024-09-02 21:38:46,687] {processor.py:161} INFO - Processing /opt/conda/lib/python3.8/site-packages/airflow/example_dags/example_kubernetes_executor.py took 0.034 seconds
[2024-09-02 21:40:56,224] {processor.py:153} INFO - Started process (PID=1743) to work on /opt/conda/lib/python3.8/site-packages/airflow/example_dags/example_kubernetes_executor.py
[2024-09-02 21:40:56,225] {processor.py:641} INFO - Processing file /opt/conda/lib/python3.8/site-packages/airflow/example_dags/example_kubernetes_executor.py for tasks to queue
[2024-09-02 21:40:56,226] {logging_mixin.py:115} INFO - [2024-09-02 21:40:56,226] {dagbag.py:508} INFO - Filling up the DagBag from /opt/conda/lib/python3.8/site-packages/airflow/example_dags/example_kubernetes_executor.py
[2024-09-02 21:40:56,242] {logging_mixin.py:115} INFO - [2024-09-02 21:40:56,242] {example_kubernetes_executor.py:39} WARNING - The example_kubernetes_executor example DAG requires the kubernetes provider. Please install it with: pip install apache-airflow[cncf.kubernetes]
[2024-09-02 21:40:56,243] {processor.py:653} WARNING - No viable dags retrieved from /opt/conda/lib/python3.8/site-packages/airflow/example_dags/example_kubernetes_executor.py
[2024-09-02 21:40:56,254] {processor.py:161} INFO - Processing /opt/conda/lib/python3.8/site-packages/airflow/example_dags/example_kubernetes_executor.py took 0.034 seconds
[2024-09-02 21:42:06,764] {processor.py:153} INFO - Started process (PID=1781) to work on /opt/conda/lib/python3.8/site-packages/airflow/example_dags/example_kubernetes_executor.py
[2024-09-02 21:42:06,778] {processor.py:641} INFO - Processing file /opt/conda/lib/python3.8/site-packages/airflow/example_dags/example_kubernetes_executor.py for tasks to queue
[2024-09-02 21:42:06,779] {logging_mixin.py:115} INFO - [2024-09-02 21:42:06,779] {dagbag.py:508} INFO - Filling up the DagBag from /opt/conda/lib/python3.8/site-packages/airflow/example_dags/example_kubernetes_executor.py
[2024-09-02 21:42:06,790] {logging_mixin.py:115} INFO - [2024-09-02 21:42:06,790] {example_kubernetes_executor.py:39} WARNING - The example_kubernetes_executor example DAG requires the kubernetes provider. Please install it with: pip install apache-airflow[cncf.kubernetes]
[2024-09-02 21:42:06,790] {processor.py:653} WARNING - No viable dags retrieved from /opt/conda/lib/python3.8/site-packages/airflow/example_dags/example_kubernetes_executor.py
[2024-09-02 21:42:06,814] {processor.py:161} INFO - Processing /opt/conda/lib/python3.8/site-packages/airflow/example_dags/example_kubernetes_executor.py took 0.053 seconds
[2024-09-02 21:49:22,768] {processor.py:153} INFO - Started process (PID=1822) to work on /opt/conda/lib/python3.8/site-packages/airflow/example_dags/example_kubernetes_executor.py
[2024-09-02 21:49:22,769] {processor.py:641} INFO - Processing file /opt/conda/lib/python3.8/site-packages/airflow/example_dags/example_kubernetes_executor.py for tasks to queue
[2024-09-02 21:49:22,769] {logging_mixin.py:115} INFO - [2024-09-02 21:49:22,769] {dagbag.py:508} INFO - Filling up the DagBag from /opt/conda/lib/python3.8/site-packages/airflow/example_dags/example_kubernetes_executor.py
[2024-09-02 21:49:22,786] {logging_mixin.py:115} INFO - [2024-09-02 21:49:22,786] {example_kubernetes_executor.py:39} WARNING - The example_kubernetes_executor example DAG requires the kubernetes provider. Please install it with: pip install apache-airflow[cncf.kubernetes]
[2024-09-02 21:49:22,786] {processor.py:653} WARNING - No viable dags retrieved from /opt/conda/lib/python3.8/site-packages/airflow/example_dags/example_kubernetes_executor.py
[2024-09-02 21:49:22,797] {processor.py:161} INFO - Processing /opt/conda/lib/python3.8/site-packages/airflow/example_dags/example_kubernetes_executor.py took 0.033 seconds
[2024-09-02 21:50:28,956] {processor.py:153} INFO - Started process (PID=1867) to work on /opt/conda/lib/python3.8/site-packages/airflow/example_dags/example_kubernetes_executor.py
[2024-09-02 21:50:28,958] {processor.py:641} INFO - Processing file /opt/conda/lib/python3.8/site-packages/airflow/example_dags/example_kubernetes_executor.py for tasks to queue
[2024-09-02 21:50:28,959] {logging_mixin.py:115} INFO - [2024-09-02 21:50:28,958] {dagbag.py:508} INFO - Filling up the DagBag from /opt/conda/lib/python3.8/site-packages/airflow/example_dags/example_kubernetes_executor.py
[2024-09-02 21:50:28,975] {logging_mixin.py:115} INFO - [2024-09-02 21:50:28,975] {example_kubernetes_executor.py:39} WARNING - The example_kubernetes_executor example DAG requires the kubernetes provider. Please install it with: pip install apache-airflow[cncf.kubernetes]
[2024-09-02 21:50:28,975] {processor.py:653} WARNING - No viable dags retrieved from /opt/conda/lib/python3.8/site-packages/airflow/example_dags/example_kubernetes_executor.py
[2024-09-02 21:50:28,985] {processor.py:161} INFO - Processing /opt/conda/lib/python3.8/site-packages/airflow/example_dags/example_kubernetes_executor.py took 0.032 seconds
[2024-09-02 21:51:43,185] {processor.py:153} INFO - Started process (PID=1924) to work on /opt/conda/lib/python3.8/site-packages/airflow/example_dags/example_kubernetes_executor.py
[2024-09-02 21:51:43,186] {processor.py:641} INFO - Processing file /opt/conda/lib/python3.8/site-packages/airflow/example_dags/example_kubernetes_executor.py for tasks to queue
[2024-09-02 21:51:43,186] {logging_mixin.py:115} INFO - [2024-09-02 21:51:43,186] {dagbag.py:508} INFO - Filling up the DagBag from /opt/conda/lib/python3.8/site-packages/airflow/example_dags/example_kubernetes_executor.py
[2024-09-02 21:51:43,203] {logging_mixin.py:115} INFO - [2024-09-02 21:51:43,203] {example_kubernetes_executor.py:39} WARNING - The example_kubernetes_executor example DAG requires the kubernetes provider. Please install it with: pip install apache-airflow[cncf.kubernetes]
[2024-09-02 21:51:43,203] {processor.py:653} WARNING - No viable dags retrieved from /opt/conda/lib/python3.8/site-packages/airflow/example_dags/example_kubernetes_executor.py
[2024-09-02 21:51:43,214] {processor.py:161} INFO - Processing /opt/conda/lib/python3.8/site-packages/airflow/example_dags/example_kubernetes_executor.py took 0.033 seconds
