[2024-09-02 04:30:56,240] {processor.py:153} INFO - Started process (PID=641) to work on /opt/conda/lib/python3.8/site-packages/airflow/example_dags/example_xcom.py
[2024-09-02 04:30:56,240] {processor.py:641} INFO - Processing file /opt/conda/lib/python3.8/site-packages/airflow/example_dags/example_xcom.py for tasks to queue
[2024-09-02 04:30:56,241] {logging_mixin.py:115} INFO - [2024-09-02 04:30:56,241] {dagbag.py:508} INFO - Filling up the DagBag from /opt/conda/lib/python3.8/site-packages/airflow/example_dags/example_xcom.py
[2024-09-02 04:30:56,372] {processor.py:651} INFO - DAG(s) dict_keys(['example_xcom']) retrieved from /opt/conda/lib/python3.8/site-packages/airflow/example_dags/example_xcom.py
[2024-09-02 04:30:56,441] {logging_mixin.py:115} INFO - [2024-09-02 04:30:56,440] {manager.py:508} INFO - Created Permission View: can edit on DAG:example_xcom
[2024-09-02 04:30:56,456] {logging_mixin.py:115} INFO - [2024-09-02 04:30:56,456] {manager.py:508} INFO - Created Permission View: can delete on DAG:example_xcom
[2024-09-02 04:30:56,472] {logging_mixin.py:115} INFO - [2024-09-02 04:30:56,472] {manager.py:508} INFO - Created Permission View: can read on DAG:example_xcom
[2024-09-02 04:30:56,472] {logging_mixin.py:115} INFO - [2024-09-02 04:30:56,472] {dag.py:2420} INFO - Sync 1 DAGs
[2024-09-02 04:30:56,477] {logging_mixin.py:115} INFO - [2024-09-02 04:30:56,477] {dag.py:2439} INFO - Creating ORM DAG for example_xcom
[2024-09-02 04:30:56,484] {logging_mixin.py:115} INFO - [2024-09-02 04:30:56,484] {dag.py:2968} INFO - Setting next_dagrun for example_xcom to 2021-01-01T00:00:00+00:00, run_after=2021-01-01T00:00:00+00:00
[2024-09-02 04:30:56,506] {processor.py:161} INFO - Processing /opt/conda/lib/python3.8/site-packages/airflow/example_dags/example_xcom.py took 0.270 seconds
[2024-09-02 04:31:38,504] {processor.py:153} INFO - Started process (PID=849) to work on /opt/conda/lib/python3.8/site-packages/airflow/example_dags/example_xcom.py
[2024-09-02 04:31:38,507] {processor.py:641} INFO - Processing file /opt/conda/lib/python3.8/site-packages/airflow/example_dags/example_xcom.py for tasks to queue
[2024-09-02 04:31:38,507] {logging_mixin.py:115} INFO - [2024-09-02 04:31:38,507] {dagbag.py:508} INFO - Filling up the DagBag from /opt/conda/lib/python3.8/site-packages/airflow/example_dags/example_xcom.py
[2024-09-02 04:31:38,640] {processor.py:651} INFO - DAG(s) dict_keys(['example_xcom']) retrieved from /opt/conda/lib/python3.8/site-packages/airflow/example_dags/example_xcom.py
[2024-09-02 04:31:38,668] {logging_mixin.py:115} INFO - [2024-09-02 04:31:38,668] {dag.py:2420} INFO - Sync 1 DAGs
[2024-09-02 04:31:38,678] {logging_mixin.py:115} INFO - [2024-09-02 04:31:38,678] {dag.py:2968} INFO - Setting next_dagrun for example_xcom to 2021-01-01T00:00:00+00:00, run_after=2021-01-01T00:00:00+00:00
[2024-09-02 04:31:38,698] {processor.py:161} INFO - Processing /opt/conda/lib/python3.8/site-packages/airflow/example_dags/example_xcom.py took 0.197 seconds
[2024-09-02 04:32:17,889] {processor.py:153} INFO - Started process (PID=883) to work on /opt/conda/lib/python3.8/site-packages/airflow/example_dags/example_xcom.py
[2024-09-02 04:32:17,891] {processor.py:641} INFO - Processing file /opt/conda/lib/python3.8/site-packages/airflow/example_dags/example_xcom.py for tasks to queue
[2024-09-02 04:32:17,892] {logging_mixin.py:115} INFO - [2024-09-02 04:32:17,892] {dagbag.py:508} INFO - Filling up the DagBag from /opt/conda/lib/python3.8/site-packages/airflow/example_dags/example_xcom.py
[2024-09-02 04:32:18,023] {processor.py:651} INFO - DAG(s) dict_keys(['example_xcom']) retrieved from /opt/conda/lib/python3.8/site-packages/airflow/example_dags/example_xcom.py
[2024-09-02 04:32:18,032] {logging_mixin.py:115} INFO - [2024-09-02 04:32:18,032] {dag.py:2420} INFO - Sync 1 DAGs
[2024-09-02 04:32:18,043] {logging_mixin.py:115} INFO - [2024-09-02 04:32:18,043] {dag.py:2968} INFO - Setting next_dagrun for example_xcom to 2021-01-01T00:00:00+00:00, run_after=2021-01-01T00:00:00+00:00
[2024-09-02 04:32:18,060] {processor.py:161} INFO - Processing /opt/conda/lib/python3.8/site-packages/airflow/example_dags/example_xcom.py took 0.174 seconds
[2024-09-02 21:19:03,664] {processor.py:153} INFO - Started process (PID=676) to work on /opt/conda/lib/python3.8/site-packages/airflow/example_dags/example_xcom.py
[2024-09-02 21:19:03,666] {processor.py:641} INFO - Processing file /opt/conda/lib/python3.8/site-packages/airflow/example_dags/example_xcom.py for tasks to queue
[2024-09-02 21:19:03,666] {logging_mixin.py:115} INFO - [2024-09-02 21:19:03,666] {dagbag.py:508} INFO - Filling up the DagBag from /opt/conda/lib/python3.8/site-packages/airflow/example_dags/example_xcom.py
[2024-09-02 21:19:03,687] {processor.py:651} INFO - DAG(s) dict_keys(['example_xcom']) retrieved from /opt/conda/lib/python3.8/site-packages/airflow/example_dags/example_xcom.py
[2024-09-02 21:19:03,735] {logging_mixin.py:115} INFO - [2024-09-02 21:19:03,735] {dag.py:2420} INFO - Sync 1 DAGs
[2024-09-02 21:19:03,753] {logging_mixin.py:115} INFO - [2024-09-02 21:19:03,753] {dag.py:2968} INFO - Setting next_dagrun for example_xcom to 2021-01-01T00:00:00+00:00, run_after=2021-01-01T00:00:00+00:00
[2024-09-02 21:19:03,832] {processor.py:161} INFO - Processing /opt/conda/lib/python3.8/site-packages/airflow/example_dags/example_xcom.py took 0.171 seconds
[2024-09-02 21:19:45,310] {processor.py:153} INFO - Started process (PID=893) to work on /opt/conda/lib/python3.8/site-packages/airflow/example_dags/example_xcom.py
[2024-09-02 21:19:45,311] {processor.py:641} INFO - Processing file /opt/conda/lib/python3.8/site-packages/airflow/example_dags/example_xcom.py for tasks to queue
[2024-09-02 21:19:45,312] {logging_mixin.py:115} INFO - [2024-09-02 21:19:45,312] {dagbag.py:508} INFO - Filling up the DagBag from /opt/conda/lib/python3.8/site-packages/airflow/example_dags/example_xcom.py
[2024-09-02 21:19:45,330] {processor.py:651} INFO - DAG(s) dict_keys(['example_xcom']) retrieved from /opt/conda/lib/python3.8/site-packages/airflow/example_dags/example_xcom.py
[2024-09-02 21:19:45,366] {logging_mixin.py:115} INFO - [2024-09-02 21:19:45,366] {dag.py:2420} INFO - Sync 1 DAGs
[2024-09-02 21:19:45,378] {logging_mixin.py:115} INFO - [2024-09-02 21:19:45,378] {dag.py:2968} INFO - Setting next_dagrun for example_xcom to 2021-01-01T00:00:00+00:00, run_after=2021-01-01T00:00:00+00:00
[2024-09-02 21:19:45,421] {processor.py:161} INFO - Processing /opt/conda/lib/python3.8/site-packages/airflow/example_dags/example_xcom.py took 0.115 seconds
[2024-09-02 21:21:01,020] {processor.py:153} INFO - Started process (PID=943) to work on /opt/conda/lib/python3.8/site-packages/airflow/example_dags/example_xcom.py
[2024-09-02 21:21:01,021] {processor.py:641} INFO - Processing file /opt/conda/lib/python3.8/site-packages/airflow/example_dags/example_xcom.py for tasks to queue
[2024-09-02 21:21:01,022] {logging_mixin.py:115} INFO - [2024-09-02 21:21:01,022] {dagbag.py:508} INFO - Filling up the DagBag from /opt/conda/lib/python3.8/site-packages/airflow/example_dags/example_xcom.py
[2024-09-02 21:21:01,043] {processor.py:651} INFO - DAG(s) dict_keys(['example_xcom']) retrieved from /opt/conda/lib/python3.8/site-packages/airflow/example_dags/example_xcom.py
[2024-09-02 21:21:01,091] {logging_mixin.py:115} INFO - [2024-09-02 21:21:01,091] {dag.py:2420} INFO - Sync 1 DAGs
[2024-09-02 21:21:01,110] {logging_mixin.py:115} INFO - [2024-09-02 21:21:01,109] {dag.py:2968} INFO - Setting next_dagrun for example_xcom to 2021-01-01T00:00:00+00:00, run_after=2021-01-01T00:00:00+00:00
[2024-09-02 21:21:01,758] {processor.py:161} INFO - Processing /opt/conda/lib/python3.8/site-packages/airflow/example_dags/example_xcom.py took 0.742 seconds
[2024-09-02 21:22:55,848] {processor.py:153} INFO - Started process (PID=1013) to work on /opt/conda/lib/python3.8/site-packages/airflow/example_dags/example_xcom.py
[2024-09-02 21:22:55,850] {processor.py:641} INFO - Processing file /opt/conda/lib/python3.8/site-packages/airflow/example_dags/example_xcom.py for tasks to queue
[2024-09-02 21:22:55,850] {logging_mixin.py:115} INFO - [2024-09-02 21:22:55,850] {dagbag.py:508} INFO - Filling up the DagBag from /opt/conda/lib/python3.8/site-packages/airflow/example_dags/example_xcom.py
[2024-09-02 21:22:55,869] {processor.py:651} INFO - DAG(s) dict_keys(['example_xcom']) retrieved from /opt/conda/lib/python3.8/site-packages/airflow/example_dags/example_xcom.py
[2024-09-02 21:22:55,905] {logging_mixin.py:115} INFO - [2024-09-02 21:22:55,905] {dag.py:2420} INFO - Sync 1 DAGs
[2024-09-02 21:22:55,917] {logging_mixin.py:115} INFO - [2024-09-02 21:22:55,917] {dag.py:2968} INFO - Setting next_dagrun for example_xcom to 2021-01-01T00:00:00+00:00, run_after=2021-01-01T00:00:00+00:00
[2024-09-02 21:22:56,417] {processor.py:161} INFO - Processing /opt/conda/lib/python3.8/site-packages/airflow/example_dags/example_xcom.py took 0.572 seconds
[2024-09-02 21:24:06,160] {processor.py:153} INFO - Started process (PID=1068) to work on /opt/conda/lib/python3.8/site-packages/airflow/example_dags/example_xcom.py
[2024-09-02 21:24:06,161] {processor.py:641} INFO - Processing file /opt/conda/lib/python3.8/site-packages/airflow/example_dags/example_xcom.py for tasks to queue
[2024-09-02 21:24:06,162] {logging_mixin.py:115} INFO - [2024-09-02 21:24:06,162] {dagbag.py:508} INFO - Filling up the DagBag from /opt/conda/lib/python3.8/site-packages/airflow/example_dags/example_xcom.py
[2024-09-02 21:24:06,183] {processor.py:651} INFO - DAG(s) dict_keys(['example_xcom']) retrieved from /opt/conda/lib/python3.8/site-packages/airflow/example_dags/example_xcom.py
[2024-09-02 21:24:06,231] {logging_mixin.py:115} INFO - [2024-09-02 21:24:06,231] {dag.py:2420} INFO - Sync 1 DAGs
[2024-09-02 21:24:06,249] {logging_mixin.py:115} INFO - [2024-09-02 21:24:06,249] {dag.py:2968} INFO - Setting next_dagrun for example_xcom to 2021-01-01T00:00:00+00:00, run_after=2021-01-01T00:00:00+00:00
[2024-09-02 21:24:08,658] {processor.py:161} INFO - Processing /opt/conda/lib/python3.8/site-packages/airflow/example_dags/example_xcom.py took 2.502 seconds
[2024-09-02 21:25:56,979] {processor.py:153} INFO - Started process (PID=1132) to work on /opt/conda/lib/python3.8/site-packages/airflow/example_dags/example_xcom.py
[2024-09-02 21:25:56,981] {processor.py:641} INFO - Processing file /opt/conda/lib/python3.8/site-packages/airflow/example_dags/example_xcom.py for tasks to queue
[2024-09-02 21:25:56,982] {logging_mixin.py:115} INFO - [2024-09-02 21:25:56,982] {dagbag.py:508} INFO - Filling up the DagBag from /opt/conda/lib/python3.8/site-packages/airflow/example_dags/example_xcom.py
[2024-09-02 21:25:57,003] {processor.py:651} INFO - DAG(s) dict_keys(['example_xcom']) retrieved from /opt/conda/lib/python3.8/site-packages/airflow/example_dags/example_xcom.py
[2024-09-02 21:25:57,051] {logging_mixin.py:115} INFO - [2024-09-02 21:25:57,051] {dag.py:2420} INFO - Sync 1 DAGs
[2024-09-02 21:25:57,069] {logging_mixin.py:115} INFO - [2024-09-02 21:25:57,069] {dag.py:2968} INFO - Setting next_dagrun for example_xcom to 2021-01-01T00:00:00+00:00, run_after=2021-01-01T00:00:00+00:00
[2024-09-02 21:25:57,176] {processor.py:161} INFO - Processing /opt/conda/lib/python3.8/site-packages/airflow/example_dags/example_xcom.py took 0.200 seconds
[2024-09-02 21:28:08,392] {processor.py:153} INFO - Started process (PID=1201) to work on /opt/conda/lib/python3.8/site-packages/airflow/example_dags/example_xcom.py
[2024-09-02 21:28:08,394] {processor.py:641} INFO - Processing file /opt/conda/lib/python3.8/site-packages/airflow/example_dags/example_xcom.py for tasks to queue
[2024-09-02 21:28:08,394] {logging_mixin.py:115} INFO - [2024-09-02 21:28:08,394] {dagbag.py:508} INFO - Filling up the DagBag from /opt/conda/lib/python3.8/site-packages/airflow/example_dags/example_xcom.py
[2024-09-02 21:28:08,415] {processor.py:651} INFO - DAG(s) dict_keys(['example_xcom']) retrieved from /opt/conda/lib/python3.8/site-packages/airflow/example_dags/example_xcom.py
[2024-09-02 21:28:08,433] {logging_mixin.py:115} INFO - [2024-09-02 21:28:08,433] {dag.py:2420} INFO - Sync 1 DAGs
[2024-09-02 21:28:08,452] {logging_mixin.py:115} INFO - [2024-09-02 21:28:08,452] {dag.py:2968} INFO - Setting next_dagrun for example_xcom to 2021-01-01T00:00:00+00:00, run_after=2021-01-01T00:00:00+00:00
[2024-09-02 21:28:08,670] {processor.py:161} INFO - Processing /opt/conda/lib/python3.8/site-packages/airflow/example_dags/example_xcom.py took 0.281 seconds
[2024-09-02 21:29:11,758] {processor.py:153} INFO - Started process (PID=1256) to work on /opt/conda/lib/python3.8/site-packages/airflow/example_dags/example_xcom.py
[2024-09-02 21:29:11,760] {processor.py:641} INFO - Processing file /opt/conda/lib/python3.8/site-packages/airflow/example_dags/example_xcom.py for tasks to queue
[2024-09-02 21:29:11,760] {logging_mixin.py:115} INFO - [2024-09-02 21:29:11,760] {dagbag.py:508} INFO - Filling up the DagBag from /opt/conda/lib/python3.8/site-packages/airflow/example_dags/example_xcom.py
[2024-09-02 21:29:11,781] {processor.py:651} INFO - DAG(s) dict_keys(['example_xcom']) retrieved from /opt/conda/lib/python3.8/site-packages/airflow/example_dags/example_xcom.py
[2024-09-02 21:29:11,830] {logging_mixin.py:115} INFO - [2024-09-02 21:29:11,830] {dag.py:2420} INFO - Sync 1 DAGs
[2024-09-02 21:29:11,847] {logging_mixin.py:115} INFO - [2024-09-02 21:29:11,847] {dag.py:2968} INFO - Setting next_dagrun for example_xcom to 2021-01-01T00:00:00+00:00, run_after=2021-01-01T00:00:00+00:00
[2024-09-02 21:29:12,221] {processor.py:161} INFO - Processing /opt/conda/lib/python3.8/site-packages/airflow/example_dags/example_xcom.py took 0.466 seconds
[2024-09-02 21:31:03,261] {processor.py:153} INFO - Started process (PID=1328) to work on /opt/conda/lib/python3.8/site-packages/airflow/example_dags/example_xcom.py
[2024-09-02 21:31:03,262] {processor.py:641} INFO - Processing file /opt/conda/lib/python3.8/site-packages/airflow/example_dags/example_xcom.py for tasks to queue
[2024-09-02 21:31:03,263] {logging_mixin.py:115} INFO - [2024-09-02 21:31:03,263] {dagbag.py:508} INFO - Filling up the DagBag from /opt/conda/lib/python3.8/site-packages/airflow/example_dags/example_xcom.py
[2024-09-02 21:31:03,284] {processor.py:651} INFO - DAG(s) dict_keys(['example_xcom']) retrieved from /opt/conda/lib/python3.8/site-packages/airflow/example_dags/example_xcom.py
[2024-09-02 21:31:03,301] {logging_mixin.py:115} INFO - [2024-09-02 21:31:03,301] {dag.py:2420} INFO - Sync 1 DAGs
[2024-09-02 21:31:03,320] {logging_mixin.py:115} INFO - [2024-09-02 21:31:03,319] {dag.py:2968} INFO - Setting next_dagrun for example_xcom to 2021-01-01T00:00:00+00:00, run_after=2021-01-01T00:00:00+00:00
[2024-09-02 21:31:04,005] {processor.py:161} INFO - Processing /opt/conda/lib/python3.8/site-packages/airflow/example_dags/example_xcom.py took 0.748 seconds
[2024-09-02 21:32:17,005] {processor.py:153} INFO - Started process (PID=1407) to work on /opt/conda/lib/python3.8/site-packages/airflow/example_dags/example_xcom.py
[2024-09-02 21:32:17,006] {processor.py:641} INFO - Processing file /opt/conda/lib/python3.8/site-packages/airflow/example_dags/example_xcom.py for tasks to queue
[2024-09-02 21:32:17,007] {logging_mixin.py:115} INFO - [2024-09-02 21:32:17,007] {dagbag.py:508} INFO - Filling up the DagBag from /opt/conda/lib/python3.8/site-packages/airflow/example_dags/example_xcom.py
[2024-09-02 21:32:17,028] {processor.py:651} INFO - DAG(s) dict_keys(['example_xcom']) retrieved from /opt/conda/lib/python3.8/site-packages/airflow/example_dags/example_xcom.py
[2024-09-02 21:32:17,046] {logging_mixin.py:115} INFO - [2024-09-02 21:32:17,046] {dag.py:2420} INFO - Sync 1 DAGs
[2024-09-02 21:32:17,067] {logging_mixin.py:115} INFO - [2024-09-02 21:32:17,067] {dag.py:2968} INFO - Setting next_dagrun for example_xcom to 2021-01-01T00:00:00+00:00, run_after=2021-01-01T00:00:00+00:00
[2024-09-02 21:32:17,247] {processor.py:161} INFO - Processing /opt/conda/lib/python3.8/site-packages/airflow/example_dags/example_xcom.py took 0.245 seconds
[2024-09-02 21:34:12,176] {processor.py:153} INFO - Started process (PID=1470) to work on /opt/conda/lib/python3.8/site-packages/airflow/example_dags/example_xcom.py
[2024-09-02 21:34:12,177] {processor.py:641} INFO - Processing file /opt/conda/lib/python3.8/site-packages/airflow/example_dags/example_xcom.py for tasks to queue
[2024-09-02 21:34:12,178] {logging_mixin.py:115} INFO - [2024-09-02 21:34:12,177] {dagbag.py:508} INFO - Filling up the DagBag from /opt/conda/lib/python3.8/site-packages/airflow/example_dags/example_xcom.py
[2024-09-02 21:34:12,199] {processor.py:651} INFO - DAG(s) dict_keys(['example_xcom']) retrieved from /opt/conda/lib/python3.8/site-packages/airflow/example_dags/example_xcom.py
[2024-09-02 21:34:12,247] {logging_mixin.py:115} INFO - [2024-09-02 21:34:12,247] {dag.py:2420} INFO - Sync 1 DAGs
[2024-09-02 21:34:12,265] {logging_mixin.py:115} INFO - [2024-09-02 21:34:12,265] {dag.py:2968} INFO - Setting next_dagrun for example_xcom to 2021-01-01T00:00:00+00:00, run_after=2021-01-01T00:00:00+00:00
[2024-09-02 21:34:14,434] {processor.py:161} INFO - Processing /opt/conda/lib/python3.8/site-packages/airflow/example_dags/example_xcom.py took 2.262 seconds
[2024-09-02 21:36:28,744] {processor.py:153} INFO - Started process (PID=1547) to work on /opt/conda/lib/python3.8/site-packages/airflow/example_dags/example_xcom.py
[2024-09-02 21:36:28,746] {processor.py:641} INFO - Processing file /opt/conda/lib/python3.8/site-packages/airflow/example_dags/example_xcom.py for tasks to queue
[2024-09-02 21:36:28,746] {logging_mixin.py:115} INFO - [2024-09-02 21:36:28,746] {dagbag.py:508} INFO - Filling up the DagBag from /opt/conda/lib/python3.8/site-packages/airflow/example_dags/example_xcom.py
[2024-09-02 21:36:28,767] {processor.py:651} INFO - DAG(s) dict_keys(['example_xcom']) retrieved from /opt/conda/lib/python3.8/site-packages/airflow/example_dags/example_xcom.py
[2024-09-02 21:36:28,815] {logging_mixin.py:115} INFO - [2024-09-02 21:36:28,815] {dag.py:2420} INFO - Sync 1 DAGs
[2024-09-02 21:36:28,833] {logging_mixin.py:115} INFO - [2024-09-02 21:36:28,833] {dag.py:2968} INFO - Setting next_dagrun for example_xcom to 2021-01-01T00:00:00+00:00, run_after=2021-01-01T00:00:00+00:00
[2024-09-02 21:36:28,920] {processor.py:161} INFO - Processing /opt/conda/lib/python3.8/site-packages/airflow/example_dags/example_xcom.py took 0.180 seconds
[2024-09-02 21:38:03,436] {processor.py:153} INFO - Started process (PID=1614) to work on /opt/conda/lib/python3.8/site-packages/airflow/example_dags/example_xcom.py
[2024-09-02 21:38:03,437] {processor.py:641} INFO - Processing file /opt/conda/lib/python3.8/site-packages/airflow/example_dags/example_xcom.py for tasks to queue
[2024-09-02 21:38:03,438] {logging_mixin.py:115} INFO - [2024-09-02 21:38:03,438] {dagbag.py:508} INFO - Filling up the DagBag from /opt/conda/lib/python3.8/site-packages/airflow/example_dags/example_xcom.py
[2024-09-02 21:38:03,458] {processor.py:651} INFO - DAG(s) dict_keys(['example_xcom']) retrieved from /opt/conda/lib/python3.8/site-packages/airflow/example_dags/example_xcom.py
[2024-09-02 21:38:03,476] {logging_mixin.py:115} INFO - [2024-09-02 21:38:03,476] {dag.py:2420} INFO - Sync 1 DAGs
[2024-09-02 21:38:03,494] {logging_mixin.py:115} INFO - [2024-09-02 21:38:03,494] {dag.py:2968} INFO - Setting next_dagrun for example_xcom to 2021-01-01T00:00:00+00:00, run_after=2021-01-01T00:00:00+00:00
[2024-09-02 21:38:03,907] {processor.py:161} INFO - Processing /opt/conda/lib/python3.8/site-packages/airflow/example_dags/example_xcom.py took 0.475 seconds
[2024-09-02 21:39:52,555] {processor.py:153} INFO - Started process (PID=1716) to work on /opt/conda/lib/python3.8/site-packages/airflow/example_dags/example_xcom.py
[2024-09-02 21:39:52,556] {processor.py:641} INFO - Processing file /opt/conda/lib/python3.8/site-packages/airflow/example_dags/example_xcom.py for tasks to queue
[2024-09-02 21:39:52,557] {logging_mixin.py:115} INFO - [2024-09-02 21:39:52,557] {dagbag.py:508} INFO - Filling up the DagBag from /opt/conda/lib/python3.8/site-packages/airflow/example_dags/example_xcom.py
[2024-09-02 21:39:52,570] {processor.py:651} INFO - DAG(s) dict_keys(['example_xcom']) retrieved from /opt/conda/lib/python3.8/site-packages/airflow/example_dags/example_xcom.py
[2024-09-02 21:39:52,602] {logging_mixin.py:115} INFO - [2024-09-02 21:39:52,602] {dag.py:2420} INFO - Sync 1 DAGs
[2024-09-02 21:39:52,614] {logging_mixin.py:115} INFO - [2024-09-02 21:39:52,613] {dag.py:2968} INFO - Setting next_dagrun for example_xcom to 2021-01-01T00:00:00+00:00, run_after=2021-01-01T00:00:00+00:00
[2024-09-02 21:39:55,082] {processor.py:161} INFO - Processing /opt/conda/lib/python3.8/site-packages/airflow/example_dags/example_xcom.py took 2.529 seconds
[2024-09-02 21:49:31,841] {processor.py:153} INFO - Started process (PID=1829) to work on /opt/conda/lib/python3.8/site-packages/airflow/example_dags/example_xcom.py
[2024-09-02 21:49:31,843] {processor.py:641} INFO - Processing file /opt/conda/lib/python3.8/site-packages/airflow/example_dags/example_xcom.py for tasks to queue
[2024-09-02 21:49:31,843] {logging_mixin.py:115} INFO - [2024-09-02 21:49:31,843] {dagbag.py:508} INFO - Filling up the DagBag from /opt/conda/lib/python3.8/site-packages/airflow/example_dags/example_xcom.py
[2024-09-02 21:49:31,864] {processor.py:651} INFO - DAG(s) dict_keys(['example_xcom']) retrieved from /opt/conda/lib/python3.8/site-packages/airflow/example_dags/example_xcom.py
[2024-09-02 21:49:31,913] {logging_mixin.py:115} INFO - [2024-09-02 21:49:31,913] {dag.py:2420} INFO - Sync 1 DAGs
[2024-09-02 21:49:31,931] {logging_mixin.py:115} INFO - [2024-09-02 21:49:31,931] {dag.py:2968} INFO - Setting next_dagrun for example_xcom to 2021-01-01T00:00:00+00:00, run_after=2021-01-01T00:00:00+00:00
[2024-09-02 21:49:32,377] {processor.py:161} INFO - Processing /opt/conda/lib/python3.8/site-packages/airflow/example_dags/example_xcom.py took 0.540 seconds
[2024-09-02 21:50:45,032] {processor.py:153} INFO - Started process (PID=1886) to work on /opt/conda/lib/python3.8/site-packages/airflow/example_dags/example_xcom.py
[2024-09-02 21:50:45,034] {processor.py:641} INFO - Processing file /opt/conda/lib/python3.8/site-packages/airflow/example_dags/example_xcom.py for tasks to queue
[2024-09-02 21:50:45,035] {logging_mixin.py:115} INFO - [2024-09-02 21:50:45,034] {dagbag.py:508} INFO - Filling up the DagBag from /opt/conda/lib/python3.8/site-packages/airflow/example_dags/example_xcom.py
[2024-09-02 21:50:45,055] {processor.py:651} INFO - DAG(s) dict_keys(['example_xcom']) retrieved from /opt/conda/lib/python3.8/site-packages/airflow/example_dags/example_xcom.py
[2024-09-02 21:50:45,104] {logging_mixin.py:115} INFO - [2024-09-02 21:50:45,104] {dag.py:2420} INFO - Sync 1 DAGs
[2024-09-02 21:50:45,122] {logging_mixin.py:115} INFO - [2024-09-02 21:50:45,122] {dag.py:2968} INFO - Setting next_dagrun for example_xcom to 2021-01-01T00:00:00+00:00, run_after=2021-01-01T00:00:00+00:00
[2024-09-02 21:50:45,535] {processor.py:161} INFO - Processing /opt/conda/lib/python3.8/site-packages/airflow/example_dags/example_xcom.py took 0.506 seconds
[2024-09-02 21:52:07,251] {processor.py:153} INFO - Started process (PID=1944) to work on /opt/conda/lib/python3.8/site-packages/airflow/example_dags/example_xcom.py
[2024-09-02 21:52:07,253] {processor.py:641} INFO - Processing file /opt/conda/lib/python3.8/site-packages/airflow/example_dags/example_xcom.py for tasks to queue
[2024-09-02 21:52:07,254] {logging_mixin.py:115} INFO - [2024-09-02 21:52:07,253] {dagbag.py:508} INFO - Filling up the DagBag from /opt/conda/lib/python3.8/site-packages/airflow/example_dags/example_xcom.py
[2024-09-02 21:52:07,274] {processor.py:651} INFO - DAG(s) dict_keys(['example_xcom']) retrieved from /opt/conda/lib/python3.8/site-packages/airflow/example_dags/example_xcom.py
[2024-09-02 21:52:07,323] {logging_mixin.py:115} INFO - [2024-09-02 21:52:07,323] {dag.py:2420} INFO - Sync 1 DAGs
[2024-09-02 21:52:07,341] {logging_mixin.py:115} INFO - [2024-09-02 21:52:07,341] {dag.py:2968} INFO - Setting next_dagrun for example_xcom to 2021-01-01T00:00:00+00:00, run_after=2021-01-01T00:00:00+00:00
[2024-09-02 21:52:07,648] {processor.py:161} INFO - Processing /opt/conda/lib/python3.8/site-packages/airflow/example_dags/example_xcom.py took 0.400 seconds
